<?xml version="1.0" encoding="UTF-8"?>
<!-- Generated by org.testng.reporters.JUnitXMLReporter -->
<testsuite ignored="0" hostname="PS-L6" failures="0" tests="3" name="Default test" time="137.92" errors="0" timestamp="2026-01-19T17:18:47 IST">
  <testcase classname="PSPCardsIntegrations.matrixEndToEndFlow" name="purchase" time="31.484"/>
  <testcase classname="PSPCardsIntegrations.matrixEndToEndFlow" name="purchase" time="26.36"/>
  <testcase classname="PSPCardsIntegrations.matrixEndToEndFlow" name="purchase" time="27.807"/>
</testsuite> <!-- Default test -->
