<!DOCTYPE html>

<html>
  <head>
  <meta charset='utf-8'>
  <title>TestNG reports</title>

    <link type="text/css" href="testng-reports1.css" rel="stylesheet" id="ultra" />
    <link type="text/css" href="testng-reports.css" rel="stylesheet" id="retro" disabled="false"/>
    <script type="text/javascript" src="jquery-3.6.0.min.js"></script>
    <script type="text/javascript" src="testng-reports.js"></script>
    <script type="text/javascript" src="https://www.google.com/jsapi"></script>
    <script type='text/javascript'>
      google.load('visualization', '1', {packages:['table']});
      google.setOnLoadCallback(drawTable);
      var suiteTableInitFunctions = new Array();
      var suiteTableData = new Array();
    </script>
    <!--
      <script type="text/javascript" src="jquery-ui/js/jquery-ui-1.8.16.custom.min.js"></script>
     -->
  </head>

  <body>    <div class="top-banner-root">
      <span class="top-banner-title-font">Test results</span>
      <button id="button" class="button">Switch Retro Theme</button> <!-- button -->
      <br/>
      <span class="top-banner-font-1">1 suite, 10 failed tests</span>
    </div> <!-- top-banner-root -->
    <div class="navigator-root">
      <div class="navigator-suite-header">
        <span>All suites</span>
        <a href="#" title="Collapse/expand all the suites" class="collapse-all-link">
          <img src="collapseall.gif" class="collapse-all-icon">
          </img> <!-- collapse-all-icon -->
        </a> <!-- collapse-all-link -->
      </div> <!-- navigator-suite-header -->
      <div class="suite">
        <div class="rounded-window">
          <div class="suite-header light-rounded-window-top">
            <a href="#" panel-name="suite-Default_suite" class="navigator-link">
              <span class="suite-name border-failed">Default suite</span>
            </a> <!-- navigator-link -->
          </div> <!-- suite-header light-rounded-window-top -->
          <div class="navigator-suite-content">
            <div class="suite-section-title">
              <span>Info</span>
            </div> <!-- suite-section-title -->
            <div class="suite-section-content">
              <ul>
                <li>
                  <a href="#" panel-name="test-xml-Default_suite" class="navigator-link ">
                    <span>C:\Users\LENOVO\AppData\Local\Temp\testng-eclipse-1332558831\testng-customsuite.xml</span>
                  </a> <!-- navigator-link  -->
                </li>
                <li>
                  <a href="#" panel-name="testlist-Default_suite" class="navigator-link ">
                    <span class="test-stats">1 test</span>
                  </a> <!-- navigator-link  -->
                </li>
                <li>
                  <a href="#" panel-name="group-Default_suite" class="navigator-link ">
                    <span>0 groups</span>
                  </a> <!-- navigator-link  -->
                </li>
                <li>
                  <a href="#" panel-name="times-Default_suite" class="navigator-link ">
                    <span>Times</span>
                  </a> <!-- navigator-link  -->
                </li>
                <li>
                  <a href="#" panel-name="reporter-Default_suite" class="navigator-link ">
                    <span>Reporter output</span>
                  </a> <!-- navigator-link  -->
                </li>
                <li>
                  <a href="#" panel-name="ignored-methods-Default_suite" class="navigator-link ">
                    <span>Ignored methods</span>
                  </a> <!-- navigator-link  -->
                </li>
                <li>
                  <a href="#" panel-name="chronological-Default_suite" class="navigator-link ">
                    <span>Chronological view</span>
                  </a> <!-- navigator-link  -->
                </li>
              </ul>
            </div> <!-- suite-section-content -->
            <div class="result-section">
              <div class="suite-section-title">
                <span>Results</span>
              </div> <!-- suite-section-title -->
              <div class="suite-section-content">
                <ul>
                  <li>
                    <span class="method-stats">10 methods, 10 failed,   </span>
                  </li>
                  <li>
                    <span class="method-list-title failed">Failed methods</span>
                    <span class="show-or-hide-methods failed">
                      <a href="#" panel-name="suite-Default_suite" class="hide-methods failed suite-Default_suite"> (hide)</a> <!-- hide-methods failed suite-Default_suite -->
                      <a href="#" panel-name="suite-Default_suite" class="show-methods failed suite-Default_suite"> (show)</a> <!-- show-methods failed suite-Default_suite -->
                    </span>
                    <div class="method-list-content failed suite-Default_suite">
                      <span>
                        <img src="failed.png" width="3%"/>
                        <a href="#" panel-name="suite-Default_suite" title="PspWithoutCards.easybuzzNetBanking" class="method navigator-link" hash-for-method="purchase">purchase</a> <!-- method navigator-link -->
                      </span>
                      <br/>
                      <span>
                        <img src="failed.png" width="3%"/>
                        <a href="#" panel-name="suite-Default_suite" title="PspWithoutCards.easybuzzNetBanking" class="method navigator-link" hash-for-method="purchase">purchase</a> <!-- method navigator-link -->
                      </span>
                      <br/>
                      <span>
                        <img src="failed.png" width="3%"/>
                        <a href="#" panel-name="suite-Default_suite" title="PspWithoutCards.easybuzzNetBanking" class="method navigator-link" hash-for-method="purchase">purchase</a> <!-- method navigator-link -->
                      </span>
                      <br/>
                      <span>
                        <img src="failed.png" width="3%"/>
                        <a href="#" panel-name="suite-Default_suite" title="PspWithoutCards.easybuzzNetBanking" class="method navigator-link" hash-for-method="purchase">purchase</a> <!-- method navigator-link -->
                      </span>
                      <br/>
                      <span>
                        <img src="failed.png" width="3%"/>
                        <a href="#" panel-name="suite-Default_suite" title="PspWithoutCards.easybuzzNetBanking" class="method navigator-link" hash-for-method="purchase">purchase</a> <!-- method navigator-link -->
                      </span>
                      <br/>
                      <span>
                        <img src="failed.png" width="3%"/>
                        <a href="#" panel-name="suite-Default_suite" title="PspWithoutCards.easybuzzNetBanking" class="method navigator-link" hash-for-method="purchase">purchase</a> <!-- method navigator-link -->
                      </span>
                      <br/>
                      <span>
                        <img src="failed.png" width="3%"/>
                        <a href="#" panel-name="suite-Default_suite" title="PspWithoutCards.easybuzzNetBanking" class="method navigator-link" hash-for-method="purchase">purchase</a> <!-- method navigator-link -->
                      </span>
                      <br/>
                      <span>
                        <img src="failed.png" width="3%"/>
                        <a href="#" panel-name="suite-Default_suite" title="PspWithoutCards.easybuzzNetBanking" class="method navigator-link" hash-for-method="purchase">purchase</a> <!-- method navigator-link -->
                      </span>
                      <br/>
                      <span>
                        <img src="failed.png" width="3%"/>
                        <a href="#" panel-name="suite-Default_suite" title="PspWithoutCards.easybuzzNetBanking" class="method navigator-link" hash-for-method="purchase">purchase</a> <!-- method navigator-link -->
                      </span>
                      <br/>
                      <span>
                        <img src="failed.png" width="3%"/>
                        <a href="#" panel-name="suite-Default_suite" title="PspWithoutCards.easybuzzNetBanking" class="method navigator-link" hash-for-method="purchase">purchase</a> <!-- method navigator-link -->
                      </span>
                      <br/>
                    </div> <!-- method-list-content failed suite-Default_suite -->
                  </li>
                </ul>
              </div> <!-- suite-section-content -->
            </div> <!-- result-section -->
          </div> <!-- navigator-suite-content -->
        </div> <!-- rounded-window -->
      </div> <!-- suite -->
    </div> <!-- navigator-root -->
    <div class="wrapper">
      <div class="main-panel-root">
        <div panel-name="suite-Default_suite" class="panel Default_suite">
          <div class="suite-Default_suite-class-failed">
            <div class="main-panel-header rounded-window-top">
              <img src="failed.png"/>
              <span class="class-name">PspWithoutCards.easybuzzNetBanking</span>
            </div> <!-- main-panel-header rounded-window-top -->
            <div class="main-panel-content rounded-window-bottom">
              <div class="method">
                <div class="method-content">
                  <a name="purchase">
                  </a> <!-- purchase -->
                  <span class="method-name">purchase</span>
                  <div class="stack-trace">java.lang.AssertionError: Transaction ID mismatch expected [6964e07b963d57143799ab31] but found []
	at org.testng.Assert.fail(Assert.java:111)
	at org.testng.Assert.failNotEquals(Assert.java:1590)
	at org.testng.Assert.assertEqualsImpl(Assert.java:150)
	at org.testng.Assert.assertEquals(Assert.java:132)
	at org.testng.Assert.assertEquals(Assert.java:656)
	at com.paysecure.Page.transactionPage.verifyTxnId(transactionPage.java:192)
	at PspWithoutCards.easybuzzNetBanking.purchase(easybuzzNetBanking.java:180)
	at java.base/jdk.internal.reflect.DirectMethodHandleAccessor.invoke(DirectMethodHandleAccessor.java:103)
	at java.base/java.lang.reflect.Method.invoke(Method.java:580)
	at org.testng.internal.invokers.MethodInvocationHelper.invokeMethod(MethodInvocationHelper.java:141)
	at org.testng.internal.invokers.TestInvoker.invokeMethod(TestInvoker.java:687)
	at org.testng.internal.invokers.TestInvoker.invokeTestMethod(TestInvoker.java:230)
	at org.testng.internal.invokers.MethodRunner.runInSequence(MethodRunner.java:63)
	at org.testng.internal.invokers.TestInvoker$MethodInvocationAgent.invoke(TestInvoker.java:995)
	at org.testng.internal.invokers.TestInvoker.invokeTestMethods(TestInvoker.java:203)
	at org.testng.internal.invokers.TestMethodWorker.invokeTestMethods(TestMethodWorker.java:154)
	at org.testng.internal.invokers.TestMethodWorker.run(TestMethodWorker.java:134)
	at java.base/java.util.ArrayList.forEach(ArrayList.java:1596)
	at org.testng.TestRunner.privateRun(TestRunner.java:741)
	at org.testng.TestRunner.run(TestRunner.java:616)
	at org.testng.SuiteRunner.runTest(SuiteRunner.java:421)
	at org.testng.SuiteRunner.runSequentially(SuiteRunner.java:413)
	at org.testng.SuiteRunner.privateRun(SuiteRunner.java:373)
	at org.testng.SuiteRunner.run(SuiteRunner.java:312)
	at org.testng.SuiteRunnerWorker.runSuite(SuiteRunnerWorker.java:52)
	at org.testng.SuiteRunnerWorker.run(SuiteRunnerWorker.java:95)
	at org.testng.TestNG.runSuitesSequentially(TestNG.java:1274)
	at org.testng.TestNG.runSuitesLocally(TestNG.java:1208)
	at org.testng.TestNG.runSuites(TestNG.java:1112)
	at org.testng.TestNG.run(TestNG.java:1079)
	at org.testng.remote.AbstractRemoteTestNG.run(AbstractRemoteTestNG.java:115)
	at org.testng.remote.RemoteTestNG.initAndRun(RemoteTestNG.java:293)
	at org.testng.remote.RemoteTestNG.main(RemoteTestNG.java:91)

</div> <!-- stack-trace -->
                </div> <!-- method-content -->
              </div> <!-- method -->
              <div class="method">
                <div class="method-content">
                  <a name="purchase">
                  </a> <!-- purchase -->
                  <span class="method-name">purchase</span>
                  <div class="stack-trace">java.lang.AssertionError: Transaction ID mismatch expected [6964e64f963d57143799cf3b] but found []
	at org.testng.Assert.fail(Assert.java:111)
	at org.testng.Assert.failNotEquals(Assert.java:1590)
	at org.testng.Assert.assertEqualsImpl(Assert.java:150)
	at org.testng.Assert.assertEquals(Assert.java:132)
	at org.testng.Assert.assertEquals(Assert.java:656)
	at com.paysecure.Page.transactionPage.verifyTxnId(transactionPage.java:192)
	at PspWithoutCards.easybuzzNetBanking.purchase(easybuzzNetBanking.java:180)
	at java.base/jdk.internal.reflect.DirectMethodHandleAccessor.invoke(DirectMethodHandleAccessor.java:103)
	at java.base/java.lang.reflect.Method.invoke(Method.java:580)
	at org.testng.internal.invokers.MethodInvocationHelper.invokeMethod(MethodInvocationHelper.java:141)
	at org.testng.internal.invokers.TestInvoker.invokeMethod(TestInvoker.java:687)
	at org.testng.internal.invokers.TestInvoker.invokeTestMethod(TestInvoker.java:230)
	at org.testng.internal.invokers.MethodRunner.runInSequence(MethodRunner.java:63)
	at org.testng.internal.invokers.TestInvoker$MethodInvocationAgent.invoke(TestInvoker.java:995)
	at org.testng.internal.invokers.TestInvoker.invokeTestMethods(TestInvoker.java:203)
	at org.testng.internal.invokers.TestMethodWorker.invokeTestMethods(TestMethodWorker.java:154)
	at org.testng.internal.invokers.TestMethodWorker.run(TestMethodWorker.java:134)
	at java.base/java.util.ArrayList.forEach(ArrayList.java:1596)
	at org.testng.TestRunner.privateRun(TestRunner.java:741)
	at org.testng.TestRunner.run(TestRunner.java:616)
	at org.testng.SuiteRunner.runTest(SuiteRunner.java:421)
	at org.testng.SuiteRunner.runSequentially(SuiteRunner.java:413)
	at org.testng.SuiteRunner.privateRun(SuiteRunner.java:373)
	at org.testng.SuiteRunner.run(SuiteRunner.java:312)
	at org.testng.SuiteRunnerWorker.runSuite(SuiteRunnerWorker.java:52)
	at org.testng.SuiteRunnerWorker.run(SuiteRunnerWorker.java:95)
	at org.testng.TestNG.runSuitesSequentially(TestNG.java:1274)
	at org.testng.TestNG.runSuitesLocally(TestNG.java:1208)
	at org.testng.TestNG.runSuites(TestNG.java:1112)
	at org.testng.TestNG.run(TestNG.java:1079)
	at org.testng.remote.AbstractRemoteTestNG.run(AbstractRemoteTestNG.java:115)
	at org.testng.remote.RemoteTestNG.initAndRun(RemoteTestNG.java:293)
	at org.testng.remote.RemoteTestNG.main(RemoteTestNG.java:91)

</div> <!-- stack-trace -->
                </div> <!-- method-content -->
              </div> <!-- method -->
              <div class="method">
                <div class="method-content">
                  <a name="purchase">
                  </a> <!-- purchase -->
                  <span class="method-name">purchase</span>
                  <div class="stack-trace">java.lang.AssertionError: Transaction ID mismatch expected [6964e843963d57143799f4cf] but found []
	at org.testng.Assert.fail(Assert.java:111)
	at org.testng.Assert.failNotEquals(Assert.java:1590)
	at org.testng.Assert.assertEqualsImpl(Assert.java:150)
	at org.testng.Assert.assertEquals(Assert.java:132)
	at org.testng.Assert.assertEquals(Assert.java:656)
	at com.paysecure.Page.transactionPage.verifyTxnId(transactionPage.java:192)
	at PspWithoutCards.easybuzzNetBanking.purchase(easybuzzNetBanking.java:180)
	at java.base/jdk.internal.reflect.DirectMethodHandleAccessor.invoke(DirectMethodHandleAccessor.java:103)
	at java.base/java.lang.reflect.Method.invoke(Method.java:580)
	at org.testng.internal.invokers.MethodInvocationHelper.invokeMethod(MethodInvocationHelper.java:141)
	at org.testng.internal.invokers.TestInvoker.invokeMethod(TestInvoker.java:687)
	at org.testng.internal.invokers.TestInvoker.invokeTestMethod(TestInvoker.java:230)
	at org.testng.internal.invokers.MethodRunner.runInSequence(MethodRunner.java:63)
	at org.testng.internal.invokers.TestInvoker$MethodInvocationAgent.invoke(TestInvoker.java:995)
	at org.testng.internal.invokers.TestInvoker.invokeTestMethods(TestInvoker.java:203)
	at org.testng.internal.invokers.TestMethodWorker.invokeTestMethods(TestMethodWorker.java:154)
	at org.testng.internal.invokers.TestMethodWorker.run(TestMethodWorker.java:134)
	at java.base/java.util.ArrayList.forEach(ArrayList.java:1596)
	at org.testng.TestRunner.privateRun(TestRunner.java:741)
	at org.testng.TestRunner.run(TestRunner.java:616)
	at org.testng.SuiteRunner.runTest(SuiteRunner.java:421)
	at org.testng.SuiteRunner.runSequentially(SuiteRunner.java:413)
	at org.testng.SuiteRunner.privateRun(SuiteRunner.java:373)
	at org.testng.SuiteRunner.run(SuiteRunner.java:312)
	at org.testng.SuiteRunnerWorker.runSuite(SuiteRunnerWorker.java:52)
	at org.testng.SuiteRunnerWorker.run(SuiteRunnerWorker.java:95)
	at org.testng.TestNG.runSuitesSequentially(TestNG.java:1274)
	at org.testng.TestNG.runSuitesLocally(TestNG.java:1208)
	at org.testng.TestNG.runSuites(TestNG.java:1112)
	at org.testng.TestNG.run(TestNG.java:1079)
	at org.testng.remote.AbstractRemoteTestNG.run(AbstractRemoteTestNG.java:115)
	at org.testng.remote.RemoteTestNG.initAndRun(RemoteTestNG.java:293)
	at org.testng.remote.RemoteTestNG.main(RemoteTestNG.java:91)

</div> <!-- stack-trace -->
                </div> <!-- method-content -->
              </div> <!-- method -->
              <div class="method">
                <div class="method-content">
                  <a name="purchase">
                  </a> <!-- purchase -->
                  <span class="method-name">purchase</span>
                  <div class="stack-trace">java.lang.AssertionError: Transaction ID mismatch expected [6964e45c963d57143799b924] but found []
	at org.testng.Assert.fail(Assert.java:111)
	at org.testng.Assert.failNotEquals(Assert.java:1590)
	at org.testng.Assert.assertEqualsImpl(Assert.java:150)
	at org.testng.Assert.assertEquals(Assert.java:132)
	at org.testng.Assert.assertEquals(Assert.java:656)
	at com.paysecure.Page.transactionPage.verifyTxnId(transactionPage.java:192)
	at PspWithoutCards.easybuzzNetBanking.purchase(easybuzzNetBanking.java:180)
	at java.base/jdk.internal.reflect.DirectMethodHandleAccessor.invoke(DirectMethodHandleAccessor.java:103)
	at java.base/java.lang.reflect.Method.invoke(Method.java:580)
	at org.testng.internal.invokers.MethodInvocationHelper.invokeMethod(MethodInvocationHelper.java:141)
	at org.testng.internal.invokers.TestInvoker.invokeMethod(TestInvoker.java:687)
	at org.testng.internal.invokers.TestInvoker.invokeTestMethod(TestInvoker.java:230)
	at org.testng.internal.invokers.MethodRunner.runInSequence(MethodRunner.java:63)
	at org.testng.internal.invokers.TestInvoker$MethodInvocationAgent.invoke(TestInvoker.java:995)
	at org.testng.internal.invokers.TestInvoker.invokeTestMethods(TestInvoker.java:203)
	at org.testng.internal.invokers.TestMethodWorker.invokeTestMethods(TestMethodWorker.java:154)
	at org.testng.internal.invokers.TestMethodWorker.run(TestMethodWorker.java:134)
	at java.base/java.util.ArrayList.forEach(ArrayList.java:1596)
	at org.testng.TestRunner.privateRun(TestRunner.java:741)
	at org.testng.TestRunner.run(TestRunner.java:616)
	at org.testng.SuiteRunner.runTest(SuiteRunner.java:421)
	at org.testng.SuiteRunner.runSequentially(SuiteRunner.java:413)
	at org.testng.SuiteRunner.privateRun(SuiteRunner.java:373)
	at org.testng.SuiteRunner.run(SuiteRunner.java:312)
	at org.testng.SuiteRunnerWorker.runSuite(SuiteRunnerWorker.java:52)
	at org.testng.SuiteRunnerWorker.run(SuiteRunnerWorker.java:95)
	at org.testng.TestNG.runSuitesSequentially(TestNG.java:1274)
	at org.testng.TestNG.runSuitesLocally(TestNG.java:1208)
	at org.testng.TestNG.runSuites(TestNG.java:1112)
	at org.testng.TestNG.run(TestNG.java:1079)
	at org.testng.remote.AbstractRemoteTestNG.run(AbstractRemoteTestNG.java:115)
	at org.testng.remote.RemoteTestNG.initAndRun(RemoteTestNG.java:293)
	at org.testng.remote.RemoteTestNG.main(RemoteTestNG.java:91)

</div> <!-- stack-trace -->
                </div> <!-- method-content -->
              </div> <!-- method -->
              <div class="method">
                <div class="method-content">
                  <a name="purchase">
                  </a> <!-- purchase -->
                  <span class="method-name">purchase</span>
                  <div class="stack-trace">java.lang.AssertionError: Transaction ID mismatch expected [6964de80963d57143799a47a] but found []
	at org.testng.Assert.fail(Assert.java:111)
	at org.testng.Assert.failNotEquals(Assert.java:1590)
	at org.testng.Assert.assertEqualsImpl(Assert.java:150)
	at org.testng.Assert.assertEquals(Assert.java:132)
	at org.testng.Assert.assertEquals(Assert.java:656)
	at com.paysecure.Page.transactionPage.verifyTxnId(transactionPage.java:192)
	at PspWithoutCards.easybuzzNetBanking.purchase(easybuzzNetBanking.java:180)
	at java.base/jdk.internal.reflect.DirectMethodHandleAccessor.invoke(DirectMethodHandleAccessor.java:103)
	at java.base/java.lang.reflect.Method.invoke(Method.java:580)
	at org.testng.internal.invokers.MethodInvocationHelper.invokeMethod(MethodInvocationHelper.java:141)
	at org.testng.internal.invokers.TestInvoker.invokeMethod(TestInvoker.java:687)
	at org.testng.internal.invokers.TestInvoker.invokeTestMethod(TestInvoker.java:230)
	at org.testng.internal.invokers.MethodRunner.runInSequence(MethodRunner.java:63)
	at org.testng.internal.invokers.TestInvoker$MethodInvocationAgent.invoke(TestInvoker.java:995)
	at org.testng.internal.invokers.TestInvoker.invokeTestMethods(TestInvoker.java:203)
	at org.testng.internal.invokers.TestMethodWorker.invokeTestMethods(TestMethodWorker.java:154)
	at org.testng.internal.invokers.TestMethodWorker.run(TestMethodWorker.java:134)
	at java.base/java.util.ArrayList.forEach(ArrayList.java:1596)
	at org.testng.TestRunner.privateRun(TestRunner.java:741)
	at org.testng.TestRunner.run(TestRunner.java:616)
	at org.testng.SuiteRunner.runTest(SuiteRunner.java:421)
	at org.testng.SuiteRunner.runSequentially(SuiteRunner.java:413)
	at org.testng.SuiteRunner.privateRun(SuiteRunner.java:373)
	at org.testng.SuiteRunner.run(SuiteRunner.java:312)
	at org.testng.SuiteRunnerWorker.runSuite(SuiteRunnerWorker.java:52)
	at org.testng.SuiteRunnerWorker.run(SuiteRunnerWorker.java:95)
	at org.testng.TestNG.runSuitesSequentially(TestNG.java:1274)
	at org.testng.TestNG.runSuitesLocally(TestNG.java:1208)
	at org.testng.TestNG.runSuites(TestNG.java:1112)
	at org.testng.TestNG.run(TestNG.java:1079)
	at org.testng.remote.AbstractRemoteTestNG.run(AbstractRemoteTestNG.java:115)
	at org.testng.remote.RemoteTestNG.initAndRun(RemoteTestNG.java:293)
	at org.testng.remote.RemoteTestNG.main(RemoteTestNG.java:91)

</div> <!-- stack-trace -->
                </div> <!-- method-content -->
              </div> <!-- method -->
              <div class="method">
                <div class="method-content">
                  <a name="purchase">
                  </a> <!-- purchase -->
                  <span class="method-name">purchase</span>
                  <div class="stack-trace">java.lang.AssertionError: Transaction ID mismatch expected [6964d679963d57143799704a] but found []
	at org.testng.Assert.fail(Assert.java:111)
	at org.testng.Assert.failNotEquals(Assert.java:1590)
	at org.testng.Assert.assertEqualsImpl(Assert.java:150)
	at org.testng.Assert.assertEquals(Assert.java:132)
	at org.testng.Assert.assertEquals(Assert.java:656)
	at com.paysecure.Page.transactionPage.verifyTxnId(transactionPage.java:192)
	at PspWithoutCards.easybuzzNetBanking.purchase(easybuzzNetBanking.java:180)
	at java.base/jdk.internal.reflect.DirectMethodHandleAccessor.invoke(DirectMethodHandleAccessor.java:103)
	at java.base/java.lang.reflect.Method.invoke(Method.java:580)
	at org.testng.internal.invokers.MethodInvocationHelper.invokeMethod(MethodInvocationHelper.java:141)
	at org.testng.internal.invokers.TestInvoker.invokeMethod(TestInvoker.java:687)
	at org.testng.internal.invokers.TestInvoker.invokeTestMethod(TestInvoker.java:230)
	at org.testng.internal.invokers.MethodRunner.runInSequence(MethodRunner.java:63)
	at org.testng.internal.invokers.TestInvoker$MethodInvocationAgent.invoke(TestInvoker.java:995)
	at org.testng.internal.invokers.TestInvoker.invokeTestMethods(TestInvoker.java:203)
	at org.testng.internal.invokers.TestMethodWorker.invokeTestMethods(TestMethodWorker.java:154)
	at org.testng.internal.invokers.TestMethodWorker.run(TestMethodWorker.java:134)
	at java.base/java.util.ArrayList.forEach(ArrayList.java:1596)
	at org.testng.TestRunner.privateRun(TestRunner.java:741)
	at org.testng.TestRunner.run(TestRunner.java:616)
	at org.testng.SuiteRunner.runTest(SuiteRunner.java:421)
	at org.testng.SuiteRunner.runSequentially(SuiteRunner.java:413)
	at org.testng.SuiteRunner.privateRun(SuiteRunner.java:373)
	at org.testng.SuiteRunner.run(SuiteRunner.java:312)
	at org.testng.SuiteRunnerWorker.runSuite(SuiteRunnerWorker.java:52)
	at org.testng.SuiteRunnerWorker.run(SuiteRunnerWorker.java:95)
	at org.testng.TestNG.runSuitesSequentially(TestNG.java:1274)
	at org.testng.TestNG.runSuitesLocally(TestNG.java:1208)
	at org.testng.TestNG.runSuites(TestNG.java:1112)
	at org.testng.TestNG.run(TestNG.java:1079)
	at org.testng.remote.AbstractRemoteTestNG.run(AbstractRemoteTestNG.java:115)
	at org.testng.remote.RemoteTestNG.initAndRun(RemoteTestNG.java:293)
	at org.testng.remote.RemoteTestNG.main(RemoteTestNG.java:91)

</div> <!-- stack-trace -->
                </div> <!-- method-content -->
              </div> <!-- method -->
              <div class="method">
                <div class="method-content">
                  <a name="purchase">
                  </a> <!-- purchase -->
                  <span class="method-name">purchase</span>
                  <div class="stack-trace">java.lang.AssertionError: Transaction ID mismatch expected [6964e26a963d57143799ad95] but found []
	at org.testng.Assert.fail(Assert.java:111)
	at org.testng.Assert.failNotEquals(Assert.java:1590)
	at org.testng.Assert.assertEqualsImpl(Assert.java:150)
	at org.testng.Assert.assertEquals(Assert.java:132)
	at org.testng.Assert.assertEquals(Assert.java:656)
	at com.paysecure.Page.transactionPage.verifyTxnId(transactionPage.java:192)
	at PspWithoutCards.easybuzzNetBanking.purchase(easybuzzNetBanking.java:180)
	at java.base/jdk.internal.reflect.DirectMethodHandleAccessor.invoke(DirectMethodHandleAccessor.java:103)
	at java.base/java.lang.reflect.Method.invoke(Method.java:580)
	at org.testng.internal.invokers.MethodInvocationHelper.invokeMethod(MethodInvocationHelper.java:141)
	at org.testng.internal.invokers.TestInvoker.invokeMethod(TestInvoker.java:687)
	at org.testng.internal.invokers.TestInvoker.invokeTestMethod(TestInvoker.java:230)
	at org.testng.internal.invokers.MethodRunner.runInSequence(MethodRunner.java:63)
	at org.testng.internal.invokers.TestInvoker$MethodInvocationAgent.invoke(TestInvoker.java:995)
	at org.testng.internal.invokers.TestInvoker.invokeTestMethods(TestInvoker.java:203)
	at org.testng.internal.invokers.TestMethodWorker.invokeTestMethods(TestMethodWorker.java:154)
	at org.testng.internal.invokers.TestMethodWorker.run(TestMethodWorker.java:134)
	at java.base/java.util.ArrayList.forEach(ArrayList.java:1596)
	at org.testng.TestRunner.privateRun(TestRunner.java:741)
	at org.testng.TestRunner.run(TestRunner.java:616)
	at org.testng.SuiteRunner.runTest(SuiteRunner.java:421)
	at org.testng.SuiteRunner.runSequentially(SuiteRunner.java:413)
	at org.testng.SuiteRunner.privateRun(SuiteRunner.java:373)
	at org.testng.SuiteRunner.run(SuiteRunner.java:312)
	at org.testng.SuiteRunnerWorker.runSuite(SuiteRunnerWorker.java:52)
	at org.testng.SuiteRunnerWorker.run(SuiteRunnerWorker.java:95)
	at org.testng.TestNG.runSuitesSequentially(TestNG.java:1274)
	at org.testng.TestNG.runSuitesLocally(TestNG.java:1208)
	at org.testng.TestNG.runSuites(TestNG.java:1112)
	at org.testng.TestNG.run(TestNG.java:1079)
	at org.testng.remote.AbstractRemoteTestNG.run(AbstractRemoteTestNG.java:115)
	at org.testng.remote.RemoteTestNG.initAndRun(RemoteTestNG.java:293)
	at org.testng.remote.RemoteTestNG.main(RemoteTestNG.java:91)

</div> <!-- stack-trace -->
                </div> <!-- method-content -->
              </div> <!-- method -->
              <div class="method">
                <div class="method-content">
                  <a name="purchase">
                  </a> <!-- purchase -->
                  <span class="method-name">purchase</span>
                  <div class="stack-trace">java.lang.AssertionError: Transaction ID mismatch expected [6964d47b963d571437995f46] but found []
	at org.testng.Assert.fail(Assert.java:111)
	at org.testng.Assert.failNotEquals(Assert.java:1590)
	at org.testng.Assert.assertEqualsImpl(Assert.java:150)
	at org.testng.Assert.assertEquals(Assert.java:132)
	at org.testng.Assert.assertEquals(Assert.java:656)
	at com.paysecure.Page.transactionPage.verifyTxnId(transactionPage.java:192)
	at PspWithoutCards.easybuzzNetBanking.purchase(easybuzzNetBanking.java:180)
	at java.base/jdk.internal.reflect.DirectMethodHandleAccessor.invoke(DirectMethodHandleAccessor.java:103)
	at java.base/java.lang.reflect.Method.invoke(Method.java:580)
	at org.testng.internal.invokers.MethodInvocationHelper.invokeMethod(MethodInvocationHelper.java:141)
	at org.testng.internal.invokers.TestInvoker.invokeMethod(TestInvoker.java:687)
	at org.testng.internal.invokers.TestInvoker.invokeTestMethod(TestInvoker.java:230)
	at org.testng.internal.invokers.MethodRunner.runInSequence(MethodRunner.java:63)
	at org.testng.internal.invokers.TestInvoker$MethodInvocationAgent.invoke(TestInvoker.java:995)
	at org.testng.internal.invokers.TestInvoker.invokeTestMethods(TestInvoker.java:203)
	at org.testng.internal.invokers.TestMethodWorker.invokeTestMethods(TestMethodWorker.java:154)
	at org.testng.internal.invokers.TestMethodWorker.run(TestMethodWorker.java:134)
	at java.base/java.util.ArrayList.forEach(ArrayList.java:1596)
	at org.testng.TestRunner.privateRun(TestRunner.java:741)
	at org.testng.TestRunner.run(TestRunner.java:616)
	at org.testng.SuiteRunner.runTest(SuiteRunner.java:421)
	at org.testng.SuiteRunner.runSequentially(SuiteRunner.java:413)
	at org.testng.SuiteRunner.privateRun(SuiteRunner.java:373)
	at org.testng.SuiteRunner.run(SuiteRunner.java:312)
	at org.testng.SuiteRunnerWorker.runSuite(SuiteRunnerWorker.java:52)
	at org.testng.SuiteRunnerWorker.run(SuiteRunnerWorker.java:95)
	at org.testng.TestNG.runSuitesSequentially(TestNG.java:1274)
	at org.testng.TestNG.runSuitesLocally(TestNG.java:1208)
	at org.testng.TestNG.runSuites(TestNG.java:1112)
	at org.testng.TestNG.run(TestNG.java:1079)
	at org.testng.remote.AbstractRemoteTestNG.run(AbstractRemoteTestNG.java:115)
	at org.testng.remote.RemoteTestNG.initAndRun(RemoteTestNG.java:293)
	at org.testng.remote.RemoteTestNG.main(RemoteTestNG.java:91)

</div> <!-- stack-trace -->
                </div> <!-- method-content -->
              </div> <!-- method -->
              <div class="method">
                <div class="method-content">
                  <a name="purchase">
                  </a> <!-- purchase -->
                  <span class="method-name">purchase</span>
                  <div class="stack-trace">java.lang.AssertionError: Transaction ID mismatch expected [6964cc8d963d5714379953b6] but found []
	at org.testng.Assert.fail(Assert.java:111)
	at org.testng.Assert.failNotEquals(Assert.java:1590)
	at org.testng.Assert.assertEqualsImpl(Assert.java:150)
	at org.testng.Assert.assertEquals(Assert.java:132)
	at org.testng.Assert.assertEquals(Assert.java:656)
	at com.paysecure.Page.transactionPage.verifyTxnId(transactionPage.java:192)
	at PspWithoutCards.easybuzzNetBanking.purchase(easybuzzNetBanking.java:180)
	at java.base/jdk.internal.reflect.DirectMethodHandleAccessor.invoke(DirectMethodHandleAccessor.java:103)
	at java.base/java.lang.reflect.Method.invoke(Method.java:580)
	at org.testng.internal.invokers.MethodInvocationHelper.invokeMethod(MethodInvocationHelper.java:141)
	at org.testng.internal.invokers.TestInvoker.invokeMethod(TestInvoker.java:687)
	at org.testng.internal.invokers.TestInvoker.invokeTestMethod(TestInvoker.java:230)
	at org.testng.internal.invokers.MethodRunner.runInSequence(MethodRunner.java:63)
	at org.testng.internal.invokers.TestInvoker$MethodInvocationAgent.invoke(TestInvoker.java:995)
	at org.testng.internal.invokers.TestInvoker.invokeTestMethods(TestInvoker.java:203)
	at org.testng.internal.invokers.TestMethodWorker.invokeTestMethods(TestMethodWorker.java:154)
	at org.testng.internal.invokers.TestMethodWorker.run(TestMethodWorker.java:134)
	at java.base/java.util.ArrayList.forEach(ArrayList.java:1596)
	at org.testng.TestRunner.privateRun(TestRunner.java:741)
	at org.testng.TestRunner.run(TestRunner.java:616)
	at org.testng.SuiteRunner.runTest(SuiteRunner.java:421)
	at org.testng.SuiteRunner.runSequentially(SuiteRunner.java:413)
	at org.testng.SuiteRunner.privateRun(SuiteRunner.java:373)
	at org.testng.SuiteRunner.run(SuiteRunner.java:312)
	at org.testng.SuiteRunnerWorker.runSuite(SuiteRunnerWorker.java:52)
	at org.testng.SuiteRunnerWorker.run(SuiteRunnerWorker.java:95)
	at org.testng.TestNG.runSuitesSequentially(TestNG.java:1274)
	at org.testng.TestNG.runSuitesLocally(TestNG.java:1208)
	at org.testng.TestNG.runSuites(TestNG.java:1112)
	at org.testng.TestNG.run(TestNG.java:1079)
	at org.testng.remote.AbstractRemoteTestNG.run(AbstractRemoteTestNG.java:115)
	at org.testng.remote.RemoteTestNG.initAndRun(RemoteTestNG.java:293)
	at org.testng.remote.RemoteTestNG.main(RemoteTestNG.java:91)

</div> <!-- stack-trace -->
                </div> <!-- method-content -->
              </div> <!-- method -->
              <div class="method">
                <div class="method-content">
                  <a name="purchase">
                  </a> <!-- purchase -->
                  <span class="method-name">purchase</span>
                  <div class="stack-trace">java.lang.AssertionError: Transaction ID mismatch expected [6964d870963d571437997afc] but found []
	at org.testng.Assert.fail(Assert.java:111)
	at org.testng.Assert.failNotEquals(Assert.java:1590)
	at org.testng.Assert.assertEqualsImpl(Assert.java:150)
	at org.testng.Assert.assertEquals(Assert.java:132)
	at org.testng.Assert.assertEquals(Assert.java:656)
	at com.paysecure.Page.transactionPage.verifyTxnId(transactionPage.java:192)
	at PspWithoutCards.easybuzzNetBanking.purchase(easybuzzNetBanking.java:180)
	at java.base/jdk.internal.reflect.DirectMethodHandleAccessor.invoke(DirectMethodHandleAccessor.java:103)
	at java.base/java.lang.reflect.Method.invoke(Method.java:580)
	at org.testng.internal.invokers.MethodInvocationHelper.invokeMethod(MethodInvocationHelper.java:141)
	at org.testng.internal.invokers.TestInvoker.invokeMethod(TestInvoker.java:687)
	at org.testng.internal.invokers.TestInvoker.invokeTestMethod(TestInvoker.java:230)
	at org.testng.internal.invokers.MethodRunner.runInSequence(MethodRunner.java:63)
	at org.testng.internal.invokers.TestInvoker$MethodInvocationAgent.invoke(TestInvoker.java:995)
	at org.testng.internal.invokers.TestInvoker.invokeTestMethods(TestInvoker.java:203)
	at org.testng.internal.invokers.TestMethodWorker.invokeTestMethods(TestMethodWorker.java:154)
	at org.testng.internal.invokers.TestMethodWorker.run(TestMethodWorker.java:134)
	at java.base/java.util.ArrayList.forEach(ArrayList.java:1596)
	at org.testng.TestRunner.privateRun(TestRunner.java:741)
	at org.testng.TestRunner.run(TestRunner.java:616)
	at org.testng.SuiteRunner.runTest(SuiteRunner.java:421)
	at org.testng.SuiteRunner.runSequentially(SuiteRunner.java:413)
	at org.testng.SuiteRunner.privateRun(SuiteRunner.java:373)
	at org.testng.SuiteRunner.run(SuiteRunner.java:312)
	at org.testng.SuiteRunnerWorker.runSuite(SuiteRunnerWorker.java:52)
	at org.testng.SuiteRunnerWorker.run(SuiteRunnerWorker.java:95)
	at org.testng.TestNG.runSuitesSequentially(TestNG.java:1274)
	at org.testng.TestNG.runSuitesLocally(TestNG.java:1208)
	at org.testng.TestNG.runSuites(TestNG.java:1112)
	at org.testng.TestNG.run(TestNG.java:1079)
	at org.testng.remote.AbstractRemoteTestNG.run(AbstractRemoteTestNG.java:115)
	at org.testng.remote.RemoteTestNG.initAndRun(RemoteTestNG.java:293)
	at org.testng.remote.RemoteTestNG.main(RemoteTestNG.java:91)

</div> <!-- stack-trace -->
                </div> <!-- method-content -->
              </div> <!-- method -->
            </div> <!-- main-panel-content rounded-window-bottom -->
          </div> <!-- suite-Default_suite-class-failed -->
        </div> <!-- panel Default_suite -->
        <div panel-name="test-xml-Default_suite" class="panel">
          <div class="main-panel-header rounded-window-top">
            <span class="header-content">C:\Users\LENOVO\AppData\Local\Temp\testng-eclipse-1332558831\testng-customsuite.xml</span>
          </div> <!-- main-panel-header rounded-window-top -->
          <div class="main-panel-content rounded-window-bottom">
            <pre>
&lt;?xml version=&quot;1.0&quot; encoding=&quot;UTF-8&quot;?&gt;
&lt;!DOCTYPE suite SYSTEM &quot;https://testng.org/testng-1.0.dtd&quot;&gt;
&lt;suite name=&quot;Default suite&quot; guice-stage=&quot;DEVELOPMENT&quot;&gt;
  &lt;test thread-count=&quot;5&quot; name=&quot;Default test&quot; verbose=&quot;2&quot;&gt;
    &lt;classes&gt;
      &lt;class name=&quot;PspWithoutCards.easybuzzNetBanking&quot;/&gt;
    &lt;/classes&gt;
  &lt;/test&gt; &lt;!-- Default test --&gt;
&lt;/suite&gt; &lt;!-- Default suite --&gt;
            </pre>
          </div> <!-- main-panel-content rounded-window-bottom -->
        </div> <!-- panel -->
        <div panel-name="testlist-Default_suite" class="panel">
          <div class="main-panel-header rounded-window-top">
            <span class="header-content">Tests for Default suite</span>
          </div> <!-- main-panel-header rounded-window-top -->
          <div class="main-panel-content rounded-window-bottom">
            <ul>
              <li>
                <span class="test-name">Default test (1 class)</span>
              </li>
            </ul>
          </div> <!-- main-panel-content rounded-window-bottom -->
        </div> <!-- panel -->
        <div panel-name="group-Default_suite" class="panel">
          <div class="main-panel-header rounded-window-top">
            <span class="header-content">Groups for Default suite</span>
          </div> <!-- main-panel-header rounded-window-top -->
          <div class="main-panel-content rounded-window-bottom">
          </div> <!-- main-panel-content rounded-window-bottom -->
        </div> <!-- panel -->
        <div panel-name="times-Default_suite" class="panel">
          <div class="main-panel-header rounded-window-top">
            <span class="header-content">Times for Default suite</span>
          </div> <!-- main-panel-header rounded-window-top -->
          <div class="main-panel-content rounded-window-bottom">
            <div class="times-div">
              <script type="text/javascript">
suiteTableInitFunctions.push('tableData_Default_suite');
function tableData_Default_suite() {
var data = new google.visualization.DataTable();
data.addColumn('number', 'Number');
data.addColumn('string', 'Method');
data.addColumn('string', 'Class');
data.addColumn('number', 'Time (ms)');
data.addRows(10);
data.setCell(0, 0, 0)
data.setCell(0, 1, 'purchase')
data.setCell(0, 2, 'PspWithoutCards.easybuzzNetBanking')
data.setCell(0, 3, 1698235);
data.setCell(1, 0, 1)
data.setCell(1, 1, 'purchase')
data.setCell(1, 2, 'PspWithoutCards.easybuzzNetBanking')
data.setCell(1, 3, 1539587);
data.setCell(2, 0, 2)
data.setCell(2, 1, 'purchase')
data.setCell(2, 2, 'PspWithoutCards.easybuzzNetBanking')
data.setCell(2, 3, 483763);
data.setCell(3, 0, 3)
data.setCell(3, 1, 'purchase')
data.setCell(3, 2, 'PspWithoutCards.easybuzzNetBanking')
data.setCell(3, 3, 482094);
data.setCell(4, 0, 4)
data.setCell(4, 1, 'purchase')
data.setCell(4, 2, 'PspWithoutCards.easybuzzNetBanking')
data.setCell(4, 3, 482053);
data.setCell(5, 0, 5)
data.setCell(5, 1, 'purchase')
data.setCell(5, 2, 'PspWithoutCards.easybuzzNetBanking')
data.setCell(5, 3, 477979);
data.setCell(6, 0, 6)
data.setCell(6, 1, 'purchase')
data.setCell(6, 2, 'PspWithoutCards.easybuzzNetBanking')
data.setCell(6, 3, 477108);
data.setCell(7, 0, 7)
data.setCell(7, 1, 'purchase')
data.setCell(7, 2, 'PspWithoutCards.easybuzzNetBanking')
data.setCell(7, 3, 476344);
data.setCell(8, 0, 8)
data.setCell(8, 1, 'purchase')
data.setCell(8, 2, 'PspWithoutCards.easybuzzNetBanking')
data.setCell(8, 3, 475737);
data.setCell(9, 0, 9)
data.setCell(9, 1, 'purchase')
data.setCell(9, 2, 'PspWithoutCards.easybuzzNetBanking')
data.setCell(9, 3, 473198);
window.suiteTableData['Default_suite']= { tableData: data, tableDiv: 'times-div-Default_suite'}
return data;
}
              </script>
              <span class="suite-total-time">Total running time: 1 hours</span>
              <div id="times-div-Default_suite">
              </div> <!-- times-div-Default_suite -->
            </div> <!-- times-div -->
          </div> <!-- main-panel-content rounded-window-bottom -->
        </div> <!-- panel -->
        <div panel-name="reporter-Default_suite" class="panel">
          <div class="main-panel-header rounded-window-top">
            <span class="header-content">Reporter output for Default suite</span>
          </div> <!-- main-panel-header rounded-window-top -->
          <div class="main-panel-content rounded-window-bottom">
            <div class="reporter-method-div">
              <span class="reporter-method-name">purchase</span>
              <div class="reporter-method-output-div">
                <span class="reporter-method-output">Generated Random Double: 1.76</span>
                <span class="reporter-method-output">Generated First Name: johne52</span>
                <span class="reporter-method-output">Generated Email: nairobiPalermo0c7fc@gmail.com</span>
                <span class="reporter-method-output">purchaseId is not null</span>
                <span class="reporter-method-output">purchaseId is not empty</span>
                <span class="reporter-method-output">purchaseId format is valid: 6964e07b963d57143799ab31</span>
                <span class="reporter-method-output">purchaseId length is 24</span>
                <span class="reporter-method-output">purchaseId validated successfully: 6964e07b963d57143799ab31</span>
                <span class="reporter-method-output">Redirected URL: https://staging.paysecure.net/getResponse.jsp?issucces=true</span>
                <span class="reporter-method-output">Payment Successfully</span>
                <span class="reporter-method-output"> Opened staging environment in a new browser tab</span>
                <span class="reporter-method-output">User enter ID in Username field</span>
                <span class="reporter-method-output">User Enter Password in password field</span>
                <span class="reporter-method-output">Click on submit button in login page</span>
                <span class="reporter-method-output"> Entered Transaction ID: 6964e07b963d57143799ab31</span>
                <span class="reporter-method-output"> Clicked on Search button</span>
                <span class="reporter-method-output">UI transaction ID: </span>
                <span class="reporter-method-output">API transaction ID: 6964e07b963d57143799ab31</span>
              </div> <!-- reporter-method-output-div -->
            </div> <!-- reporter-method-div -->
            <div class="reporter-method-div">
              <span class="reporter-method-name">purchase</span>
              <div class="reporter-method-output-div">
                <span class="reporter-method-output">Generated Random Double: 10.95</span>
                <span class="reporter-method-output">Generated First Name: john46d</span>
                <span class="reporter-method-output">Generated Email: nairobiPalermo8ba58@gmail.com</span>
                <span class="reporter-method-output">purchaseId is not null</span>
                <span class="reporter-method-output">purchaseId is not empty</span>
                <span class="reporter-method-output">purchaseId format is valid: 6964e64f963d57143799cf3b</span>
                <span class="reporter-method-output">purchaseId length is 24</span>
                <span class="reporter-method-output">purchaseId validated successfully: 6964e64f963d57143799cf3b</span>
                <span class="reporter-method-output">Redirected URL: https://staging.paysecure.net/getResponse.jsp?issucces=true</span>
                <span class="reporter-method-output">Payment Successfully</span>
                <span class="reporter-method-output"> Opened staging environment in a new browser tab</span>
                <span class="reporter-method-output">User enter ID in Username field</span>
                <span class="reporter-method-output">User Enter Password in password field</span>
                <span class="reporter-method-output">Click on submit button in login page</span>
                <span class="reporter-method-output"> Entered Transaction ID: 6964e64f963d57143799cf3b</span>
                <span class="reporter-method-output"> Clicked on Search button</span>
                <span class="reporter-method-output">UI transaction ID: </span>
                <span class="reporter-method-output">API transaction ID: 6964e64f963d57143799cf3b</span>
              </div> <!-- reporter-method-output-div -->
            </div> <!-- reporter-method-div -->
            <div class="reporter-method-div">
              <span class="reporter-method-name">purchase</span>
              <div class="reporter-method-output-div">
                <span class="reporter-method-output">Generated Random Double: 98.73</span>
                <span class="reporter-method-output">Generated First Name: johnbee</span>
                <span class="reporter-method-output">Generated Email: nairobiPalermo56601@gmail.com</span>
                <span class="reporter-method-output">purchaseId is not null</span>
                <span class="reporter-method-output">purchaseId is not empty</span>
                <span class="reporter-method-output">purchaseId format is valid: 6964e843963d57143799f4cf</span>
                <span class="reporter-method-output">purchaseId length is 24</span>
                <span class="reporter-method-output">purchaseId validated successfully: 6964e843963d57143799f4cf</span>
                <span class="reporter-method-output">Redirected URL: https://staging.paysecure.net/getResponse.jsp?issucces=true</span>
                <span class="reporter-method-output">Payment Successfully</span>
                <span class="reporter-method-output"> Opened staging environment in a new browser tab</span>
                <span class="reporter-method-output">User enter ID in Username field</span>
                <span class="reporter-method-output">User Enter Password in password field</span>
                <span class="reporter-method-output">Click on submit button in login page</span>
                <span class="reporter-method-output"> Entered Transaction ID: 6964e843963d57143799f4cf</span>
                <span class="reporter-method-output"> Clicked on Search button</span>
                <span class="reporter-method-output">UI transaction ID: </span>
                <span class="reporter-method-output">API transaction ID: 6964e843963d57143799f4cf</span>
              </div> <!-- reporter-method-output-div -->
            </div> <!-- reporter-method-div -->
            <div class="reporter-method-div">
              <span class="reporter-method-name">purchase</span>
              <div class="reporter-method-output-div">
                <span class="reporter-method-output">Generated Random Double: 95.54</span>
                <span class="reporter-method-output">Generated First Name: johna1c</span>
                <span class="reporter-method-output">Generated Email: nairobiPalermob8eac@gmail.com</span>
                <span class="reporter-method-output">purchaseId is not null</span>
                <span class="reporter-method-output">purchaseId is not empty</span>
                <span class="reporter-method-output">purchaseId format is valid: 6964e45c963d57143799b924</span>
                <span class="reporter-method-output">purchaseId length is 24</span>
                <span class="reporter-method-output">purchaseId validated successfully: 6964e45c963d57143799b924</span>
                <span class="reporter-method-output">Redirected URL: https://staging.paysecure.net/getResponse.jsp?issucces=true</span>
                <span class="reporter-method-output">Payment Successfully</span>
                <span class="reporter-method-output"> Opened staging environment in a new browser tab</span>
                <span class="reporter-method-output">User enter ID in Username field</span>
                <span class="reporter-method-output">User Enter Password in password field</span>
                <span class="reporter-method-output">Click on submit button in login page</span>
                <span class="reporter-method-output"> Entered Transaction ID: 6964e45c963d57143799b924</span>
                <span class="reporter-method-output"> Clicked on Search button</span>
                <span class="reporter-method-output">UI transaction ID: </span>
                <span class="reporter-method-output">API transaction ID: 6964e45c963d57143799b924</span>
              </div> <!-- reporter-method-output-div -->
            </div> <!-- reporter-method-div -->
            <div class="reporter-method-div">
              <span class="reporter-method-name">purchase</span>
              <div class="reporter-method-output-div">
                <span class="reporter-method-output">Generated Random Double: 3.38</span>
                <span class="reporter-method-output">Generated First Name: john1c2</span>
                <span class="reporter-method-output">Generated Email: nairobiPalermoc44f4@gmail.com</span>
                <span class="reporter-method-output">purchaseId is not null</span>
                <span class="reporter-method-output">purchaseId is not empty</span>
                <span class="reporter-method-output">purchaseId format is valid: 6964de80963d57143799a47a</span>
                <span class="reporter-method-output">purchaseId length is 24</span>
                <span class="reporter-method-output">purchaseId validated successfully: 6964de80963d57143799a47a</span>
                <span class="reporter-method-output">Redirected URL: https://staging.paysecure.net/getResponse.jsp?issucces=true</span>
                <span class="reporter-method-output">Payment Successfully</span>
                <span class="reporter-method-output"> Opened staging environment in a new browser tab</span>
                <span class="reporter-method-output">User enter ID in Username field</span>
                <span class="reporter-method-output">User Enter Password in password field</span>
                <span class="reporter-method-output">Click on submit button in login page</span>
                <span class="reporter-method-output"> Entered Transaction ID: 6964de80963d57143799a47a</span>
                <span class="reporter-method-output"> Clicked on Search button</span>
                <span class="reporter-method-output">UI transaction ID: </span>
                <span class="reporter-method-output">API transaction ID: 6964de80963d57143799a47a</span>
              </div> <!-- reporter-method-output-div -->
            </div> <!-- reporter-method-div -->
            <div class="reporter-method-div">
              <span class="reporter-method-name">purchase</span>
              <div class="reporter-method-output-div">
                <span class="reporter-method-output">Generated Random Double: 15.06</span>
                <span class="reporter-method-output">Generated First Name: john177</span>
                <span class="reporter-method-output">Generated Email: nairobiPalermob257d@gmail.com</span>
                <span class="reporter-method-output">purchaseId is not null</span>
                <span class="reporter-method-output">purchaseId is not empty</span>
                <span class="reporter-method-output">purchaseId format is valid: 6964d679963d57143799704a</span>
                <span class="reporter-method-output">purchaseId length is 24</span>
                <span class="reporter-method-output">purchaseId validated successfully: 6964d679963d57143799704a</span>
                <span class="reporter-method-output">Redirected URL: https://staging.paysecure.net/getResponse.jsp?issucces=true</span>
                <span class="reporter-method-output">Payment Successfully</span>
                <span class="reporter-method-output"> Opened staging environment in a new browser tab</span>
                <span class="reporter-method-output">User enter ID in Username field</span>
                <span class="reporter-method-output">User Enter Password in password field</span>
                <span class="reporter-method-output">Click on submit button in login page</span>
                <span class="reporter-method-output"> Entered Transaction ID: 6964d679963d57143799704a</span>
                <span class="reporter-method-output"> Clicked on Search button</span>
                <span class="reporter-method-output">UI transaction ID: </span>
                <span class="reporter-method-output">API transaction ID: 6964d679963d57143799704a</span>
              </div> <!-- reporter-method-output-div -->
            </div> <!-- reporter-method-div -->
            <div class="reporter-method-div">
              <span class="reporter-method-name">purchase</span>
              <div class="reporter-method-output-div">
                <span class="reporter-method-output">Generated Random Double: 52.75</span>
                <span class="reporter-method-output">Generated First Name: john73b</span>
                <span class="reporter-method-output">Generated Email: nairobiPalermo7cc41@gmail.com</span>
                <span class="reporter-method-output">purchaseId is not null</span>
                <span class="reporter-method-output">purchaseId is not empty</span>
                <span class="reporter-method-output">purchaseId format is valid: 6964e26a963d57143799ad95</span>
                <span class="reporter-method-output">purchaseId length is 24</span>
                <span class="reporter-method-output">purchaseId validated successfully: 6964e26a963d57143799ad95</span>
                <span class="reporter-method-output">Redirected URL: https://staging.paysecure.net/getResponse.jsp?issucces=true</span>
                <span class="reporter-method-output">Payment Successfully</span>
                <span class="reporter-method-output"> Opened staging environment in a new browser tab</span>
                <span class="reporter-method-output">User enter ID in Username field</span>
                <span class="reporter-method-output">User Enter Password in password field</span>
                <span class="reporter-method-output">Click on submit button in login page</span>
                <span class="reporter-method-output"> Entered Transaction ID: 6964e26a963d57143799ad95</span>
                <span class="reporter-method-output"> Clicked on Search button</span>
                <span class="reporter-method-output">UI transaction ID: </span>
                <span class="reporter-method-output">API transaction ID: 6964e26a963d57143799ad95</span>
              </div> <!-- reporter-method-output-div -->
            </div> <!-- reporter-method-div -->
            <div class="reporter-method-div">
              <span class="reporter-method-name">purchase</span>
              <div class="reporter-method-output-div">
                <span class="reporter-method-output">Generated Random Double: 28.86</span>
                <span class="reporter-method-output">Generated First Name: john4a7</span>
                <span class="reporter-method-output">Generated Email: nairobiPalermo027d4@gmail.com</span>
                <span class="reporter-method-output">purchaseId is not null</span>
                <span class="reporter-method-output">purchaseId is not empty</span>
                <span class="reporter-method-output">purchaseId format is valid: 6964d47b963d571437995f46</span>
                <span class="reporter-method-output">purchaseId length is 24</span>
                <span class="reporter-method-output">purchaseId validated successfully: 6964d47b963d571437995f46</span>
                <span class="reporter-method-output">Redirected URL: https://staging.paysecure.net/getResponse.jsp?issucces=true</span>
                <span class="reporter-method-output">Payment Successfully</span>
                <span class="reporter-method-output"> Opened staging environment in a new browser tab</span>
                <span class="reporter-method-output">User enter ID in Username field</span>
                <span class="reporter-method-output">User Enter Password in password field</span>
                <span class="reporter-method-output">Click on submit button in login page</span>
                <span class="reporter-method-output"> Entered Transaction ID: 6964d47b963d571437995f46</span>
                <span class="reporter-method-output"> Clicked on Search button</span>
                <span class="reporter-method-output">UI transaction ID: </span>
                <span class="reporter-method-output">API transaction ID: 6964d47b963d571437995f46</span>
              </div> <!-- reporter-method-output-div -->
            </div> <!-- reporter-method-div -->
            <div class="reporter-method-div">
              <span class="reporter-method-name">purchase</span>
              <div class="reporter-method-output-div">
                <span class="reporter-method-output">Generated Random Double: 1.53</span>
                <span class="reporter-method-output">Generated First Name: john9e0</span>
                <span class="reporter-method-output">Generated Email: nairobiPalermo20792@gmail.com</span>
                <span class="reporter-method-output">purchaseId is not null</span>
                <span class="reporter-method-output">purchaseId is not empty</span>
                <span class="reporter-method-output">purchaseId format is valid: 6964cc8d963d5714379953b6</span>
                <span class="reporter-method-output">purchaseId length is 24</span>
                <span class="reporter-method-output">purchaseId validated successfully: 6964cc8d963d5714379953b6</span>
                <span class="reporter-method-output">Redirected URL: https://staging.paysecure.net/getResponse.jsp?issucces=true</span>
                <span class="reporter-method-output">Payment Successfully</span>
                <span class="reporter-method-output"> Opened staging environment in a new browser tab</span>
                <span class="reporter-method-output">User enter ID in Username field</span>
                <span class="reporter-method-output">User Enter Password in password field</span>
                <span class="reporter-method-output">Click on submit button in login page</span>
                <span class="reporter-method-output"> Entered Transaction ID: 6964cc8d963d5714379953b6</span>
                <span class="reporter-method-output"> Clicked on Search button</span>
                <span class="reporter-method-output">UI transaction ID: </span>
                <span class="reporter-method-output">API transaction ID: 6964cc8d963d5714379953b6</span>
              </div> <!-- reporter-method-output-div -->
            </div> <!-- reporter-method-div -->
            <div class="reporter-method-div">
              <span class="reporter-method-name">purchase</span>
              <div class="reporter-method-output-div">
                <span class="reporter-method-output">Generated Random Double: 81.44</span>
                <span class="reporter-method-output">Generated First Name: johnba5</span>
                <span class="reporter-method-output">Generated Email: nairobiPalermo9f0fe@gmail.com</span>
                <span class="reporter-method-output">purchaseId is not null</span>
                <span class="reporter-method-output">purchaseId is not empty</span>
                <span class="reporter-method-output">purchaseId format is valid: 6964d870963d571437997afc</span>
                <span class="reporter-method-output">purchaseId length is 24</span>
                <span class="reporter-method-output">purchaseId validated successfully: 6964d870963d571437997afc</span>
                <span class="reporter-method-output">Redirected URL: https://staging.paysecure.net/getResponse.jsp?issucces=true</span>
                <span class="reporter-method-output">Payment Successfully</span>
                <span class="reporter-method-output"> Opened staging environment in a new browser tab</span>
                <span class="reporter-method-output">User enter ID in Username field</span>
                <span class="reporter-method-output">User Enter Password in password field</span>
                <span class="reporter-method-output">Click on submit button in login page</span>
                <span class="reporter-method-output"> Entered Transaction ID: 6964d870963d571437997afc</span>
                <span class="reporter-method-output"> Clicked on Search button</span>
                <span class="reporter-method-output">UI transaction ID: </span>
                <span class="reporter-method-output">API transaction ID: 6964d870963d571437997afc</span>
              </div> <!-- reporter-method-output-div -->
            </div> <!-- reporter-method-div -->
          </div> <!-- main-panel-content rounded-window-bottom -->
        </div> <!-- panel -->
        <div panel-name="ignored-methods-Default_suite" class="panel">
          <div class="main-panel-header rounded-window-top">
            <span class="header-content">0 ignored methods</span>
          </div> <!-- main-panel-header rounded-window-top -->
          <div class="main-panel-content rounded-window-bottom">
          </div> <!-- main-panel-content rounded-window-bottom -->
        </div> <!-- panel -->
        <div panel-name="chronological-Default_suite" class="panel">
          <div class="main-panel-header rounded-window-top">
            <span class="header-content">Methods in chronological order</span>
          </div> <!-- main-panel-header rounded-window-top -->
          <div class="main-panel-content rounded-window-bottom">
            <div class="chronological-class">
              <div class="chronological-class-name">PspWithoutCards.easybuzzNetBanking</div> <!-- chronological-class-name -->
              <div class="configuration-suite before">
                <span class="method-name">loadConfig</span>
                <span class="method-start">0 ms</span>
              </div> <!-- configuration-suite before -->
              <div class="configuration-method before">
                <span class="method-name">setup</span>
                <span class="method-start">54 ms</span>
              </div> <!-- configuration-method before -->
              <div class="configuration-method before">
                <span class="method-name">beforeMethod</span>
                <span class="method-start">10928 ms</span>
              </div> <!-- configuration-method before -->
              <div class="test-method">
                <img src="failed.png">
                </img>
                <span class="method-name">purchase</span>
                <span class="method-start">31868 ms</span>
              </div> <!-- test-method -->
              <div class="configuration-method after">
                <span class="method-name">tearDown([TestResult name=purchase status=FAILURE method=easybuzzNetBanking.purchase()[pri:0, instance:PspWit...)</span>
                <span class="method-start">1730167 ms</span>
              </div> <!-- configuration-method after -->
              <div class="configuration-method before">
                <span class="method-name">setup</span>
                <span class="method-start">2034242 ms</span>
              </div> <!-- configuration-method before -->
              <div class="configuration-method before">
                <span class="method-name">beforeMethod</span>
                <span class="method-start">2042314 ms</span>
              </div> <!-- configuration-method before -->
              <div class="test-method">
                <img src="failed.png">
                </img>
                <span class="method-name">purchase</span>
                <span class="method-start">2062781 ms</span>
              </div> <!-- test-method -->
              <div class="configuration-method after">
                <span class="method-name">tearDown([TestResult name=purchase status=FAILURE method=easybuzzNetBanking.purchase()[pri:0, instance:PspWit...)</span>
                <span class="method-start">2544850 ms</span>
              </div> <!-- configuration-method after -->
              <div class="configuration-method before">
                <span class="method-name">setup</span>
                <span class="method-start">2547858 ms</span>
              </div> <!-- configuration-method before -->
              <div class="configuration-method before">
                <span class="method-name">beforeMethod</span>
                <span class="method-start">2556609 ms</span>
              </div> <!-- configuration-method before -->
              <div class="test-method">
                <img src="failed.png">
                </img>
                <span class="method-name">purchase</span>
                <span class="method-start">2572976 ms</span>
              </div> <!-- test-method -->
              <div class="configuration-method after">
                <span class="method-name">tearDown([TestResult name=purchase status=FAILURE method=easybuzzNetBanking.purchase()[pri:0, instance:PspWit...)</span>
                <span class="method-start">3050965 ms</span>
              </div> <!-- configuration-method after -->
              <div class="configuration-method before">
                <span class="method-name">setup</span>
                <span class="method-start">3053984 ms</span>
              </div> <!-- configuration-method before -->
              <div class="configuration-method before">
                <span class="method-name">beforeMethod</span>
                <span class="method-start">3061717 ms</span>
              </div> <!-- configuration-method before -->
              <div class="test-method">
                <img src="failed.png">
                </img>
                <span class="method-name">purchase</span>
                <span class="method-start">3076254 ms</span>
              </div> <!-- test-method -->
              <div class="configuration-method after">
                <span class="method-name">tearDown([TestResult name=purchase status=FAILURE method=easybuzzNetBanking.purchase()[pri:0, instance:PspWit...)</span>
                <span class="method-start">4615843 ms</span>
              </div> <!-- configuration-method after -->
              <div class="configuration-method before">
                <span class="method-name">setup</span>
                <span class="method-start">4618867 ms</span>
              </div> <!-- configuration-method before -->
              <div class="configuration-method before">
                <span class="method-name">beforeMethod</span>
                <span class="method-start">4625063 ms</span>
              </div> <!-- configuration-method before -->
              <div class="test-method">
                <img src="failed.png">
                </img>
                <span class="method-name">purchase</span>
                <span class="method-start">4628111 ms</span>
              </div> <!-- test-method -->
              <div class="configuration-method after">
                <span class="method-name">tearDown([TestResult name=purchase status=FAILURE method=easybuzzNetBanking.purchase()[pri:0, instance:PspWit...)</span>
                <span class="method-start">5111890 ms</span>
              </div> <!-- configuration-method after -->
              <div class="configuration-method before">
                <span class="method-name">setup</span>
                <span class="method-start">5114904 ms</span>
              </div> <!-- configuration-method before -->
              <div class="configuration-method before">
                <span class="method-name">beforeMethod</span>
                <span class="method-start">5121012 ms</span>
              </div> <!-- configuration-method before -->
              <div class="test-method">
                <img src="failed.png">
                </img>
                <span class="method-name">purchase</span>
                <span class="method-start">5135235 ms</span>
              </div> <!-- test-method -->
              <div class="configuration-method after">
                <span class="method-name">tearDown([TestResult name=purchase status=FAILURE method=easybuzzNetBanking.purchase()[pri:0, instance:PspWit...)</span>
                <span class="method-start">5608438 ms</span>
              </div> <!-- configuration-method after -->
              <div class="configuration-method before">
                <span class="method-name">setup</span>
                <span class="method-start">5611442 ms</span>
              </div> <!-- configuration-method before -->
              <div class="configuration-method before">
                <span class="method-name">beforeMethod</span>
                <span class="method-start">5617581 ms</span>
              </div> <!-- configuration-method before -->
              <div class="test-method">
                <img src="failed.png">
                </img>
                <span class="method-name">purchase</span>
                <span class="method-start">5630329 ms</span>
              </div> <!-- test-method -->
              <div class="configuration-method after">
                <span class="method-name">tearDown([TestResult name=purchase status=FAILURE method=easybuzzNetBanking.purchase()[pri:0, instance:PspWit...)</span>
                <span class="method-start">6106679 ms</span>
              </div> <!-- configuration-method after -->
              <div class="configuration-method before">
                <span class="method-name">setup</span>
                <span class="method-start">6109698 ms</span>
              </div> <!-- configuration-method before -->
              <div class="configuration-method before">
                <span class="method-name">beforeMethod</span>
                <span class="method-start">6114448 ms</span>
              </div> <!-- configuration-method before -->
              <div class="test-method">
                <img src="failed.png">
                </img>
                <span class="method-name">purchase</span>
                <span class="method-start">6127756 ms</span>
              </div> <!-- test-method -->
              <div class="configuration-method after">
                <span class="method-name">tearDown([TestResult name=purchase status=FAILURE method=easybuzzNetBanking.purchase()[pri:0, instance:PspWit...)</span>
                <span class="method-start">6609850 ms</span>
              </div> <!-- configuration-method after -->
              <div class="configuration-method before">
                <span class="method-name">setup</span>
                <span class="method-start">6612870 ms</span>
              </div> <!-- configuration-method before -->
              <div class="configuration-method before">
                <span class="method-name">beforeMethod</span>
                <span class="method-start">6617329 ms</span>
              </div> <!-- configuration-method before -->
              <div class="test-method">
                <img src="failed.png">
                </img>
                <span class="method-name">purchase</span>
                <span class="method-start">6627326 ms</span>
              </div> <!-- test-method -->
              <div class="configuration-method after">
                <span class="method-name">tearDown([TestResult name=purchase status=FAILURE method=easybuzzNetBanking.purchase()[pri:0, instance:PspWit...)</span>
                <span class="method-start">7104440 ms</span>
              </div> <!-- configuration-method after -->
              <div class="configuration-method before">
                <span class="method-name">setup</span>
                <span class="method-start">7107454 ms</span>
              </div> <!-- configuration-method before -->
              <div class="configuration-method before">
                <span class="method-name">beforeMethod</span>
                <span class="method-start">7114088 ms</span>
              </div> <!-- configuration-method before -->
              <div class="test-method">
                <img src="failed.png">
                </img>
                <span class="method-name">purchase</span>
                <span class="method-start">7127391 ms</span>
              </div> <!-- test-method -->
              <div class="configuration-method after">
                <span class="method-name">tearDown([TestResult name=purchase status=FAILURE method=easybuzzNetBanking.purchase()[pri:0, instance:PspWit...)</span>
                <span class="method-start">7603130 ms</span>
              </div> <!-- configuration-method after -->
          </div> <!-- main-panel-content rounded-window-bottom -->
        </div> <!-- panel -->
      </div> <!-- main-panel-root -->
    </div> <!-- wrapper -->
  </body>
<script type="text/javascript" src="testng-reports2.js"></script>
</html>
