<?xml version="1.0" encoding="UTF-8"?>
<testng-results ignored="0" total="2" passed="2" failed="0" skipped="0">
  <reporter-output>
    <line>
      <![CDATA[Amount Inputs → Min: 10.0, Max: 100.0, Provided: 50.0]]>
    </line>
    <line>
      <![CDATA[✅ Amount within valid range. Using exact value: 50.0]]>
    </line>
    <line>
      <![CDATA[Generated First Name: div9d6]]>
    </line>
    <line>
      <![CDATA[Generated Email: yashdiv215a2@gmail.com]]>
    </line>
  </reporter-output>
  <suite started-at="2026-03-11T17:05:42 IST" name="Default suite" finished-at="2026-03-11T17:06:11 IST" duration-ms="29046">
    <groups>
    </groups>
    <test started-at="2026-03-11T17:05:42 IST" name="Default test" finished-at="2026-03-11T17:06:11 IST" duration-ms="29046">
      <class name="S2sForLiveCo.purchaseWithS2S">
        <test-method is-config="true" signature="loadConfig()[pri:0, instance:S2sForLiveCo.purchaseWithS2S@7b139eab]" started-at="2026-03-11T17:05:42 IST" name="loadConfig" finished-at="2026-03-11T17:05:42 IST" duration-ms="19" status="PASS">
          <reporter-output>
          </reporter-output>
        </test-method> <!-- loadConfig -->
        <test-method is-config="true" signature="setup()[pri:0, instance:S2sForLiveCo.purchaseWithS2S@7b139eab]" started-at="2026-03-11T17:05:42 IST" name="setup" finished-at="2026-03-11T17:05:51 IST" duration-ms="8585" status="PASS">
          <reporter-output>
          </reporter-output>
        </test-method> <!-- setup -->
        <test-method signature="purchase()[pri:0, instance:S2sForLiveCo.purchaseWithS2S@7b139eab]" started-at="2026-03-11T17:05:51 IST" name="purchase" finished-at="2026-03-11T17:05:53 IST" duration-ms="2329" status="PASS">
          <reporter-output>
            <line>
              <![CDATA[Amount Inputs → Min: 10.0, Max: 100.0, Provided: 50.0]]>
            </line>
            <line>
              <![CDATA[✅ Amount within valid range. Using exact value: 50.0]]>
            </line>
            <line>
              <![CDATA[Generated First Name: div9d6]]>
            </line>
            <line>
              <![CDATA[Generated Email: yashdiv215a2@gmail.com]]>
            </line>
          </reporter-output>
        </test-method> <!-- purchase -->
        <test-method is-config="true" signature="tearDown(org.testng.ITestResult)[pri:0, instance:S2sForLiveCo.purchaseWithS2S@7b139eab]" started-at="2026-03-11T17:05:53 IST" name="tearDown" finished-at="2026-03-11T17:05:58 IST" duration-ms="4749" status="PASS">
          <params>
            <param index="0">
              <value>
                <![CDATA[[TestResult name=purchase status=SUCCESS method=purchaseWithS2S.purchase()[pri:0, instance:S2sForLiveCo.purchaseWithS2S@7b139eab] output=Amount Inputs → Min: 10.0, Max: 100.0, Provided: 50.0]]]>
              </value>
            </param>
          </params>
          <reporter-output>
          </reporter-output>
        </test-method> <!-- tearDown -->
        <test-method is-config="true" signature="setup()[pri:0, instance:S2sForLiveCo.purchaseWithS2S@7b139eab]" started-at="2026-03-11T17:05:58 IST" name="setup" finished-at="2026-03-11T17:06:05 IST" duration-ms="7484" status="PASS">
          <reporter-output>
          </reporter-output>
        </test-method> <!-- setup -->
        <test-method signature="superS2S()[pri:0, instance:S2sForLiveCo.purchaseWithS2S@7b139eab]" started-at="2026-03-11T17:06:05 IST" name="superS2S" finished-at="2026-03-11T17:06:08 IST" depends-on-methods="S2sForLiveCo.purchaseWithS2S.purchase" duration-ms="2495" status="PASS">
          <reporter-output>
          </reporter-output>
        </test-method> <!-- superS2S -->
        <test-method is-config="true" signature="tearDown(org.testng.ITestResult)[pri:0, instance:S2sForLiveCo.purchaseWithS2S@7b139eab]" started-at="2026-03-11T17:06:08 IST" name="tearDown" finished-at="2026-03-11T17:06:11 IST" duration-ms="3288" status="PASS">
          <params>
            <param index="0">
              <value>
                <![CDATA[[TestResult name=superS2S status=SUCCESS method=purchaseWithS2S.superS2S()[pri:0, instance:S2sForLiveCo.purchaseWithS2S@7b139eab] output={null}]]]>
              </value>
            </param>
          </params>
          <reporter-output>
          </reporter-output>
        </test-method> <!-- tearDown -->
      </class> <!-- S2sForLiveCo.purchaseWithS2S -->
    </test> <!-- Default test -->
  </suite> <!-- Default suite -->
</testng-results>
