<?xml version="1.0" encoding="UTF-8"?>
<testng-results ignored="0" total="1" passed="1" failed="0" skipped="0">
  <reporter-output>
    <line>
      <![CDATA[User enter ID in Username field]]>
    </line>
    <line>
      <![CDATA[User Enter Password in password field]]>
    </line>
    <line>
      <![CDATA[Click on submit button in login page]]>
    </line>
    <line>
      <![CDATA[select merchant name :- SuhasM]]>
    </line>
    <line>
      <![CDATA[select merchant name :- USD]]>
    </line>
    <line>
      <![CDATA[select merchant name :- VISA]]>
    </line>
    <line>
      <![CDATA[Fetching details for Limit and Charges]]>
    </line>
    <line>
      <![CDATA[Details fetched successfully]]>
    </line>
    <line>
      <![CDATA[Email test case will run for this PSP: mantapay]]>
    </line>
    <line>
      <![CDATA[Amount Inputs → Min: 10.0, Max: 100.0, Provided: 55.3]]>
    </line>
    <line>
      <![CDATA[✅ Amount within valid range. Using exact value: 55.3]]>
    </line>
    <line>
      <![CDATA[Generated First Name: john3fc]]>
    </line>
    <line>
      <![CDATA[Purchase ID: 69942675ee1d5b7e420a7d46]]>
    </line>
    <line>
      <![CDATA[Checkout URL: https://test4.paymentsclub.net/payments/326f8b97bf22b713b355e69ac121c1b7/]]>
    </line>
    <line>
      <![CDATA[Email: user1234@example.com → HTTP Status: 202]]>
    </line>
    <line>
      <![CDATA[Response Body: {
    "purchaseId": "69942675ee1d5b7e420a7d46",
    "client": {
        "customerId": "NA",
        "email": "user1234@example.com",
        "phone": "+1111111111",
        "full_name": "john3fc",
        "street_address": "Main gate",
        "country": "US",
        "city": "Paris",
        "zip_code": "20001",
        "cc": [
            
        ],
        "bcc": [
            
        ],
        "stateCode": "QLD"
    },
    "updated_on": 1771316853,
    "type": "purchase",
    "paymentMethod": "VISA",
    "amountUnit": "MAJOR",
    "errorMsg": "",
    "errorCode": "NA",
    "force_recurring": false,
    "created_on": 1771316853,
    "merchantRef": "69942675ee1d5b7e420a7d46",
    "purchase": {
        "currency": "USD",
        "products": [
            {
                "name": "Cricket bat",
                "quantity": 1.0,
                "price": 55.3,
                "discount": 0,
                "tax_percent": "0.00"
            }
        ],
        "total": 55.3,
        "requestAmount": 55.3,
        "language": "en",
        "notes": "",
        "debt": 0,
        "total_formatted": 1.0,
        "taxAmount": 0.0,
        "taxPercent": 0.0,
        "request_client_details": [
            
        ],
        "email_message": ""
    },
    "issuer_details": {
        "website": "",
        "legal_street_address": "",
        "legal_country": "",
        "legal_city": "",
        "legal_zip_code": "",
        "bank_accounts": [
            {
                
            }
        ],
        "legal_name": "practice",
        "brand_name": "practice",
        "registration_number": "",
        "tax_number": ""
    },
    "transaction_data": {
        "payment_method": "",
        "flow": "payform",
        "extra": {
            
        },
        "country": "",
        "attempts": [
            
        ]
    },
    "status": "CREATED",
    "status_history": [
        {
            "status": "created",
            "timestamp": 1771316853
        }
    ],
    "is_test": false,
    "brand_id": "04199342-5d84-4e17-a53e-5c3d6b03ebd4",
    "send_receipt": false,
    "is_recurring_token": false,
    "skip_capture": false,
    "reference_generated": "PS7880",
    "issued": "2026-02-17",
    "due": 1771316853,
    "refund_upto": 0,
    "cc_descriptor": "",
    "fraudScore": "NA",
    "trustScore": "NA",
    "extraFee": "0",
    "paidOn": 0,
    "receivedAmt": 0.0,
    "taxAmount": 0.0,
    "surcharge": 0.0,
    "surchargeType": "",
    "sessionId": "",
    "refund_availability": "NONE",
    "refundable_amount": 0.0,
    "success_redirect": "https://staging.paysecure.net/getResponse.jsp?issucces=true",
    "failure_redirect": "https://staging.paysecure.net/getResponse.jsp?issucces=false",
    "cancel_redirect": "",
    "success_callback": "https://www.google.com/",
    "failure_callback": "https://staging.paysecure.net/merchant",
    "platform": "API",
    "created_from_ip": "103.80.161.238",
    "checkout_url": "https://test4.paymentsclub.net/payments/326f8b97bf22b713b355e69ac121c1b7/",
    "direct_post_url": "https://test4.paymentsclub.net/api/v1/p/69942675ee1d5b7e420a7d46/",
    "payoutProcess": false
}]]>
    </line>
    <line>
      <![CDATA[Email accepted by API: user1234@example.com]]>
    </line>
    <line>
      <![CDATA[✓ Transaction status OK → proceeding with payment flow]]>
    </line>
    <line>
      <![CDATA[Entered Card Holder Name: Rohitman Sharma]]>
    </line>
    <line>
      <![CDATA[Entered Card Number: 4387751111111111]]>
    </line>
    <line>
      <![CDATA[Entered Card Expiry Date: 02/29]]>
    </line>
    <line>
      <![CDATA[Entered Card CVV: 123]]>
    </line>
    <line>
      <![CDATA[Moved to the Pay button]]>
    </line>
    <line>
      <![CDATA[Clicked on the Pay button to proceed with payment]]>
    </line>
    <line>
      <![CDATA[Redirected URL: https://staging.paysecure.net/getResponse.jsp?issucces=true]]>
    </line>
    <line>
      <![CDATA[PASS → Payment outcome matched expectation]]>
    </line>
    <line>
      <![CDATA[ Opened staging environment in a new browser tab]]>
    </line>
    <line>
      <![CDATA[User enter ID in Username field]]>
    </line>
    <line>
      <![CDATA[User Enter Password in password field]]>
    </line>
    <line>
      <![CDATA[Click on submit button in login page]]>
    </line>
    <line>
      <![CDATA[ Entered Transaction ID: 69942675ee1d5b7e420a7d46]]>
    </line>
    <line>
      <![CDATA[ Clicked on Search button]]>
    </line>
    <line>
      <![CDATA[ Clicked on Search button]]>
    </line>
    <line>
      <![CDATA[ Clicked on first Transaction ID from list]]>
    </line>
    <line>
      <![CDATA[Purchase Transaction ID is not empty or not null]]>
    </line>
  </reporter-output>
  <suite started-at="2026-02-17T13:56:38 IST" name="Default suite" finished-at="2026-02-17T13:58:49 IST" duration-ms="130836">
    <groups>
    </groups>
    <test started-at="2026-02-17T13:56:38 IST" name="Default test" finished-at="2026-02-17T13:58:49 IST" duration-ms="130836">
      <class name="purchase.email">
        <test-method is-config="true" signature="loadConfig()[pri:0, instance:purchase.email@5ac86ba5]" started-at="2026-02-17T13:56:38 IST" name="loadConfig" finished-at="2026-02-17T13:56:38 IST" duration-ms="21" status="PASS">
          <reporter-output>
          </reporter-output>
        </test-method> <!-- loadConfig -->
        <test-method is-config="true" signature="clearOnce()[pri:0, instance:purchase.email@5ac86ba5]" started-at="2026-02-17T13:56:38 IST" name="clearOnce" finished-at="2026-02-17T13:56:38 IST" depends-on-methods="com.paysecure.base.baseClass.loadConfig" duration-ms="1" status="PASS">
          <reporter-output>
          </reporter-output>
        </test-method> <!-- clearOnce -->
        <test-method is-config="true" signature="setup()[pri:0, instance:purchase.email@5ac86ba5]" started-at="2026-02-17T13:56:39 IST" name="setup" finished-at="2026-02-17T13:56:49 IST" duration-ms="10927" status="PASS">
          <reporter-output>
          </reporter-output>
        </test-method> <!-- setup -->
        <test-method is-config="true" signature="beforeMethod()[pri:0, instance:purchase.email@5ac86ba5]" started-at="2026-02-17T13:56:50 IST" name="beforeMethod" finished-at="2026-02-17T13:57:00 IST" duration-ms="10530" status="PASS">
          <reporter-output>
            <line>
              <![CDATA[User enter ID in Username field]]>
            </line>
            <line>
              <![CDATA[User Enter Password in password field]]>
            </line>
            <line>
              <![CDATA[Click on submit button in login page]]>
            </line>
          </reporter-output>
        </test-method> <!-- beforeMethod -->
        <test-method signature="Purchase(java.util.Map,java.util.Map)[pri:0, instance:purchase.email@5ac86ba5]" started-at="2026-02-17T13:57:00 IST" name="Purchase" data-provider="EmailData" finished-at="2026-02-17T13:58:46 IST" duration-ms="105335" status="PASS">
          <params>
            <param index="0">
              <value>
                <![CDATA[{CardNumber=4387751111111111, CVV=123, RunFlag=TRUE, RouteToMidOrBank=mantapay-card, PartialMerchant=Suhas, PSP=mantapay, MaxAmount=100, CardholderName=Rohitman Sharma, Merchant=SuhasM, RouteToBankMid=Route to Mid, Currency=USD, MinAmount=10, DefaultAmount=55.3, PaymentMethod=VISA, Expiry=02/29}]]>
              </value>
            </param>
            <param index="1">
              <value>
                <![CDATA[{Status=Pass, TestData=user1234@example.com}]]>
              </value>
            </param>
          </params>
          <reporter-output>
            <line>
              <![CDATA[select merchant name :- SuhasM]]>
            </line>
            <line>
              <![CDATA[select merchant name :- USD]]>
            </line>
            <line>
              <![CDATA[select merchant name :- VISA]]>
            </line>
            <line>
              <![CDATA[Fetching details for Limit and Charges]]>
            </line>
            <line>
              <![CDATA[Details fetched successfully]]>
            </line>
            <line>
              <![CDATA[Email test case will run for this PSP: mantapay]]>
            </line>
            <line>
              <![CDATA[Amount Inputs → Min: 10.0, Max: 100.0, Provided: 55.3]]>
            </line>
            <line>
              <![CDATA[✅ Amount within valid range. Using exact value: 55.3]]>
            </line>
            <line>
              <![CDATA[Generated First Name: john3fc]]>
            </line>
            <line>
              <![CDATA[Purchase ID: 69942675ee1d5b7e420a7d46]]>
            </line>
            <line>
              <![CDATA[Checkout URL: https://test4.paymentsclub.net/payments/326f8b97bf22b713b355e69ac121c1b7/]]>
            </line>
            <line>
              <![CDATA[Email: user1234@example.com → HTTP Status: 202]]>
            </line>
            <line>
              <![CDATA[Response Body: {
    "purchaseId": "69942675ee1d5b7e420a7d46",
    "client": {
        "customerId": "NA",
        "email": "user1234@example.com",
        "phone": "+1111111111",
        "full_name": "john3fc",
        "street_address": "Main gate",
        "country": "US",
        "city": "Paris",
        "zip_code": "20001",
        "cc": [
            
        ],
        "bcc": [
            
        ],
        "stateCode": "QLD"
    },
    "updated_on": 1771316853,
    "type": "purchase",
    "paymentMethod": "VISA",
    "amountUnit": "MAJOR",
    "errorMsg": "",
    "errorCode": "NA",
    "force_recurring": false,
    "created_on": 1771316853,
    "merchantRef": "69942675ee1d5b7e420a7d46",
    "purchase": {
        "currency": "USD",
        "products": [
            {
                "name": "Cricket bat",
                "quantity": 1.0,
                "price": 55.3,
                "discount": 0,
                "tax_percent": "0.00"
            }
        ],
        "total": 55.3,
        "requestAmount": 55.3,
        "language": "en",
        "notes": "",
        "debt": 0,
        "total_formatted": 1.0,
        "taxAmount": 0.0,
        "taxPercent": 0.0,
        "request_client_details": [
            
        ],
        "email_message": ""
    },
    "issuer_details": {
        "website": "",
        "legal_street_address": "",
        "legal_country": "",
        "legal_city": "",
        "legal_zip_code": "",
        "bank_accounts": [
            {
                
            }
        ],
        "legal_name": "practice",
        "brand_name": "practice",
        "registration_number": "",
        "tax_number": ""
    },
    "transaction_data": {
        "payment_method": "",
        "flow": "payform",
        "extra": {
            
        },
        "country": "",
        "attempts": [
            
        ]
    },
    "status": "CREATED",
    "status_history": [
        {
            "status": "created",
            "timestamp": 1771316853
        }
    ],
    "is_test": false,
    "brand_id": "04199342-5d84-4e17-a53e-5c3d6b03ebd4",
    "send_receipt": false,
    "is_recurring_token": false,
    "skip_capture": false,
    "reference_generated": "PS7880",
    "issued": "2026-02-17",
    "due": 1771316853,
    "refund_upto": 0,
    "cc_descriptor": "",
    "fraudScore": "NA",
    "trustScore": "NA",
    "extraFee": "0",
    "paidOn": 0,
    "receivedAmt": 0.0,
    "taxAmount": 0.0,
    "surcharge": 0.0,
    "surchargeType": "",
    "sessionId": "",
    "refund_availability": "NONE",
    "refundable_amount": 0.0,
    "success_redirect": "https://staging.paysecure.net/getResponse.jsp?issucces=true",
    "failure_redirect": "https://staging.paysecure.net/getResponse.jsp?issucces=false",
    "cancel_redirect": "",
    "success_callback": "https://www.google.com/",
    "failure_callback": "https://staging.paysecure.net/merchant",
    "platform": "API",
    "created_from_ip": "103.80.161.238",
    "checkout_url": "https://test4.paymentsclub.net/payments/326f8b97bf22b713b355e69ac121c1b7/",
    "direct_post_url": "https://test4.paymentsclub.net/api/v1/p/69942675ee1d5b7e420a7d46/",
    "payoutProcess": false
}]]>
            </line>
            <line>
              <![CDATA[Email accepted by API: user1234@example.com]]>
            </line>
            <line>
              <![CDATA[✓ Transaction status OK → proceeding with payment flow]]>
            </line>
            <line>
              <![CDATA[Entered Card Holder Name: Rohitman Sharma]]>
            </line>
            <line>
              <![CDATA[Entered Card Number: 4387751111111111]]>
            </line>
            <line>
              <![CDATA[Entered Card Expiry Date: 02/29]]>
            </line>
            <line>
              <![CDATA[Entered Card CVV: 123]]>
            </line>
            <line>
              <![CDATA[Moved to the Pay button]]>
            </line>
            <line>
              <![CDATA[Clicked on the Pay button to proceed with payment]]>
            </line>
            <line>
              <![CDATA[Redirected URL: https://staging.paysecure.net/getResponse.jsp?issucces=true]]>
            </line>
            <line>
              <![CDATA[PASS → Payment outcome matched expectation]]>
            </line>
            <line>
              <![CDATA[ Opened staging environment in a new browser tab]]>
            </line>
            <line>
              <![CDATA[User enter ID in Username field]]>
            </line>
            <line>
              <![CDATA[User Enter Password in password field]]>
            </line>
            <line>
              <![CDATA[Click on submit button in login page]]>
            </line>
            <line>
              <![CDATA[ Entered Transaction ID: 69942675ee1d5b7e420a7d46]]>
            </line>
            <line>
              <![CDATA[ Clicked on Search button]]>
            </line>
            <line>
              <![CDATA[ Clicked on Search button]]>
            </line>
            <line>
              <![CDATA[ Clicked on first Transaction ID from list]]>
            </line>
            <line>
              <![CDATA[Purchase Transaction ID is not empty or not null]]>
            </line>
          </reporter-output>
        </test-method> <!-- Purchase -->
        <test-method is-config="true" signature="tearDown(org.testng.ITestResult)[pri:0, instance:purchase.email@5ac86ba5]" started-at="2026-02-17T13:58:46 IST" name="tearDown" finished-at="2026-02-17T13:58:49 IST" duration-ms="3019" status="PASS">
          <params>
            <param index="0">
              <value>
                <![CDATA[[TestResult name=Purchase status=SUCCESS method=email.Purchase(java.util.Map,java.util.Map)[pri:0, instance:purchase.email@5ac86ba5] output=select merchant name :- SuhasM]]]>
              </value>
            </param>
          </params>
          <reporter-output>
          </reporter-output>
        </test-method> <!-- tearDown -->
      </class> <!-- purchase.email -->
    </test> <!-- Default test -->
  </suite> <!-- Default suite -->
</testng-results>
