<?xml version="1.0" encoding="UTF-8"?>
<testng-results ignored="0" total="1" passed="1" failed="0" skipped="0">
  <reporter-output>
    <line>
      <![CDATA[Generated Random Double: 9.50]]>
    </line>
    <line>
      <![CDATA[Generated First Name: johnd09]]>
    </line>
    <line>
      <![CDATA[Generated Email: nairobiPalermo9dd84@gmail.com]]>
    </line>
    <line>
      <![CDATA[Purchase created successfully with ID: 6954b5d47e022464dbbbf9aa]]>
    </line>
    <line>
      <![CDATA[User enter ID in Username field]]>
    </line>
    <line>
      <![CDATA[User Enter Password in password field]]>
    </line>
    <line>
      <![CDATA[Click on submit button in login page]]>
    </line>
    <line>
      <![CDATA[S2S call successful on attempt 1]]>
    </line>
    <line>
      <![CDATA[Redirected URL: https://staging.paysecure.net/getResponse.jsp?issucces=true]]>
    </line>
    <line>
      <![CDATA[PASS → Payment succeeded as expected]]>
    </line>
    <line>
      <![CDATA[ Opened staging environment in a new browser tab]]>
    </line>
    <line>
      <![CDATA[User enter ID in Username field]]>
    </line>
    <line>
      <![CDATA[User Enter Password in password field]]>
    </line>
    <line>
      <![CDATA[Click on submit button in login page]]>
    </line>
    <line>
      <![CDATA[ Entered Transaction ID: 6954b5d47e022464dbbbf9aa]]>
    </line>
    <line>
      <![CDATA[ Clicked on Search button]]>
    </line>
    <line>
      <![CDATA[ Clicked on Search button]]>
    </line>
    <line>
      <![CDATA[ Clicked on first Transaction ID from list]]>
    </line>
    <line>
      <![CDATA[Purchase Transaction ID is not empty or not null]]>
    </line>
    <line>
      <![CDATA[city accepted by API: London]]>
    </line>
  </reporter-output>
  <suite started-at="2025-12-31T11:03:59 IST" name="Default suite" finished-at="2025-12-31T11:06:25 IST" duration-ms="145974">
    <groups>
    </groups>
    <test started-at="2025-12-31T11:03:59 IST" name="Default test" finished-at="2025-12-31T11:06:25 IST" duration-ms="145974">
      <class name="s2s.city">
        <test-method is-config="true" signature="loadConfig()[pri:0, instance:s2s.city@30ea8c23]" started-at="2025-12-31T11:03:59 IST" name="loadConfig" finished-at="2025-12-31T11:03:59 IST" duration-ms="34" status="PASS">
          <reporter-output>
          </reporter-output>
        </test-method> <!-- loadConfig -->
        <test-method is-config="true" signature="setup()[pri:0, instance:s2s.city@30ea8c23]" started-at="2025-12-31T11:03:59 IST" name="setup" finished-at="2025-12-31T11:04:10 IST" duration-ms="10688" status="PASS">
          <reporter-output>
          </reporter-output>
        </test-method> <!-- setup -->
        <test-method is-config="true" signature="beforeMethod()[pri:0, instance:s2s.city@30ea8c23]" started-at="2025-12-31T11:04:10 IST" name="beforeMethod" finished-at="2025-12-31T11:04:10 IST" duration-ms="49" status="PASS">
          <reporter-output>
          </reporter-output>
        </test-method> <!-- beforeMethod -->
        <test-method signature="purchaseApi(java.lang.String,java.lang.String,java.lang.String)[pri:0, instance:s2s.city@30ea8c23]" started-at="2025-12-31T11:04:10 IST" name="purchaseApi" data-provider="cityProvider" finished-at="2025-12-31T11:06:22 IST" duration-ms="132002" status="PASS">
          <params>
            <param index="0">
              <value>
                <![CDATA[London]]>
              </value>
            </param>
            <param index="1">
              <value>
                <![CDATA[Pass]]>
              </value>
            </param>
            <param index="2">
              <value>
                <![CDATA[Easybuzz]]>
              </value>
            </param>
          </params>
          <reporter-output>
            <line>
              <![CDATA[Generated Random Double: 9.50]]>
            </line>
            <line>
              <![CDATA[Generated First Name: johnd09]]>
            </line>
            <line>
              <![CDATA[Generated Email: nairobiPalermo9dd84@gmail.com]]>
            </line>
            <line>
              <![CDATA[Purchase created successfully with ID: 6954b5d47e022464dbbbf9aa]]>
            </line>
            <line>
              <![CDATA[User enter ID in Username field]]>
            </line>
            <line>
              <![CDATA[User Enter Password in password field]]>
            </line>
            <line>
              <![CDATA[Click on submit button in login page]]>
            </line>
            <line>
              <![CDATA[S2S call successful on attempt 1]]>
            </line>
            <line>
              <![CDATA[Redirected URL: https://staging.paysecure.net/getResponse.jsp?issucces=true]]>
            </line>
            <line>
              <![CDATA[PASS → Payment succeeded as expected]]>
            </line>
            <line>
              <![CDATA[ Opened staging environment in a new browser tab]]>
            </line>
            <line>
              <![CDATA[User enter ID in Username field]]>
            </line>
            <line>
              <![CDATA[User Enter Password in password field]]>
            </line>
            <line>
              <![CDATA[Click on submit button in login page]]>
            </line>
            <line>
              <![CDATA[ Entered Transaction ID: 6954b5d47e022464dbbbf9aa]]>
            </line>
            <line>
              <![CDATA[ Clicked on Search button]]>
            </line>
            <line>
              <![CDATA[ Clicked on Search button]]>
            </line>
            <line>
              <![CDATA[ Clicked on first Transaction ID from list]]>
            </line>
            <line>
              <![CDATA[Purchase Transaction ID is not empty or not null]]>
            </line>
            <line>
              <![CDATA[city accepted by API: London]]>
            </line>
          </reporter-output>
        </test-method> <!-- purchaseApi -->
        <test-method is-config="true" signature="tearDown(org.testng.ITestResult)[pri:0, instance:s2s.city@30ea8c23]" started-at="2025-12-31T11:06:22 IST" name="tearDown" finished-at="2025-12-31T11:06:25 IST" duration-ms="3028" status="PASS">
          <params>
            <param index="0">
              <value>
                <![CDATA[[TestResult name=purchaseApi status=SUCCESS method=city.purchaseApi(java.lang.String,java.lang.String,java.lang.String)[pri:0, instance:s2s.city@30ea8c23] output=Generated Random Double: 9.50]]]>
              </value>
            </param>
          </params>
          <reporter-output>
          </reporter-output>
        </test-method> <!-- tearDown -->
      </class> <!-- s2s.city -->
    </test> <!-- Default test -->
  </suite> <!-- Default suite -->
</testng-results>
