<?xml version="1.0" encoding="UTF-8"?>
<testng-results ignored="0" total="1" passed="1" failed="0" skipped="0">
  <reporter-output>
    <line>
      <![CDATA[User enter ID in Username field]]>
    </line>
    <line>
      <![CDATA[User Enter Password in password field]]>
    </line>
    <line>
      <![CDATA[Click on submit button in login page]]>
    </line>
    <line>
      <![CDATA[Generated Random Double: 30.31]]>
    </line>
    <line>
      <![CDATA[Generated First Name: johnc23]]>
    </line>
    <line>
      <![CDATA[Generated Email: nairobiPalermo3f032@gmail.com]]>
    </line>
    <line>
      <![CDATA[purchaseId is not null]]>
    </line>
    <line>
      <![CDATA[purchaseId is not empty]]>
    </line>
    <line>
      <![CDATA[purchaseId format is valid: 6960a6aa5a39512d38524d03]]>
    </line>
    <line>
      <![CDATA[purchaseId length is 24]]>
    </line>
    <line>
      <![CDATA[purchaseId validated successfully: 6960a6aa5a39512d38524d03]]>
    </line>
    <line>
      <![CDATA[Redirected URL: https://staging.paysecure.net/getResponse.jsp?issucces=true]]>
    </line>
    <line>
      <![CDATA[Payment Successfully]]>
    </line>
    <line>
      <![CDATA[ Opened staging environment in a new browser tab]]>
    </line>
    <line>
      <![CDATA[User enter ID in Username field]]>
    </line>
    <line>
      <![CDATA[User Enter Password in password field]]>
    </line>
    <line>
      <![CDATA[Click on submit button in login page]]>
    </line>
    <line>
      <![CDATA[ Entered Transaction ID: 6960a6aa5a39512d38524d03]]>
    </line>
    <line>
      <![CDATA[ Clicked on Search button]]>
    </line>
    <line>
      <![CDATA[UI transaction ID: 6960a6aa5a39512d38524d03]]>
    </line>
    <line>
      <![CDATA[API transaction ID: 6960a6aa5a39512d38524d03]]>
    </line>
    <line>
      <![CDATA[Transaction ID verified successfully]]>
    </line>
    <line>
      <![CDATA[UI Amount: 30.31]]>
    </line>
    <line>
      <![CDATA[API Amount: 30.31]]>
    </line>
    <line>
      <![CDATA[currency conversion not applied]]>
    </line>
    <line>
      <![CDATA[Amount verified successfully]]>
    </line>
    <line>
      <![CDATA[UI Currency: INR]]>
    </line>
    <line>
      <![CDATA[API Currency: INR]]>
    </line>
    <line>
      <![CDATA[Currency matched correctly]]>
    </line>
    <line>
      <![CDATA[Currency verified successfully]]>
    </line>
    <line>
      <![CDATA[ Clicked on first Transaction ID from list]]>
    </line>
    <line>
      <![CDATA[Purchase Transaction ID is not empty or not null]]>
    </line>
    <line>
      <![CDATA[UI Currency: INR]]>
    </line>
    <line>
      <![CDATA[Payment Info Currency: INR]]>
    </line>
    <line>
      <![CDATA[Currency on Payment Info verified successfully]]>
    </line>
    <line>
      <![CDATA[UI Amount: 30.31]]>
    </line>
    <line>
      <![CDATA[Payment Info Amount: 30.31]]>
    </line>
    <line>
      <![CDATA[Amount on Payment Info verified successfully]]>
    </line>
  </reporter-output>
  <suite started-at="2026-01-09T12:26:13 IST" name="Default suite" finished-at="2026-01-09T12:27:24 IST" duration-ms="71502">
    <groups>
    </groups>
    <test started-at="2026-01-09T12:26:13 IST" name="Default test" finished-at="2026-01-09T12:27:24 IST" duration-ms="71502">
      <class name="PspWithoutCards.easybuzzNetBanking">
        <test-method is-config="true" signature="loadConfig()[pri:0, instance:PspWithoutCards.easybuzzNetBanking@2cf92cc7]" started-at="2026-01-09T12:26:13 IST" name="loadConfig" finished-at="2026-01-09T12:26:13 IST" duration-ms="34" status="PASS">
          <reporter-output>
          </reporter-output>
        </test-method> <!-- loadConfig -->
        <test-method is-config="true" signature="setup()[pri:0, instance:PspWithoutCards.easybuzzNetBanking@2cf92cc7]" started-at="2026-01-09T12:26:13 IST" name="setup" finished-at="2026-01-09T12:26:25 IST" duration-ms="12788" status="PASS">
          <reporter-output>
          </reporter-output>
        </test-method> <!-- setup -->
        <test-method is-config="true" signature="beforeMethod()[pri:0, instance:PspWithoutCards.easybuzzNetBanking@2cf92cc7]" started-at="2026-01-09T12:26:26 IST" name="beforeMethod" finished-at="2026-01-09T12:26:37 IST" duration-ms="11628" status="PASS">
          <reporter-output>
            <line>
              <![CDATA[User enter ID in Username field]]>
            </line>
            <line>
              <![CDATA[User Enter Password in password field]]>
            </line>
            <line>
              <![CDATA[Click on submit button in login page]]>
            </line>
          </reporter-output>
        </test-method> <!-- beforeMethod -->
        <test-method signature="purchase()[pri:0, instance:PspWithoutCards.easybuzzNetBanking@2cf92cc7]" started-at="2026-01-09T12:26:37 IST" name="purchase" finished-at="2026-01-09T12:27:21 IST" duration-ms="43827" status="PASS">
          <reporter-output>
            <line>
              <![CDATA[Generated Random Double: 30.31]]>
            </line>
            <line>
              <![CDATA[Generated First Name: johnc23]]>
            </line>
            <line>
              <![CDATA[Generated Email: nairobiPalermo3f032@gmail.com]]>
            </line>
            <line>
              <![CDATA[purchaseId is not null]]>
            </line>
            <line>
              <![CDATA[purchaseId is not empty]]>
            </line>
            <line>
              <![CDATA[purchaseId format is valid: 6960a6aa5a39512d38524d03]]>
            </line>
            <line>
              <![CDATA[purchaseId length is 24]]>
            </line>
            <line>
              <![CDATA[purchaseId validated successfully: 6960a6aa5a39512d38524d03]]>
            </line>
            <line>
              <![CDATA[Redirected URL: https://staging.paysecure.net/getResponse.jsp?issucces=true]]>
            </line>
            <line>
              <![CDATA[Payment Successfully]]>
            </line>
            <line>
              <![CDATA[ Opened staging environment in a new browser tab]]>
            </line>
            <line>
              <![CDATA[User enter ID in Username field]]>
            </line>
            <line>
              <![CDATA[User Enter Password in password field]]>
            </line>
            <line>
              <![CDATA[Click on submit button in login page]]>
            </line>
            <line>
              <![CDATA[ Entered Transaction ID: 6960a6aa5a39512d38524d03]]>
            </line>
            <line>
              <![CDATA[ Clicked on Search button]]>
            </line>
            <line>
              <![CDATA[UI transaction ID: 6960a6aa5a39512d38524d03]]>
            </line>
            <line>
              <![CDATA[API transaction ID: 6960a6aa5a39512d38524d03]]>
            </line>
            <line>
              <![CDATA[Transaction ID verified successfully]]>
            </line>
            <line>
              <![CDATA[UI Amount: 30.31]]>
            </line>
            <line>
              <![CDATA[API Amount: 30.31]]>
            </line>
            <line>
              <![CDATA[currency conversion not applied]]>
            </line>
            <line>
              <![CDATA[Amount verified successfully]]>
            </line>
            <line>
              <![CDATA[UI Currency: INR]]>
            </line>
            <line>
              <![CDATA[API Currency: INR]]>
            </line>
            <line>
              <![CDATA[Currency matched correctly]]>
            </line>
            <line>
              <![CDATA[Currency verified successfully]]>
            </line>
            <line>
              <![CDATA[ Clicked on first Transaction ID from list]]>
            </line>
            <line>
              <![CDATA[Purchase Transaction ID is not empty or not null]]>
            </line>
            <line>
              <![CDATA[UI Currency: INR]]>
            </line>
            <line>
              <![CDATA[Payment Info Currency: INR]]>
            </line>
            <line>
              <![CDATA[Currency on Payment Info verified successfully]]>
            </line>
            <line>
              <![CDATA[UI Amount: 30.31]]>
            </line>
            <line>
              <![CDATA[Payment Info Amount: 30.31]]>
            </line>
            <line>
              <![CDATA[Amount on Payment Info verified successfully]]>
            </line>
          </reporter-output>
        </test-method> <!-- purchase -->
        <test-method is-config="true" signature="tearDown(org.testng.ITestResult)[pri:0, instance:PspWithoutCards.easybuzzNetBanking@2cf92cc7]" started-at="2026-01-09T12:27:21 IST" name="tearDown" finished-at="2026-01-09T12:27:24 IST" duration-ms="3014" status="PASS">
          <params>
            <param index="0">
              <value>
                <![CDATA[[TestResult name=purchase status=SUCCESS method=easybuzzNetBanking.purchase()[pri:0, instance:PspWithoutCards.easybuzzNetBanking@2cf92cc7] output=Generated Random Double: 30.31]]]>
              </value>
            </param>
          </params>
          <reporter-output>
          </reporter-output>
        </test-method> <!-- tearDown -->
      </class> <!-- PspWithoutCards.easybuzzNetBanking -->
    </test> <!-- Default test -->
  </suite> <!-- Default suite -->
</testng-results>
