<?xml version="1.0" encoding="UTF-8"?>
<testng-results ignored="0" total="2" passed="2" failed="0" skipped="0">
  <reporter-output>
    <line>
      <![CDATA[User enter ID in Username field]]>
    </line>
    <line>
      <![CDATA[User Enter Password in password field]]>
    </line>
    <line>
      <![CDATA[Click on submit button in login page]]>
    </line>
    <line>
      <![CDATA[StateCode test case will run for this PSPCardsIntegrations :- Easybuzz]]>
    </line>
    <line>
      <![CDATA[Generated Random Double: 76.33]]>
    </line>
    <line>
      <![CDATA[Generated First Name: john756]]>
    </line>
    <line>
      <![CDATA[Generated Email: nairobiPalermo167e2@gmail.com]]>
    </line>
    <line>
      <![CDATA[zipcode: SW1A 1AA → Status: 202]]>
    </line>
    <line>
      <![CDATA[Response Body: {
    "purchaseId": "695f602c320055a6bdd20345",
    "client": {
        "customerId": "NA",
        "email": "nairobipalermo167e2@gmail.com",
        "phone": "+1111111111",
        "full_name": "john756",
        "street_address": "Main gate",
        "country": "IN",
        "city": "Paris",
        "zip_code": "SW1A 1AA",
        "cc": [
            
        ],
        "bcc": [
            
        ],
        "stateCode": "QLD"
    },
    "updated_on": 1767858220,
    "type": "purchase",
    "paymentMethod": "MASTER",
    "amountUnit": "MAJOR",
    "errorMsg": "",
    "errorCode": "NA",
    "force_recurring": false,
    "created_on": 1767858220,
    "merchantRef": "695f602c320055a6bdd20345",
    "purchase": {
        "currency": "INR",
        "products": [
            {
                "name": "Cricket bat",
                "quantity": 1.0,
                "price": 76.33,
                "discount": 0,
                "tax_percent": "0.00"
            }
        ],
        "total": 76.33,
        "requestAmount": 76.33,
        "language": "en",
        "notes": "",
        "debt": 0,
        "total_formatted": 1.0,
        "taxAmount": 0.0,
        "taxPercent": 0.0,
        "request_client_details": [
            
        ],
        "email_message": ""
    },
    "issuer_details": {
        "website": "",
        "legal_street_address": "",
        "legal_country": "",
        "legal_city": "",
        "legal_zip_code": "",
        "bank_accounts": [
            {
                
            }
        ],
        "legal_name": "practice",
        "brand_name": "practice",
        "registration_number": "",
        "tax_number": ""
    },
    "transaction_data": {
        "payment_method": "",
        "flow": "payform",
        "extra": {
            
        },
        "country": "",
        "attempts": [
            
        ]
    },
    "status": "CREATED",
    "status_history": [
        {
            "status": "created",
            "timestamp": 1767858220
        }
    ],
    "is_test": false,
    "brand_id": "04199342-5d84-4e17-a53e-5c3d6b03ebd4",
    "send_receipt": false,
    "is_recurring_token": false,
    "skip_capture": false,
    "reference_generated": "PS5783",
    "issued": "2026-01-08",
    "due": 1767858220,
    "refund_upto": 0,
    "cc_descriptor": "",
    "fraudScore": "NA",
    "trustScore": "NA",
    "extraFee": "0",
    "paidOn": 0,
    "receivedAmt": 0.0,
    "taxAmount": 0.0,
    "surcharge": 0.0,
    "surchargeType": "",
    "sessionId": "",
    "refund_availability": "NONE",
    "refundable_amount": 0.0,
    "success_redirect": "https://staging.paysecure.net/getResponse.jsp?issucces=true",
    "failure_redirect": "https://staging.paysecure.net/getResponse.jsp?issucces=false",
    "cancel_redirect": "",
    "success_callback": "https://www.google.com/",
    "failure_callback": "https://staging.paysecure.net/merchant",
    "platform": "API",
    "created_from_ip": "103.80.161.238",
    "checkout_url": "https://test4.paymentsclub.net/payments/2005741e206862d871a069ca53828632/",
    "direct_post_url": "https://test4.paymentsclub.net/api/v1/p/695f602c320055a6bdd20345/",
    "payoutProcess": false
}]]>
    </line>
    <line>
      <![CDATA[zipcode accepted by API: SW1A 1AA]]>
    </line>
    <line>
      <![CDATA[API success -> proceeding with full flow]]>
    </line>
    <line>
      <![CDATA[Entered Card Holder Name: Virat Kohli]]>
    </line>
    <line>
      <![CDATA[Entered Card Number: 5553042241984105]]>
    </line>
    <line>
      <![CDATA[Entered Card Expiry Date: 07/28]]>
    </line>
    <line>
      <![CDATA[Entered Card CVV: 123]]>
    </line>
    <line>
      <![CDATA[Moved to the Pay button]]>
    </line>
    <line>
      <![CDATA[Clicked on the Pay button to proceed with payment]]>
    </line>
    <line>
      <![CDATA[Redirected URL: https://staging.paysecure.net/getResponse.jsp?issucces=true]]>
    </line>
    <line>
      <![CDATA[Pass → Payment succeeded as expected]]>
    </line>
    <line>
      <![CDATA[ Opened staging environment in a new browser tab]]>
    </line>
    <line>
      <![CDATA[User enter ID in Username field]]>
    </line>
    <line>
      <![CDATA[User Enter Password in password field]]>
    </line>
    <line>
      <![CDATA[Click on submit button in login page]]>
    </line>
    <line>
      <![CDATA[ Entered Transaction ID: 695f602c320055a6bdd20345]]>
    </line>
    <line>
      <![CDATA[ Clicked on Search button]]>
    </line>
    <line>
      <![CDATA[ Clicked on Search button]]>
    </line>
    <line>
      <![CDATA[ Clicked on first Transaction ID from list]]>
    </line>
    <line>
      <![CDATA[Purchase Transaction ID is not empty or not null]]>
    </line>
    <line>
      <![CDATA[User enter ID in Username field]]>
    </line>
    <line>
      <![CDATA[User Enter Password in password field]]>
    </line>
    <line>
      <![CDATA[Click on submit button in login page]]>
    </line>
    <line>
      <![CDATA[StateCode test case will run for this PSPCardsIntegrations :- Matrix]]>
    </line>
    <line>
      <![CDATA[Generated Random Double: 8.12]]>
    </line>
    <line>
      <![CDATA[Generated First Name: johnc7d]]>
    </line>
    <line>
      <![CDATA[Generated Email: nairobiPalermo25dac@gmail.com]]>
    </line>
    <line>
      <![CDATA[zipcode: SW1A 1AA → Status: 202]]>
    </line>
    <line>
      <![CDATA[Response Body: {
    "purchaseId": "695f609c320055a6bdd2064b",
    "client": {
        "customerId": "NA",
        "email": "nairobipalermo25dac@gmail.com",
        "phone": "+1111111111",
        "full_name": "johnc7d",
        "street_address": "Main gate",
        "country": "IN",
        "city": "Paris",
        "zip_code": "SW1A 1AA",
        "cc": [
            
        ],
        "bcc": [
            
        ],
        "stateCode": "QLD"
    },
    "updated_on": 1767858332,
    "type": "purchase",
    "paymentMethod": "VISA",
    "amountUnit": "MAJOR",
    "errorMsg": "",
    "errorCode": "NA",
    "force_recurring": false,
    "created_on": 1767858332,
    "merchantRef": "695f609c320055a6bdd2064b",
    "purchase": {
        "currency": "EUR",
        "products": [
            {
                "name": "Cricket bat",
                "quantity": 1.0,
                "price": 8.12,
                "discount": 0,
                "tax_percent": "0.00"
            }
        ],
        "total": 8.12,
        "requestAmount": 8.12,
        "language": "en",
        "notes": "",
        "debt": 0,
        "total_formatted": 1.0,
        "taxAmount": 0.0,
        "taxPercent": 0.0,
        "request_client_details": [
            
        ],
        "email_message": ""
    },
    "issuer_details": {
        "website": "",
        "legal_street_address": "",
        "legal_country": "",
        "legal_city": "",
        "legal_zip_code": "",
        "bank_accounts": [
            {
                
            }
        ],
        "legal_name": "practice",
        "brand_name": "practice",
        "registration_number": "",
        "tax_number": ""
    },
    "transaction_data": {
        "payment_method": "",
        "flow": "payform",
        "extra": {
            
        },
        "country": "",
        "attempts": [
            
        ]
    },
    "status": "CREATED",
    "status_history": [
        {
            "status": "created",
            "timestamp": 1767858332
        }
    ],
    "is_test": false,
    "brand_id": "04199342-5d84-4e17-a53e-5c3d6b03ebd4",
    "send_receipt": false,
    "is_recurring_token": false,
    "skip_capture": false,
    "reference_generated": "PS5784",
    "issued": "2026-01-08",
    "due": 1767858332,
    "refund_upto": 0,
    "cc_descriptor": "",
    "fraudScore": "NA",
    "trustScore": "NA",
    "extraFee": "0",
    "paidOn": 0,
    "receivedAmt": 0.0,
    "taxAmount": 0.0,
    "surcharge": 0.0,
    "surchargeType": "",
    "sessionId": "",
    "refund_availability": "NONE",
    "refundable_amount": 0.0,
    "success_redirect": "https://staging.paysecure.net/getResponse.jsp?issucces=true",
    "failure_redirect": "https://staging.paysecure.net/getResponse.jsp?issucces=false",
    "cancel_redirect": "",
    "success_callback": "https://www.google.com/",
    "failure_callback": "https://staging.paysecure.net/merchant",
    "platform": "API",
    "created_from_ip": "103.80.161.238",
    "checkout_url": "https://test4.paymentsclub.net/payments/1bdb4067194a92c72d5da772fea59182/",
    "direct_post_url": "https://test4.paymentsclub.net/api/v1/p/695f609c320055a6bdd2064b/",
    "payoutProcess": false
}]]>
    </line>
    <line>
      <![CDATA[zipcode accepted by API: SW1A 1AA]]>
    </line>
    <line>
      <![CDATA[API success -> proceeding with full flow]]>
    </line>
    <line>
      <![CDATA[Entered Card Holder Name: Rohitman Sharma]]>
    </line>
    <line>
      <![CDATA[Entered Card Number: 4012888888881881]]>
    </line>
    <line>
      <![CDATA[Entered Card Expiry Date: 10/27]]>
    </line>
    <line>
      <![CDATA[Entered Card CVV: 000]]>
    </line>
    <line>
      <![CDATA[Moved to the Pay button]]>
    </line>
    <line>
      <![CDATA[Clicked on the Pay button to proceed with payment]]>
    </line>
    <line>
      <![CDATA[Redirected URL: https://staging.paysecure.net/getResponse.jsp?issucces=true]]>
    </line>
    <line>
      <![CDATA[Pass → Payment succeeded as expected]]>
    </line>
    <line>
      <![CDATA[ Opened staging environment in a new browser tab]]>
    </line>
    <line>
      <![CDATA[User enter ID in Username field]]>
    </line>
    <line>
      <![CDATA[User Enter Password in password field]]>
    </line>
    <line>
      <![CDATA[Click on submit button in login page]]>
    </line>
    <line>
      <![CDATA[ Entered Transaction ID: 695f609c320055a6bdd2064b]]>
    </line>
    <line>
      <![CDATA[ Clicked on Search button]]>
    </line>
    <line>
      <![CDATA[ Clicked on Search button]]>
    </line>
    <line>
      <![CDATA[ Clicked on first Transaction ID from list]]>
    </line>
    <line>
      <![CDATA[Purchase Transaction ID is not empty or not null]]>
    </line>
  </reporter-output>
  <suite started-at="2026-01-08T13:13:17 IST" name="Default suite" finished-at="2026-01-08T13:16:48 IST" duration-ms="211015">
    <groups>
    </groups>
    <test started-at="2026-01-08T13:13:17 IST" name="Default test" finished-at="2026-01-08T13:16:48 IST" duration-ms="211015">
      <class name="purchase.zipcode">
        <test-method is-config="true" signature="loadConfig()[pri:0, instance:purchase.zipcode@2cf92cc7]" started-at="2026-01-08T13:13:17 IST" name="loadConfig" finished-at="2026-01-08T13:13:17 IST" duration-ms="28" status="PASS">
          <reporter-output>
          </reporter-output>
        </test-method> <!-- loadConfig -->
        <test-method is-config="true" signature="setup()[pri:0, instance:purchase.zipcode@2cf92cc7]" started-at="2026-01-08T13:13:18 IST" name="setup" finished-at="2026-01-08T13:13:31 IST" duration-ms="12317" status="PASS">
          <reporter-output>
          </reporter-output>
        </test-method> <!-- setup -->
        <test-method is-config="true" signature="beforeMethod()[pri:0, instance:purchase.zipcode@2cf92cc7]" started-at="2026-01-08T13:13:31 IST" name="beforeMethod" finished-at="2026-01-08T13:13:35 IST" duration-ms="4178" status="PASS">
          <reporter-output>
            <line>
              <![CDATA[User enter ID in Username field]]>
            </line>
            <line>
              <![CDATA[User Enter Password in password field]]>
            </line>
            <line>
              <![CDATA[Click on submit button in login page]]>
            </line>
          </reporter-output>
        </test-method> <!-- beforeMethod -->
        <test-method signature="validationForZipcodeField(java.util.Map,java.util.Map)[pri:0, instance:purchase.zipcode@2cf92cc7]" started-at="2026-01-08T13:13:35 IST" name="validationForZipcodeField" data-provider="ZipCodeProvider" finished-at="2026-01-08T13:15:04 IST" duration-ms="89104" status="PASS">
          <params>
            <param index="0">
              <value>
                <![CDATA[{Status=Pass, TestData=SW1A 1AA, RunFlag=TRUE}]]>
              </value>
            </param>
            <param index="1">
              <value>
                <![CDATA[{CardholderName=Virat Kohli, CardNumber=5553042241984105, CVV=123, RunFlag=TRUE, Currency=INR, PaymentMethod=MASTER, PSP=Easybuzz, Expiry=07/28}]]>
              </value>
            </param>
          </params>
          <reporter-output>
            <line>
              <![CDATA[StateCode test case will run for this PSPCardsIntegrations :- Easybuzz]]>
            </line>
            <line>
              <![CDATA[Generated Random Double: 76.33]]>
            </line>
            <line>
              <![CDATA[Generated First Name: john756]]>
            </line>
            <line>
              <![CDATA[Generated Email: nairobiPalermo167e2@gmail.com]]>
            </line>
            <line>
              <![CDATA[zipcode: SW1A 1AA → Status: 202]]>
            </line>
            <line>
              <![CDATA[Response Body: {
    "purchaseId": "695f602c320055a6bdd20345",
    "client": {
        "customerId": "NA",
        "email": "nairobipalermo167e2@gmail.com",
        "phone": "+1111111111",
        "full_name": "john756",
        "street_address": "Main gate",
        "country": "IN",
        "city": "Paris",
        "zip_code": "SW1A 1AA",
        "cc": [
            
        ],
        "bcc": [
            
        ],
        "stateCode": "QLD"
    },
    "updated_on": 1767858220,
    "type": "purchase",
    "paymentMethod": "MASTER",
    "amountUnit": "MAJOR",
    "errorMsg": "",
    "errorCode": "NA",
    "force_recurring": false,
    "created_on": 1767858220,
    "merchantRef": "695f602c320055a6bdd20345",
    "purchase": {
        "currency": "INR",
        "products": [
            {
                "name": "Cricket bat",
                "quantity": 1.0,
                "price": 76.33,
                "discount": 0,
                "tax_percent": "0.00"
            }
        ],
        "total": 76.33,
        "requestAmount": 76.33,
        "language": "en",
        "notes": "",
        "debt": 0,
        "total_formatted": 1.0,
        "taxAmount": 0.0,
        "taxPercent": 0.0,
        "request_client_details": [
            
        ],
        "email_message": ""
    },
    "issuer_details": {
        "website": "",
        "legal_street_address": "",
        "legal_country": "",
        "legal_city": "",
        "legal_zip_code": "",
        "bank_accounts": [
            {
                
            }
        ],
        "legal_name": "practice",
        "brand_name": "practice",
        "registration_number": "",
        "tax_number": ""
    },
    "transaction_data": {
        "payment_method": "",
        "flow": "payform",
        "extra": {
            
        },
        "country": "",
        "attempts": [
            
        ]
    },
    "status": "CREATED",
    "status_history": [
        {
            "status": "created",
            "timestamp": 1767858220
        }
    ],
    "is_test": false,
    "brand_id": "04199342-5d84-4e17-a53e-5c3d6b03ebd4",
    "send_receipt": false,
    "is_recurring_token": false,
    "skip_capture": false,
    "reference_generated": "PS5783",
    "issued": "2026-01-08",
    "due": 1767858220,
    "refund_upto": 0,
    "cc_descriptor": "",
    "fraudScore": "NA",
    "trustScore": "NA",
    "extraFee": "0",
    "paidOn": 0,
    "receivedAmt": 0.0,
    "taxAmount": 0.0,
    "surcharge": 0.0,
    "surchargeType": "",
    "sessionId": "",
    "refund_availability": "NONE",
    "refundable_amount": 0.0,
    "success_redirect": "https://staging.paysecure.net/getResponse.jsp?issucces=true",
    "failure_redirect": "https://staging.paysecure.net/getResponse.jsp?issucces=false",
    "cancel_redirect": "",
    "success_callback": "https://www.google.com/",
    "failure_callback": "https://staging.paysecure.net/merchant",
    "platform": "API",
    "created_from_ip": "103.80.161.238",
    "checkout_url": "https://test4.paymentsclub.net/payments/2005741e206862d871a069ca53828632/",
    "direct_post_url": "https://test4.paymentsclub.net/api/v1/p/695f602c320055a6bdd20345/",
    "payoutProcess": false
}]]>
            </line>
            <line>
              <![CDATA[zipcode accepted by API: SW1A 1AA]]>
            </line>
            <line>
              <![CDATA[API success -> proceeding with full flow]]>
            </line>
            <line>
              <![CDATA[Entered Card Holder Name: Virat Kohli]]>
            </line>
            <line>
              <![CDATA[Entered Card Number: 5553042241984105]]>
            </line>
            <line>
              <![CDATA[Entered Card Expiry Date: 07/28]]>
            </line>
            <line>
              <![CDATA[Entered Card CVV: 123]]>
            </line>
            <line>
              <![CDATA[Moved to the Pay button]]>
            </line>
            <line>
              <![CDATA[Clicked on the Pay button to proceed with payment]]>
            </line>
            <line>
              <![CDATA[Redirected URL: https://staging.paysecure.net/getResponse.jsp?issucces=true]]>
            </line>
            <line>
              <![CDATA[Pass → Payment succeeded as expected]]>
            </line>
            <line>
              <![CDATA[ Opened staging environment in a new browser tab]]>
            </line>
            <line>
              <![CDATA[User enter ID in Username field]]>
            </line>
            <line>
              <![CDATA[User Enter Password in password field]]>
            </line>
            <line>
              <![CDATA[Click on submit button in login page]]>
            </line>
            <line>
              <![CDATA[ Entered Transaction ID: 695f602c320055a6bdd20345]]>
            </line>
            <line>
              <![CDATA[ Clicked on Search button]]>
            </line>
            <line>
              <![CDATA[ Clicked on Search button]]>
            </line>
            <line>
              <![CDATA[ Clicked on first Transaction ID from list]]>
            </line>
            <line>
              <![CDATA[Purchase Transaction ID is not empty or not null]]>
            </line>
          </reporter-output>
        </test-method> <!-- validationForZipcodeField -->
        <test-method is-config="true" signature="tearDown(org.testng.ITestResult)[pri:0, instance:purchase.zipcode@2cf92cc7]" started-at="2026-01-08T13:15:04 IST" name="tearDown" finished-at="2026-01-08T13:15:07 IST" duration-ms="3005" status="PASS">
          <params>
            <param index="0">
              <value>
                <![CDATA[[TestResult name=validationForZipcodeField status=SUCCESS method=zipcode.validationForZipcodeField(java.util.Map,java.util.Map)[pri:0, instance:purchase.zipcode@2cf92cc7] output=StateCode test case will run for this PSPCardsIntegrations :- Easybuzz]]]>
              </value>
            </param>
          </params>
          <reporter-output>
          </reporter-output>
        </test-method> <!-- tearDown -->
        <test-method is-config="true" signature="setup()[pri:0, instance:purchase.zipcode@2cf92cc7]" started-at="2026-01-08T13:15:07 IST" name="setup" finished-at="2026-01-08T13:15:18 IST" duration-ms="10281" status="PASS">
          <reporter-output>
          </reporter-output>
        </test-method> <!-- setup -->
        <test-method is-config="true" signature="beforeMethod()[pri:0, instance:purchase.zipcode@2cf92cc7]" started-at="2026-01-08T13:15:18 IST" name="beforeMethod" finished-at="2026-01-08T13:15:30 IST" duration-ms="12874" status="PASS">
          <reporter-output>
            <line>
              <![CDATA[User enter ID in Username field]]>
            </line>
            <line>
              <![CDATA[User Enter Password in password field]]>
            </line>
            <line>
              <![CDATA[Click on submit button in login page]]>
            </line>
          </reporter-output>
        </test-method> <!-- beforeMethod -->
        <test-method signature="validationForZipcodeField(java.util.Map,java.util.Map)[pri:0, instance:purchase.zipcode@2cf92cc7]" started-at="2026-01-08T13:15:30 IST" name="validationForZipcodeField" data-provider="ZipCodeProvider" finished-at="2026-01-08T13:16:45 IST" duration-ms="74276" status="PASS">
          <params>
            <param index="0">
              <value>
                <![CDATA[{Status=Pass, TestData=SW1A 1AA, RunFlag=TRUE}]]>
              </value>
            </param>
            <param index="1">
              <value>
                <![CDATA[{CardholderName=Rohitman Sharma, CardNumber=4012888888881881, CVV=000, RunFlag=TRUE, Currency=EUR, PaymentMethod=VISA, PSP=Matrix, Expiry=10/27}]]>
              </value>
            </param>
          </params>
          <reporter-output>
            <line>
              <![CDATA[StateCode test case will run for this PSPCardsIntegrations :- Matrix]]>
            </line>
            <line>
              <![CDATA[Generated Random Double: 8.12]]>
            </line>
            <line>
              <![CDATA[Generated First Name: johnc7d]]>
            </line>
            <line>
              <![CDATA[Generated Email: nairobiPalermo25dac@gmail.com]]>
            </line>
            <line>
              <![CDATA[zipcode: SW1A 1AA → Status: 202]]>
            </line>
            <line>
              <![CDATA[Response Body: {
    "purchaseId": "695f609c320055a6bdd2064b",
    "client": {
        "customerId": "NA",
        "email": "nairobipalermo25dac@gmail.com",
        "phone": "+1111111111",
        "full_name": "johnc7d",
        "street_address": "Main gate",
        "country": "IN",
        "city": "Paris",
        "zip_code": "SW1A 1AA",
        "cc": [
            
        ],
        "bcc": [
            
        ],
        "stateCode": "QLD"
    },
    "updated_on": 1767858332,
    "type": "purchase",
    "paymentMethod": "VISA",
    "amountUnit": "MAJOR",
    "errorMsg": "",
    "errorCode": "NA",
    "force_recurring": false,
    "created_on": 1767858332,
    "merchantRef": "695f609c320055a6bdd2064b",
    "purchase": {
        "currency": "EUR",
        "products": [
            {
                "name": "Cricket bat",
                "quantity": 1.0,
                "price": 8.12,
                "discount": 0,
                "tax_percent": "0.00"
            }
        ],
        "total": 8.12,
        "requestAmount": 8.12,
        "language": "en",
        "notes": "",
        "debt": 0,
        "total_formatted": 1.0,
        "taxAmount": 0.0,
        "taxPercent": 0.0,
        "request_client_details": [
            
        ],
        "email_message": ""
    },
    "issuer_details": {
        "website": "",
        "legal_street_address": "",
        "legal_country": "",
        "legal_city": "",
        "legal_zip_code": "",
        "bank_accounts": [
            {
                
            }
        ],
        "legal_name": "practice",
        "brand_name": "practice",
        "registration_number": "",
        "tax_number": ""
    },
    "transaction_data": {
        "payment_method": "",
        "flow": "payform",
        "extra": {
            
        },
        "country": "",
        "attempts": [
            
        ]
    },
    "status": "CREATED",
    "status_history": [
        {
            "status": "created",
            "timestamp": 1767858332
        }
    ],
    "is_test": false,
    "brand_id": "04199342-5d84-4e17-a53e-5c3d6b03ebd4",
    "send_receipt": false,
    "is_recurring_token": false,
    "skip_capture": false,
    "reference_generated": "PS5784",
    "issued": "2026-01-08",
    "due": 1767858332,
    "refund_upto": 0,
    "cc_descriptor": "",
    "fraudScore": "NA",
    "trustScore": "NA",
    "extraFee": "0",
    "paidOn": 0,
    "receivedAmt": 0.0,
    "taxAmount": 0.0,
    "surcharge": 0.0,
    "surchargeType": "",
    "sessionId": "",
    "refund_availability": "NONE",
    "refundable_amount": 0.0,
    "success_redirect": "https://staging.paysecure.net/getResponse.jsp?issucces=true",
    "failure_redirect": "https://staging.paysecure.net/getResponse.jsp?issucces=false",
    "cancel_redirect": "",
    "success_callback": "https://www.google.com/",
    "failure_callback": "https://staging.paysecure.net/merchant",
    "platform": "API",
    "created_from_ip": "103.80.161.238",
    "checkout_url": "https://test4.paymentsclub.net/payments/1bdb4067194a92c72d5da772fea59182/",
    "direct_post_url": "https://test4.paymentsclub.net/api/v1/p/695f609c320055a6bdd2064b/",
    "payoutProcess": false
}]]>
            </line>
            <line>
              <![CDATA[zipcode accepted by API: SW1A 1AA]]>
            </line>
            <line>
              <![CDATA[API success -> proceeding with full flow]]>
            </line>
            <line>
              <![CDATA[Entered Card Holder Name: Rohitman Sharma]]>
            </line>
            <line>
              <![CDATA[Entered Card Number: 4012888888881881]]>
            </line>
            <line>
              <![CDATA[Entered Card Expiry Date: 10/27]]>
            </line>
            <line>
              <![CDATA[Entered Card CVV: 000]]>
            </line>
            <line>
              <![CDATA[Moved to the Pay button]]>
            </line>
            <line>
              <![CDATA[Clicked on the Pay button to proceed with payment]]>
            </line>
            <line>
              <![CDATA[Redirected URL: https://staging.paysecure.net/getResponse.jsp?issucces=true]]>
            </line>
            <line>
              <![CDATA[Pass → Payment succeeded as expected]]>
            </line>
            <line>
              <![CDATA[ Opened staging environment in a new browser tab]]>
            </line>
            <line>
              <![CDATA[User enter ID in Username field]]>
            </line>
            <line>
              <![CDATA[User Enter Password in password field]]>
            </line>
            <line>
              <![CDATA[Click on submit button in login page]]>
            </line>
            <line>
              <![CDATA[ Entered Transaction ID: 695f609c320055a6bdd2064b]]>
            </line>
            <line>
              <![CDATA[ Clicked on Search button]]>
            </line>
            <line>
              <![CDATA[ Clicked on Search button]]>
            </line>
            <line>
              <![CDATA[ Clicked on first Transaction ID from list]]>
            </line>
            <line>
              <![CDATA[Purchase Transaction ID is not empty or not null]]>
            </line>
          </reporter-output>
        </test-method> <!-- validationForZipcodeField -->
        <test-method is-config="true" signature="tearDown(org.testng.ITestResult)[pri:0, instance:purchase.zipcode@2cf92cc7]" started-at="2026-01-08T13:16:45 IST" name="tearDown" finished-at="2026-01-08T13:16:48 IST" duration-ms="3009" status="PASS">
          <params>
            <param index="0">
              <value>
                <![CDATA[[TestResult name=validationForZipcodeField status=SUCCESS method=zipcode.validationForZipcodeField(java.util.Map,java.util.Map)[pri:0, instance:purchase.zipcode@2cf92cc7] output=StateCode test case will run for this PSPCardsIntegrations :- Matrix]]]>
              </value>
            </param>
          </params>
          <reporter-output>
          </reporter-output>
        </test-method> <!-- tearDown -->
      </class> <!-- purchase.zipcode -->
    </test> <!-- Default test -->
  </suite> <!-- Default suite -->
</testng-results>
