<?xml version="1.0" encoding="UTF-8"?>
<testng-results ignored="0" total="11" passed="11" failed="0" skipped="0">
  <reporter-output>
    <line>
      <![CDATA[User enter ID in Username field]]>
    </line>
    <line>
      <![CDATA[User Enter Password in password field]]>
    </line>
    <line>
      <![CDATA[Click on submit button in login page]]>
    </line>
    <line>
      <![CDATA[Email test case will run for this PSP :- Matrix]]>
    </line>
    <line>
      <![CDATA[Email test case will run for this runflag:- Master4105]]>
    </line>
    <line>
      <![CDATA[Generated Random Double: 13.63]]>
    </line>
    <line>
      <![CDATA[Generated First Name: john171]]>
    </line>
    <line>
      <![CDATA[emailId: suhas@ → Status: 400]]>
    </line>
    <line>
      <![CDATA[Response Body: {
    "message": "Invalid Email Format",
    "code": "transaction_error"
}]]>
    </line>
    <line>
      <![CDATA[Email rejected by API: suhas@]]>
    </line>
    <line>
      <![CDATA[PASS → Email rejected correctlysuhas@]]>
    </line>
    <line>
      <![CDATA[User enter ID in Username field]]>
    </line>
    <line>
      <![CDATA[User Enter Password in password field]]>
    </line>
    <line>
      <![CDATA[Click on submit button in login page]]>
    </line>
    <line>
      <![CDATA[Email test case will run for this PSP :- Matrix]]>
    </line>
    <line>
      <![CDATA[Email test case will run for this runflag:- Master4105]]>
    </line>
    <line>
      <![CDATA[Generated Random Double: 9.08]]>
    </line>
    <line>
      <![CDATA[Generated First Name: john044]]>
    </line>
    <line>
      <![CDATA[emailId: suhas.patil@gmail.com → Status: 202]]>
    </line>
    <line>
      <![CDATA[Response Body: {
    "purchaseId": "694bb0e3197becacc1a08026",
    "client": {
        "customerId": "NA",
        "email": "suhas.patil@gmail.com",
        "phone": "+1111111111",
        "full_name": "john044",
        "street_address": "Main gate",
        "country": "IN",
        "city": "Paris",
        "zip_code": "20001",
        "cc": [
            
        ],
        "bcc": [
            
        ],
        "stateCode": "QLD"
    },
    "updated_on": 1766568163,
    "type": "purchase",
    "paymentMethod": "MASTER",
    "amountUnit": "MAJOR",
    "errorMsg": "",
    "errorCode": "NA",
    "savedCardUsed": "NO",
    "redirectType": "POST",
    "force_recurring": false,
    "created_on": 1766568163,
    "merchantRef": "694bb0e3197becacc1a08026",
    "merchantName": "suhasM",
    "merchantType": "MERCHANT",
    "purchase": {
        "currency": "INR",
        "products": [
            {
                "name": "Cricket bat",
                "quantity": 1.0,
                "price": 9.08,
                "discount": 0,
                "tax_percent": "0.00"
            }
        ],
        "total": 9.08,
        "requestAmount": 9.08,
        "language": "en",
        "notes": "",
        "debt": 0,
        "total_formatted": 1.0,
        "taxAmount": 0.0,
        "taxPercent": 0.0,
        "request_client_details": [
            
        ],
        "email_message": ""
    },
    "issuer_details": {
        "website": "",
        "legal_street_address": "",
        "legal_country": "",
        "legal_city": "",
        "legal_zip_code": "",
        "bank_accounts": [
            {
                
            }
        ],
        "legal_name": "practice",
        "brand_name": "practice",
        "registration_number": "",
        "tax_number": ""
    },
    "transaction_data": {
        "payment_method": "",
        "flow": "payform",
        "extra": {
            
        },
        "country": "",
        "attempts": [
            
        ]
    },
    "status": "CREATED",
    "status_history": [
        {
            "status": "created",
            "timestamp": 1766568163
        }
    ],
    "is_test": false,
    "brand_id": "04199342-5d84-4e17-a53e-5c3d6b03ebd4",
    "send_receipt": false,
    "is_recurring_token": false,
    "skip_capture": false,
    "reference_generated": "PS5422",
    "issued": "2025-12-24",
    "due": 1766568163,
    "refund_upto": 0,
    "cc_descriptor": "",
    "fraudScore": "NA",
    "trustScore": "NA",
    "extraFee": "0",
    "paidOn": 0,
    "receivedAmt": 0.0,
    "taxAmount": 0.0,
    "surcharge": 0.0,
    "surchargeType": "",
    "sessionId": "",
    "refund_availability": "NONE",
    "refundable_amount": 0.0,
    "success_redirect": "https://staging.paysecure.net/getResponse.jsp?issucces=true",
    "failure_redirect": "https://staging.paysecure.net/getResponse.jsp?issucces=false",
    "cancel_redirect": "",
    "success_callback": "https://www.google.com/",
    "failure_callback": "https://staging.paysecure.net/merchant",
    "platform": "API",
    "created_from_ip": "103.80.161.238",
    "checkout_url": "https://test4.paymentsclub.net/payments/88e94320a4744d3f51596a3809040cb1/",
    "direct_post_url": "https://test4.paymentsclub.net/api/v1/p/694bb0e3197becacc1a08026/",
    "payoutProcess": false
}]]>
    </line>
    <line>
      <![CDATA[Email accepted by API: suhas.patil@gmail.com]]>
    </line>
    <line>
      <![CDATA[API success → proceeding with full flow]]>
    </line>
    <line>
      <![CDATA[Entered Card Holder Name: Virat Kohli]]>
    </line>
    <line>
      <![CDATA[Entered Card Number: 5553042241984105]]>
    </line>
    <line>
      <![CDATA[Entered Card Expiry Date: 07/28]]>
    </line>
    <line>
      <![CDATA[Entered Card CVC: 123]]>
    </line>
    <line>
      <![CDATA[Moved to the Pay button]]>
    </line>
    <line>
      <![CDATA[Clicked on the Pay button to proceed with payment]]>
    </line>
    <line>
      <![CDATA[Redirected URL: https://staging.paysecure.net/getResponse.jsp?issucces=true]]>
    </line>
    <line>
      <![CDATA[Payment Successfully]]>
    </line>
    <line>
      <![CDATA[ Opened staging environment in a new browser tab]]>
    </line>
    <line>
      <![CDATA[User enter ID in Username field]]>
    </line>
    <line>
      <![CDATA[User Enter Password in password field]]>
    </line>
    <line>
      <![CDATA[Click on submit button in login page]]>
    </line>
    <line>
      <![CDATA[ Entered Transaction ID: 694bb0e3197becacc1a08026]]>
    </line>
    <line>
      <![CDATA[ Clicked on Search button]]>
    </line>
    <line>
      <![CDATA[ Clicked on Search button]]>
    </line>
    <line>
      <![CDATA[ Clicked on first Transaction ID from list]]>
    </line>
    <line>
      <![CDATA[Purchase Transaction ID is not empty or not null]]>
    </line>
    <line>
      <![CDATA[User enter ID in Username field]]>
    </line>
    <line>
      <![CDATA[User Enter Password in password field]]>
    </line>
    <line>
      <![CDATA[Click on submit button in login page]]>
    </line>
    <line>
      <![CDATA[Email test case will run for this PSP :- Matrix]]>
    </line>
    <line>
      <![CDATA[Email test case will run for this runflag:- Master4105]]>
    </line>
    <line>
      <![CDATA[Generated Random Double: 1.04]]>
    </line>
    <line>
      <![CDATA[Generated First Name: john8df]]>
    </line>
    <line>
      <![CDATA[emailId: gaurav.singh@paysecure.dev → Status: 202]]>
    </line>
    <line>
      <![CDATA[Response Body: {
    "purchaseId": "694bb143197becacc1a08309",
    "client": {
        "customerId": "NA",
        "email": "gaurav.singh@paysecure.dev",
        "phone": "+1111111111",
        "full_name": "john8df",
        "street_address": "Main gate",
        "country": "IN",
        "city": "Paris",
        "zip_code": "20001",
        "cc": [
            
        ],
        "bcc": [
            
        ],
        "stateCode": "QLD"
    },
    "updated_on": 1766568259,
    "type": "purchase",
    "paymentMethod": "MASTER",
    "amountUnit": "MAJOR",
    "errorMsg": "",
    "errorCode": "NA",
    "savedCardUsed": "NO",
    "redirectType": "POST",
    "force_recurring": false,
    "created_on": 1766568259,
    "merchantRef": "694bb143197becacc1a08309",
    "merchantName": "suhasM",
    "merchantType": "MERCHANT",
    "purchase": {
        "currency": "INR",
        "products": [
            {
                "name": "Cricket bat",
                "quantity": 1.0,
                "price": 1.04,
                "discount": 0,
                "tax_percent": "0.00"
            }
        ],
        "total": 1.04,
        "requestAmount": 1.04,
        "language": "en",
        "notes": "",
        "debt": 0,
        "total_formatted": 1.0,
        "taxAmount": 0.0,
        "taxPercent": 0.0,
        "request_client_details": [
            
        ],
        "email_message": ""
    },
    "issuer_details": {
        "website": "",
        "legal_street_address": "",
        "legal_country": "",
        "legal_city": "",
        "legal_zip_code": "",
        "bank_accounts": [
            {
                
            }
        ],
        "legal_name": "practice",
        "brand_name": "practice",
        "registration_number": "",
        "tax_number": ""
    },
    "transaction_data": {
        "payment_method": "",
        "flow": "payform",
        "extra": {
            
        },
        "country": "",
        "attempts": [
            
        ]
    },
    "status": "CREATED",
    "status_history": [
        {
            "status": "created",
            "timestamp": 1766568259
        }
    ],
    "is_test": false,
    "brand_id": "04199342-5d84-4e17-a53e-5c3d6b03ebd4",
    "send_receipt": false,
    "is_recurring_token": false,
    "skip_capture": false,
    "reference_generated": "PS5423",
    "issued": "2025-12-24",
    "due": 1766568259,
    "refund_upto": 0,
    "cc_descriptor": "",
    "fraudScore": "NA",
    "trustScore": "NA",
    "extraFee": "0",
    "paidOn": 0,
    "receivedAmt": 0.0,
    "taxAmount": 0.0,
    "surcharge": 0.0,
    "surchargeType": "",
    "sessionId": "",
    "refund_availability": "NONE",
    "refundable_amount": 0.0,
    "success_redirect": "https://staging.paysecure.net/getResponse.jsp?issucces=true",
    "failure_redirect": "https://staging.paysecure.net/getResponse.jsp?issucces=false",
    "cancel_redirect": "",
    "success_callback": "https://www.google.com/",
    "failure_callback": "https://staging.paysecure.net/merchant",
    "platform": "API",
    "created_from_ip": "103.80.161.238",
    "checkout_url": "https://test4.paymentsclub.net/payments/533756c21edaae782722c25be550222d/",
    "direct_post_url": "https://test4.paymentsclub.net/api/v1/p/694bb143197becacc1a08309/",
    "payoutProcess": false
}]]>
    </line>
    <line>
      <![CDATA[Email accepted by API: gaurav.singh@paysecure.dev]]>
    </line>
    <line>
      <![CDATA[API success → proceeding with full flow]]>
    </line>
    <line>
      <![CDATA[Entered Card Holder Name: Virat Kohli]]>
    </line>
    <line>
      <![CDATA[Entered Card Number: 5553042241984105]]>
    </line>
    <line>
      <![CDATA[Entered Card Expiry Date: 07/28]]>
    </line>
    <line>
      <![CDATA[Entered Card CVC: 123]]>
    </line>
    <line>
      <![CDATA[Moved to the Pay button]]>
    </line>
    <line>
      <![CDATA[Clicked on the Pay button to proceed with payment]]>
    </line>
    <line>
      <![CDATA[Redirected URL: https://staging.paysecure.net/getResponse.jsp?issucces=true]]>
    </line>
    <line>
      <![CDATA[Payment Successfully]]>
    </line>
    <line>
      <![CDATA[ Opened staging environment in a new browser tab]]>
    </line>
    <line>
      <![CDATA[User enter ID in Username field]]>
    </line>
    <line>
      <![CDATA[User Enter Password in password field]]>
    </line>
    <line>
      <![CDATA[Click on submit button in login page]]>
    </line>
    <line>
      <![CDATA[ Entered Transaction ID: 694bb143197becacc1a08309]]>
    </line>
    <line>
      <![CDATA[ Clicked on Search button]]>
    </line>
    <line>
      <![CDATA[ Clicked on Search button]]>
    </line>
    <line>
      <![CDATA[ Clicked on first Transaction ID from list]]>
    </line>
    <line>
      <![CDATA[Purchase Transaction ID is not empty or not null]]>
    </line>
    <line>
      <![CDATA[User enter ID in Username field]]>
    </line>
    <line>
      <![CDATA[User Enter Password in password field]]>
    </line>
    <line>
      <![CDATA[Click on submit button in login page]]>
    </line>
    <line>
      <![CDATA[Email test case will run for this PSP :- Matrix]]>
    </line>
    <line>
      <![CDATA[Email test case will run for this runflag:- Master4105]]>
    </line>
    <line>
      <![CDATA[Generated Random Double: 51.44]]>
    </line>
    <line>
      <![CDATA[Generated First Name: john8f8]]>
    </line>
    <line>
      <![CDATA[emailId: hello@brand.io → Status: 202]]>
    </line>
    <line>
      <![CDATA[Response Body: {
    "purchaseId": "694bb1a3197becacc1a085e8",
    "client": {
        "customerId": "NA",
        "email": "hello@brand.io",
        "phone": "+1111111111",
        "full_name": "john8f8",
        "street_address": "Main gate",
        "country": "IN",
        "city": "Paris",
        "zip_code": "20001",
        "cc": [
            
        ],
        "bcc": [
            
        ],
        "stateCode": "QLD"
    },
    "updated_on": 1766568355,
    "type": "purchase",
    "paymentMethod": "MASTER",
    "amountUnit": "MAJOR",
    "errorMsg": "",
    "errorCode": "NA",
    "savedCardUsed": "NO",
    "redirectType": "POST",
    "force_recurring": false,
    "created_on": 1766568355,
    "merchantRef": "694bb1a3197becacc1a085e8",
    "merchantName": "suhasM",
    "merchantType": "MERCHANT",
    "purchase": {
        "currency": "INR",
        "products": [
            {
                "name": "Cricket bat",
                "quantity": 1.0,
                "price": 51.44,
                "discount": 0,
                "tax_percent": "0.00"
            }
        ],
        "total": 51.44,
        "requestAmount": 51.44,
        "language": "en",
        "notes": "",
        "debt": 0,
        "total_formatted": 1.0,
        "taxAmount": 0.0,
        "taxPercent": 0.0,
        "request_client_details": [
            
        ],
        "email_message": ""
    },
    "issuer_details": {
        "website": "",
        "legal_street_address": "",
        "legal_country": "",
        "legal_city": "",
        "legal_zip_code": "",
        "bank_accounts": [
            {
                
            }
        ],
        "legal_name": "practice",
        "brand_name": "practice",
        "registration_number": "",
        "tax_number": ""
    },
    "transaction_data": {
        "payment_method": "",
        "flow": "payform",
        "extra": {
            
        },
        "country": "",
        "attempts": [
            
        ]
    },
    "status": "CREATED",
    "status_history": [
        {
            "status": "created",
            "timestamp": 1766568355
        }
    ],
    "is_test": false,
    "brand_id": "04199342-5d84-4e17-a53e-5c3d6b03ebd4",
    "send_receipt": false,
    "is_recurring_token": false,
    "skip_capture": false,
    "reference_generated": "PS5424",
    "issued": "2025-12-24",
    "due": 1766568355,
    "refund_upto": 0,
    "cc_descriptor": "",
    "fraudScore": "NA",
    "trustScore": "NA",
    "extraFee": "0",
    "paidOn": 0,
    "receivedAmt": 0.0,
    "taxAmount": 0.0,
    "surcharge": 0.0,
    "surchargeType": "",
    "sessionId": "",
    "refund_availability": "NONE",
    "refundable_amount": 0.0,
    "success_redirect": "https://staging.paysecure.net/getResponse.jsp?issucces=true",
    "failure_redirect": "https://staging.paysecure.net/getResponse.jsp?issucces=false",
    "cancel_redirect": "",
    "success_callback": "https://www.google.com/",
    "failure_callback": "https://staging.paysecure.net/merchant",
    "platform": "API",
    "created_from_ip": "103.80.161.238",
    "checkout_url": "https://test4.paymentsclub.net/payments/00f0344eb0600fc3ec84053d6060c764/",
    "direct_post_url": "https://test4.paymentsclub.net/api/v1/p/694bb1a3197becacc1a085e8/",
    "payoutProcess": false
}]]>
    </line>
    <line>
      <![CDATA[Email accepted by API: hello@brand.io]]>
    </line>
    <line>
      <![CDATA[API success → proceeding with full flow]]>
    </line>
    <line>
      <![CDATA[Entered Card Holder Name: Virat Kohli]]>
    </line>
    <line>
      <![CDATA[Entered Card Number: 5553042241984105]]>
    </line>
    <line>
      <![CDATA[Entered Card Expiry Date: 07/28]]>
    </line>
    <line>
      <![CDATA[Entered Card CVC: 123]]>
    </line>
    <line>
      <![CDATA[Moved to the Pay button]]>
    </line>
    <line>
      <![CDATA[Clicked on the Pay button to proceed with payment]]>
    </line>
    <line>
      <![CDATA[Redirected URL: https://staging.paysecure.net/getResponse.jsp?issucces=true]]>
    </line>
    <line>
      <![CDATA[Payment Successfully]]>
    </line>
    <line>
      <![CDATA[ Opened staging environment in a new browser tab]]>
    </line>
    <line>
      <![CDATA[User enter ID in Username field]]>
    </line>
    <line>
      <![CDATA[User Enter Password in password field]]>
    </line>
    <line>
      <![CDATA[Click on submit button in login page]]>
    </line>
    <line>
      <![CDATA[ Entered Transaction ID: 694bb1a3197becacc1a085e8]]>
    </line>
    <line>
      <![CDATA[ Clicked on Search button]]>
    </line>
    <line>
      <![CDATA[ Clicked on Search button]]>
    </line>
    <line>
      <![CDATA[ Clicked on first Transaction ID from list]]>
    </line>
    <line>
      <![CDATA[Purchase Transaction ID is not empty or not null]]>
    </line>
    <line>
      <![CDATA[User enter ID in Username field]]>
    </line>
    <line>
      <![CDATA[User Enter Password in password field]]>
    </line>
    <line>
      <![CDATA[Click on submit button in login page]]>
    </line>
    <line>
      <![CDATA[Email test case will run for this PSP :- Matrix]]>
    </line>
    <line>
      <![CDATA[Email test case will run for this runflag:- Master4105]]>
    </line>
    <line>
      <![CDATA[Generated Random Double: 44.10]]>
    </line>
    <line>
      <![CDATA[Generated First Name: john7f6]]>
    </line>
    <line>
      <![CDATA[emailId: useralias@gmail.com → Status: 202]]>
    </line>
    <line>
      <![CDATA[Response Body: {
    "purchaseId": "694bb205197becacc1a088cd",
    "client": {
        "customerId": "NA",
        "email": "useralias@gmail.com",
        "phone": "+1111111111",
        "full_name": "john7f6",
        "street_address": "Main gate",
        "country": "IN",
        "city": "Paris",
        "zip_code": "20001",
        "cc": [
            
        ],
        "bcc": [
            
        ],
        "stateCode": "QLD"
    },
    "updated_on": 1766568453,
    "type": "purchase",
    "paymentMethod": "MASTER",
    "amountUnit": "MAJOR",
    "errorMsg": "",
    "errorCode": "NA",
    "savedCardUsed": "NO",
    "redirectType": "POST",
    "force_recurring": false,
    "created_on": 1766568453,
    "merchantRef": "694bb205197becacc1a088cd",
    "merchantName": "suhasM",
    "merchantType": "MERCHANT",
    "purchase": {
        "currency": "INR",
        "products": [
            {
                "name": "Cricket bat",
                "quantity": 1.0,
                "price": 44.1,
                "discount": 0,
                "tax_percent": "0.00"
            }
        ],
        "total": 44.1,
        "requestAmount": 44.1,
        "language": "en",
        "notes": "",
        "debt": 0,
        "total_formatted": 1.0,
        "taxAmount": 0.0,
        "taxPercent": 0.0,
        "request_client_details": [
            
        ],
        "email_message": ""
    },
    "issuer_details": {
        "website": "",
        "legal_street_address": "",
        "legal_country": "",
        "legal_city": "",
        "legal_zip_code": "",
        "bank_accounts": [
            {
                
            }
        ],
        "legal_name": "practice",
        "brand_name": "practice",
        "registration_number": "",
        "tax_number": ""
    },
    "transaction_data": {
        "payment_method": "",
        "flow": "payform",
        "extra": {
            
        },
        "country": "",
        "attempts": [
            
        ]
    },
    "status": "CREATED",
    "status_history": [
        {
            "status": "created",
            "timestamp": 1766568453
        }
    ],
    "is_test": false,
    "brand_id": "04199342-5d84-4e17-a53e-5c3d6b03ebd4",
    "send_receipt": false,
    "is_recurring_token": false,
    "skip_capture": false,
    "reference_generated": "PS5425",
    "issued": "2025-12-24",
    "due": 1766568453,
    "refund_upto": 0,
    "cc_descriptor": "",
    "fraudScore": "NA",
    "trustScore": "NA",
    "extraFee": "0",
    "paidOn": 0,
    "receivedAmt": 0.0,
    "taxAmount": 0.0,
    "surcharge": 0.0,
    "surchargeType": "",
    "sessionId": "",
    "refund_availability": "NONE",
    "refundable_amount": 0.0,
    "success_redirect": "https://staging.paysecure.net/getResponse.jsp?issucces=true",
    "failure_redirect": "https://staging.paysecure.net/getResponse.jsp?issucces=false",
    "cancel_redirect": "",
    "success_callback": "https://www.google.com/",
    "failure_callback": "https://staging.paysecure.net/merchant",
    "platform": "API",
    "created_from_ip": "103.80.161.238",
    "checkout_url": "https://test4.paymentsclub.net/payments/22bce431b014af5ec8fbdddd3d1dcb53/",
    "direct_post_url": "https://test4.paymentsclub.net/api/v1/p/694bb205197becacc1a088cd/",
    "payoutProcess": false
}]]>
    </line>
    <line>
      <![CDATA[Email accepted by API: useralias@gmail.com]]>
    </line>
    <line>
      <![CDATA[API success → proceeding with full flow]]>
    </line>
    <line>
      <![CDATA[Entered Card Holder Name: Virat Kohli]]>
    </line>
    <line>
      <![CDATA[Entered Card Number: 5553042241984105]]>
    </line>
    <line>
      <![CDATA[Entered Card Expiry Date: 07/28]]>
    </line>
    <line>
      <![CDATA[Entered Card CVC: 123]]>
    </line>
    <line>
      <![CDATA[Moved to the Pay button]]>
    </line>
    <line>
      <![CDATA[Clicked on the Pay button to proceed with payment]]>
    </line>
    <line>
      <![CDATA[Redirected URL: https://staging.paysecure.net/getResponse.jsp?issucces=true]]>
    </line>
    <line>
      <![CDATA[Payment Successfully]]>
    </line>
    <line>
      <![CDATA[ Opened staging environment in a new browser tab]]>
    </line>
    <line>
      <![CDATA[User enter ID in Username field]]>
    </line>
    <line>
      <![CDATA[User Enter Password in password field]]>
    </line>
    <line>
      <![CDATA[Click on submit button in login page]]>
    </line>
    <line>
      <![CDATA[ Entered Transaction ID: 694bb205197becacc1a088cd]]>
    </line>
    <line>
      <![CDATA[ Clicked on Search button]]>
    </line>
    <line>
      <![CDATA[ Clicked on Search button]]>
    </line>
    <line>
      <![CDATA[ Clicked on first Transaction ID from list]]>
    </line>
    <line>
      <![CDATA[Purchase Transaction ID is not empty or not null]]>
    </line>
    <line>
      <![CDATA[User enter ID in Username field]]>
    </line>
    <line>
      <![CDATA[User Enter Password in password field]]>
    </line>
    <line>
      <![CDATA[Click on submit button in login page]]>
    </line>
    <line>
      <![CDATA[Email test case will run for this PSP :- Matrix]]>
    </line>
    <line>
      <![CDATA[Email test case will run for this runflag:- Master4105]]>
    </line>
    <line>
      <![CDATA[Generated Random Double: 13.80]]>
    </line>
    <line>
      <![CDATA[Generated First Name: john47b]]>
    </line>
    <line>
      <![CDATA[emailId: suhas@.com → Status: 400]]>
    </line>
    <line>
      <![CDATA[Response Body: {
    "message": "Invalid Email Format",
    "code": "transaction_error"
}]]>
    </line>
    <line>
      <![CDATA[Email rejected by API: suhas@.com]]>
    </line>
    <line>
      <![CDATA[PASS → Email rejected correctlysuhas@.com]]>
    </line>
    <line>
      <![CDATA[User enter ID in Username field]]>
    </line>
    <line>
      <![CDATA[User Enter Password in password field]]>
    </line>
    <line>
      <![CDATA[Click on submit button in login page]]>
    </line>
    <line>
      <![CDATA[Email test case will run for this PSP :- Matrix]]>
    </line>
    <line>
      <![CDATA[Email test case will run for this runflag:- Master4105]]>
    </line>
    <line>
      <![CDATA[Generated Random Double: 5.32]]>
    </line>
    <line>
      <![CDATA[Generated First Name: john1d8]]>
    </line>
    <line>
      <![CDATA[emailId: @gmail.com → Status: 400]]>
    </line>
    <line>
      <![CDATA[Response Body: {
    "message": "Invalid Email Format",
    "code": "transaction_error"
}]]>
    </line>
    <line>
      <![CDATA[Email rejected by API: @gmail.com]]>
    </line>
    <line>
      <![CDATA[PASS → Email rejected correctly@gmail.com]]>
    </line>
    <line>
      <![CDATA[User enter ID in Username field]]>
    </line>
    <line>
      <![CDATA[User Enter Password in password field]]>
    </line>
    <line>
      <![CDATA[Click on submit button in login page]]>
    </line>
    <line>
      <![CDATA[Email test case will run for this PSP :- Matrix]]>
    </line>
    <line>
      <![CDATA[Email test case will run for this runflag:- Master4105]]>
    </line>
    <line>
      <![CDATA[Generated Random Double: 42.07]]>
    </line>
    <line>
      <![CDATA[Generated First Name: johncb3]]>
    </line>
    <line>
      <![CDATA[emailId: suhas → Status: 400]]>
    </line>
    <line>
      <![CDATA[Response Body: {
    "message": "Invalid Email Format",
    "code": "transaction_error"
}]]>
    </line>
    <line>
      <![CDATA[Email rejected by API: suhas]]>
    </line>
    <line>
      <![CDATA[PASS → Email rejected correctlysuhas]]>
    </line>
    <line>
      <![CDATA[User enter ID in Username field]]>
    </line>
    <line>
      <![CDATA[User Enter Password in password field]]>
    </line>
    <line>
      <![CDATA[Click on submit button in login page]]>
    </line>
    <line>
      <![CDATA[Email test case will run for this PSP :- Matrix]]>
    </line>
    <line>
      <![CDATA[Email test case will run for this runflag:- Master4105]]>
    </line>
    <line>
      <![CDATA[Generated Random Double: 39.19]]>
    </line>
    <line>
      <![CDATA[Generated First Name: johncf6]]>
    </line>
    <line>
      <![CDATA[emailId: @@@ → Status: 400]]>
    </line>
    <line>
      <![CDATA[Response Body: {
    "message": "Invalid Email Format",
    "code": "transaction_error"
}]]>
    </line>
    <line>
      <![CDATA[Email rejected by API: @@@]]>
    </line>
    <line>
      <![CDATA[PASS → Email rejected correctly@@@]]>
    </line>
    <line>
      <![CDATA[User enter ID in Username field]]>
    </line>
    <line>
      <![CDATA[User Enter Password in password field]]>
    </line>
    <line>
      <![CDATA[Click on submit button in login page]]>
    </line>
    <line>
      <![CDATA[Email test case will run for this PSP :- Matrix]]>
    </line>
    <line>
      <![CDATA[Email test case will run for this runflag:- Master4105]]>
    </line>
    <line>
      <![CDATA[Generated Random Double: 43.96]]>
    </line>
    <line>
      <![CDATA[Generated First Name: johnafb]]>
    </line>
    <line>
      <![CDATA[emailId:  → Status: 400]]>
    </line>
    <line>
      <![CDATA[Response Body: {
    "message": "client.email is missing",
    "code": "parameter_missing"
}]]>
    </line>
    <line>
      <![CDATA[Email rejected by API: ]]>
    </line>
    <line>
      <![CDATA[PASS → Email rejected correctly]]>
    </line>
    <line>
      <![CDATA[User enter ID in Username field]]>
    </line>
    <line>
      <![CDATA[User Enter Password in password field]]>
    </line>
    <line>
      <![CDATA[Click on submit button in login page]]>
    </line>
    <line>
      <![CDATA[Email test case will run for this PSP :- Matrix]]>
    </line>
    <line>
      <![CDATA[Email test case will run for this runflag:- Master4105]]>
    </line>
    <line>
      <![CDATA[Generated Random Double: 6.82]]>
    </line>
    <line>
      <![CDATA[Generated First Name: johne9e]]>
    </line>
    <line>
      <![CDATA[emailId: null → Status: 400]]>
    </line>
    <line>
      <![CDATA[Response Body: {
    "message": "client.email is missing",
    "code": "parameter_missing"
}]]>
    </line>
    <line>
      <![CDATA[Email rejected by API: null]]>
    </line>
    <line>
      <![CDATA[PASS → Email rejected correctlynull]]>
    </line>
  </reporter-output>
  <suite started-at="2025-12-24T14:51:51 IST" name="Default suite" finished-at="2025-12-24T15:01:26 IST" duration-ms="574439">
    <groups>
    </groups>
    <test started-at="2025-12-24T14:51:51 IST" name="Default test" finished-at="2025-12-24T15:01:26 IST" duration-ms="574439">
      <class name="purchase.email">
        <test-method is-config="true" signature="loadConfig()[pri:0, instance:purchase.email@2cf92cc7]" started-at="2025-12-24T14:51:51 IST" name="loadConfig" finished-at="2025-12-24T14:51:51 IST" duration-ms="28" status="PASS">
          <reporter-output>
          </reporter-output>
        </test-method> <!-- loadConfig -->
        <test-method is-config="true" signature="setup()[pri:0, instance:purchase.email@2cf92cc7]" started-at="2025-12-24T14:51:52 IST" name="setup" finished-at="2025-12-24T14:52:06 IST" duration-ms="14370" status="PASS">
          <reporter-output>
          </reporter-output>
        </test-method> <!-- setup -->
        <test-method is-config="true" signature="beforeMethod()[pri:0, instance:purchase.email@2cf92cc7]" started-at="2025-12-24T14:52:06 IST" name="beforeMethod" finished-at="2025-12-24T14:52:10 IST" duration-ms="4119" status="PASS">
          <reporter-output>
            <line>
              <![CDATA[User enter ID in Username field]]>
            </line>
            <line>
              <![CDATA[User Enter Password in password field]]>
            </line>
            <line>
              <![CDATA[Click on submit button in login page]]>
            </line>
          </reporter-output>
        </test-method> <!-- beforeMethod -->
        <test-method signature="Purchase(java.lang.String,java.lang.String,java.lang.String,java.lang.String,java.lang.String,java.lang.String,java.lang.String)[pri:0, instance:purchase.email@2cf92cc7]" started-at="2025-12-24T14:52:10 IST" name="Purchase" data-provider="email" finished-at="2025-12-24T14:52:21 IST" duration-ms="10692" status="PASS">
          <params>
            <param index="0">
              <value>
                <![CDATA[suhas@]]>
              </value>
            </param>
            <param index="1">
              <value>
                <![CDATA[Virat Kohli]]>
              </value>
            </param>
            <param index="2">
              <value>
                <![CDATA[5553042241984105]]>
              </value>
            </param>
            <param index="3">
              <value>
                <![CDATA[07/28]]>
              </value>
            </param>
            <param index="4">
              <value>
                <![CDATA[123]]>
              </value>
            </param>
            <param index="5">
              <value>
                <![CDATA[Master4105]]>
              </value>
            </param>
            <param index="6">
              <value>
                <![CDATA[Matrix]]>
              </value>
            </param>
          </params>
          <reporter-output>
            <line>
              <![CDATA[Email test case will run for this PSP :- Matrix]]>
            </line>
            <line>
              <![CDATA[Email test case will run for this runflag:- Master4105]]>
            </line>
            <line>
              <![CDATA[Generated Random Double: 13.63]]>
            </line>
            <line>
              <![CDATA[Generated First Name: john171]]>
            </line>
            <line>
              <![CDATA[emailId: suhas@ → Status: 400]]>
            </line>
            <line>
              <![CDATA[Response Body: {
    "message": "Invalid Email Format",
    "code": "transaction_error"
}]]>
            </line>
            <line>
              <![CDATA[Email rejected by API: suhas@]]>
            </line>
            <line>
              <![CDATA[PASS → Email rejected correctlysuhas@]]>
            </line>
          </reporter-output>
        </test-method> <!-- Purchase -->
        <test-method is-config="true" signature="tearDown(org.testng.ITestResult)[pri:0, instance:purchase.email@2cf92cc7]" started-at="2025-12-24T14:52:21 IST" name="tearDown" finished-at="2025-12-24T14:52:24 IST" duration-ms="3028" status="PASS">
          <params>
            <param index="0">
              <value>
                <![CDATA[[TestResult name=Purchase status=SUCCESS method=email.Purchase(java.lang.String,java.lang.String,java.lang.String,java.lang.String,java.lang.String,java.lang.String,java.lang.String)[pri:0, instance:purchase.email@2cf92cc7] output=Email test case will run for this PSP :- Matrix]]]>
              </value>
            </param>
          </params>
          <reporter-output>
          </reporter-output>
        </test-method> <!-- tearDown -->
        <test-method is-config="true" signature="setup()[pri:0, instance:purchase.email@2cf92cc7]" started-at="2025-12-24T14:52:24 IST" name="setup" finished-at="2025-12-24T14:52:36 IST" duration-ms="11761" status="PASS">
          <reporter-output>
          </reporter-output>
        </test-method> <!-- setup -->
        <test-method is-config="true" signature="beforeMethod()[pri:0, instance:purchase.email@2cf92cc7]" started-at="2025-12-24T14:52:36 IST" name="beforeMethod" finished-at="2025-12-24T14:52:43 IST" duration-ms="7239" status="PASS">
          <reporter-output>
            <line>
              <![CDATA[User enter ID in Username field]]>
            </line>
            <line>
              <![CDATA[User Enter Password in password field]]>
            </line>
            <line>
              <![CDATA[Click on submit button in login page]]>
            </line>
          </reporter-output>
        </test-method> <!-- beforeMethod -->
        <test-method signature="Purchase(java.lang.String,java.lang.String,java.lang.String,java.lang.String,java.lang.String,java.lang.String,java.lang.String)[pri:0, instance:purchase.email@2cf92cc7]" started-at="2025-12-24T14:52:43 IST" name="Purchase" data-provider="email" finished-at="2025-12-24T14:53:59 IST" duration-ms="75646" status="PASS">
          <params>
            <param index="0">
              <value>
                <![CDATA[suhas.patil@gmail.com]]>
              </value>
            </param>
            <param index="1">
              <value>
                <![CDATA[Virat Kohli]]>
              </value>
            </param>
            <param index="2">
              <value>
                <![CDATA[5553042241984105]]>
              </value>
            </param>
            <param index="3">
              <value>
                <![CDATA[07/28]]>
              </value>
            </param>
            <param index="4">
              <value>
                <![CDATA[123]]>
              </value>
            </param>
            <param index="5">
              <value>
                <![CDATA[Master4105]]>
              </value>
            </param>
            <param index="6">
              <value>
                <![CDATA[Matrix]]>
              </value>
            </param>
          </params>
          <reporter-output>
            <line>
              <![CDATA[Email test case will run for this PSP :- Matrix]]>
            </line>
            <line>
              <![CDATA[Email test case will run for this runflag:- Master4105]]>
            </line>
            <line>
              <![CDATA[Generated Random Double: 9.08]]>
            </line>
            <line>
              <![CDATA[Generated First Name: john044]]>
            </line>
            <line>
              <![CDATA[emailId: suhas.patil@gmail.com → Status: 202]]>
            </line>
            <line>
              <![CDATA[Response Body: {
    "purchaseId": "694bb0e3197becacc1a08026",
    "client": {
        "customerId": "NA",
        "email": "suhas.patil@gmail.com",
        "phone": "+1111111111",
        "full_name": "john044",
        "street_address": "Main gate",
        "country": "IN",
        "city": "Paris",
        "zip_code": "20001",
        "cc": [
            
        ],
        "bcc": [
            
        ],
        "stateCode": "QLD"
    },
    "updated_on": 1766568163,
    "type": "purchase",
    "paymentMethod": "MASTER",
    "amountUnit": "MAJOR",
    "errorMsg": "",
    "errorCode": "NA",
    "savedCardUsed": "NO",
    "redirectType": "POST",
    "force_recurring": false,
    "created_on": 1766568163,
    "merchantRef": "694bb0e3197becacc1a08026",
    "merchantName": "suhasM",
    "merchantType": "MERCHANT",
    "purchase": {
        "currency": "INR",
        "products": [
            {
                "name": "Cricket bat",
                "quantity": 1.0,
                "price": 9.08,
                "discount": 0,
                "tax_percent": "0.00"
            }
        ],
        "total": 9.08,
        "requestAmount": 9.08,
        "language": "en",
        "notes": "",
        "debt": 0,
        "total_formatted": 1.0,
        "taxAmount": 0.0,
        "taxPercent": 0.0,
        "request_client_details": [
            
        ],
        "email_message": ""
    },
    "issuer_details": {
        "website": "",
        "legal_street_address": "",
        "legal_country": "",
        "legal_city": "",
        "legal_zip_code": "",
        "bank_accounts": [
            {
                
            }
        ],
        "legal_name": "practice",
        "brand_name": "practice",
        "registration_number": "",
        "tax_number": ""
    },
    "transaction_data": {
        "payment_method": "",
        "flow": "payform",
        "extra": {
            
        },
        "country": "",
        "attempts": [
            
        ]
    },
    "status": "CREATED",
    "status_history": [
        {
            "status": "created",
            "timestamp": 1766568163
        }
    ],
    "is_test": false,
    "brand_id": "04199342-5d84-4e17-a53e-5c3d6b03ebd4",
    "send_receipt": false,
    "is_recurring_token": false,
    "skip_capture": false,
    "reference_generated": "PS5422",
    "issued": "2025-12-24",
    "due": 1766568163,
    "refund_upto": 0,
    "cc_descriptor": "",
    "fraudScore": "NA",
    "trustScore": "NA",
    "extraFee": "0",
    "paidOn": 0,
    "receivedAmt": 0.0,
    "taxAmount": 0.0,
    "surcharge": 0.0,
    "surchargeType": "",
    "sessionId": "",
    "refund_availability": "NONE",
    "refundable_amount": 0.0,
    "success_redirect": "https://staging.paysecure.net/getResponse.jsp?issucces=true",
    "failure_redirect": "https://staging.paysecure.net/getResponse.jsp?issucces=false",
    "cancel_redirect": "",
    "success_callback": "https://www.google.com/",
    "failure_callback": "https://staging.paysecure.net/merchant",
    "platform": "API",
    "created_from_ip": "103.80.161.238",
    "checkout_url": "https://test4.paymentsclub.net/payments/88e94320a4744d3f51596a3809040cb1/",
    "direct_post_url": "https://test4.paymentsclub.net/api/v1/p/694bb0e3197becacc1a08026/",
    "payoutProcess": false
}]]>
            </line>
            <line>
              <![CDATA[Email accepted by API: suhas.patil@gmail.com]]>
            </line>
            <line>
              <![CDATA[API success → proceeding with full flow]]>
            </line>
            <line>
              <![CDATA[Entered Card Holder Name: Virat Kohli]]>
            </line>
            <line>
              <![CDATA[Entered Card Number: 5553042241984105]]>
            </line>
            <line>
              <![CDATA[Entered Card Expiry Date: 07/28]]>
            </line>
            <line>
              <![CDATA[Entered Card CVC: 123]]>
            </line>
            <line>
              <![CDATA[Moved to the Pay button]]>
            </line>
            <line>
              <![CDATA[Clicked on the Pay button to proceed with payment]]>
            </line>
            <line>
              <![CDATA[Redirected URL: https://staging.paysecure.net/getResponse.jsp?issucces=true]]>
            </line>
            <line>
              <![CDATA[Payment Successfully]]>
            </line>
            <line>
              <![CDATA[ Opened staging environment in a new browser tab]]>
            </line>
            <line>
              <![CDATA[User enter ID in Username field]]>
            </line>
            <line>
              <![CDATA[User Enter Password in password field]]>
            </line>
            <line>
              <![CDATA[Click on submit button in login page]]>
            </line>
            <line>
              <![CDATA[ Entered Transaction ID: 694bb0e3197becacc1a08026]]>
            </line>
            <line>
              <![CDATA[ Clicked on Search button]]>
            </line>
            <line>
              <![CDATA[ Clicked on Search button]]>
            </line>
            <line>
              <![CDATA[ Clicked on first Transaction ID from list]]>
            </line>
            <line>
              <![CDATA[Purchase Transaction ID is not empty or not null]]>
            </line>
          </reporter-output>
        </test-method> <!-- Purchase -->
        <test-method is-config="true" signature="tearDown(org.testng.ITestResult)[pri:0, instance:purchase.email@2cf92cc7]" started-at="2025-12-24T14:53:59 IST" name="tearDown" finished-at="2025-12-24T14:54:02 IST" duration-ms="3002" status="PASS">
          <params>
            <param index="0">
              <value>
                <![CDATA[[TestResult name=Purchase status=SUCCESS method=email.Purchase(java.lang.String,java.lang.String,java.lang.String,java.lang.String,java.lang.String,java.lang.String,java.lang.String)[pri:0, instance:purchase.email@2cf92cc7] output=Email test case will run for this PSP :- Matrix]]]>
              </value>
            </param>
          </params>
          <reporter-output>
          </reporter-output>
        </test-method> <!-- tearDown -->
        <test-method is-config="true" signature="setup()[pri:0, instance:purchase.email@2cf92cc7]" started-at="2025-12-24T14:54:02 IST" name="setup" finished-at="2025-12-24T14:54:15 IST" duration-ms="13362" status="PASS">
          <reporter-output>
          </reporter-output>
        </test-method> <!-- setup -->
        <test-method is-config="true" signature="beforeMethod()[pri:0, instance:purchase.email@2cf92cc7]" started-at="2025-12-24T14:54:15 IST" name="beforeMethod" finished-at="2025-12-24T14:54:19 IST" duration-ms="3660" status="PASS">
          <reporter-output>
            <line>
              <![CDATA[User enter ID in Username field]]>
            </line>
            <line>
              <![CDATA[User Enter Password in password field]]>
            </line>
            <line>
              <![CDATA[Click on submit button in login page]]>
            </line>
          </reporter-output>
        </test-method> <!-- beforeMethod -->
        <test-method signature="Purchase(java.lang.String,java.lang.String,java.lang.String,java.lang.String,java.lang.String,java.lang.String,java.lang.String)[pri:0, instance:purchase.email@2cf92cc7]" started-at="2025-12-24T14:54:19 IST" name="Purchase" data-provider="email" finished-at="2025-12-24T14:55:35 IST" duration-ms="76090" status="PASS">
          <params>
            <param index="0">
              <value>
                <![CDATA[gaurav.singh@paysecure.dev]]>
              </value>
            </param>
            <param index="1">
              <value>
                <![CDATA[Virat Kohli]]>
              </value>
            </param>
            <param index="2">
              <value>
                <![CDATA[5553042241984105]]>
              </value>
            </param>
            <param index="3">
              <value>
                <![CDATA[07/28]]>
              </value>
            </param>
            <param index="4">
              <value>
                <![CDATA[123]]>
              </value>
            </param>
            <param index="5">
              <value>
                <![CDATA[Master4105]]>
              </value>
            </param>
            <param index="6">
              <value>
                <![CDATA[Matrix]]>
              </value>
            </param>
          </params>
          <reporter-output>
            <line>
              <![CDATA[Email test case will run for this PSP :- Matrix]]>
            </line>
            <line>
              <![CDATA[Email test case will run for this runflag:- Master4105]]>
            </line>
            <line>
              <![CDATA[Generated Random Double: 1.04]]>
            </line>
            <line>
              <![CDATA[Generated First Name: john8df]]>
            </line>
            <line>
              <![CDATA[emailId: gaurav.singh@paysecure.dev → Status: 202]]>
            </line>
            <line>
              <![CDATA[Response Body: {
    "purchaseId": "694bb143197becacc1a08309",
    "client": {
        "customerId": "NA",
        "email": "gaurav.singh@paysecure.dev",
        "phone": "+1111111111",
        "full_name": "john8df",
        "street_address": "Main gate",
        "country": "IN",
        "city": "Paris",
        "zip_code": "20001",
        "cc": [
            
        ],
        "bcc": [
            
        ],
        "stateCode": "QLD"
    },
    "updated_on": 1766568259,
    "type": "purchase",
    "paymentMethod": "MASTER",
    "amountUnit": "MAJOR",
    "errorMsg": "",
    "errorCode": "NA",
    "savedCardUsed": "NO",
    "redirectType": "POST",
    "force_recurring": false,
    "created_on": 1766568259,
    "merchantRef": "694bb143197becacc1a08309",
    "merchantName": "suhasM",
    "merchantType": "MERCHANT",
    "purchase": {
        "currency": "INR",
        "products": [
            {
                "name": "Cricket bat",
                "quantity": 1.0,
                "price": 1.04,
                "discount": 0,
                "tax_percent": "0.00"
            }
        ],
        "total": 1.04,
        "requestAmount": 1.04,
        "language": "en",
        "notes": "",
        "debt": 0,
        "total_formatted": 1.0,
        "taxAmount": 0.0,
        "taxPercent": 0.0,
        "request_client_details": [
            
        ],
        "email_message": ""
    },
    "issuer_details": {
        "website": "",
        "legal_street_address": "",
        "legal_country": "",
        "legal_city": "",
        "legal_zip_code": "",
        "bank_accounts": [
            {
                
            }
        ],
        "legal_name": "practice",
        "brand_name": "practice",
        "registration_number": "",
        "tax_number": ""
    },
    "transaction_data": {
        "payment_method": "",
        "flow": "payform",
        "extra": {
            
        },
        "country": "",
        "attempts": [
            
        ]
    },
    "status": "CREATED",
    "status_history": [
        {
            "status": "created",
            "timestamp": 1766568259
        }
    ],
    "is_test": false,
    "brand_id": "04199342-5d84-4e17-a53e-5c3d6b03ebd4",
    "send_receipt": false,
    "is_recurring_token": false,
    "skip_capture": false,
    "reference_generated": "PS5423",
    "issued": "2025-12-24",
    "due": 1766568259,
    "refund_upto": 0,
    "cc_descriptor": "",
    "fraudScore": "NA",
    "trustScore": "NA",
    "extraFee": "0",
    "paidOn": 0,
    "receivedAmt": 0.0,
    "taxAmount": 0.0,
    "surcharge": 0.0,
    "surchargeType": "",
    "sessionId": "",
    "refund_availability": "NONE",
    "refundable_amount": 0.0,
    "success_redirect": "https://staging.paysecure.net/getResponse.jsp?issucces=true",
    "failure_redirect": "https://staging.paysecure.net/getResponse.jsp?issucces=false",
    "cancel_redirect": "",
    "success_callback": "https://www.google.com/",
    "failure_callback": "https://staging.paysecure.net/merchant",
    "platform": "API",
    "created_from_ip": "103.80.161.238",
    "checkout_url": "https://test4.paymentsclub.net/payments/533756c21edaae782722c25be550222d/",
    "direct_post_url": "https://test4.paymentsclub.net/api/v1/p/694bb143197becacc1a08309/",
    "payoutProcess": false
}]]>
            </line>
            <line>
              <![CDATA[Email accepted by API: gaurav.singh@paysecure.dev]]>
            </line>
            <line>
              <![CDATA[API success → proceeding with full flow]]>
            </line>
            <line>
              <![CDATA[Entered Card Holder Name: Virat Kohli]]>
            </line>
            <line>
              <![CDATA[Entered Card Number: 5553042241984105]]>
            </line>
            <line>
              <![CDATA[Entered Card Expiry Date: 07/28]]>
            </line>
            <line>
              <![CDATA[Entered Card CVC: 123]]>
            </line>
            <line>
              <![CDATA[Moved to the Pay button]]>
            </line>
            <line>
              <![CDATA[Clicked on the Pay button to proceed with payment]]>
            </line>
            <line>
              <![CDATA[Redirected URL: https://staging.paysecure.net/getResponse.jsp?issucces=true]]>
            </line>
            <line>
              <![CDATA[Payment Successfully]]>
            </line>
            <line>
              <![CDATA[ Opened staging environment in a new browser tab]]>
            </line>
            <line>
              <![CDATA[User enter ID in Username field]]>
            </line>
            <line>
              <![CDATA[User Enter Password in password field]]>
            </line>
            <line>
              <![CDATA[Click on submit button in login page]]>
            </line>
            <line>
              <![CDATA[ Entered Transaction ID: 694bb143197becacc1a08309]]>
            </line>
            <line>
              <![CDATA[ Clicked on Search button]]>
            </line>
            <line>
              <![CDATA[ Clicked on Search button]]>
            </line>
            <line>
              <![CDATA[ Clicked on first Transaction ID from list]]>
            </line>
            <line>
              <![CDATA[Purchase Transaction ID is not empty or not null]]>
            </line>
          </reporter-output>
        </test-method> <!-- Purchase -->
        <test-method is-config="true" signature="tearDown(org.testng.ITestResult)[pri:0, instance:purchase.email@2cf92cc7]" started-at="2025-12-24T14:55:35 IST" name="tearDown" finished-at="2025-12-24T14:55:38 IST" duration-ms="3012" status="PASS">
          <params>
            <param index="0">
              <value>
                <![CDATA[[TestResult name=Purchase status=SUCCESS method=email.Purchase(java.lang.String,java.lang.String,java.lang.String,java.lang.String,java.lang.String,java.lang.String,java.lang.String)[pri:0, instance:purchase.email@2cf92cc7] output=Email test case will run for this PSP :- Matrix]]]>
              </value>
            </param>
          </params>
          <reporter-output>
          </reporter-output>
        </test-method> <!-- tearDown -->
        <test-method is-config="true" signature="setup()[pri:0, instance:purchase.email@2cf92cc7]" started-at="2025-12-24T14:55:38 IST" name="setup" finished-at="2025-12-24T14:55:52 IST" duration-ms="13743" status="PASS">
          <reporter-output>
          </reporter-output>
        </test-method> <!-- setup -->
        <test-method is-config="true" signature="beforeMethod()[pri:0, instance:purchase.email@2cf92cc7]" started-at="2025-12-24T14:55:52 IST" name="beforeMethod" finished-at="2025-12-24T14:55:55 IST" duration-ms="3544" status="PASS">
          <reporter-output>
            <line>
              <![CDATA[User enter ID in Username field]]>
            </line>
            <line>
              <![CDATA[User Enter Password in password field]]>
            </line>
            <line>
              <![CDATA[Click on submit button in login page]]>
            </line>
          </reporter-output>
        </test-method> <!-- beforeMethod -->
        <test-method signature="Purchase(java.lang.String,java.lang.String,java.lang.String,java.lang.String,java.lang.String,java.lang.String,java.lang.String)[pri:0, instance:purchase.email@2cf92cc7]" started-at="2025-12-24T14:55:55 IST" name="Purchase" data-provider="email" finished-at="2025-12-24T14:57:13 IST" duration-ms="77216" status="PASS">
          <params>
            <param index="0">
              <value>
                <![CDATA[hello@brand.io]]>
              </value>
            </param>
            <param index="1">
              <value>
                <![CDATA[Virat Kohli]]>
              </value>
            </param>
            <param index="2">
              <value>
                <![CDATA[5553042241984105]]>
              </value>
            </param>
            <param index="3">
              <value>
                <![CDATA[07/28]]>
              </value>
            </param>
            <param index="4">
              <value>
                <![CDATA[123]]>
              </value>
            </param>
            <param index="5">
              <value>
                <![CDATA[Master4105]]>
              </value>
            </param>
            <param index="6">
              <value>
                <![CDATA[Matrix]]>
              </value>
            </param>
          </params>
          <reporter-output>
            <line>
              <![CDATA[Email test case will run for this PSP :- Matrix]]>
            </line>
            <line>
              <![CDATA[Email test case will run for this runflag:- Master4105]]>
            </line>
            <line>
              <![CDATA[Generated Random Double: 51.44]]>
            </line>
            <line>
              <![CDATA[Generated First Name: john8f8]]>
            </line>
            <line>
              <![CDATA[emailId: hello@brand.io → Status: 202]]>
            </line>
            <line>
              <![CDATA[Response Body: {
    "purchaseId": "694bb1a3197becacc1a085e8",
    "client": {
        "customerId": "NA",
        "email": "hello@brand.io",
        "phone": "+1111111111",
        "full_name": "john8f8",
        "street_address": "Main gate",
        "country": "IN",
        "city": "Paris",
        "zip_code": "20001",
        "cc": [
            
        ],
        "bcc": [
            
        ],
        "stateCode": "QLD"
    },
    "updated_on": 1766568355,
    "type": "purchase",
    "paymentMethod": "MASTER",
    "amountUnit": "MAJOR",
    "errorMsg": "",
    "errorCode": "NA",
    "savedCardUsed": "NO",
    "redirectType": "POST",
    "force_recurring": false,
    "created_on": 1766568355,
    "merchantRef": "694bb1a3197becacc1a085e8",
    "merchantName": "suhasM",
    "merchantType": "MERCHANT",
    "purchase": {
        "currency": "INR",
        "products": [
            {
                "name": "Cricket bat",
                "quantity": 1.0,
                "price": 51.44,
                "discount": 0,
                "tax_percent": "0.00"
            }
        ],
        "total": 51.44,
        "requestAmount": 51.44,
        "language": "en",
        "notes": "",
        "debt": 0,
        "total_formatted": 1.0,
        "taxAmount": 0.0,
        "taxPercent": 0.0,
        "request_client_details": [
            
        ],
        "email_message": ""
    },
    "issuer_details": {
        "website": "",
        "legal_street_address": "",
        "legal_country": "",
        "legal_city": "",
        "legal_zip_code": "",
        "bank_accounts": [
            {
                
            }
        ],
        "legal_name": "practice",
        "brand_name": "practice",
        "registration_number": "",
        "tax_number": ""
    },
    "transaction_data": {
        "payment_method": "",
        "flow": "payform",
        "extra": {
            
        },
        "country": "",
        "attempts": [
            
        ]
    },
    "status": "CREATED",
    "status_history": [
        {
            "status": "created",
            "timestamp": 1766568355
        }
    ],
    "is_test": false,
    "brand_id": "04199342-5d84-4e17-a53e-5c3d6b03ebd4",
    "send_receipt": false,
    "is_recurring_token": false,
    "skip_capture": false,
    "reference_generated": "PS5424",
    "issued": "2025-12-24",
    "due": 1766568355,
    "refund_upto": 0,
    "cc_descriptor": "",
    "fraudScore": "NA",
    "trustScore": "NA",
    "extraFee": "0",
    "paidOn": 0,
    "receivedAmt": 0.0,
    "taxAmount": 0.0,
    "surcharge": 0.0,
    "surchargeType": "",
    "sessionId": "",
    "refund_availability": "NONE",
    "refundable_amount": 0.0,
    "success_redirect": "https://staging.paysecure.net/getResponse.jsp?issucces=true",
    "failure_redirect": "https://staging.paysecure.net/getResponse.jsp?issucces=false",
    "cancel_redirect": "",
    "success_callback": "https://www.google.com/",
    "failure_callback": "https://staging.paysecure.net/merchant",
    "platform": "API",
    "created_from_ip": "103.80.161.238",
    "checkout_url": "https://test4.paymentsclub.net/payments/00f0344eb0600fc3ec84053d6060c764/",
    "direct_post_url": "https://test4.paymentsclub.net/api/v1/p/694bb1a3197becacc1a085e8/",
    "payoutProcess": false
}]]>
            </line>
            <line>
              <![CDATA[Email accepted by API: hello@brand.io]]>
            </line>
            <line>
              <![CDATA[API success → proceeding with full flow]]>
            </line>
            <line>
              <![CDATA[Entered Card Holder Name: Virat Kohli]]>
            </line>
            <line>
              <![CDATA[Entered Card Number: 5553042241984105]]>
            </line>
            <line>
              <![CDATA[Entered Card Expiry Date: 07/28]]>
            </line>
            <line>
              <![CDATA[Entered Card CVC: 123]]>
            </line>
            <line>
              <![CDATA[Moved to the Pay button]]>
            </line>
            <line>
              <![CDATA[Clicked on the Pay button to proceed with payment]]>
            </line>
            <line>
              <![CDATA[Redirected URL: https://staging.paysecure.net/getResponse.jsp?issucces=true]]>
            </line>
            <line>
              <![CDATA[Payment Successfully]]>
            </line>
            <line>
              <![CDATA[ Opened staging environment in a new browser tab]]>
            </line>
            <line>
              <![CDATA[User enter ID in Username field]]>
            </line>
            <line>
              <![CDATA[User Enter Password in password field]]>
            </line>
            <line>
              <![CDATA[Click on submit button in login page]]>
            </line>
            <line>
              <![CDATA[ Entered Transaction ID: 694bb1a3197becacc1a085e8]]>
            </line>
            <line>
              <![CDATA[ Clicked on Search button]]>
            </line>
            <line>
              <![CDATA[ Clicked on Search button]]>
            </line>
            <line>
              <![CDATA[ Clicked on first Transaction ID from list]]>
            </line>
            <line>
              <![CDATA[Purchase Transaction ID is not empty or not null]]>
            </line>
          </reporter-output>
        </test-method> <!-- Purchase -->
        <test-method is-config="true" signature="tearDown(org.testng.ITestResult)[pri:0, instance:purchase.email@2cf92cc7]" started-at="2025-12-24T14:57:13 IST" name="tearDown" finished-at="2025-12-24T14:57:16 IST" duration-ms="3009" status="PASS">
          <params>
            <param index="0">
              <value>
                <![CDATA[[TestResult name=Purchase status=SUCCESS method=email.Purchase(java.lang.String,java.lang.String,java.lang.String,java.lang.String,java.lang.String,java.lang.String,java.lang.String)[pri:0, instance:purchase.email@2cf92cc7] output=Email test case will run for this PSP :- Matrix]]]>
              </value>
            </param>
          </params>
          <reporter-output>
          </reporter-output>
        </test-method> <!-- tearDown -->
        <test-method is-config="true" signature="setup()[pri:0, instance:purchase.email@2cf92cc7]" started-at="2025-12-24T14:57:16 IST" name="setup" finished-at="2025-12-24T14:57:27 IST" duration-ms="11838" status="PASS">
          <reporter-output>
          </reporter-output>
        </test-method> <!-- setup -->
        <test-method is-config="true" signature="beforeMethod()[pri:0, instance:purchase.email@2cf92cc7]" started-at="2025-12-24T14:57:27 IST" name="beforeMethod" finished-at="2025-12-24T14:57:33 IST" duration-ms="5775" status="PASS">
          <reporter-output>
            <line>
              <![CDATA[User enter ID in Username field]]>
            </line>
            <line>
              <![CDATA[User Enter Password in password field]]>
            </line>
            <line>
              <![CDATA[Click on submit button in login page]]>
            </line>
          </reporter-output>
        </test-method> <!-- beforeMethod -->
        <test-method signature="Purchase(java.lang.String,java.lang.String,java.lang.String,java.lang.String,java.lang.String,java.lang.String,java.lang.String)[pri:0, instance:purchase.email@2cf92cc7]" started-at="2025-12-24T14:57:33 IST" name="Purchase" data-provider="email" finished-at="2025-12-24T14:58:52 IST" duration-ms="79270" status="PASS">
          <params>
            <param index="0">
              <value>
                <![CDATA[useralias@gmail.com]]>
              </value>
            </param>
            <param index="1">
              <value>
                <![CDATA[Virat Kohli]]>
              </value>
            </param>
            <param index="2">
              <value>
                <![CDATA[5553042241984105]]>
              </value>
            </param>
            <param index="3">
              <value>
                <![CDATA[07/28]]>
              </value>
            </param>
            <param index="4">
              <value>
                <![CDATA[123]]>
              </value>
            </param>
            <param index="5">
              <value>
                <![CDATA[Master4105]]>
              </value>
            </param>
            <param index="6">
              <value>
                <![CDATA[Matrix]]>
              </value>
            </param>
          </params>
          <reporter-output>
            <line>
              <![CDATA[Email test case will run for this PSP :- Matrix]]>
            </line>
            <line>
              <![CDATA[Email test case will run for this runflag:- Master4105]]>
            </line>
            <line>
              <![CDATA[Generated Random Double: 44.10]]>
            </line>
            <line>
              <![CDATA[Generated First Name: john7f6]]>
            </line>
            <line>
              <![CDATA[emailId: useralias@gmail.com → Status: 202]]>
            </line>
            <line>
              <![CDATA[Response Body: {
    "purchaseId": "694bb205197becacc1a088cd",
    "client": {
        "customerId": "NA",
        "email": "useralias@gmail.com",
        "phone": "+1111111111",
        "full_name": "john7f6",
        "street_address": "Main gate",
        "country": "IN",
        "city": "Paris",
        "zip_code": "20001",
        "cc": [
            
        ],
        "bcc": [
            
        ],
        "stateCode": "QLD"
    },
    "updated_on": 1766568453,
    "type": "purchase",
    "paymentMethod": "MASTER",
    "amountUnit": "MAJOR",
    "errorMsg": "",
    "errorCode": "NA",
    "savedCardUsed": "NO",
    "redirectType": "POST",
    "force_recurring": false,
    "created_on": 1766568453,
    "merchantRef": "694bb205197becacc1a088cd",
    "merchantName": "suhasM",
    "merchantType": "MERCHANT",
    "purchase": {
        "currency": "INR",
        "products": [
            {
                "name": "Cricket bat",
                "quantity": 1.0,
                "price": 44.1,
                "discount": 0,
                "tax_percent": "0.00"
            }
        ],
        "total": 44.1,
        "requestAmount": 44.1,
        "language": "en",
        "notes": "",
        "debt": 0,
        "total_formatted": 1.0,
        "taxAmount": 0.0,
        "taxPercent": 0.0,
        "request_client_details": [
            
        ],
        "email_message": ""
    },
    "issuer_details": {
        "website": "",
        "legal_street_address": "",
        "legal_country": "",
        "legal_city": "",
        "legal_zip_code": "",
        "bank_accounts": [
            {
                
            }
        ],
        "legal_name": "practice",
        "brand_name": "practice",
        "registration_number": "",
        "tax_number": ""
    },
    "transaction_data": {
        "payment_method": "",
        "flow": "payform",
        "extra": {
            
        },
        "country": "",
        "attempts": [
            
        ]
    },
    "status": "CREATED",
    "status_history": [
        {
            "status": "created",
            "timestamp": 1766568453
        }
    ],
    "is_test": false,
    "brand_id": "04199342-5d84-4e17-a53e-5c3d6b03ebd4",
    "send_receipt": false,
    "is_recurring_token": false,
    "skip_capture": false,
    "reference_generated": "PS5425",
    "issued": "2025-12-24",
    "due": 1766568453,
    "refund_upto": 0,
    "cc_descriptor": "",
    "fraudScore": "NA",
    "trustScore": "NA",
    "extraFee": "0",
    "paidOn": 0,
    "receivedAmt": 0.0,
    "taxAmount": 0.0,
    "surcharge": 0.0,
    "surchargeType": "",
    "sessionId": "",
    "refund_availability": "NONE",
    "refundable_amount": 0.0,
    "success_redirect": "https://staging.paysecure.net/getResponse.jsp?issucces=true",
    "failure_redirect": "https://staging.paysecure.net/getResponse.jsp?issucces=false",
    "cancel_redirect": "",
    "success_callback": "https://www.google.com/",
    "failure_callback": "https://staging.paysecure.net/merchant",
    "platform": "API",
    "created_from_ip": "103.80.161.238",
    "checkout_url": "https://test4.paymentsclub.net/payments/22bce431b014af5ec8fbdddd3d1dcb53/",
    "direct_post_url": "https://test4.paymentsclub.net/api/v1/p/694bb205197becacc1a088cd/",
    "payoutProcess": false
}]]>
            </line>
            <line>
              <![CDATA[Email accepted by API: useralias@gmail.com]]>
            </line>
            <line>
              <![CDATA[API success → proceeding with full flow]]>
            </line>
            <line>
              <![CDATA[Entered Card Holder Name: Virat Kohli]]>
            </line>
            <line>
              <![CDATA[Entered Card Number: 5553042241984105]]>
            </line>
            <line>
              <![CDATA[Entered Card Expiry Date: 07/28]]>
            </line>
            <line>
              <![CDATA[Entered Card CVC: 123]]>
            </line>
            <line>
              <![CDATA[Moved to the Pay button]]>
            </line>
            <line>
              <![CDATA[Clicked on the Pay button to proceed with payment]]>
            </line>
            <line>
              <![CDATA[Redirected URL: https://staging.paysecure.net/getResponse.jsp?issucces=true]]>
            </line>
            <line>
              <![CDATA[Payment Successfully]]>
            </line>
            <line>
              <![CDATA[ Opened staging environment in a new browser tab]]>
            </line>
            <line>
              <![CDATA[User enter ID in Username field]]>
            </line>
            <line>
              <![CDATA[User Enter Password in password field]]>
            </line>
            <line>
              <![CDATA[Click on submit button in login page]]>
            </line>
            <line>
              <![CDATA[ Entered Transaction ID: 694bb205197becacc1a088cd]]>
            </line>
            <line>
              <![CDATA[ Clicked on Search button]]>
            </line>
            <line>
              <![CDATA[ Clicked on Search button]]>
            </line>
            <line>
              <![CDATA[ Clicked on first Transaction ID from list]]>
            </line>
            <line>
              <![CDATA[Purchase Transaction ID is not empty or not null]]>
            </line>
          </reporter-output>
        </test-method> <!-- Purchase -->
        <test-method is-config="true" signature="tearDown(org.testng.ITestResult)[pri:0, instance:purchase.email@2cf92cc7]" started-at="2025-12-24T14:58:52 IST" name="tearDown" finished-at="2025-12-24T14:58:55 IST" duration-ms="3010" status="PASS">
          <params>
            <param index="0">
              <value>
                <![CDATA[[TestResult name=Purchase status=SUCCESS method=email.Purchase(java.lang.String,java.lang.String,java.lang.String,java.lang.String,java.lang.String,java.lang.String,java.lang.String)[pri:0, instance:purchase.email@2cf92cc7] output=Email test case will run for this PSP :- Matrix]]]>
              </value>
            </param>
          </params>
          <reporter-output>
          </reporter-output>
        </test-method> <!-- tearDown -->
        <test-method is-config="true" signature="setup()[pri:0, instance:purchase.email@2cf92cc7]" started-at="2025-12-24T14:58:55 IST" name="setup" finished-at="2025-12-24T14:59:07 IST" duration-ms="11868" status="PASS">
          <reporter-output>
          </reporter-output>
        </test-method> <!-- setup -->
        <test-method is-config="true" signature="beforeMethod()[pri:0, instance:purchase.email@2cf92cc7]" started-at="2025-12-24T14:59:07 IST" name="beforeMethod" finished-at="2025-12-24T14:59:14 IST" duration-ms="6530" status="PASS">
          <reporter-output>
            <line>
              <![CDATA[User enter ID in Username field]]>
            </line>
            <line>
              <![CDATA[User Enter Password in password field]]>
            </line>
            <line>
              <![CDATA[Click on submit button in login page]]>
            </line>
          </reporter-output>
        </test-method> <!-- beforeMethod -->
        <test-method signature="Purchase(java.lang.String,java.lang.String,java.lang.String,java.lang.String,java.lang.String,java.lang.String,java.lang.String)[pri:0, instance:purchase.email@2cf92cc7]" started-at="2025-12-24T14:59:14 IST" name="Purchase" data-provider="email" finished-at="2025-12-24T14:59:15 IST" duration-ms="1416" status="PASS">
          <params>
            <param index="0">
              <value>
                <![CDATA[suhas@.com]]>
              </value>
            </param>
            <param index="1">
              <value>
                <![CDATA[Virat Kohli]]>
              </value>
            </param>
            <param index="2">
              <value>
                <![CDATA[5553042241984105]]>
              </value>
            </param>
            <param index="3">
              <value>
                <![CDATA[07/28]]>
              </value>
            </param>
            <param index="4">
              <value>
                <![CDATA[123]]>
              </value>
            </param>
            <param index="5">
              <value>
                <![CDATA[Master4105]]>
              </value>
            </param>
            <param index="6">
              <value>
                <![CDATA[Matrix]]>
              </value>
            </param>
          </params>
          <reporter-output>
            <line>
              <![CDATA[Email test case will run for this PSP :- Matrix]]>
            </line>
            <line>
              <![CDATA[Email test case will run for this runflag:- Master4105]]>
            </line>
            <line>
              <![CDATA[Generated Random Double: 13.80]]>
            </line>
            <line>
              <![CDATA[Generated First Name: john47b]]>
            </line>
            <line>
              <![CDATA[emailId: suhas@.com → Status: 400]]>
            </line>
            <line>
              <![CDATA[Response Body: {
    "message": "Invalid Email Format",
    "code": "transaction_error"
}]]>
            </line>
            <line>
              <![CDATA[Email rejected by API: suhas@.com]]>
            </line>
            <line>
              <![CDATA[PASS → Email rejected correctlysuhas@.com]]>
            </line>
          </reporter-output>
        </test-method> <!-- Purchase -->
        <test-method is-config="true" signature="tearDown(org.testng.ITestResult)[pri:0, instance:purchase.email@2cf92cc7]" started-at="2025-12-24T14:59:15 IST" name="tearDown" finished-at="2025-12-24T14:59:18 IST" duration-ms="3009" status="PASS">
          <params>
            <param index="0">
              <value>
                <![CDATA[[TestResult name=Purchase status=SUCCESS method=email.Purchase(java.lang.String,java.lang.String,java.lang.String,java.lang.String,java.lang.String,java.lang.String,java.lang.String)[pri:0, instance:purchase.email@2cf92cc7] output=Email test case will run for this PSP :- Matrix]]]>
              </value>
            </param>
          </params>
          <reporter-output>
          </reporter-output>
        </test-method> <!-- tearDown -->
        <test-method is-config="true" signature="setup()[pri:0, instance:purchase.email@2cf92cc7]" started-at="2025-12-24T14:59:18 IST" name="setup" finished-at="2025-12-24T14:59:30 IST" duration-ms="11342" status="PASS">
          <reporter-output>
          </reporter-output>
        </test-method> <!-- setup -->
        <test-method is-config="true" signature="beforeMethod()[pri:0, instance:purchase.email@2cf92cc7]" started-at="2025-12-24T14:59:30 IST" name="beforeMethod" finished-at="2025-12-24T14:59:36 IST" duration-ms="5986" status="PASS">
          <reporter-output>
            <line>
              <![CDATA[User enter ID in Username field]]>
            </line>
            <line>
              <![CDATA[User Enter Password in password field]]>
            </line>
            <line>
              <![CDATA[Click on submit button in login page]]>
            </line>
          </reporter-output>
        </test-method> <!-- beforeMethod -->
        <test-method signature="Purchase(java.lang.String,java.lang.String,java.lang.String,java.lang.String,java.lang.String,java.lang.String,java.lang.String)[pri:0, instance:purchase.email@2cf92cc7]" started-at="2025-12-24T14:59:36 IST" name="Purchase" data-provider="email" finished-at="2025-12-24T14:59:37 IST" duration-ms="1521" status="PASS">
          <params>
            <param index="0">
              <value>
                <![CDATA[@gmail.com]]>
              </value>
            </param>
            <param index="1">
              <value>
                <![CDATA[Virat Kohli]]>
              </value>
            </param>
            <param index="2">
              <value>
                <![CDATA[5553042241984105]]>
              </value>
            </param>
            <param index="3">
              <value>
                <![CDATA[07/28]]>
              </value>
            </param>
            <param index="4">
              <value>
                <![CDATA[123]]>
              </value>
            </param>
            <param index="5">
              <value>
                <![CDATA[Master4105]]>
              </value>
            </param>
            <param index="6">
              <value>
                <![CDATA[Matrix]]>
              </value>
            </param>
          </params>
          <reporter-output>
            <line>
              <![CDATA[Email test case will run for this PSP :- Matrix]]>
            </line>
            <line>
              <![CDATA[Email test case will run for this runflag:- Master4105]]>
            </line>
            <line>
              <![CDATA[Generated Random Double: 5.32]]>
            </line>
            <line>
              <![CDATA[Generated First Name: john1d8]]>
            </line>
            <line>
              <![CDATA[emailId: @gmail.com → Status: 400]]>
            </line>
            <line>
              <![CDATA[Response Body: {
    "message": "Invalid Email Format",
    "code": "transaction_error"
}]]>
            </line>
            <line>
              <![CDATA[Email rejected by API: @gmail.com]]>
            </line>
            <line>
              <![CDATA[PASS → Email rejected correctly@gmail.com]]>
            </line>
          </reporter-output>
        </test-method> <!-- Purchase -->
        <test-method is-config="true" signature="tearDown(org.testng.ITestResult)[pri:0, instance:purchase.email@2cf92cc7]" started-at="2025-12-24T14:59:37 IST" name="tearDown" finished-at="2025-12-24T14:59:40 IST" duration-ms="3014" status="PASS">
          <params>
            <param index="0">
              <value>
                <![CDATA[[TestResult name=Purchase status=SUCCESS method=email.Purchase(java.lang.String,java.lang.String,java.lang.String,java.lang.String,java.lang.String,java.lang.String,java.lang.String)[pri:0, instance:purchase.email@2cf92cc7] output=Email test case will run for this PSP :- Matrix]]]>
              </value>
            </param>
          </params>
          <reporter-output>
          </reporter-output>
        </test-method> <!-- tearDown -->
        <test-method is-config="true" signature="setup()[pri:0, instance:purchase.email@2cf92cc7]" started-at="2025-12-24T14:59:40 IST" name="setup" finished-at="2025-12-24T15:00:03 IST" duration-ms="23133" status="PASS">
          <reporter-output>
          </reporter-output>
        </test-method> <!-- setup -->
        <test-method is-config="true" signature="beforeMethod()[pri:0, instance:purchase.email@2cf92cc7]" started-at="2025-12-24T15:00:03 IST" name="beforeMethod" finished-at="2025-12-24T15:00:07 IST" duration-ms="4159" status="PASS">
          <reporter-output>
            <line>
              <![CDATA[User enter ID in Username field]]>
            </line>
            <line>
              <![CDATA[User Enter Password in password field]]>
            </line>
            <line>
              <![CDATA[Click on submit button in login page]]>
            </line>
          </reporter-output>
        </test-method> <!-- beforeMethod -->
        <test-method signature="Purchase(java.lang.String,java.lang.String,java.lang.String,java.lang.String,java.lang.String,java.lang.String,java.lang.String)[pri:0, instance:purchase.email@2cf92cc7]" started-at="2025-12-24T15:00:07 IST" name="Purchase" data-provider="email" finished-at="2025-12-24T15:00:09 IST" duration-ms="1370" status="PASS">
          <params>
            <param index="0">
              <value>
                <![CDATA[suhas]]>
              </value>
            </param>
            <param index="1">
              <value>
                <![CDATA[Virat Kohli]]>
              </value>
            </param>
            <param index="2">
              <value>
                <![CDATA[5553042241984105]]>
              </value>
            </param>
            <param index="3">
              <value>
                <![CDATA[07/28]]>
              </value>
            </param>
            <param index="4">
              <value>
                <![CDATA[123]]>
              </value>
            </param>
            <param index="5">
              <value>
                <![CDATA[Master4105]]>
              </value>
            </param>
            <param index="6">
              <value>
                <![CDATA[Matrix]]>
              </value>
            </param>
          </params>
          <reporter-output>
            <line>
              <![CDATA[Email test case will run for this PSP :- Matrix]]>
            </line>
            <line>
              <![CDATA[Email test case will run for this runflag:- Master4105]]>
            </line>
            <line>
              <![CDATA[Generated Random Double: 42.07]]>
            </line>
            <line>
              <![CDATA[Generated First Name: johncb3]]>
            </line>
            <line>
              <![CDATA[emailId: suhas → Status: 400]]>
            </line>
            <line>
              <![CDATA[Response Body: {
    "message": "Invalid Email Format",
    "code": "transaction_error"
}]]>
            </line>
            <line>
              <![CDATA[Email rejected by API: suhas]]>
            </line>
            <line>
              <![CDATA[PASS → Email rejected correctlysuhas]]>
            </line>
          </reporter-output>
        </test-method> <!-- Purchase -->
        <test-method is-config="true" signature="tearDown(org.testng.ITestResult)[pri:0, instance:purchase.email@2cf92cc7]" started-at="2025-12-24T15:00:09 IST" name="tearDown" finished-at="2025-12-24T15:00:12 IST" duration-ms="3022" status="PASS">
          <params>
            <param index="0">
              <value>
                <![CDATA[[TestResult name=Purchase status=SUCCESS method=email.Purchase(java.lang.String,java.lang.String,java.lang.String,java.lang.String,java.lang.String,java.lang.String,java.lang.String)[pri:0, instance:purchase.email@2cf92cc7] output=Email test case will run for this PSP :- Matrix]]]>
              </value>
            </param>
          </params>
          <reporter-output>
          </reporter-output>
        </test-method> <!-- tearDown -->
        <test-method is-config="true" signature="setup()[pri:0, instance:purchase.email@2cf92cc7]" started-at="2025-12-24T15:00:12 IST" name="setup" finished-at="2025-12-24T15:00:25 IST" duration-ms="12961" status="PASS">
          <reporter-output>
          </reporter-output>
        </test-method> <!-- setup -->
        <test-method is-config="true" signature="beforeMethod()[pri:0, instance:purchase.email@2cf92cc7]" started-at="2025-12-24T15:00:25 IST" name="beforeMethod" finished-at="2025-12-24T15:00:31 IST" duration-ms="6220" status="PASS">
          <reporter-output>
            <line>
              <![CDATA[User enter ID in Username field]]>
            </line>
            <line>
              <![CDATA[User Enter Password in password field]]>
            </line>
            <line>
              <![CDATA[Click on submit button in login page]]>
            </line>
          </reporter-output>
        </test-method> <!-- beforeMethod -->
        <test-method signature="Purchase(java.lang.String,java.lang.String,java.lang.String,java.lang.String,java.lang.String,java.lang.String,java.lang.String)[pri:0, instance:purchase.email@2cf92cc7]" started-at="2025-12-24T15:00:31 IST" name="Purchase" data-provider="email" finished-at="2025-12-24T15:00:32 IST" duration-ms="1249" status="PASS">
          <params>
            <param index="0">
              <value>
                <![CDATA[@@@]]>
              </value>
            </param>
            <param index="1">
              <value>
                <![CDATA[Virat Kohli]]>
              </value>
            </param>
            <param index="2">
              <value>
                <![CDATA[5553042241984105]]>
              </value>
            </param>
            <param index="3">
              <value>
                <![CDATA[07/28]]>
              </value>
            </param>
            <param index="4">
              <value>
                <![CDATA[123]]>
              </value>
            </param>
            <param index="5">
              <value>
                <![CDATA[Master4105]]>
              </value>
            </param>
            <param index="6">
              <value>
                <![CDATA[Matrix]]>
              </value>
            </param>
          </params>
          <reporter-output>
            <line>
              <![CDATA[Email test case will run for this PSP :- Matrix]]>
            </line>
            <line>
              <![CDATA[Email test case will run for this runflag:- Master4105]]>
            </line>
            <line>
              <![CDATA[Generated Random Double: 39.19]]>
            </line>
            <line>
              <![CDATA[Generated First Name: johncf6]]>
            </line>
            <line>
              <![CDATA[emailId: @@@ → Status: 400]]>
            </line>
            <line>
              <![CDATA[Response Body: {
    "message": "Invalid Email Format",
    "code": "transaction_error"
}]]>
            </line>
            <line>
              <![CDATA[Email rejected by API: @@@]]>
            </line>
            <line>
              <![CDATA[PASS → Email rejected correctly@@@]]>
            </line>
          </reporter-output>
        </test-method> <!-- Purchase -->
        <test-method is-config="true" signature="tearDown(org.testng.ITestResult)[pri:0, instance:purchase.email@2cf92cc7]" started-at="2025-12-24T15:00:32 IST" name="tearDown" finished-at="2025-12-24T15:00:35 IST" duration-ms="3012" status="PASS">
          <params>
            <param index="0">
              <value>
                <![CDATA[[TestResult name=Purchase status=SUCCESS method=email.Purchase(java.lang.String,java.lang.String,java.lang.String,java.lang.String,java.lang.String,java.lang.String,java.lang.String)[pri:0, instance:purchase.email@2cf92cc7] output=Email test case will run for this PSP :- Matrix]]]>
              </value>
            </param>
          </params>
          <reporter-output>
          </reporter-output>
        </test-method> <!-- tearDown -->
        <test-method is-config="true" signature="setup()[pri:0, instance:purchase.email@2cf92cc7]" started-at="2025-12-24T15:00:35 IST" name="setup" finished-at="2025-12-24T15:00:50 IST" duration-ms="14692" status="PASS">
          <reporter-output>
          </reporter-output>
        </test-method> <!-- setup -->
        <test-method is-config="true" signature="beforeMethod()[pri:0, instance:purchase.email@2cf92cc7]" started-at="2025-12-24T15:00:50 IST" name="beforeMethod" finished-at="2025-12-24T15:00:54 IST" duration-ms="3678" status="PASS">
          <reporter-output>
            <line>
              <![CDATA[User enter ID in Username field]]>
            </line>
            <line>
              <![CDATA[User Enter Password in password field]]>
            </line>
            <line>
              <![CDATA[Click on submit button in login page]]>
            </line>
          </reporter-output>
        </test-method> <!-- beforeMethod -->
        <test-method signature="Purchase(java.lang.String,java.lang.String,java.lang.String,java.lang.String,java.lang.String,java.lang.String,java.lang.String)[pri:0, instance:purchase.email@2cf92cc7]" started-at="2025-12-24T15:00:54 IST" name="Purchase" data-provider="email" finished-at="2025-12-24T15:00:55 IST" duration-ms="1333" status="PASS">
          <params>
            <param index="0">
              <value>
                <![CDATA[]]>
              </value>
            </param>
            <param index="1">
              <value>
                <![CDATA[Virat Kohli]]>
              </value>
            </param>
            <param index="2">
              <value>
                <![CDATA[5553042241984105]]>
              </value>
            </param>
            <param index="3">
              <value>
                <![CDATA[07/28]]>
              </value>
            </param>
            <param index="4">
              <value>
                <![CDATA[123]]>
              </value>
            </param>
            <param index="5">
              <value>
                <![CDATA[Master4105]]>
              </value>
            </param>
            <param index="6">
              <value>
                <![CDATA[Matrix]]>
              </value>
            </param>
          </params>
          <reporter-output>
            <line>
              <![CDATA[Email test case will run for this PSP :- Matrix]]>
            </line>
            <line>
              <![CDATA[Email test case will run for this runflag:- Master4105]]>
            </line>
            <line>
              <![CDATA[Generated Random Double: 43.96]]>
            </line>
            <line>
              <![CDATA[Generated First Name: johnafb]]>
            </line>
            <line>
              <![CDATA[emailId:  → Status: 400]]>
            </line>
            <line>
              <![CDATA[Response Body: {
    "message": "client.email is missing",
    "code": "parameter_missing"
}]]>
            </line>
            <line>
              <![CDATA[Email rejected by API: ]]>
            </line>
            <line>
              <![CDATA[PASS → Email rejected correctly]]>
            </line>
          </reporter-output>
        </test-method> <!-- Purchase -->
        <test-method is-config="true" signature="tearDown(org.testng.ITestResult)[pri:0, instance:purchase.email@2cf92cc7]" started-at="2025-12-24T15:00:55 IST" name="tearDown" finished-at="2025-12-24T15:00:58 IST" duration-ms="3012" status="PASS">
          <params>
            <param index="0">
              <value>
                <![CDATA[[TestResult name=Purchase status=SUCCESS method=email.Purchase(java.lang.String,java.lang.String,java.lang.String,java.lang.String,java.lang.String,java.lang.String,java.lang.String)[pri:0, instance:purchase.email@2cf92cc7] output=Email test case will run for this PSP :- Matrix]]]>
              </value>
            </param>
          </params>
          <reporter-output>
          </reporter-output>
        </test-method> <!-- tearDown -->
        <test-method is-config="true" signature="setup()[pri:0, instance:purchase.email@2cf92cc7]" started-at="2025-12-24T15:00:58 IST" name="setup" finished-at="2025-12-24T15:01:16 IST" duration-ms="17567" status="PASS">
          <reporter-output>
          </reporter-output>
        </test-method> <!-- setup -->
        <test-method is-config="true" signature="beforeMethod()[pri:0, instance:purchase.email@2cf92cc7]" started-at="2025-12-24T15:01:16 IST" name="beforeMethod" finished-at="2025-12-24T15:01:22 IST" duration-ms="6090" status="PASS">
          <reporter-output>
            <line>
              <![CDATA[User enter ID in Username field]]>
            </line>
            <line>
              <![CDATA[User Enter Password in password field]]>
            </line>
            <line>
              <![CDATA[Click on submit button in login page]]>
            </line>
          </reporter-output>
        </test-method> <!-- beforeMethod -->
        <test-method signature="Purchase(java.lang.String,java.lang.String,java.lang.String,java.lang.String,java.lang.String,java.lang.String,java.lang.String)[pri:0, instance:purchase.email@2cf92cc7]" started-at="2025-12-24T15:01:22 IST" name="Purchase" data-provider="email" finished-at="2025-12-24T15:01:23 IST" duration-ms="1129" status="PASS">
          <params>
            <param index="0">
              <value is-null="true"/>
            </param>
            <param index="1">
              <value>
                <![CDATA[Virat Kohli]]>
              </value>
            </param>
            <param index="2">
              <value>
                <![CDATA[5553042241984105]]>
              </value>
            </param>
            <param index="3">
              <value>
                <![CDATA[07/28]]>
              </value>
            </param>
            <param index="4">
              <value>
                <![CDATA[123]]>
              </value>
            </param>
            <param index="5">
              <value>
                <![CDATA[Master4105]]>
              </value>
            </param>
            <param index="6">
              <value>
                <![CDATA[Matrix]]>
              </value>
            </param>
          </params>
          <reporter-output>
            <line>
              <![CDATA[Email test case will run for this PSP :- Matrix]]>
            </line>
            <line>
              <![CDATA[Email test case will run for this runflag:- Master4105]]>
            </line>
            <line>
              <![CDATA[Generated Random Double: 6.82]]>
            </line>
            <line>
              <![CDATA[Generated First Name: johne9e]]>
            </line>
            <line>
              <![CDATA[emailId: null → Status: 400]]>
            </line>
            <line>
              <![CDATA[Response Body: {
    "message": "client.email is missing",
    "code": "parameter_missing"
}]]>
            </line>
            <line>
              <![CDATA[Email rejected by API: null]]>
            </line>
            <line>
              <![CDATA[PASS → Email rejected correctlynull]]>
            </line>
          </reporter-output>
        </test-method> <!-- Purchase -->
        <test-method is-config="true" signature="tearDown(org.testng.ITestResult)[pri:0, instance:purchase.email@2cf92cc7]" started-at="2025-12-24T15:01:23 IST" name="tearDown" finished-at="2025-12-24T15:01:26 IST" duration-ms="3021" status="PASS">
          <params>
            <param index="0">
              <value>
                <![CDATA[[TestResult name=Purchase status=SUCCESS method=email.Purchase(java.lang.String,java.lang.String,java.lang.String,java.lang.String,java.lang.String,java.lang.String,java.lang.String)[pri:0, instance:purchase.email@2cf92cc7] output=Email test case will run for this PSP :- Matrix]]]>
              </value>
            </param>
          </params>
          <reporter-output>
          </reporter-output>
        </test-method> <!-- tearDown -->
      </class> <!-- purchase.email -->
    </test> <!-- Default test -->
  </suite> <!-- Default suite -->
</testng-results>
