<?xml version="1.0" encoding="UTF-8"?>
<testng-results ignored="0" total="3" passed="3" failed="0" skipped="0">
  <reporter-output>
    <line>
      <![CDATA[User enter ID in Username field]]>
    </line>
    <line>
      <![CDATA[User Enter Password in password field]]>
    </line>
    <line>
      <![CDATA[Click on submit button in login page]]>
    </line>
    <line>
      <![CDATA[select merchant name :- SuhasM]]>
    </line>
    <line>
      <![CDATA[select merchant name :- GBP]]>
    </line>
    <line>
      <![CDATA[select merchant name :- VISA]]>
    </line>
    <line>
      <![CDATA[Fetching details for Limit and Charges]]>
    </line>
    <line>
      <![CDATA[Details fetched successfully]]>
    </line>
    <line>
      <![CDATA[Email test case will run for this PSP: trustpayments]]>
    </line>
    <line>
      <![CDATA[Amount Inputs → Min: 100.0, Max: 900.0, Provided: 569.0]]>
    </line>
    <line>
      <![CDATA[✅ Amount within valid range. Using exact value: 569.0]]>
    </line>
    <line>
      <![CDATA[Generated First Name: div0a3]]>
    </line>
    <line>
      <![CDATA[Purchase ID: 69a0412e43623aac1e06dcc8]]>
    </line>
    <line>
      <![CDATA[Checkout URL: https://test4.paymentsclub.net/payments/79fe9e51e0bff3b3078f6390f64dbbe7/]]>
    </line>
    <line>
      <![CDATA[Email: test@example.com → HTTP Status: 202]]>
    </line>
    <line>
      <![CDATA[Response Body: {
    "purchaseId": "69a0412e43623aac1e06dcc8",
    "client": {
        "customerId": "NA",
        "email": "test@example.com",
        "phone": "+1111111111",
        "full_name": "div0a3",
        "street_address": "Main gate",
        "country": "US",
        "city": "Paris",
        "zip_code": "20001",
        "cc": [
            
        ],
        "bcc": [
            
        ],
        "stateCode": "QLD"
    },
    "updated_on": 1772110126,
    "type": "purchase",
    "paymentMethod": "VISA",
    "amountUnit": "MAJOR",
    "errorMsg": "",
    "errorCode": "NA",
    "force_recurring": false,
    "created_on": 1772110126,
    "merchantRef": "69a0412e43623aac1e06dcc8",
    "purchase": {
        "currency": "GBP",
        "products": [
            {
                "name": "Cricket bat",
                "quantity": 1.0,
                "price": 569.0,
                "discount": 0,
                "tax_percent": "0.00"
            }
        ],
        "total": 569.0,
        "requestAmount": 569.0,
        "language": "en",
        "notes": "",
        "debt": 0,
        "total_formatted": 1.0,
        "taxAmount": 0.0,
        "taxPercent": 0.0,
        "request_client_details": [
            
        ],
        "email_message": ""
    },
    "issuer_details": {
        "website": "",
        "legal_street_address": "",
        "legal_country": "",
        "legal_city": "",
        "legal_zip_code": "",
        "bank_accounts": [
            {
                
            }
        ],
        "legal_name": "practice",
        "brand_name": "practice",
        "registration_number": "",
        "tax_number": ""
    },
    "transaction_data": {
        "payment_method": "",
        "flow": "payform",
        "extra": {
            
        },
        "country": "",
        "attempts": [
            
        ]
    },
    "status": "CREATED",
    "status_history": [
        {
            "status": "created",
            "timestamp": 1772110126
        }
    ],
    "is_test": false,
    "brand_id": "04199342-5d84-4e17-a53e-5c3d6b03ebd4",
    "send_receipt": false,
    "is_recurring_token": false,
    "skip_capture": false,
    "reference_generated": "PS9421",
    "issued": "2026-02-26",
    "due": 1772110126,
    "refund_upto": 0,
    "cc_descriptor": "",
    "fraudScore": "NA",
    "trustScore": "NA",
    "extraFee": "0",
    "paidOn": 0,
    "receivedAmt": 0.0,
    "taxAmount": 0.0,
    "surcharge": 0.0,
    "surchargeType": "",
    "sessionId": "",
    "refund_availability": "NONE",
    "refundable_amount": 0.0,
    "success_redirect": "https://staging.paysecure.net/getResponse.jsp?issucces=true",
    "failure_redirect": "https://staging.paysecure.net/getResponse.jsp?issucces=false",
    "cancel_redirect": "",
    "success_callback": "https://www.google.com/",
    "failure_callback": "https://staging.paysecure.net/merchant",
    "platform": "API",
    "created_from_ip": "103.80.161.238",
    "checkout_url": "https://test4.paymentsclub.net/payments/79fe9e51e0bff3b3078f6390f64dbbe7/",
    "direct_post_url": "https://test4.paymentsclub.net/api/v1/p/69a0412e43623aac1e06dcc8/",
    "payoutProcess": false
}]]>
    </line>
    <line>
      <![CDATA[Email accepted by API: test@example.com]]>
    </line>
    <line>
      <![CDATA[✓ Transaction status OK → proceeding with payment flow]]>
    </line>
    <line>
      <![CDATA[Entered Card Holder Name: Rohitman Sharma]]>
    </line>
    <line>
      <![CDATA[Entered Card Number: 4900490000000543]]>
    </line>
    <line>
      <![CDATA[Entered Card Expiry Date: 02/29]]>
    </line>
    <line>
      <![CDATA[Entered Card CVV: 123]]>
    </line>
    <line>
      <![CDATA[Moved to the Pay button]]>
    </line>
    <line>
      <![CDATA[Clicked on the Pay button to proceed with payment]]>
    </line>
    <line>
      <![CDATA[Redirected URL: https://staging.paysecure.net/getResponse.jsp?issucces=false]]>
    </line>
    <line>
      <![CDATA[FAIL → Payment outcome did not match expectation]]>
    </line>
    <line>
      <![CDATA[User enter ID in Username field]]>
    </line>
    <line>
      <![CDATA[User Enter Password in password field]]>
    </line>
    <line>
      <![CDATA[Click on submit button in login page]]>
    </line>
    <line>
      <![CDATA[Email test case will run for this PSP: trustpayments]]>
    </line>
    <line>
      <![CDATA[Amount Inputs → Min: 100.0, Max: 900.0, Provided: 569.0]]>
    </line>
    <line>
      <![CDATA[✅ Amount within valid range. Using exact value: 569.0]]>
    </line>
    <line>
      <![CDATA[Generated First Name: div1ad]]>
    </line>
    <line>
      <![CDATA[Purchase ID: 69a0416f43623aac1e06e00a]]>
    </line>
    <line>
      <![CDATA[Checkout URL: https://test4.paymentsclub.net/payments/b031cd4965ef66727f7e310e12c816a6/]]>
    </line>
    <line>
      <![CDATA[Email: test@example.com → HTTP Status: 202]]>
    </line>
    <line>
      <![CDATA[Response Body: {
    "purchaseId": "69a0416f43623aac1e06e00a",
    "client": {
        "customerId": "NA",
        "email": "test@example.com",
        "phone": "+1111111111",
        "full_name": "div1ad",
        "street_address": "Main gate",
        "country": "US",
        "city": "Paris",
        "zip_code": "20001",
        "cc": [
            
        ],
        "bcc": [
            
        ],
        "stateCode": "QLD"
    },
    "updated_on": 1772110191,
    "type": "purchase",
    "paymentMethod": "VISA",
    "amountUnit": "MAJOR",
    "errorMsg": "",
    "errorCode": "NA",
    "force_recurring": false,
    "created_on": 1772110191,
    "merchantRef": "69a0416f43623aac1e06e00a",
    "purchase": {
        "currency": "GBP",
        "products": [
            {
                "name": "Cricket bat",
                "quantity": 1.0,
                "price": 569.0,
                "discount": 0,
                "tax_percent": "0.00"
            }
        ],
        "total": 569.0,
        "requestAmount": 569.0,
        "language": "en",
        "notes": "",
        "debt": 0,
        "total_formatted": 1.0,
        "taxAmount": 0.0,
        "taxPercent": 0.0,
        "request_client_details": [
            
        ],
        "email_message": ""
    },
    "issuer_details": {
        "website": "",
        "legal_street_address": "",
        "legal_country": "",
        "legal_city": "",
        "legal_zip_code": "",
        "bank_accounts": [
            {
                
            }
        ],
        "legal_name": "practice",
        "brand_name": "practice",
        "registration_number": "",
        "tax_number": ""
    },
    "transaction_data": {
        "payment_method": "",
        "flow": "payform",
        "extra": {
            
        },
        "country": "",
        "attempts": [
            
        ]
    },
    "status": "CREATED",
    "status_history": [
        {
            "status": "created",
            "timestamp": 1772110191
        }
    ],
    "is_test": false,
    "brand_id": "04199342-5d84-4e17-a53e-5c3d6b03ebd4",
    "send_receipt": false,
    "is_recurring_token": false,
    "skip_capture": false,
    "reference_generated": "PS9423",
    "issued": "2026-02-26",
    "due": 1772110191,
    "refund_upto": 0,
    "cc_descriptor": "",
    "fraudScore": "NA",
    "trustScore": "NA",
    "extraFee": "0",
    "paidOn": 0,
    "receivedAmt": 0.0,
    "taxAmount": 0.0,
    "surcharge": 0.0,
    "surchargeType": "",
    "sessionId": "",
    "refund_availability": "NONE",
    "refundable_amount": 0.0,
    "success_redirect": "https://staging.paysecure.net/getResponse.jsp?issucces=true",
    "failure_redirect": "https://staging.paysecure.net/getResponse.jsp?issucces=false",
    "cancel_redirect": "",
    "success_callback": "https://www.google.com/",
    "failure_callback": "https://staging.paysecure.net/merchant",
    "platform": "API",
    "created_from_ip": "103.80.161.238",
    "checkout_url": "https://test4.paymentsclub.net/payments/b031cd4965ef66727f7e310e12c816a6/",
    "direct_post_url": "https://test4.paymentsclub.net/api/v1/p/69a0416f43623aac1e06e00a/",
    "payoutProcess": false
}]]>
    </line>
    <line>
      <![CDATA[Email accepted by API: test@example.com]]>
    </line>
    <line>
      <![CDATA[✓ Transaction status OK → proceeding with payment flow]]>
    </line>
    <line>
      <![CDATA[Entered Card Holder Name: Rohitman Sharma]]>
    </line>
    <line>
      <![CDATA[Entered Card Number: 4900490000000626]]>
    </line>
    <line>
      <![CDATA[Entered Card Expiry Date: 02/29]]>
    </line>
    <line>
      <![CDATA[Entered Card CVV: 123]]>
    </line>
    <line>
      <![CDATA[Moved to the Pay button]]>
    </line>
    <line>
      <![CDATA[Clicked on the Pay button to proceed with payment]]>
    </line>
    <line>
      <![CDATA[Redirected URL: https://staging.paysecure.net/getResponse.jsp?issucces=false]]>
    </line>
    <line>
      <![CDATA[FAIL → Payment outcome did not match expectation]]>
    </line>
    <line>
      <![CDATA[User enter ID in Username field]]>
    </line>
    <line>
      <![CDATA[User Enter Password in password field]]>
    </line>
    <line>
      <![CDATA[Click on submit button in login page]]>
    </line>
    <line>
      <![CDATA[Email test case will run for this PSP: trustpayments]]>
    </line>
    <line>
      <![CDATA[Amount Inputs → Min: 100.0, Max: 900.0, Provided: 569.0]]>
    </line>
    <line>
      <![CDATA[✅ Amount within valid range. Using exact value: 569.0]]>
    </line>
    <line>
      <![CDATA[Generated First Name: div9c7]]>
    </line>
    <line>
      <![CDATA[Purchase ID: 69a041b143623aac1e06e667]]>
    </line>
    <line>
      <![CDATA[Checkout URL: https://test4.paymentsclub.net/payments/d0c00c417115bd5730b536d4a46cd957/]]>
    </line>
    <line>
      <![CDATA[Email: test@example.com → HTTP Status: 202]]>
    </line>
    <line>
      <![CDATA[Response Body: {
    "purchaseId": "69a041b143623aac1e06e667",
    "client": {
        "customerId": "NA",
        "email": "test@example.com",
        "phone": "+1111111111",
        "full_name": "div9c7",
        "street_address": "Main gate",
        "country": "US",
        "city": "Paris",
        "zip_code": "20001",
        "cc": [
            
        ],
        "bcc": [
            
        ],
        "stateCode": "QLD"
    },
    "updated_on": 1772110257,
    "type": "purchase",
    "paymentMethod": "VISA",
    "amountUnit": "MAJOR",
    "errorMsg": "",
    "errorCode": "NA",
    "force_recurring": false,
    "created_on": 1772110257,
    "merchantRef": "69a041b143623aac1e06e667",
    "purchase": {
        "currency": "GBP",
        "products": [
            {
                "name": "Cricket bat",
                "quantity": 1.0,
                "price": 569.0,
                "discount": 0,
                "tax_percent": "0.00"
            }
        ],
        "total": 569.0,
        "requestAmount": 569.0,
        "language": "en",
        "notes": "",
        "debt": 0,
        "total_formatted": 1.0,
        "taxAmount": 0.0,
        "taxPercent": 0.0,
        "request_client_details": [
            
        ],
        "email_message": ""
    },
    "issuer_details": {
        "website": "",
        "legal_street_address": "",
        "legal_country": "",
        "legal_city": "",
        "legal_zip_code": "",
        "bank_accounts": [
            {
                
            }
        ],
        "legal_name": "practice",
        "brand_name": "practice",
        "registration_number": "",
        "tax_number": ""
    },
    "transaction_data": {
        "payment_method": "",
        "flow": "payform",
        "extra": {
            
        },
        "country": "",
        "attempts": [
            
        ]
    },
    "status": "CREATED",
    "status_history": [
        {
            "status": "created",
            "timestamp": 1772110257
        }
    ],
    "is_test": false,
    "brand_id": "04199342-5d84-4e17-a53e-5c3d6b03ebd4",
    "send_receipt": false,
    "is_recurring_token": false,
    "skip_capture": false,
    "reference_generated": "PS9425",
    "issued": "2026-02-26",
    "due": 1772110257,
    "refund_upto": 0,
    "cc_descriptor": "",
    "fraudScore": "NA",
    "trustScore": "NA",
    "extraFee": "0",
    "paidOn": 0,
    "receivedAmt": 0.0,
    "taxAmount": 0.0,
    "surcharge": 0.0,
    "surchargeType": "",
    "sessionId": "",
    "refund_availability": "NONE",
    "refundable_amount": 0.0,
    "success_redirect": "https://staging.paysecure.net/getResponse.jsp?issucces=true",
    "failure_redirect": "https://staging.paysecure.net/getResponse.jsp?issucces=false",
    "cancel_redirect": "",
    "success_callback": "https://www.google.com/",
    "failure_callback": "https://staging.paysecure.net/merchant",
    "platform": "API",
    "created_from_ip": "103.80.161.238",
    "checkout_url": "https://test4.paymentsclub.net/payments/d0c00c417115bd5730b536d4a46cd957/",
    "direct_post_url": "https://test4.paymentsclub.net/api/v1/p/69a041b143623aac1e06e667/",
    "payoutProcess": false
}]]>
    </line>
    <line>
      <![CDATA[Email accepted by API: test@example.com]]>
    </line>
    <line>
      <![CDATA[✓ Transaction status OK → proceeding with payment flow]]>
    </line>
    <line>
      <![CDATA[Entered Card Holder Name: Sikandar raza]]>
    </line>
    <line>
      <![CDATA[Entered Card Number: 4900490000000576]]>
    </line>
    <line>
      <![CDATA[Entered Card Expiry Date: 02/29]]>
    </line>
    <line>
      <![CDATA[Entered Card CVV: 123]]>
    </line>
    <line>
      <![CDATA[Moved to the Pay button]]>
    </line>
    <line>
      <![CDATA[Clicked on the Pay button to proceed with payment]]>
    </line>
    <line>
      <![CDATA[Redirected URL: https://staging.paysecure.net/getResponse.jsp?issucces=false]]>
    </line>
    <line>
      <![CDATA[FAIL → Payment outcome did not match expectation]]>
    </line>
  </reporter-output>
  <suite started-at="2026-02-26T18:17:49 IST" name="Default suite" finished-at="2026-02-26T18:21:42 IST" duration-ms="233126">
    <groups>
    </groups>
    <test started-at="2026-02-26T18:17:49 IST" name="Default test" finished-at="2026-02-26T18:21:42 IST" duration-ms="233126">
      <class name="purchase.email">
        <test-method is-config="true" signature="loadConfig()[pri:0, instance:purchase.email@5ac86ba5]" started-at="2026-02-26T18:17:49 IST" name="loadConfig" finished-at="2026-02-26T18:17:49 IST" duration-ms="41" status="PASS">
          <reporter-output>
          </reporter-output>
        </test-method> <!-- loadConfig -->
        <test-method is-config="true" signature="clearOnce()[pri:0, instance:purchase.email@5ac86ba5]" started-at="2026-02-26T18:17:49 IST" name="clearOnce" finished-at="2026-02-26T18:17:49 IST" depends-on-methods="com.paysecure.base.baseClass.loadConfig" duration-ms="2" status="PASS">
          <reporter-output>
          </reporter-output>
        </test-method> <!-- clearOnce -->
        <test-method is-config="true" signature="setup()[pri:0, instance:purchase.email@5ac86ba5]" started-at="2026-02-26T18:17:50 IST" name="setup" finished-at="2026-02-26T18:18:01 IST" duration-ms="10941" status="PASS">
          <reporter-output>
          </reporter-output>
        </test-method> <!-- setup -->
        <test-method is-config="true" signature="beforeMethod()[pri:0, instance:purchase.email@5ac86ba5]" started-at="2026-02-26T18:18:01 IST" name="beforeMethod" finished-at="2026-02-26T18:18:11 IST" duration-ms="10459" status="PASS">
          <reporter-output>
            <line>
              <![CDATA[User enter ID in Username field]]>
            </line>
            <line>
              <![CDATA[User Enter Password in password field]]>
            </line>
            <line>
              <![CDATA[Click on submit button in login page]]>
            </line>
          </reporter-output>
        </test-method> <!-- beforeMethod -->
        <test-method signature="Purchase(java.util.Map,java.util.Map)[pri:0, instance:purchase.email@5ac86ba5]" started-at="2026-02-26T18:18:11 IST" name="Purchase" data-provider="EmailData" finished-at="2026-02-26T18:19:28 IST" duration-ms="77129" status="PASS">
          <params>
            <param index="0">
              <value>
                <![CDATA[{CardNumber=4900490000000543, CVV=123, RunFlag=TRUE, RouteToMidOrBank=trustpayments-network-token, PartialMerchant=Suhas, PSP=trustpayments, MaxAmount=900, CardholderName=Rohitman Sharma, Merchant=SuhasM, RouteToBankMid=Route to Mid, Currency=GBP, MinAmount=100, DefaultAmount=569, PaymentMethod=VISA, Expiry=02/29}]]>
              </value>
            </param>
            <param index="1">
              <value>
                <![CDATA[{Status=Pass, TestData=test@example.com}]]>
              </value>
            </param>
          </params>
          <reporter-output>
            <line>
              <![CDATA[select merchant name :- SuhasM]]>
            </line>
            <line>
              <![CDATA[select merchant name :- GBP]]>
            </line>
            <line>
              <![CDATA[select merchant name :- VISA]]>
            </line>
            <line>
              <![CDATA[Fetching details for Limit and Charges]]>
            </line>
            <line>
              <![CDATA[Details fetched successfully]]>
            </line>
            <line>
              <![CDATA[Email test case will run for this PSP: trustpayments]]>
            </line>
            <line>
              <![CDATA[Amount Inputs → Min: 100.0, Max: 900.0, Provided: 569.0]]>
            </line>
            <line>
              <![CDATA[✅ Amount within valid range. Using exact value: 569.0]]>
            </line>
            <line>
              <![CDATA[Generated First Name: div0a3]]>
            </line>
            <line>
              <![CDATA[Purchase ID: 69a0412e43623aac1e06dcc8]]>
            </line>
            <line>
              <![CDATA[Checkout URL: https://test4.paymentsclub.net/payments/79fe9e51e0bff3b3078f6390f64dbbe7/]]>
            </line>
            <line>
              <![CDATA[Email: test@example.com → HTTP Status: 202]]>
            </line>
            <line>
              <![CDATA[Response Body: {
    "purchaseId": "69a0412e43623aac1e06dcc8",
    "client": {
        "customerId": "NA",
        "email": "test@example.com",
        "phone": "+1111111111",
        "full_name": "div0a3",
        "street_address": "Main gate",
        "country": "US",
        "city": "Paris",
        "zip_code": "20001",
        "cc": [
            
        ],
        "bcc": [
            
        ],
        "stateCode": "QLD"
    },
    "updated_on": 1772110126,
    "type": "purchase",
    "paymentMethod": "VISA",
    "amountUnit": "MAJOR",
    "errorMsg": "",
    "errorCode": "NA",
    "force_recurring": false,
    "created_on": 1772110126,
    "merchantRef": "69a0412e43623aac1e06dcc8",
    "purchase": {
        "currency": "GBP",
        "products": [
            {
                "name": "Cricket bat",
                "quantity": 1.0,
                "price": 569.0,
                "discount": 0,
                "tax_percent": "0.00"
            }
        ],
        "total": 569.0,
        "requestAmount": 569.0,
        "language": "en",
        "notes": "",
        "debt": 0,
        "total_formatted": 1.0,
        "taxAmount": 0.0,
        "taxPercent": 0.0,
        "request_client_details": [
            
        ],
        "email_message": ""
    },
    "issuer_details": {
        "website": "",
        "legal_street_address": "",
        "legal_country": "",
        "legal_city": "",
        "legal_zip_code": "",
        "bank_accounts": [
            {
                
            }
        ],
        "legal_name": "practice",
        "brand_name": "practice",
        "registration_number": "",
        "tax_number": ""
    },
    "transaction_data": {
        "payment_method": "",
        "flow": "payform",
        "extra": {
            
        },
        "country": "",
        "attempts": [
            
        ]
    },
    "status": "CREATED",
    "status_history": [
        {
            "status": "created",
            "timestamp": 1772110126
        }
    ],
    "is_test": false,
    "brand_id": "04199342-5d84-4e17-a53e-5c3d6b03ebd4",
    "send_receipt": false,
    "is_recurring_token": false,
    "skip_capture": false,
    "reference_generated": "PS9421",
    "issued": "2026-02-26",
    "due": 1772110126,
    "refund_upto": 0,
    "cc_descriptor": "",
    "fraudScore": "NA",
    "trustScore": "NA",
    "extraFee": "0",
    "paidOn": 0,
    "receivedAmt": 0.0,
    "taxAmount": 0.0,
    "surcharge": 0.0,
    "surchargeType": "",
    "sessionId": "",
    "refund_availability": "NONE",
    "refundable_amount": 0.0,
    "success_redirect": "https://staging.paysecure.net/getResponse.jsp?issucces=true",
    "failure_redirect": "https://staging.paysecure.net/getResponse.jsp?issucces=false",
    "cancel_redirect": "",
    "success_callback": "https://www.google.com/",
    "failure_callback": "https://staging.paysecure.net/merchant",
    "platform": "API",
    "created_from_ip": "103.80.161.238",
    "checkout_url": "https://test4.paymentsclub.net/payments/79fe9e51e0bff3b3078f6390f64dbbe7/",
    "direct_post_url": "https://test4.paymentsclub.net/api/v1/p/69a0412e43623aac1e06dcc8/",
    "payoutProcess": false
}]]>
            </line>
            <line>
              <![CDATA[Email accepted by API: test@example.com]]>
            </line>
            <line>
              <![CDATA[✓ Transaction status OK → proceeding with payment flow]]>
            </line>
            <line>
              <![CDATA[Entered Card Holder Name: Rohitman Sharma]]>
            </line>
            <line>
              <![CDATA[Entered Card Number: 4900490000000543]]>
            </line>
            <line>
              <![CDATA[Entered Card Expiry Date: 02/29]]>
            </line>
            <line>
              <![CDATA[Entered Card CVV: 123]]>
            </line>
            <line>
              <![CDATA[Moved to the Pay button]]>
            </line>
            <line>
              <![CDATA[Clicked on the Pay button to proceed with payment]]>
            </line>
            <line>
              <![CDATA[Redirected URL: https://staging.paysecure.net/getResponse.jsp?issucces=false]]>
            </line>
            <line>
              <![CDATA[FAIL → Payment outcome did not match expectation]]>
            </line>
          </reporter-output>
        </test-method> <!-- Purchase -->
        <test-method is-config="true" signature="tearDown(org.testng.ITestResult)[pri:0, instance:purchase.email@5ac86ba5]" started-at="2026-02-26T18:19:28 IST" name="tearDown" finished-at="2026-02-26T18:19:32 IST" duration-ms="3503" status="PASS">
          <params>
            <param index="0">
              <value>
                <![CDATA[[TestResult name=Purchase status=SUCCESS method=email.Purchase(java.util.Map,java.util.Map)[pri:0, instance:purchase.email@5ac86ba5] output=select merchant name :- SuhasM]]]>
              </value>
            </param>
          </params>
          <reporter-output>
          </reporter-output>
        </test-method> <!-- tearDown -->
        <test-method is-config="true" signature="setup()[pri:0, instance:purchase.email@5ac86ba5]" started-at="2026-02-26T18:19:32 IST" name="setup" finished-at="2026-02-26T18:19:42 IST" duration-ms="9820" status="PASS">
          <reporter-output>
          </reporter-output>
        </test-method> <!-- setup -->
        <test-method is-config="true" signature="beforeMethod()[pri:0, instance:purchase.email@5ac86ba5]" started-at="2026-02-26T18:19:42 IST" name="beforeMethod" finished-at="2026-02-26T18:19:50 IST" duration-ms="8595" status="PASS">
          <reporter-output>
            <line>
              <![CDATA[User enter ID in Username field]]>
            </line>
            <line>
              <![CDATA[User Enter Password in password field]]>
            </line>
            <line>
              <![CDATA[Click on submit button in login page]]>
            </line>
          </reporter-output>
        </test-method> <!-- beforeMethod -->
        <test-method signature="Purchase(java.util.Map,java.util.Map)[pri:0, instance:purchase.email@5ac86ba5]" started-at="2026-02-26T18:19:50 IST" name="Purchase" data-provider="EmailData" finished-at="2026-02-26T18:20:34 IST" duration-ms="43358" status="PASS">
          <params>
            <param index="0">
              <value>
                <![CDATA[{CardNumber=4900490000000626, CVV=123, RunFlag=TRUE, RouteToMidOrBank=trustpayments-network-token, PartialMerchant=Suhas, PSP=trustpayments, MaxAmount=900, CardholderName=Rohitman Sharma, Merchant=SuhasM, RouteToBankMid=Route to Mid, Currency=GBP, MinAmount=100, DefaultAmount=569, PaymentMethod=VISA, Expiry=02/29}]]>
              </value>
            </param>
            <param index="1">
              <value>
                <![CDATA[{Status=Pass, TestData=test@example.com}]]>
              </value>
            </param>
          </params>
          <reporter-output>
            <line>
              <![CDATA[Email test case will run for this PSP: trustpayments]]>
            </line>
            <line>
              <![CDATA[Amount Inputs → Min: 100.0, Max: 900.0, Provided: 569.0]]>
            </line>
            <line>
              <![CDATA[✅ Amount within valid range. Using exact value: 569.0]]>
            </line>
            <line>
              <![CDATA[Generated First Name: div1ad]]>
            </line>
            <line>
              <![CDATA[Purchase ID: 69a0416f43623aac1e06e00a]]>
            </line>
            <line>
              <![CDATA[Checkout URL: https://test4.paymentsclub.net/payments/b031cd4965ef66727f7e310e12c816a6/]]>
            </line>
            <line>
              <![CDATA[Email: test@example.com → HTTP Status: 202]]>
            </line>
            <line>
              <![CDATA[Response Body: {
    "purchaseId": "69a0416f43623aac1e06e00a",
    "client": {
        "customerId": "NA",
        "email": "test@example.com",
        "phone": "+1111111111",
        "full_name": "div1ad",
        "street_address": "Main gate",
        "country": "US",
        "city": "Paris",
        "zip_code": "20001",
        "cc": [
            
        ],
        "bcc": [
            
        ],
        "stateCode": "QLD"
    },
    "updated_on": 1772110191,
    "type": "purchase",
    "paymentMethod": "VISA",
    "amountUnit": "MAJOR",
    "errorMsg": "",
    "errorCode": "NA",
    "force_recurring": false,
    "created_on": 1772110191,
    "merchantRef": "69a0416f43623aac1e06e00a",
    "purchase": {
        "currency": "GBP",
        "products": [
            {
                "name": "Cricket bat",
                "quantity": 1.0,
                "price": 569.0,
                "discount": 0,
                "tax_percent": "0.00"
            }
        ],
        "total": 569.0,
        "requestAmount": 569.0,
        "language": "en",
        "notes": "",
        "debt": 0,
        "total_formatted": 1.0,
        "taxAmount": 0.0,
        "taxPercent": 0.0,
        "request_client_details": [
            
        ],
        "email_message": ""
    },
    "issuer_details": {
        "website": "",
        "legal_street_address": "",
        "legal_country": "",
        "legal_city": "",
        "legal_zip_code": "",
        "bank_accounts": [
            {
                
            }
        ],
        "legal_name": "practice",
        "brand_name": "practice",
        "registration_number": "",
        "tax_number": ""
    },
    "transaction_data": {
        "payment_method": "",
        "flow": "payform",
        "extra": {
            
        },
        "country": "",
        "attempts": [
            
        ]
    },
    "status": "CREATED",
    "status_history": [
        {
            "status": "created",
            "timestamp": 1772110191
        }
    ],
    "is_test": false,
    "brand_id": "04199342-5d84-4e17-a53e-5c3d6b03ebd4",
    "send_receipt": false,
    "is_recurring_token": false,
    "skip_capture": false,
    "reference_generated": "PS9423",
    "issued": "2026-02-26",
    "due": 1772110191,
    "refund_upto": 0,
    "cc_descriptor": "",
    "fraudScore": "NA",
    "trustScore": "NA",
    "extraFee": "0",
    "paidOn": 0,
    "receivedAmt": 0.0,
    "taxAmount": 0.0,
    "surcharge": 0.0,
    "surchargeType": "",
    "sessionId": "",
    "refund_availability": "NONE",
    "refundable_amount": 0.0,
    "success_redirect": "https://staging.paysecure.net/getResponse.jsp?issucces=true",
    "failure_redirect": "https://staging.paysecure.net/getResponse.jsp?issucces=false",
    "cancel_redirect": "",
    "success_callback": "https://www.google.com/",
    "failure_callback": "https://staging.paysecure.net/merchant",
    "platform": "API",
    "created_from_ip": "103.80.161.238",
    "checkout_url": "https://test4.paymentsclub.net/payments/b031cd4965ef66727f7e310e12c816a6/",
    "direct_post_url": "https://test4.paymentsclub.net/api/v1/p/69a0416f43623aac1e06e00a/",
    "payoutProcess": false
}]]>
            </line>
            <line>
              <![CDATA[Email accepted by API: test@example.com]]>
            </line>
            <line>
              <![CDATA[✓ Transaction status OK → proceeding with payment flow]]>
            </line>
            <line>
              <![CDATA[Entered Card Holder Name: Rohitman Sharma]]>
            </line>
            <line>
              <![CDATA[Entered Card Number: 4900490000000626]]>
            </line>
            <line>
              <![CDATA[Entered Card Expiry Date: 02/29]]>
            </line>
            <line>
              <![CDATA[Entered Card CVV: 123]]>
            </line>
            <line>
              <![CDATA[Moved to the Pay button]]>
            </line>
            <line>
              <![CDATA[Clicked on the Pay button to proceed with payment]]>
            </line>
            <line>
              <![CDATA[Redirected URL: https://staging.paysecure.net/getResponse.jsp?issucces=false]]>
            </line>
            <line>
              <![CDATA[FAIL → Payment outcome did not match expectation]]>
            </line>
          </reporter-output>
        </test-method> <!-- Purchase -->
        <test-method is-config="true" signature="tearDown(org.testng.ITestResult)[pri:0, instance:purchase.email@5ac86ba5]" started-at="2026-02-26T18:20:34 IST" name="tearDown" finished-at="2026-02-26T18:20:37 IST" duration-ms="3510" status="PASS">
          <params>
            <param index="0">
              <value>
                <![CDATA[[TestResult name=Purchase status=SUCCESS method=email.Purchase(java.util.Map,java.util.Map)[pri:0, instance:purchase.email@5ac86ba5] output=Email test case will run for this PSP: trustpayments]]]>
              </value>
            </param>
          </params>
          <reporter-output>
          </reporter-output>
        </test-method> <!-- tearDown -->
        <test-method is-config="true" signature="setup()[pri:0, instance:purchase.email@5ac86ba5]" started-at="2026-02-26T18:20:37 IST" name="setup" finished-at="2026-02-26T18:20:46 IST" duration-ms="9059" status="PASS">
          <reporter-output>
          </reporter-output>
        </test-method> <!-- setup -->
        <test-method is-config="true" signature="beforeMethod()[pri:0, instance:purchase.email@5ac86ba5]" started-at="2026-02-26T18:20:46 IST" name="beforeMethod" finished-at="2026-02-26T18:20:56 IST" duration-ms="9712" status="PASS">
          <reporter-output>
            <line>
              <![CDATA[User enter ID in Username field]]>
            </line>
            <line>
              <![CDATA[User Enter Password in password field]]>
            </line>
            <line>
              <![CDATA[Click on submit button in login page]]>
            </line>
          </reporter-output>
        </test-method> <!-- beforeMethod -->
        <test-method signature="Purchase(java.util.Map,java.util.Map)[pri:0, instance:purchase.email@5ac86ba5]" started-at="2026-02-26T18:20:56 IST" name="Purchase" data-provider="EmailData" finished-at="2026-02-26T18:21:38 IST" duration-ms="42572" status="PASS">
          <params>
            <param index="0">
              <value>
                <![CDATA[{CardNumber=4900490000000576, CVV=123, RunFlag=TRUE, RouteToMidOrBank=trustpayments-network-token, PartialMerchant=Suhas, PSP=trustpayments, MaxAmount=900, CardholderName=Sikandar raza, Merchant=SuhasM, RouteToBankMid=Route to Mid, Currency=GBP, MinAmount=100, DefaultAmount=569, PaymentMethod=VISA, Expiry=02/29}]]>
              </value>
            </param>
            <param index="1">
              <value>
                <![CDATA[{Status=Pass, TestData=test@example.com}]]>
              </value>
            </param>
          </params>
          <reporter-output>
            <line>
              <![CDATA[Email test case will run for this PSP: trustpayments]]>
            </line>
            <line>
              <![CDATA[Amount Inputs → Min: 100.0, Max: 900.0, Provided: 569.0]]>
            </line>
            <line>
              <![CDATA[✅ Amount within valid range. Using exact value: 569.0]]>
            </line>
            <line>
              <![CDATA[Generated First Name: div9c7]]>
            </line>
            <line>
              <![CDATA[Purchase ID: 69a041b143623aac1e06e667]]>
            </line>
            <line>
              <![CDATA[Checkout URL: https://test4.paymentsclub.net/payments/d0c00c417115bd5730b536d4a46cd957/]]>
            </line>
            <line>
              <![CDATA[Email: test@example.com → HTTP Status: 202]]>
            </line>
            <line>
              <![CDATA[Response Body: {
    "purchaseId": "69a041b143623aac1e06e667",
    "client": {
        "customerId": "NA",
        "email": "test@example.com",
        "phone": "+1111111111",
        "full_name": "div9c7",
        "street_address": "Main gate",
        "country": "US",
        "city": "Paris",
        "zip_code": "20001",
        "cc": [
            
        ],
        "bcc": [
            
        ],
        "stateCode": "QLD"
    },
    "updated_on": 1772110257,
    "type": "purchase",
    "paymentMethod": "VISA",
    "amountUnit": "MAJOR",
    "errorMsg": "",
    "errorCode": "NA",
    "force_recurring": false,
    "created_on": 1772110257,
    "merchantRef": "69a041b143623aac1e06e667",
    "purchase": {
        "currency": "GBP",
        "products": [
            {
                "name": "Cricket bat",
                "quantity": 1.0,
                "price": 569.0,
                "discount": 0,
                "tax_percent": "0.00"
            }
        ],
        "total": 569.0,
        "requestAmount": 569.0,
        "language": "en",
        "notes": "",
        "debt": 0,
        "total_formatted": 1.0,
        "taxAmount": 0.0,
        "taxPercent": 0.0,
        "request_client_details": [
            
        ],
        "email_message": ""
    },
    "issuer_details": {
        "website": "",
        "legal_street_address": "",
        "legal_country": "",
        "legal_city": "",
        "legal_zip_code": "",
        "bank_accounts": [
            {
                
            }
        ],
        "legal_name": "practice",
        "brand_name": "practice",
        "registration_number": "",
        "tax_number": ""
    },
    "transaction_data": {
        "payment_method": "",
        "flow": "payform",
        "extra": {
            
        },
        "country": "",
        "attempts": [
            
        ]
    },
    "status": "CREATED",
    "status_history": [
        {
            "status": "created",
            "timestamp": 1772110257
        }
    ],
    "is_test": false,
    "brand_id": "04199342-5d84-4e17-a53e-5c3d6b03ebd4",
    "send_receipt": false,
    "is_recurring_token": false,
    "skip_capture": false,
    "reference_generated": "PS9425",
    "issued": "2026-02-26",
    "due": 1772110257,
    "refund_upto": 0,
    "cc_descriptor": "",
    "fraudScore": "NA",
    "trustScore": "NA",
    "extraFee": "0",
    "paidOn": 0,
    "receivedAmt": 0.0,
    "taxAmount": 0.0,
    "surcharge": 0.0,
    "surchargeType": "",
    "sessionId": "",
    "refund_availability": "NONE",
    "refundable_amount": 0.0,
    "success_redirect": "https://staging.paysecure.net/getResponse.jsp?issucces=true",
    "failure_redirect": "https://staging.paysecure.net/getResponse.jsp?issucces=false",
    "cancel_redirect": "",
    "success_callback": "https://www.google.com/",
    "failure_callback": "https://staging.paysecure.net/merchant",
    "platform": "API",
    "created_from_ip": "103.80.161.238",
    "checkout_url": "https://test4.paymentsclub.net/payments/d0c00c417115bd5730b536d4a46cd957/",
    "direct_post_url": "https://test4.paymentsclub.net/api/v1/p/69a041b143623aac1e06e667/",
    "payoutProcess": false
}]]>
            </line>
            <line>
              <![CDATA[Email accepted by API: test@example.com]]>
            </line>
            <line>
              <![CDATA[✓ Transaction status OK → proceeding with payment flow]]>
            </line>
            <line>
              <![CDATA[Entered Card Holder Name: Sikandar raza]]>
            </line>
            <line>
              <![CDATA[Entered Card Number: 4900490000000576]]>
            </line>
            <line>
              <![CDATA[Entered Card Expiry Date: 02/29]]>
            </line>
            <line>
              <![CDATA[Entered Card CVV: 123]]>
            </line>
            <line>
              <![CDATA[Moved to the Pay button]]>
            </line>
            <line>
              <![CDATA[Clicked on the Pay button to proceed with payment]]>
            </line>
            <line>
              <![CDATA[Redirected URL: https://staging.paysecure.net/getResponse.jsp?issucces=false]]>
            </line>
            <line>
              <![CDATA[FAIL → Payment outcome did not match expectation]]>
            </line>
          </reporter-output>
        </test-method> <!-- Purchase -->
        <test-method is-config="true" signature="tearDown(org.testng.ITestResult)[pri:0, instance:purchase.email@5ac86ba5]" started-at="2026-02-26T18:21:39 IST" name="tearDown" finished-at="2026-02-26T18:21:42 IST" duration-ms="3387" status="PASS">
          <params>
            <param index="0">
              <value>
                <![CDATA[[TestResult name=Purchase status=SUCCESS method=email.Purchase(java.util.Map,java.util.Map)[pri:0, instance:purchase.email@5ac86ba5] output=Email test case will run for this PSP: trustpayments]]]>
              </value>
            </param>
          </params>
          <reporter-output>
          </reporter-output>
        </test-method> <!-- tearDown -->
      </class> <!-- purchase.email -->
    </test> <!-- Default test -->
  </suite> <!-- Default suite -->
</testng-results>
