<?xml version="1.0" encoding="UTF-8"?>
<testng-results ignored="0" total="3" passed="3" failed="0" skipped="0">
  <reporter-output>
    <line>
      <![CDATA[User enter ID in Username field]]>
    </line>
    <line>
      <![CDATA[User Enter Password in password field]]>
    </line>
    <line>
      <![CDATA[Click on submit button in login page]]>
    </line>
    <line>
      <![CDATA[Generated Amount: 6837.34 (Range: 900.0 - 10000.0)]]>
    </line>
    <line>
      <![CDATA[Generated First Name: johnefa]]>
    </line>
    <line>
      <![CDATA[Generated Email: nairobiPalermo6a08a@gmail.com]]>
    </line>
    <line>
      <![CDATA[purchaseId is not null]]>
    </line>
    <line>
      <![CDATA[purchaseId is not empty]]>
    </line>
    <line>
      <![CDATA[purchaseId format is valid: 696e19afae5115852ee5a5ed]]>
    </line>
    <line>
      <![CDATA[purchaseId length is 24]]>
    </line>
    <line>
      <![CDATA[purchaseId validated successfully: 696e19afae5115852ee5a5ed]]>
    </line>
    <line>
      <![CDATA[Entered Card Holder Name: Rohitman Sharma]]>
    </line>
    <line>
      <![CDATA[Entered Card Number: 4012888888881881]]>
    </line>
    <line>
      <![CDATA[Entered Card Expiry Date: 10/27]]>
    </line>
    <line>
      <![CDATA[Entered Card CVV: 000]]>
    </line>
    <line>
      <![CDATA[Moved to the Pay button]]>
    </line>
    <line>
      <![CDATA[Clicked on the Pay button to proceed with payment]]>
    </line>
    <line>
      <![CDATA[Redirected URL: https://staging.paysecure.net/getResponse.jsp?issucces=true]]>
    </line>
    <line>
      <![CDATA[Payment Successfully]]>
    </line>
    <line>
      <![CDATA[ Opened staging environment in a new browser tab]]>
    </line>
    <line>
      <![CDATA[User enter ID in Username field]]>
    </line>
    <line>
      <![CDATA[User Enter Password in password field]]>
    </line>
    <line>
      <![CDATA[Click on submit button in login page]]>
    </line>
    <line>
      <![CDATA[ Entered Transaction ID: 696e19afae5115852ee5a5ed]]>
    </line>
    <line>
      <![CDATA[ Clicked on Search button]]>
    </line>
    <line>
      <![CDATA[UI transaction ID: 696e19afae5115852ee5a5ed]]>
    </line>
    <line>
      <![CDATA[API transaction ID: 696e19afae5115852ee5a5ed]]>
    </line>
    <line>
      <![CDATA[Transaction ID verified successfully]]>
    </line>
    <line>
      <![CDATA[UI Amount (raw): 6,837.34]]>
    </line>
    <line>
      <![CDATA[API Amount: 6837.34]]>
    </line>
    <line>
      <![CDATA[UI Amount (parsed): 6837.34]]>
    </line>
    <line>
      <![CDATA[Currency conversion NOT applied]]>
    </line>
    <line>
      <![CDATA[Amount verified successfully]]>
    </line>
    <line>
      <![CDATA[UI Currency: EUR]]>
    </line>
    <line>
      <![CDATA[API Currency: EUR]]>
    </line>
    <line>
      <![CDATA[Currency matched correctly]]>
    </line>
    <line>
      <![CDATA[Currency verified successfully]]>
    </line>
    <line>
      <![CDATA[Expected Masked Card: 40128888****1881]]>
    </line>
    <line>
      <![CDATA[UI Masked Card: 40128888****1881]]>
    </line>
    <line>
      <![CDATA[ Clicked on first Transaction ID from list]]>
    </line>
    <line>
      <![CDATA[Purchase Transaction ID is not empty or not null]]>
    </line>
    <line>
      <![CDATA[UI Currency: EUR]]>
    </line>
    <line>
      <![CDATA[Payment Info Currency: EUR]]>
    </line>
    <line>
      <![CDATA[Currency on Payment Info verified successfully]]>
    </line>
    <line>
      <![CDATA[UI Amount: 6837.34]]>
    </line>
    <line>
      <![CDATA[Payment Info Amount: 6837.34]]>
    </line>
    <line>
      <![CDATA[Amount on Payment Info verified successfully]]>
    </line>
    <line>
      <![CDATA[User enter ID in Username field]]>
    </line>
    <line>
      <![CDATA[User Enter Password in password field]]>
    </line>
    <line>
      <![CDATA[Click on submit button in login page]]>
    </line>
    <line>
      <![CDATA[Generated Amount: 2097.42 (Range: 900.0 - 10000.0)]]>
    </line>
    <line>
      <![CDATA[Generated First Name: john919]]>
    </line>
    <line>
      <![CDATA[Generated Email: nairobiPalermoedfc3@gmail.com]]>
    </line>
    <line>
      <![CDATA[purchaseId is not null]]>
    </line>
    <line>
      <![CDATA[purchaseId is not empty]]>
    </line>
    <line>
      <![CDATA[purchaseId format is valid: 696e19daae5115852ee5a904]]>
    </line>
    <line>
      <![CDATA[purchaseId length is 24]]>
    </line>
    <line>
      <![CDATA[purchaseId validated successfully: 696e19daae5115852ee5a904]]>
    </line>
    <line>
      <![CDATA[Entered Card Holder Name: Rohitman Sharma]]>
    </line>
    <line>
      <![CDATA[Entered Card Number: 4012888888881881]]>
    </line>
    <line>
      <![CDATA[Entered Card Expiry Date: 10/27]]>
    </line>
    <line>
      <![CDATA[Entered Card CVV: 000]]>
    </line>
    <line>
      <![CDATA[Moved to the Pay button]]>
    </line>
    <line>
      <![CDATA[Clicked on the Pay button to proceed with payment]]>
    </line>
    <line>
      <![CDATA[Redirected URL: https://staging.paysecure.net/getResponse.jsp?issucces=true]]>
    </line>
    <line>
      <![CDATA[Payment Successfully]]>
    </line>
    <line>
      <![CDATA[ Opened staging environment in a new browser tab]]>
    </line>
    <line>
      <![CDATA[User enter ID in Username field]]>
    </line>
    <line>
      <![CDATA[User Enter Password in password field]]>
    </line>
    <line>
      <![CDATA[Click on submit button in login page]]>
    </line>
    <line>
      <![CDATA[ Entered Transaction ID: 696e19daae5115852ee5a904]]>
    </line>
    <line>
      <![CDATA[ Clicked on Search button]]>
    </line>
    <line>
      <![CDATA[UI transaction ID: 696e19daae5115852ee5a904]]>
    </line>
    <line>
      <![CDATA[API transaction ID: 696e19daae5115852ee5a904]]>
    </line>
    <line>
      <![CDATA[Transaction ID verified successfully]]>
    </line>
    <line>
      <![CDATA[UI Amount (raw): 2,097.42]]>
    </line>
    <line>
      <![CDATA[API Amount: 2097.42]]>
    </line>
    <line>
      <![CDATA[UI Amount (parsed): 2097.42]]>
    </line>
    <line>
      <![CDATA[Currency conversion NOT applied]]>
    </line>
    <line>
      <![CDATA[Amount verified successfully]]>
    </line>
    <line>
      <![CDATA[UI Currency: EUR]]>
    </line>
    <line>
      <![CDATA[API Currency: EUR]]>
    </line>
    <line>
      <![CDATA[Currency matched correctly]]>
    </line>
    <line>
      <![CDATA[Currency verified successfully]]>
    </line>
    <line>
      <![CDATA[Expected Masked Card: 40128888****1881]]>
    </line>
    <line>
      <![CDATA[UI Masked Card: 40128888****1881]]>
    </line>
    <line>
      <![CDATA[ Clicked on first Transaction ID from list]]>
    </line>
    <line>
      <![CDATA[Purchase Transaction ID is not empty or not null]]>
    </line>
    <line>
      <![CDATA[UI Currency: EUR]]>
    </line>
    <line>
      <![CDATA[Payment Info Currency: EUR]]>
    </line>
    <line>
      <![CDATA[Currency on Payment Info verified successfully]]>
    </line>
    <line>
      <![CDATA[UI Amount: 2097.42]]>
    </line>
    <line>
      <![CDATA[Payment Info Amount: 2097.42]]>
    </line>
    <line>
      <![CDATA[Amount on Payment Info verified successfully]]>
    </line>
    <line>
      <![CDATA[User enter ID in Username field]]>
    </line>
    <line>
      <![CDATA[User Enter Password in password field]]>
    </line>
    <line>
      <![CDATA[Click on submit button in login page]]>
    </line>
    <line>
      <![CDATA[Generated Amount: 1285.30 (Range: 900.0 - 10000.0)]]>
    </line>
    <line>
      <![CDATA[Generated First Name: john9b8]]>
    </line>
    <line>
      <![CDATA[Generated Email: nairobiPalermo05f26@gmail.com]]>
    </line>
    <line>
      <![CDATA[purchaseId is not null]]>
    </line>
    <line>
      <![CDATA[purchaseId is not empty]]>
    </line>
    <line>
      <![CDATA[purchaseId format is valid: 696e19ffae5115852ee5ac2b]]>
    </line>
    <line>
      <![CDATA[purchaseId length is 24]]>
    </line>
    <line>
      <![CDATA[purchaseId validated successfully: 696e19ffae5115852ee5ac2b]]>
    </line>
    <line>
      <![CDATA[Entered Card Holder Name: Rohitman Sharma]]>
    </line>
    <line>
      <![CDATA[Entered Card Number: 4012888888881881]]>
    </line>
    <line>
      <![CDATA[Entered Card Expiry Date: 10/27]]>
    </line>
    <line>
      <![CDATA[Entered Card CVV: 000]]>
    </line>
    <line>
      <![CDATA[Moved to the Pay button]]>
    </line>
    <line>
      <![CDATA[Clicked on the Pay button to proceed with payment]]>
    </line>
    <line>
      <![CDATA[Redirected URL: https://staging.paysecure.net/getResponse.jsp?issucces=true]]>
    </line>
    <line>
      <![CDATA[Payment Successfully]]>
    </line>
    <line>
      <![CDATA[ Opened staging environment in a new browser tab]]>
    </line>
    <line>
      <![CDATA[User enter ID in Username field]]>
    </line>
    <line>
      <![CDATA[User Enter Password in password field]]>
    </line>
    <line>
      <![CDATA[Click on submit button in login page]]>
    </line>
    <line>
      <![CDATA[ Entered Transaction ID: 696e19ffae5115852ee5ac2b]]>
    </line>
    <line>
      <![CDATA[ Clicked on Search button]]>
    </line>
    <line>
      <![CDATA[UI transaction ID: 696e19ffae5115852ee5ac2b]]>
    </line>
    <line>
      <![CDATA[API transaction ID: 696e19ffae5115852ee5ac2b]]>
    </line>
    <line>
      <![CDATA[Transaction ID verified successfully]]>
    </line>
    <line>
      <![CDATA[UI Amount (raw): 1,285.3]]>
    </line>
    <line>
      <![CDATA[API Amount: 1285.3]]>
    </line>
    <line>
      <![CDATA[UI Amount (parsed): 1285.3]]>
    </line>
    <line>
      <![CDATA[Currency conversion NOT applied]]>
    </line>
    <line>
      <![CDATA[Amount verified successfully]]>
    </line>
    <line>
      <![CDATA[UI Currency: EUR]]>
    </line>
    <line>
      <![CDATA[API Currency: EUR]]>
    </line>
    <line>
      <![CDATA[Currency matched correctly]]>
    </line>
    <line>
      <![CDATA[Currency verified successfully]]>
    </line>
    <line>
      <![CDATA[Expected Masked Card: 40128888****1881]]>
    </line>
    <line>
      <![CDATA[UI Masked Card: 40128888****1881]]>
    </line>
    <line>
      <![CDATA[ Clicked on first Transaction ID from list]]>
    </line>
    <line>
      <![CDATA[Purchase Transaction ID is not empty or not null]]>
    </line>
    <line>
      <![CDATA[UI Currency: EUR]]>
    </line>
    <line>
      <![CDATA[Payment Info Currency: EUR]]>
    </line>
    <line>
      <![CDATA[Currency on Payment Info verified successfully]]>
    </line>
    <line>
      <![CDATA[UI Amount: 1285.3]]>
    </line>
    <line>
      <![CDATA[Payment Info Amount: 1285.3]]>
    </line>
    <line>
      <![CDATA[Amount on Payment Info verified successfully]]>
    </line>
  </reporter-output>
  <suite started-at="2026-01-19T17:16:29 IST" name="Default suite" finished-at="2026-01-19T17:18:47 IST" duration-ms="137920">
    <groups>
    </groups>
    <test started-at="2026-01-19T17:16:29 IST" name="Default test" finished-at="2026-01-19T17:18:47 IST" duration-ms="137920">
      <class name="PSPCardsIntegrations.matrixEndToEndFlow">
        <test-method is-config="true" signature="loadConfig()[pri:0, instance:PSPCardsIntegrations.matrixEndToEndFlow@2cf92cc7]" started-at="2026-01-19T17:16:29 IST" name="loadConfig" finished-at="2026-01-19T17:16:29 IST" duration-ms="24" status="PASS">
          <reporter-output>
          </reporter-output>
        </test-method> <!-- loadConfig -->
        <test-method is-config="true" signature="setup()[pri:0, instance:PSPCardsIntegrations.matrixEndToEndFlow@2cf92cc7]" started-at="2026-01-19T17:16:30 IST" name="setup" finished-at="2026-01-19T17:16:36 IST" duration-ms="6276" status="PASS">
          <reporter-output>
          </reporter-output>
        </test-method> <!-- setup -->
        <test-method is-config="true" signature="beforeMethod()[pri:0, instance:PSPCardsIntegrations.matrixEndToEndFlow@2cf92cc7]" started-at="2026-01-19T17:16:36 IST" name="beforeMethod" finished-at="2026-01-19T17:16:51 IST" duration-ms="14134" status="PASS">
          <reporter-output>
            <line>
              <![CDATA[User enter ID in Username field]]>
            </line>
            <line>
              <![CDATA[User Enter Password in password field]]>
            </line>
            <line>
              <![CDATA[Click on submit button in login page]]>
            </line>
          </reporter-output>
        </test-method> <!-- beforeMethod -->
        <test-method signature="purchase(java.util.Map)[pri:0, instance:PSPCardsIntegrations.matrixEndToEndFlow@2cf92cc7]" started-at="2026-01-19T17:16:51 IST" name="purchase" data-provider="Matrix" finished-at="2026-01-19T17:17:22 IST" duration-ms="31484" status="PASS">
          <params>
            <param index="0">
              <value>
                <![CDATA[{CardholderName=Rohitman Sharma, CardNumber=4012888888881881, CVV=000, RunFlag=TRUE, Currency=EUR, PaymentMethod=VISA, PSP=Matrix, Expiry=10/27, ExpectedOutcome=Pass}]]>
              </value>
            </param>
          </params>
          <reporter-output>
            <line>
              <![CDATA[Generated Amount: 6837.34 (Range: 900.0 - 10000.0)]]>
            </line>
            <line>
              <![CDATA[Generated First Name: johnefa]]>
            </line>
            <line>
              <![CDATA[Generated Email: nairobiPalermo6a08a@gmail.com]]>
            </line>
            <line>
              <![CDATA[purchaseId is not null]]>
            </line>
            <line>
              <![CDATA[purchaseId is not empty]]>
            </line>
            <line>
              <![CDATA[purchaseId format is valid: 696e19afae5115852ee5a5ed]]>
            </line>
            <line>
              <![CDATA[purchaseId length is 24]]>
            </line>
            <line>
              <![CDATA[purchaseId validated successfully: 696e19afae5115852ee5a5ed]]>
            </line>
            <line>
              <![CDATA[Entered Card Holder Name: Rohitman Sharma]]>
            </line>
            <line>
              <![CDATA[Entered Card Number: 4012888888881881]]>
            </line>
            <line>
              <![CDATA[Entered Card Expiry Date: 10/27]]>
            </line>
            <line>
              <![CDATA[Entered Card CVV: 000]]>
            </line>
            <line>
              <![CDATA[Moved to the Pay button]]>
            </line>
            <line>
              <![CDATA[Clicked on the Pay button to proceed with payment]]>
            </line>
            <line>
              <![CDATA[Redirected URL: https://staging.paysecure.net/getResponse.jsp?issucces=true]]>
            </line>
            <line>
              <![CDATA[Payment Successfully]]>
            </line>
            <line>
              <![CDATA[ Opened staging environment in a new browser tab]]>
            </line>
            <line>
              <![CDATA[User enter ID in Username field]]>
            </line>
            <line>
              <![CDATA[User Enter Password in password field]]>
            </line>
            <line>
              <![CDATA[Click on submit button in login page]]>
            </line>
            <line>
              <![CDATA[ Entered Transaction ID: 696e19afae5115852ee5a5ed]]>
            </line>
            <line>
              <![CDATA[ Clicked on Search button]]>
            </line>
            <line>
              <![CDATA[UI transaction ID: 696e19afae5115852ee5a5ed]]>
            </line>
            <line>
              <![CDATA[API transaction ID: 696e19afae5115852ee5a5ed]]>
            </line>
            <line>
              <![CDATA[Transaction ID verified successfully]]>
            </line>
            <line>
              <![CDATA[UI Amount (raw): 6,837.34]]>
            </line>
            <line>
              <![CDATA[API Amount: 6837.34]]>
            </line>
            <line>
              <![CDATA[UI Amount (parsed): 6837.34]]>
            </line>
            <line>
              <![CDATA[Currency conversion NOT applied]]>
            </line>
            <line>
              <![CDATA[Amount verified successfully]]>
            </line>
            <line>
              <![CDATA[UI Currency: EUR]]>
            </line>
            <line>
              <![CDATA[API Currency: EUR]]>
            </line>
            <line>
              <![CDATA[Currency matched correctly]]>
            </line>
            <line>
              <![CDATA[Currency verified successfully]]>
            </line>
            <line>
              <![CDATA[Expected Masked Card: 40128888****1881]]>
            </line>
            <line>
              <![CDATA[UI Masked Card: 40128888****1881]]>
            </line>
            <line>
              <![CDATA[ Clicked on first Transaction ID from list]]>
            </line>
            <line>
              <![CDATA[Purchase Transaction ID is not empty or not null]]>
            </line>
            <line>
              <![CDATA[UI Currency: EUR]]>
            </line>
            <line>
              <![CDATA[Payment Info Currency: EUR]]>
            </line>
            <line>
              <![CDATA[Currency on Payment Info verified successfully]]>
            </line>
            <line>
              <![CDATA[UI Amount: 6837.34]]>
            </line>
            <line>
              <![CDATA[Payment Info Amount: 6837.34]]>
            </line>
            <line>
              <![CDATA[Amount on Payment Info verified successfully]]>
            </line>
          </reporter-output>
        </test-method> <!-- purchase -->
        <test-method is-config="true" signature="tearDown(org.testng.ITestResult)[pri:0, instance:PSPCardsIntegrations.matrixEndToEndFlow@2cf92cc7]" started-at="2026-01-19T17:17:22 IST" name="tearDown" finished-at="2026-01-19T17:17:25 IST" duration-ms="3017" status="PASS">
          <params>
            <param index="0">
              <value>
                <![CDATA[[TestResult name=purchase status=SUCCESS method=matrixEndToEndFlow.purchase(java.util.Map)[pri:0, instance:PSPCardsIntegrations.matrixEndToEndFlow@2cf92cc7] output=Generated Amount: 6837.34 (Range: 900.0 - 10000.0)]]]>
              </value>
            </param>
          </params>
          <reporter-output>
          </reporter-output>
        </test-method> <!-- tearDown -->
        <test-method is-config="true" signature="setup()[pri:0, instance:PSPCardsIntegrations.matrixEndToEndFlow@2cf92cc7]" started-at="2026-01-19T17:17:25 IST" name="setup" finished-at="2026-01-19T17:17:30 IST" duration-ms="5120" status="PASS">
          <reporter-output>
          </reporter-output>
        </test-method> <!-- setup -->
        <test-method is-config="true" signature="beforeMethod()[pri:0, instance:PSPCardsIntegrations.matrixEndToEndFlow@2cf92cc7]" started-at="2026-01-19T17:17:30 IST" name="beforeMethod" finished-at="2026-01-19T17:17:38 IST" duration-ms="8100" status="PASS">
          <reporter-output>
            <line>
              <![CDATA[User enter ID in Username field]]>
            </line>
            <line>
              <![CDATA[User Enter Password in password field]]>
            </line>
            <line>
              <![CDATA[Click on submit button in login page]]>
            </line>
          </reporter-output>
        </test-method> <!-- beforeMethod -->
        <test-method signature="purchase(java.util.Map)[pri:0, instance:PSPCardsIntegrations.matrixEndToEndFlow@2cf92cc7]" started-at="2026-01-19T17:17:38 IST" name="purchase" data-provider="Matrix" finished-at="2026-01-19T17:18:05 IST" duration-ms="26360" status="PASS">
          <params>
            <param index="0">
              <value>
                <![CDATA[{CardholderName=Rohitman Sharma, CardNumber=4012888888881881, CVV=000, RunFlag=TRUE, Currency=EUR, PaymentMethod=VISA, PSP=Matrix, Expiry=10/27, ExpectedOutcome=Pass}]]>
              </value>
            </param>
          </params>
          <reporter-output>
            <line>
              <![CDATA[Generated Amount: 2097.42 (Range: 900.0 - 10000.0)]]>
            </line>
            <line>
              <![CDATA[Generated First Name: john919]]>
            </line>
            <line>
              <![CDATA[Generated Email: nairobiPalermoedfc3@gmail.com]]>
            </line>
            <line>
              <![CDATA[purchaseId is not null]]>
            </line>
            <line>
              <![CDATA[purchaseId is not empty]]>
            </line>
            <line>
              <![CDATA[purchaseId format is valid: 696e19daae5115852ee5a904]]>
            </line>
            <line>
              <![CDATA[purchaseId length is 24]]>
            </line>
            <line>
              <![CDATA[purchaseId validated successfully: 696e19daae5115852ee5a904]]>
            </line>
            <line>
              <![CDATA[Entered Card Holder Name: Rohitman Sharma]]>
            </line>
            <line>
              <![CDATA[Entered Card Number: 4012888888881881]]>
            </line>
            <line>
              <![CDATA[Entered Card Expiry Date: 10/27]]>
            </line>
            <line>
              <![CDATA[Entered Card CVV: 000]]>
            </line>
            <line>
              <![CDATA[Moved to the Pay button]]>
            </line>
            <line>
              <![CDATA[Clicked on the Pay button to proceed with payment]]>
            </line>
            <line>
              <![CDATA[Redirected URL: https://staging.paysecure.net/getResponse.jsp?issucces=true]]>
            </line>
            <line>
              <![CDATA[Payment Successfully]]>
            </line>
            <line>
              <![CDATA[ Opened staging environment in a new browser tab]]>
            </line>
            <line>
              <![CDATA[User enter ID in Username field]]>
            </line>
            <line>
              <![CDATA[User Enter Password in password field]]>
            </line>
            <line>
              <![CDATA[Click on submit button in login page]]>
            </line>
            <line>
              <![CDATA[ Entered Transaction ID: 696e19daae5115852ee5a904]]>
            </line>
            <line>
              <![CDATA[ Clicked on Search button]]>
            </line>
            <line>
              <![CDATA[UI transaction ID: 696e19daae5115852ee5a904]]>
            </line>
            <line>
              <![CDATA[API transaction ID: 696e19daae5115852ee5a904]]>
            </line>
            <line>
              <![CDATA[Transaction ID verified successfully]]>
            </line>
            <line>
              <![CDATA[UI Amount (raw): 2,097.42]]>
            </line>
            <line>
              <![CDATA[API Amount: 2097.42]]>
            </line>
            <line>
              <![CDATA[UI Amount (parsed): 2097.42]]>
            </line>
            <line>
              <![CDATA[Currency conversion NOT applied]]>
            </line>
            <line>
              <![CDATA[Amount verified successfully]]>
            </line>
            <line>
              <![CDATA[UI Currency: EUR]]>
            </line>
            <line>
              <![CDATA[API Currency: EUR]]>
            </line>
            <line>
              <![CDATA[Currency matched correctly]]>
            </line>
            <line>
              <![CDATA[Currency verified successfully]]>
            </line>
            <line>
              <![CDATA[Expected Masked Card: 40128888****1881]]>
            </line>
            <line>
              <![CDATA[UI Masked Card: 40128888****1881]]>
            </line>
            <line>
              <![CDATA[ Clicked on first Transaction ID from list]]>
            </line>
            <line>
              <![CDATA[Purchase Transaction ID is not empty or not null]]>
            </line>
            <line>
              <![CDATA[UI Currency: EUR]]>
            </line>
            <line>
              <![CDATA[Payment Info Currency: EUR]]>
            </line>
            <line>
              <![CDATA[Currency on Payment Info verified successfully]]>
            </line>
            <line>
              <![CDATA[UI Amount: 2097.42]]>
            </line>
            <line>
              <![CDATA[Payment Info Amount: 2097.42]]>
            </line>
            <line>
              <![CDATA[Amount on Payment Info verified successfully]]>
            </line>
          </reporter-output>
        </test-method> <!-- purchase -->
        <test-method is-config="true" signature="tearDown(org.testng.ITestResult)[pri:0, instance:PSPCardsIntegrations.matrixEndToEndFlow@2cf92cc7]" started-at="2026-01-19T17:18:05 IST" name="tearDown" finished-at="2026-01-19T17:18:08 IST" duration-ms="3007" status="PASS">
          <params>
            <param index="0">
              <value>
                <![CDATA[[TestResult name=purchase status=SUCCESS method=matrixEndToEndFlow.purchase(java.util.Map)[pri:0, instance:PSPCardsIntegrations.matrixEndToEndFlow@2cf92cc7] output=Generated Amount: 2097.42 (Range: 900.0 - 10000.0)]]]>
              </value>
            </param>
          </params>
          <reporter-output>
          </reporter-output>
        </test-method> <!-- tearDown -->
        <test-method is-config="true" signature="setup()[pri:0, instance:PSPCardsIntegrations.matrixEndToEndFlow@2cf92cc7]" started-at="2026-01-19T17:18:08 IST" name="setup" finished-at="2026-01-19T17:18:13 IST" duration-ms="5320" status="PASS">
          <reporter-output>
          </reporter-output>
        </test-method> <!-- setup -->
        <test-method is-config="true" signature="beforeMethod()[pri:0, instance:PSPCardsIntegrations.matrixEndToEndFlow@2cf92cc7]" started-at="2026-01-19T17:18:13 IST" name="beforeMethod" finished-at="2026-01-19T17:18:16 IST" duration-ms="2742" status="PASS">
          <reporter-output>
            <line>
              <![CDATA[User enter ID in Username field]]>
            </line>
            <line>
              <![CDATA[User Enter Password in password field]]>
            </line>
            <line>
              <![CDATA[Click on submit button in login page]]>
            </line>
          </reporter-output>
        </test-method> <!-- beforeMethod -->
        <test-method signature="purchase(java.util.Map)[pri:0, instance:PSPCardsIntegrations.matrixEndToEndFlow@2cf92cc7]" started-at="2026-01-19T17:18:16 IST" name="purchase" data-provider="Matrix" finished-at="2026-01-19T17:18:44 IST" duration-ms="27807" status="PASS">
          <params>
            <param index="0">
              <value>
                <![CDATA[{CardholderName=Rohitman Sharma, CardNumber=4012888888881881, CVV=000, RunFlag=TRUE, Currency=EUR, PaymentMethod=VISA, PSP=Matrix, Expiry=10/27, ExpectedOutcome=Pass}]]>
              </value>
            </param>
          </params>
          <reporter-output>
            <line>
              <![CDATA[Generated Amount: 1285.30 (Range: 900.0 - 10000.0)]]>
            </line>
            <line>
              <![CDATA[Generated First Name: john9b8]]>
            </line>
            <line>
              <![CDATA[Generated Email: nairobiPalermo05f26@gmail.com]]>
            </line>
            <line>
              <![CDATA[purchaseId is not null]]>
            </line>
            <line>
              <![CDATA[purchaseId is not empty]]>
            </line>
            <line>
              <![CDATA[purchaseId format is valid: 696e19ffae5115852ee5ac2b]]>
            </line>
            <line>
              <![CDATA[purchaseId length is 24]]>
            </line>
            <line>
              <![CDATA[purchaseId validated successfully: 696e19ffae5115852ee5ac2b]]>
            </line>
            <line>
              <![CDATA[Entered Card Holder Name: Rohitman Sharma]]>
            </line>
            <line>
              <![CDATA[Entered Card Number: 4012888888881881]]>
            </line>
            <line>
              <![CDATA[Entered Card Expiry Date: 10/27]]>
            </line>
            <line>
              <![CDATA[Entered Card CVV: 000]]>
            </line>
            <line>
              <![CDATA[Moved to the Pay button]]>
            </line>
            <line>
              <![CDATA[Clicked on the Pay button to proceed with payment]]>
            </line>
            <line>
              <![CDATA[Redirected URL: https://staging.paysecure.net/getResponse.jsp?issucces=true]]>
            </line>
            <line>
              <![CDATA[Payment Successfully]]>
            </line>
            <line>
              <![CDATA[ Opened staging environment in a new browser tab]]>
            </line>
            <line>
              <![CDATA[User enter ID in Username field]]>
            </line>
            <line>
              <![CDATA[User Enter Password in password field]]>
            </line>
            <line>
              <![CDATA[Click on submit button in login page]]>
            </line>
            <line>
              <![CDATA[ Entered Transaction ID: 696e19ffae5115852ee5ac2b]]>
            </line>
            <line>
              <![CDATA[ Clicked on Search button]]>
            </line>
            <line>
              <![CDATA[UI transaction ID: 696e19ffae5115852ee5ac2b]]>
            </line>
            <line>
              <![CDATA[API transaction ID: 696e19ffae5115852ee5ac2b]]>
            </line>
            <line>
              <![CDATA[Transaction ID verified successfully]]>
            </line>
            <line>
              <![CDATA[UI Amount (raw): 1,285.3]]>
            </line>
            <line>
              <![CDATA[API Amount: 1285.3]]>
            </line>
            <line>
              <![CDATA[UI Amount (parsed): 1285.3]]>
            </line>
            <line>
              <![CDATA[Currency conversion NOT applied]]>
            </line>
            <line>
              <![CDATA[Amount verified successfully]]>
            </line>
            <line>
              <![CDATA[UI Currency: EUR]]>
            </line>
            <line>
              <![CDATA[API Currency: EUR]]>
            </line>
            <line>
              <![CDATA[Currency matched correctly]]>
            </line>
            <line>
              <![CDATA[Currency verified successfully]]>
            </line>
            <line>
              <![CDATA[Expected Masked Card: 40128888****1881]]>
            </line>
            <line>
              <![CDATA[UI Masked Card: 40128888****1881]]>
            </line>
            <line>
              <![CDATA[ Clicked on first Transaction ID from list]]>
            </line>
            <line>
              <![CDATA[Purchase Transaction ID is not empty or not null]]>
            </line>
            <line>
              <![CDATA[UI Currency: EUR]]>
            </line>
            <line>
              <![CDATA[Payment Info Currency: EUR]]>
            </line>
            <line>
              <![CDATA[Currency on Payment Info verified successfully]]>
            </line>
            <line>
              <![CDATA[UI Amount: 1285.3]]>
            </line>
            <line>
              <![CDATA[Payment Info Amount: 1285.3]]>
            </line>
            <line>
              <![CDATA[Amount on Payment Info verified successfully]]>
            </line>
          </reporter-output>
        </test-method> <!-- purchase -->
        <test-method is-config="true" signature="tearDown(org.testng.ITestResult)[pri:0, instance:PSPCardsIntegrations.matrixEndToEndFlow@2cf92cc7]" started-at="2026-01-19T17:18:44 IST" name="tearDown" finished-at="2026-01-19T17:18:47 IST" duration-ms="3012" status="PASS">
          <params>
            <param index="0">
              <value>
                <![CDATA[[TestResult name=purchase status=SUCCESS method=matrixEndToEndFlow.purchase(java.util.Map)[pri:0, instance:PSPCardsIntegrations.matrixEndToEndFlow@2cf92cc7] output=Generated Amount: 1285.30 (Range: 900.0 - 10000.0)]]]>
              </value>
            </param>
          </params>
          <reporter-output>
          </reporter-output>
        </test-method> <!-- tearDown -->
      </class> <!-- PSPCardsIntegrations.matrixEndToEndFlow -->
    </test> <!-- Default test -->
  </suite> <!-- Default suite -->
</testng-results>
