<?xml version="1.0" encoding="UTF-8"?>
<testng-results ignored="0" total="1" passed="1" failed="0" skipped="0">
  <reporter-output>
    <line>
      <![CDATA[User enter ID in Username field]]>
    </line>
    <line>
      <![CDATA[User Enter Password in password field]]>
    </line>
    <line>
      <![CDATA[Click on submit button in login page]]>
    </line>
    <line>
      <![CDATA[select merchant name :- SuhasM]]>
    </line>
    <line>
      <![CDATA[select merchant name :- AED]]>
    </line>
    <line>
      <![CDATA[select merchant name :- MASTER]]>
    </line>
    <line>
      <![CDATA[Fetching details for Limit and Charges]]>
    </line>
    <line>
      <![CDATA[Details fetched successfully]]>
    </line>
    <line>
      <![CDATA[Email test case will run for this PSP: ccavenue]]>
    </line>
    <line>
      <![CDATA[Amount Inputs → Min: 100.0, Max: 900.0, Provided: 369.0]]>
    </line>
    <line>
      <![CDATA[✅ Amount within valid range. Using exact value: 369.0]]>
    </line>
    <line>
      <![CDATA[Generated First Name: div7e9]]>
    </line>
    <line>
      <![CDATA[Purchase ID: 69afc81aba1acbaab1c95d5f]]>
    </line>
    <line>
      <![CDATA[Checkout URL: https://test4.paymentsclub.net/payments/9408823595241091896b1e97676d9228/]]>
    </line>
    <line>
      <![CDATA[Email: test123@example.com → HTTP Status: 202]]>
    </line>
    <line>
      <![CDATA[Response Body: {
    "purchaseId": "69afc81aba1acbaab1c95d5f",
    "client": {
        "customerId": "NA",
        "email": "test123@example.com",
        "phone": "+1111111111",
        "full_name": "div7e9",
        "street_address": "Main gate",
        "country": "US",
        "city": "Paris",
        "zip_code": "20001",
        "cc": [
            
        ],
        "bcc": [
            
        ],
        "stateCode": "QLD"
    },
    "updated_on": 1773127706,
    "type": "purchase",
    "paymentMethod": "MASTER",
    "amountUnit": "MAJOR",
    "errorMsg": "",
    "errorCode": "NA",
    "force_recurring": false,
    "created_on": 1773127706,
    "merchantRef": "69afc81aba1acbaab1c95d5f",
    "purchase": {
        "currency": "AED",
        "products": [
            {
                "name": "Cricket bat",
                "quantity": 1.0,
                "price": 369.0,
                "discount": 0,
                "tax_percent": "0.00"
            }
        ],
        "total": 369.0,
        "requestAmount": 369.0,
        "language": "en",
        "notes": "",
        "debt": 0,
        "total_formatted": 1.0,
        "taxAmount": 0.0,
        "taxPercent": 0.0,
        "request_client_details": [
            
        ],
        "email_message": ""
    },
    "issuer_details": {
        "website": "",
        "legal_street_address": "",
        "legal_country": "",
        "legal_city": "",
        "legal_zip_code": "",
        "bank_accounts": [
            {
                
            }
        ],
        "legal_name": "practice",
        "brand_name": "practice",
        "registration_number": "",
        "tax_number": ""
    },
    "transaction_data": {
        "payment_method": "",
        "flow": "payform",
        "extra": {
            
        },
        "country": "",
        "attempts": [
            
        ]
    },
    "status": "CREATED",
    "status_history": [
        {
            "status": "created",
            "timestamp": 1773127706
        }
    ],
    "is_test": false,
    "brand_id": "04199342-5d84-4e17-a53e-5c3d6b03ebd4",
    "send_receipt": false,
    "is_recurring_token": false,
    "skip_capture": false,
    "reference_generated": "PS9845",
    "issued": "2026-03-10",
    "due": 1773127706,
    "refund_upto": 0,
    "cc_descriptor": "",
    "fraudScore": "NA",
    "trustScore": "NA",
    "extraFee": "0",
    "paidOn": 0,
    "receivedAmt": 0.0,
    "taxAmount": 0.0,
    "surcharge": 0.0,
    "surchargeType": "",
    "sessionId": "",
    "refund_availability": "NONE",
    "refundable_amount": 0.0,
    "success_redirect": "https://staging.paysecure.net/getResponse.jsp?issucces=true",
    "failure_redirect": "https://staging.paysecure.net/getResponse.jsp?issucces=false",
    "cancel_redirect": "",
    "success_callback": "https://www.google.com/",
    "failure_callback": "https://staging.paysecure.net/merchant",
    "platform": "API",
    "created_from_ip": "103.80.161.238",
    "checkout_url": "https://test4.paymentsclub.net/payments/9408823595241091896b1e97676d9228/",
    "direct_post_url": "https://test4.paymentsclub.net/api/v1/p/69afc81aba1acbaab1c95d5f/",
    "payoutProcess": false
}]]>
    </line>
    <line>
      <![CDATA[Email accepted by API: test123@example.com]]>
    </line>
    <line>
      <![CDATA[Transaction status OK → proceeding with payment flow]]>
    </line>
    <line>
      <![CDATA[Entered Card Holder Name: ak bihari sab pe bhari]]>
    </line>
    <line>
      <![CDATA[Entered Card Number: 5123450000000008]]>
    </line>
    <line>
      <![CDATA[Entered Card Expiry Date: 01/39]]>
    </line>
    <line>
      <![CDATA[Entered Card CVV: 100]]>
    </line>
    <line>
      <![CDATA[Moved to the Pay button]]>
    </line>
    <line>
      <![CDATA[Clicked on the Pay button to proceed with payment]]>
    </line>
    <line>
      <![CDATA[Redirected URL: https://staging.paysecure.net/getResponse.jsp?issucces=true]]>
    </line>
    <line>
      <![CDATA[PASS → Payment outcome matched expectation]]>
    </line>
    <line>
      <![CDATA[ Opened staging environment in a new browser tab]]>
    </line>
    <line>
      <![CDATA[User enter ID in Username field]]>
    </line>
    <line>
      <![CDATA[User Enter Password in password field]]>
    </line>
    <line>
      <![CDATA[Click on submit button in login page]]>
    </line>
    <line>
      <![CDATA[ Entered Transaction ID: 69afc81aba1acbaab1c95d5f]]>
    </line>
    <line>
      <![CDATA[ Clicked on Search button]]>
    </line>
    <line>
      <![CDATA[ Clicked on Search button]]>
    </line>
    <line>
      <![CDATA[ Clicked on first Transaction ID from list]]>
    </line>
    <line>
      <![CDATA[Purchase Transaction ID is not empty or not null]]>
    </line>
  </reporter-output>
  <suite started-at="2026-03-10T12:57:26 IST" name="Default suite" finished-at="2026-03-10T12:59:48 IST" duration-ms="142759">
    <groups>
    </groups>
    <test started-at="2026-03-10T12:57:26 IST" name="Default test" finished-at="2026-03-10T12:59:48 IST" duration-ms="142759">
      <class name="purchase.email">
        <test-method is-config="true" signature="loadConfig()[pri:0, instance:purchase.email@5ac86ba5]" started-at="2026-03-10T12:57:26 IST" name="loadConfig" finished-at="2026-03-10T12:57:26 IST" duration-ms="18" status="PASS">
          <reporter-output>
          </reporter-output>
        </test-method> <!-- loadConfig -->
        <test-method is-config="true" signature="clearOnce()[pri:0, instance:purchase.email@5ac86ba5]" started-at="2026-03-10T12:57:26 IST" name="clearOnce" finished-at="2026-03-10T12:57:26 IST" depends-on-methods="com.paysecure.base.baseClass.loadConfig" duration-ms="1" status="PASS">
          <reporter-output>
          </reporter-output>
        </test-method> <!-- clearOnce -->
        <test-method is-config="true" signature="setup()[pri:0, instance:purchase.email@5ac86ba5]" started-at="2026-03-10T12:57:26 IST" name="setup" finished-at="2026-03-10T12:57:36 IST" duration-ms="9996" status="PASS">
          <reporter-output>
          </reporter-output>
        </test-method> <!-- setup -->
        <test-method is-config="true" signature="beforeMethod()[pri:0, instance:purchase.email@5ac86ba5]" started-at="2026-03-10T12:57:37 IST" name="beforeMethod" finished-at="2026-03-10T12:57:43 IST" duration-ms="6075" status="PASS">
          <reporter-output>
            <line>
              <![CDATA[User enter ID in Username field]]>
            </line>
            <line>
              <![CDATA[User Enter Password in password field]]>
            </line>
            <line>
              <![CDATA[Click on submit button in login page]]>
            </line>
          </reporter-output>
        </test-method> <!-- beforeMethod -->
        <test-method signature="Purchase(java.util.Map,java.util.Map)[pri:0, instance:purchase.email@5ac86ba5]" started-at="2026-03-10T12:57:43 IST" name="Purchase" data-provider="EmailData" finished-at="2026-03-10T12:59:45 IST" duration-ms="122361" status="PASS">
          <params>
            <param index="0">
              <value>
                <![CDATA[{CardNumber=5123450000000008, CVV=100, RunFlag=TRUE, RouteToMidOrBank=ccavenue_mid, PartialMerchant=Suhas, PSP=ccavenue, MaxAmount=900, CardholderName=ak bihari sab pe bhari, Merchant=SuhasM, RouteToBankMid=Route to Mid, Currency=AED, MinAmount=100, DefaultAmount=369, PaymentMethod=MASTER, Expiry=01/39}]]>
              </value>
            </param>
            <param index="1">
              <value>
                <![CDATA[{Status=Pass, TestData=test123@example.com}]]>
              </value>
            </param>
          </params>
          <reporter-output>
            <line>
              <![CDATA[select merchant name :- SuhasM]]>
            </line>
            <line>
              <![CDATA[select merchant name :- AED]]>
            </line>
            <line>
              <![CDATA[select merchant name :- MASTER]]>
            </line>
            <line>
              <![CDATA[Fetching details for Limit and Charges]]>
            </line>
            <line>
              <![CDATA[Details fetched successfully]]>
            </line>
            <line>
              <![CDATA[Email test case will run for this PSP: ccavenue]]>
            </line>
            <line>
              <![CDATA[Amount Inputs → Min: 100.0, Max: 900.0, Provided: 369.0]]>
            </line>
            <line>
              <![CDATA[✅ Amount within valid range. Using exact value: 369.0]]>
            </line>
            <line>
              <![CDATA[Generated First Name: div7e9]]>
            </line>
            <line>
              <![CDATA[Purchase ID: 69afc81aba1acbaab1c95d5f]]>
            </line>
            <line>
              <![CDATA[Checkout URL: https://test4.paymentsclub.net/payments/9408823595241091896b1e97676d9228/]]>
            </line>
            <line>
              <![CDATA[Email: test123@example.com → HTTP Status: 202]]>
            </line>
            <line>
              <![CDATA[Response Body: {
    "purchaseId": "69afc81aba1acbaab1c95d5f",
    "client": {
        "customerId": "NA",
        "email": "test123@example.com",
        "phone": "+1111111111",
        "full_name": "div7e9",
        "street_address": "Main gate",
        "country": "US",
        "city": "Paris",
        "zip_code": "20001",
        "cc": [
            
        ],
        "bcc": [
            
        ],
        "stateCode": "QLD"
    },
    "updated_on": 1773127706,
    "type": "purchase",
    "paymentMethod": "MASTER",
    "amountUnit": "MAJOR",
    "errorMsg": "",
    "errorCode": "NA",
    "force_recurring": false,
    "created_on": 1773127706,
    "merchantRef": "69afc81aba1acbaab1c95d5f",
    "purchase": {
        "currency": "AED",
        "products": [
            {
                "name": "Cricket bat",
                "quantity": 1.0,
                "price": 369.0,
                "discount": 0,
                "tax_percent": "0.00"
            }
        ],
        "total": 369.0,
        "requestAmount": 369.0,
        "language": "en",
        "notes": "",
        "debt": 0,
        "total_formatted": 1.0,
        "taxAmount": 0.0,
        "taxPercent": 0.0,
        "request_client_details": [
            
        ],
        "email_message": ""
    },
    "issuer_details": {
        "website": "",
        "legal_street_address": "",
        "legal_country": "",
        "legal_city": "",
        "legal_zip_code": "",
        "bank_accounts": [
            {
                
            }
        ],
        "legal_name": "practice",
        "brand_name": "practice",
        "registration_number": "",
        "tax_number": ""
    },
    "transaction_data": {
        "payment_method": "",
        "flow": "payform",
        "extra": {
            
        },
        "country": "",
        "attempts": [
            
        ]
    },
    "status": "CREATED",
    "status_history": [
        {
            "status": "created",
            "timestamp": 1773127706
        }
    ],
    "is_test": false,
    "brand_id": "04199342-5d84-4e17-a53e-5c3d6b03ebd4",
    "send_receipt": false,
    "is_recurring_token": false,
    "skip_capture": false,
    "reference_generated": "PS9845",
    "issued": "2026-03-10",
    "due": 1773127706,
    "refund_upto": 0,
    "cc_descriptor": "",
    "fraudScore": "NA",
    "trustScore": "NA",
    "extraFee": "0",
    "paidOn": 0,
    "receivedAmt": 0.0,
    "taxAmount": 0.0,
    "surcharge": 0.0,
    "surchargeType": "",
    "sessionId": "",
    "refund_availability": "NONE",
    "refundable_amount": 0.0,
    "success_redirect": "https://staging.paysecure.net/getResponse.jsp?issucces=true",
    "failure_redirect": "https://staging.paysecure.net/getResponse.jsp?issucces=false",
    "cancel_redirect": "",
    "success_callback": "https://www.google.com/",
    "failure_callback": "https://staging.paysecure.net/merchant",
    "platform": "API",
    "created_from_ip": "103.80.161.238",
    "checkout_url": "https://test4.paymentsclub.net/payments/9408823595241091896b1e97676d9228/",
    "direct_post_url": "https://test4.paymentsclub.net/api/v1/p/69afc81aba1acbaab1c95d5f/",
    "payoutProcess": false
}]]>
            </line>
            <line>
              <![CDATA[Email accepted by API: test123@example.com]]>
            </line>
            <line>
              <![CDATA[Transaction status OK → proceeding with payment flow]]>
            </line>
            <line>
              <![CDATA[Entered Card Holder Name: ak bihari sab pe bhari]]>
            </line>
            <line>
              <![CDATA[Entered Card Number: 5123450000000008]]>
            </line>
            <line>
              <![CDATA[Entered Card Expiry Date: 01/39]]>
            </line>
            <line>
              <![CDATA[Entered Card CVV: 100]]>
            </line>
            <line>
              <![CDATA[Moved to the Pay button]]>
            </line>
            <line>
              <![CDATA[Clicked on the Pay button to proceed with payment]]>
            </line>
            <line>
              <![CDATA[Redirected URL: https://staging.paysecure.net/getResponse.jsp?issucces=true]]>
            </line>
            <line>
              <![CDATA[PASS → Payment outcome matched expectation]]>
            </line>
            <line>
              <![CDATA[ Opened staging environment in a new browser tab]]>
            </line>
            <line>
              <![CDATA[User enter ID in Username field]]>
            </line>
            <line>
              <![CDATA[User Enter Password in password field]]>
            </line>
            <line>
              <![CDATA[Click on submit button in login page]]>
            </line>
            <line>
              <![CDATA[ Entered Transaction ID: 69afc81aba1acbaab1c95d5f]]>
            </line>
            <line>
              <![CDATA[ Clicked on Search button]]>
            </line>
            <line>
              <![CDATA[ Clicked on Search button]]>
            </line>
            <line>
              <![CDATA[ Clicked on first Transaction ID from list]]>
            </line>
            <line>
              <![CDATA[Purchase Transaction ID is not empty or not null]]>
            </line>
          </reporter-output>
        </test-method> <!-- Purchase -->
        <test-method is-config="true" signature="tearDown(org.testng.ITestResult)[pri:0, instance:purchase.email@5ac86ba5]" started-at="2026-03-10T12:59:45 IST" name="tearDown" finished-at="2026-03-10T12:59:48 IST" duration-ms="3338" status="PASS">
          <params>
            <param index="0">
              <value>
                <![CDATA[[TestResult name=Purchase status=SUCCESS method=email.Purchase(java.util.Map,java.util.Map)[pri:0, instance:purchase.email@5ac86ba5] output=select merchant name :- SuhasM]]]>
              </value>
            </param>
          </params>
          <reporter-output>
          </reporter-output>
        </test-method> <!-- tearDown -->
      </class> <!-- purchase.email -->
    </test> <!-- Default test -->
  </suite> <!-- Default suite -->
</testng-results>
