<?xml version="1.0" encoding="UTF-8"?>
<testng-results ignored="0" total="1" passed="1" failed="0" skipped="0">
  <reporter-output>
    <line>
      <![CDATA[User enter ID in Username field]]>
    </line>
    <line>
      <![CDATA[User Enter Password in password field]]>
    </line>
    <line>
      <![CDATA[Click on submit button in login page]]>
    </line>
    <line>
      <![CDATA[select merchant name :- SuhasM]]>
    </line>
    <line>
      <![CDATA[select merchant name :- USD]]>
    </line>
    <line>
      <![CDATA[select merchant name :- VISA]]>
    </line>
    <line>
      <![CDATA[Fetching details for Limit and Charges]]>
    </line>
    <line>
      <![CDATA[Details fetched successfully]]>
    </line>
    <line>
      <![CDATA[Email test case will run for this PSP: unicornpayment]]>
    </line>
    <line>
      <![CDATA[Amount Inputs → Min: 100.0, Max: 900.0, Provided: 569.0]]>
    </line>
    <line>
      <![CDATA[✅ Amount within valid range. Using exact value: 569.0]]>
    </line>
    <line>
      <![CDATA[Generated First Name: div3a3]]>
    </line>
    <line>
      <![CDATA[Purchase ID: 69b3cd0ff25c5f9cc3a0952a]]>
    </line>
    <line>
      <![CDATA[Checkout URL: https://test4.paymentsclub.net/payments/464a19fe6698dfff1441607a693ad5d8/]]>
    </line>
    <line>
      <![CDATA[Email: test123@example.com → HTTP Status: 202]]>
    </line>
    <line>
      <![CDATA[Response Body: {
    "purchaseId": "69b3cd0ff25c5f9cc3a0952a",
    "client": {
        "customerId": "NA",
        "email": "test123@example.com",
        "phone": "+1111111111",
        "full_name": "div3a3",
        "street_address": "Main gate",
        "country": "US",
        "city": "Paris",
        "zip_code": "20001",
        "cc": [
            
        ],
        "bcc": [
            
        ],
        "stateCode": "QLD"
    },
    "updated_on": 1773391119,
    "type": "purchase",
    "paymentMethod": "VISA",
    "amountUnit": "MAJOR",
    "errorMsg": "",
    "errorCode": "NA",
    "force_recurring": false,
    "created_on": 1773391119,
    "merchantRef": "69b3cd0ff25c5f9cc3a0952a",
    "purchase": {
        "currency": "USD",
        "products": [
            {
                "name": "Cricket bat",
                "quantity": 1.0,
                "price": 569.0,
                "discount": 0,
                "tax_percent": "0.00"
            }
        ],
        "total": 569.0,
        "requestAmount": 569.0,
        "language": "en",
        "notes": "",
        "debt": 0,
        "total_formatted": 1.0,
        "taxAmount": 0.0,
        "taxPercent": 0.0,
        "request_client_details": [
            
        ],
        "email_message": ""
    },
    "issuer_details": {
        "website": "",
        "legal_street_address": "",
        "legal_country": "",
        "legal_city": "",
        "legal_zip_code": "",
        "bank_accounts": [
            {
                
            }
        ],
        "legal_name": "tokyo",
        "brand_name": "tokyo",
        "registration_number": "",
        "tax_number": ""
    },
    "transaction_data": {
        "payment_method": "",
        "flow": "payform",
        "extra": {
            
        },
        "country": "",
        "attempts": [
            
        ]
    },
    "status": "CREATED",
    "status_history": [
        {
            "status": "created",
            "timestamp": 1773391119
        }
    ],
    "is_test": false,
    "brand_id": "04199342-5d84-4e17-a53e-5c3d6b03ebd4",
    "send_receipt": false,
    "is_recurring_token": false,
    "skip_capture": false,
    "reference_generated": "PS10019",
    "issued": "2026-03-13",
    "due": 1773391119,
    "refund_upto": 0,
    "cc_descriptor": "",
    "fraudScore": "NA",
    "trustScore": "NA",
    "extraFee": "0",
    "paidOn": 0,
    "receivedAmt": 0.0,
    "taxAmount": 0.0,
    "surcharge": 0.0,
    "surchargeType": "",
    "sessionId": "",
    "refund_availability": "NONE",
    "refundable_amount": 0.0,
    "success_redirect": "https://staging.paysecure.net/getResponse.jsp?issucces=true",
    "failure_redirect": "https://staging.paysecure.net/getResponse.jsp?issucces=false",
    "cancel_redirect": "",
    "success_callback": "https://www.google.com/",
    "failure_callback": "https://staging.paysecure.net/merchant",
    "platform": "API",
    "created_from_ip": "110.235.229.171",
    "checkout_url": "https://test4.paymentsclub.net/payments/464a19fe6698dfff1441607a693ad5d8/",
    "direct_post_url": "https://test4.paymentsclub.net/api/v1/p/69b3cd0ff25c5f9cc3a0952a/",
    "payoutProcess": false
}]]>
    </line>
    <line>
      <![CDATA[Email accepted by API: test123@example.com]]>
    </line>
    <line>
      <![CDATA[Transaction status OK → proceeding with payment flow]]>
    </line>
    <line>
      <![CDATA[Entered Card Holder Name: Brian Bennet]]>
    </line>
    <line>
      <![CDATA[Entered Card Number: 4100000000000100]]>
    </line>
    <line>
      <![CDATA[Entered Card Expiry Date: 08/27]]>
    </line>
    <line>
      <![CDATA[Entered Card CVV: 196]]>
    </line>
    <line>
      <![CDATA[Moved to the Pay button]]>
    </line>
    <line>
      <![CDATA[Clicked on the Pay button to proceed with payment]]>
    </line>
    <line>
      <![CDATA[Redirected URL: https://staging.paysecure.net/getResponse.jsp?issucces=false]]>
    </line>
    <line>
      <![CDATA[FAIL → Payment outcome did not match expectation]]>
    </line>
  </reporter-output>
  <suite started-at="2026-03-13T14:07:53 IST" name="Default suite" finished-at="2026-03-13T14:09:23 IST" duration-ms="90480">
    <groups>
    </groups>
    <test started-at="2026-03-13T14:07:53 IST" name="Default test" finished-at="2026-03-13T14:09:23 IST" duration-ms="90480">
      <class name="purchase.email">
        <test-method is-config="true" signature="loadConfig()[pri:0, instance:purchase.email@5ac86ba5]" started-at="2026-03-13T14:07:53 IST" name="loadConfig" finished-at="2026-03-13T14:07:53 IST" duration-ms="18" status="PASS">
          <reporter-output>
          </reporter-output>
        </test-method> <!-- loadConfig -->
        <test-method is-config="true" signature="clearOnce()[pri:0, instance:purchase.email@5ac86ba5]" started-at="2026-03-13T14:07:53 IST" name="clearOnce" finished-at="2026-03-13T14:07:53 IST" depends-on-methods="com.paysecure.base.baseClass.loadConfig" duration-ms="1" status="PASS">
          <reporter-output>
          </reporter-output>
        </test-method> <!-- clearOnce -->
        <test-method is-config="true" signature="setup()[pri:0, instance:purchase.email@5ac86ba5]" started-at="2026-03-13T14:07:54 IST" name="setup" finished-at="2026-03-13T14:08:02 IST" duration-ms="7991" status="PASS">
          <reporter-output>
          </reporter-output>
        </test-method> <!-- setup -->
        <test-method is-config="true" signature="beforeMethod()[pri:0, instance:purchase.email@5ac86ba5]" started-at="2026-03-13T14:08:02 IST" name="beforeMethod" finished-at="2026-03-13T14:08:07 IST" duration-ms="4830" status="PASS">
          <reporter-output>
            <line>
              <![CDATA[User enter ID in Username field]]>
            </line>
            <line>
              <![CDATA[User Enter Password in password field]]>
            </line>
            <line>
              <![CDATA[Click on submit button in login page]]>
            </line>
          </reporter-output>
        </test-method> <!-- beforeMethod -->
        <test-method signature="Purchase(java.util.Map,java.util.Map)[pri:0, instance:purchase.email@5ac86ba5]" started-at="2026-03-13T14:08:07 IST" name="Purchase" data-provider="EmailData" finished-at="2026-03-13T14:09:20 IST" duration-ms="73401" status="PASS">
          <params>
            <param index="0">
              <value>
                <![CDATA[{CardNumber=4100000000000100, CVV=196, RunFlag=TRUE, RouteToMidOrBank=unicornpayment, PartialMerchant=Suhas, PSP=unicornpayment, MaxAmount=900, CardholderName=Brian Bennet, Merchant=SuhasM, RouteToBankMid=Route to Mid, Currency=USD, MinAmount=100, DefaultAmount=569, PaymentMethod=VISA, Expiry=08/27}]]>
              </value>
            </param>
            <param index="1">
              <value>
                <![CDATA[{Status=Pass, TestData=test123@example.com}]]>
              </value>
            </param>
          </params>
          <reporter-output>
            <line>
              <![CDATA[select merchant name :- SuhasM]]>
            </line>
            <line>
              <![CDATA[select merchant name :- USD]]>
            </line>
            <line>
              <![CDATA[select merchant name :- VISA]]>
            </line>
            <line>
              <![CDATA[Fetching details for Limit and Charges]]>
            </line>
            <line>
              <![CDATA[Details fetched successfully]]>
            </line>
            <line>
              <![CDATA[Email test case will run for this PSP: unicornpayment]]>
            </line>
            <line>
              <![CDATA[Amount Inputs → Min: 100.0, Max: 900.0, Provided: 569.0]]>
            </line>
            <line>
              <![CDATA[✅ Amount within valid range. Using exact value: 569.0]]>
            </line>
            <line>
              <![CDATA[Generated First Name: div3a3]]>
            </line>
            <line>
              <![CDATA[Purchase ID: 69b3cd0ff25c5f9cc3a0952a]]>
            </line>
            <line>
              <![CDATA[Checkout URL: https://test4.paymentsclub.net/payments/464a19fe6698dfff1441607a693ad5d8/]]>
            </line>
            <line>
              <![CDATA[Email: test123@example.com → HTTP Status: 202]]>
            </line>
            <line>
              <![CDATA[Response Body: {
    "purchaseId": "69b3cd0ff25c5f9cc3a0952a",
    "client": {
        "customerId": "NA",
        "email": "test123@example.com",
        "phone": "+1111111111",
        "full_name": "div3a3",
        "street_address": "Main gate",
        "country": "US",
        "city": "Paris",
        "zip_code": "20001",
        "cc": [
            
        ],
        "bcc": [
            
        ],
        "stateCode": "QLD"
    },
    "updated_on": 1773391119,
    "type": "purchase",
    "paymentMethod": "VISA",
    "amountUnit": "MAJOR",
    "errorMsg": "",
    "errorCode": "NA",
    "force_recurring": false,
    "created_on": 1773391119,
    "merchantRef": "69b3cd0ff25c5f9cc3a0952a",
    "purchase": {
        "currency": "USD",
        "products": [
            {
                "name": "Cricket bat",
                "quantity": 1.0,
                "price": 569.0,
                "discount": 0,
                "tax_percent": "0.00"
            }
        ],
        "total": 569.0,
        "requestAmount": 569.0,
        "language": "en",
        "notes": "",
        "debt": 0,
        "total_formatted": 1.0,
        "taxAmount": 0.0,
        "taxPercent": 0.0,
        "request_client_details": [
            
        ],
        "email_message": ""
    },
    "issuer_details": {
        "website": "",
        "legal_street_address": "",
        "legal_country": "",
        "legal_city": "",
        "legal_zip_code": "",
        "bank_accounts": [
            {
                
            }
        ],
        "legal_name": "tokyo",
        "brand_name": "tokyo",
        "registration_number": "",
        "tax_number": ""
    },
    "transaction_data": {
        "payment_method": "",
        "flow": "payform",
        "extra": {
            
        },
        "country": "",
        "attempts": [
            
        ]
    },
    "status": "CREATED",
    "status_history": [
        {
            "status": "created",
            "timestamp": 1773391119
        }
    ],
    "is_test": false,
    "brand_id": "04199342-5d84-4e17-a53e-5c3d6b03ebd4",
    "send_receipt": false,
    "is_recurring_token": false,
    "skip_capture": false,
    "reference_generated": "PS10019",
    "issued": "2026-03-13",
    "due": 1773391119,
    "refund_upto": 0,
    "cc_descriptor": "",
    "fraudScore": "NA",
    "trustScore": "NA",
    "extraFee": "0",
    "paidOn": 0,
    "receivedAmt": 0.0,
    "taxAmount": 0.0,
    "surcharge": 0.0,
    "surchargeType": "",
    "sessionId": "",
    "refund_availability": "NONE",
    "refundable_amount": 0.0,
    "success_redirect": "https://staging.paysecure.net/getResponse.jsp?issucces=true",
    "failure_redirect": "https://staging.paysecure.net/getResponse.jsp?issucces=false",
    "cancel_redirect": "",
    "success_callback": "https://www.google.com/",
    "failure_callback": "https://staging.paysecure.net/merchant",
    "platform": "API",
    "created_from_ip": "110.235.229.171",
    "checkout_url": "https://test4.paymentsclub.net/payments/464a19fe6698dfff1441607a693ad5d8/",
    "direct_post_url": "https://test4.paymentsclub.net/api/v1/p/69b3cd0ff25c5f9cc3a0952a/",
    "payoutProcess": false
}]]>
            </line>
            <line>
              <![CDATA[Email accepted by API: test123@example.com]]>
            </line>
            <line>
              <![CDATA[Transaction status OK → proceeding with payment flow]]>
            </line>
            <line>
              <![CDATA[Entered Card Holder Name: Brian Bennet]]>
            </line>
            <line>
              <![CDATA[Entered Card Number: 4100000000000100]]>
            </line>
            <line>
              <![CDATA[Entered Card Expiry Date: 08/27]]>
            </line>
            <line>
              <![CDATA[Entered Card CVV: 196]]>
            </line>
            <line>
              <![CDATA[Moved to the Pay button]]>
            </line>
            <line>
              <![CDATA[Clicked on the Pay button to proceed with payment]]>
            </line>
            <line>
              <![CDATA[Redirected URL: https://staging.paysecure.net/getResponse.jsp?issucces=false]]>
            </line>
            <line>
              <![CDATA[FAIL → Payment outcome did not match expectation]]>
            </line>
          </reporter-output>
        </test-method> <!-- Purchase -->
        <test-method is-config="true" signature="tearDown(org.testng.ITestResult)[pri:0, instance:purchase.email@5ac86ba5]" started-at="2026-03-13T14:09:20 IST" name="tearDown" finished-at="2026-03-13T14:09:23 IST" duration-ms="3368" status="PASS">
          <params>
            <param index="0">
              <value>
                <![CDATA[[TestResult name=Purchase status=SUCCESS method=email.Purchase(java.util.Map,java.util.Map)[pri:0, instance:purchase.email@5ac86ba5] output=select merchant name :- SuhasM]]]>
              </value>
            </param>
          </params>
          <reporter-output>
          </reporter-output>
        </test-method> <!-- tearDown -->
      </class> <!-- purchase.email -->
    </test> <!-- Default test -->
  </suite> <!-- Default suite -->
</testng-results>
