<?xml version="1.0" encoding="UTF-8"?>
<testng-results ignored="0" total="1" passed="1" failed="0" skipped="0">
  <reporter-output>
    <line>
      <![CDATA[Generated Random Double: 29.14]]>
    </line>
    <line>
      <![CDATA[Generated First Name: john49f]]>
    </line>
    <line>
      <![CDATA[Purchase created successfully with ID: 693fe9452a49368b7dd95076]]>
    </line>
    <line>
      <![CDATA[User enter ID in Username field]]>
    </line>
    <line>
      <![CDATA[User Enter Password in password field]]>
    </line>
    <line>
      <![CDATA[Click on submit button in login page]]>
    </line>
    <line>
      <![CDATA[S2S call successful on attempt 1]]>
    </line>
    <line>
      <![CDATA[Redirected URL: https://staging.paysecure.net/getResponse.jsp?issucces=true]]>
    </line>
    <line>
      <![CDATA[Payment Successfully]]>
    </line>
    <line>
      <![CDATA[ Opened staging environment in a new browser tab]]>
    </line>
    <line>
      <![CDATA[User enter ID in Username field]]>
    </line>
    <line>
      <![CDATA[User Enter Password in password field]]>
    </line>
    <line>
      <![CDATA[Click on submit button in login page]]>
    </line>
    <line>
      <![CDATA[ Entered Transaction ID: 693fe9452a49368b7dd95076]]>
    </line>
    <line>
      <![CDATA[ Clicked on Search button]]>
    </line>
    <line>
      <![CDATA[ Clicked on Search button]]>
    </line>
    <line>
      <![CDATA[ Clicked on first Transaction ID from list]]>
    </line>
    <line>
      <![CDATA[Purchase Transaction ID is not empty or not null]]>
    </line>
    <line>
      <![CDATA[streetAddress accepted by API: 123 Main St]]>
    </line>
  </reporter-output>
  <suite started-at="2025-12-15T16:25:44 IST" name="Default suite" finished-at="2025-12-15T16:27:13 IST" duration-ms="88641">
    <groups>
    </groups>
    <test started-at="2025-12-15T16:25:44 IST" name="Default test" finished-at="2025-12-15T16:27:13 IST" duration-ms="88641">
      <class name="s2s.streetAddress">
        <test-method is-config="true" signature="loadConfig()[pri:0, instance:s2s.streetAddress@841e575]" started-at="2025-12-15T16:25:44 IST" name="loadConfig" finished-at="2025-12-15T16:25:44 IST" duration-ms="28" status="PASS">
          <reporter-output>
          </reporter-output>
        </test-method> <!-- loadConfig -->
        <test-method is-config="true" signature="setup()[pri:0, instance:s2s.streetAddress@841e575]" started-at="2025-12-15T16:25:45 IST" name="setup" finished-at="2025-12-15T16:26:02 IST" duration-ms="17137" status="PASS">
          <reporter-output>
          </reporter-output>
        </test-method> <!-- setup -->
        <test-method is-config="true" signature="beforeMethod()[pri:0, instance:s2s.streetAddress@841e575]" started-at="2025-12-15T16:26:02 IST" name="beforeMethod" finished-at="2025-12-15T16:26:02 IST" duration-ms="0" status="PASS">
          <reporter-output>
          </reporter-output>
        </test-method> <!-- beforeMethod -->
        <test-method signature="purchaseApi(java.lang.String)[pri:0, instance:s2s.streetAddress@841e575]" started-at="2025-12-15T16:26:02 IST" name="purchaseApi" data-provider="streetAddressProvider" finished-at="2025-12-15T16:27:10 IST" duration-ms="68219" status="PASS">
          <params>
            <param index="0">
              <value>
                <![CDATA[123 Main St]]>
              </value>
            </param>
          </params>
          <reporter-output>
            <line>
              <![CDATA[Generated Random Double: 29.14]]>
            </line>
            <line>
              <![CDATA[Generated First Name: john49f]]>
            </line>
            <line>
              <![CDATA[Purchase created successfully with ID: 693fe9452a49368b7dd95076]]>
            </line>
            <line>
              <![CDATA[User enter ID in Username field]]>
            </line>
            <line>
              <![CDATA[User Enter Password in password field]]>
            </line>
            <line>
              <![CDATA[Click on submit button in login page]]>
            </line>
            <line>
              <![CDATA[S2S call successful on attempt 1]]>
            </line>
            <line>
              <![CDATA[Redirected URL: https://staging.paysecure.net/getResponse.jsp?issucces=true]]>
            </line>
            <line>
              <![CDATA[Payment Successfully]]>
            </line>
            <line>
              <![CDATA[ Opened staging environment in a new browser tab]]>
            </line>
            <line>
              <![CDATA[User enter ID in Username field]]>
            </line>
            <line>
              <![CDATA[User Enter Password in password field]]>
            </line>
            <line>
              <![CDATA[Click on submit button in login page]]>
            </line>
            <line>
              <![CDATA[ Entered Transaction ID: 693fe9452a49368b7dd95076]]>
            </line>
            <line>
              <![CDATA[ Clicked on Search button]]>
            </line>
            <line>
              <![CDATA[ Clicked on Search button]]>
            </line>
            <line>
              <![CDATA[ Clicked on first Transaction ID from list]]>
            </line>
            <line>
              <![CDATA[Purchase Transaction ID is not empty or not null]]>
            </line>
            <line>
              <![CDATA[streetAddress accepted by API: 123 Main St]]>
            </line>
          </reporter-output>
        </test-method> <!-- purchaseApi -->
        <test-method is-config="true" signature="tearDown(org.testng.ITestResult)[pri:0, instance:s2s.streetAddress@841e575]" started-at="2025-12-15T16:27:10 IST" name="tearDown" finished-at="2025-12-15T16:27:13 IST" duration-ms="3010" status="PASS">
          <params>
            <param index="0">
              <value>
                <![CDATA[[TestResult name=purchaseApi status=SUCCESS method=streetAddress.purchaseApi(java.lang.String)[pri:0, instance:s2s.streetAddress@841e575] output=Generated Random Double: 29.14]]]>
              </value>
            </param>
          </params>
          <reporter-output>
          </reporter-output>
        </test-method> <!-- tearDown -->
      </class> <!-- s2s.streetAddress -->
    </test> <!-- Default test -->
  </suite> <!-- Default suite -->
</testng-results>
