<?xml version="1.0" encoding="UTF-8"?>
<testng-results ignored="0" total="1" passed="1" failed="0" skipped="0">
  <reporter-output>
    <line>
      <![CDATA[User enter ID in Username field]]>
    </line>
    <line>
      <![CDATA[User Enter Password in password field]]>
    </line>
    <line>
      <![CDATA[Click on submit button in login page]]>
    </line>
    <line>
      <![CDATA[select merchant name :- SuhasM]]>
    </line>
    <line>
      <![CDATA[select merchant name :- EUR]]>
    </line>
    <line>
      <![CDATA[select merchant name :- VISA]]>
    </line>
    <line>
      <![CDATA[Fetching details for Limit and Charges]]>
    </line>
    <line>
      <![CDATA[Details fetched successfully]]>
    </line>
    <line>
      <![CDATA[Email test case will run for this PSP: exactly]]>
    </line>
    <line>
      <![CDATA[Amount Inputs → Min: 1.0, Max: 2500.0, Provided: 999.0]]>
    </line>
    <line>
      <![CDATA[✅ Amount within valid range. Using exact value: 999.0]]>
    </line>
    <line>
      <![CDATA[Generated First Name: divba0]]>
    </line>
    <line>
      <![CDATA[Purchase ID: 69b2500bf36bd5f2176f86cc]]>
    </line>
    <line>
      <![CDATA[Checkout URL: https://test4.paymentsclub.net/payments/bfee574e450c7c60bb51984aa69581d8/]]>
    </line>
    <line>
      <![CDATA[Email: test123@example.com → HTTP Status: 202]]>
    </line>
    <line>
      <![CDATA[Response Body: {
    "purchaseId": "69b2500bf36bd5f2176f86cc",
    "client": {
        "customerId": "NA",
        "email": "test123@example.com",
        "phone": "+1111111111",
        "full_name": "divba0",
        "street_address": "Main gate",
        "country": "US",
        "city": "Paris",
        "zip_code": "20001",
        "cc": [
            
        ],
        "bcc": [
            
        ],
        "stateCode": "QLD"
    },
    "updated_on": 1773293579,
    "type": "purchase",
    "paymentMethod": "VISA",
    "amountUnit": "MAJOR",
    "errorMsg": "",
    "errorCode": "NA",
    "force_recurring": false,
    "created_on": 1773293579,
    "merchantRef": "69b2500bf36bd5f2176f86cc",
    "purchase": {
        "currency": "EUR",
        "products": [
            {
                "name": "Cricket bat",
                "quantity": 1.0,
                "price": 999.0,
                "discount": 0,
                "tax_percent": "0.00"
            }
        ],
        "total": 999.0,
        "requestAmount": 999.0,
        "language": "en",
        "notes": "",
        "debt": 0,
        "total_formatted": 1.0,
        "taxAmount": 0.0,
        "taxPercent": 0.0,
        "request_client_details": [
            
        ],
        "email_message": ""
    },
    "issuer_details": {
        "website": "",
        "legal_street_address": "",
        "legal_country": "",
        "legal_city": "",
        "legal_zip_code": "",
        "bank_accounts": [
            {
                
            }
        ],
        "legal_name": "practice",
        "brand_name": "practice",
        "registration_number": "",
        "tax_number": ""
    },
    "transaction_data": {
        "payment_method": "",
        "flow": "payform",
        "extra": {
            
        },
        "country": "",
        "attempts": [
            
        ]
    },
    "status": "CREATED",
    "status_history": [
        {
            "status": "created",
            "timestamp": 1773293579
        }
    ],
    "is_test": false,
    "brand_id": "04199342-5d84-4e17-a53e-5c3d6b03ebd4",
    "send_receipt": false,
    "is_recurring_token": false,
    "skip_capture": false,
    "reference_generated": "PS9916",
    "issued": "2026-03-12",
    "due": 1773293579,
    "refund_upto": 0,
    "cc_descriptor": "",
    "fraudScore": "NA",
    "trustScore": "NA",
    "extraFee": "0",
    "paidOn": 0,
    "receivedAmt": 0.0,
    "taxAmount": 0.0,
    "surcharge": 0.0,
    "surchargeType": "",
    "sessionId": "",
    "refund_availability": "NONE",
    "refundable_amount": 0.0,
    "success_redirect": "https://staging.paysecure.net/getResponse.jsp?issucces=true",
    "failure_redirect": "https://staging.paysecure.net/getResponse.jsp?issucces=false",
    "cancel_redirect": "",
    "success_callback": "https://www.google.com/",
    "failure_callback": "https://staging.paysecure.net/merchant",
    "platform": "API",
    "created_from_ip": "110.235.229.171",
    "checkout_url": "https://test4.paymentsclub.net/payments/bfee574e450c7c60bb51984aa69581d8/",
    "direct_post_url": "https://test4.paymentsclub.net/api/v1/p/69b2500bf36bd5f2176f86cc/",
    "payoutProcess": false
}]]>
    </line>
    <line>
      <![CDATA[Email accepted by API: test123@example.com]]>
    </line>
    <line>
      <![CDATA[Transaction status OK → proceeding with payment flow]]>
    </line>
    <line>
      <![CDATA[Entered Card Holder Name: Varun chakravarti]]>
    </line>
    <line>
      <![CDATA[Entered Card Number: 4000000000003220]]>
    </line>
    <line>
      <![CDATA[Entered Card Expiry Date: 01/39]]>
    </line>
    <line>
      <![CDATA[Entered Card CVV: 100]]>
    </line>
    <line>
      <![CDATA[Moved to the Pay button]]>
    </line>
    <line>
      <![CDATA[Clicked on the Pay button to proceed with payment]]>
    </line>
    <line>
      <![CDATA[FAIL → Exception: Expected condition failed: waiting for url to contain "issucces". Current url: "https://test4.paymentsclub.net/payments/bfee574e450c7c60bb51984aa69581d8/" (tried for 15 second(s) with 500 milliseconds interval)
Build info: version: '4.39.0', revision: '126f156aee'
System info: os.name: 'Windows 11', os.arch: 'amd64', os.version: '10.0', java.version: '21.0.9'
Driver info: org.openqa.selenium.chrome.ChromeDriver
Capabilities {acceptInsecureCerts: false, browserName: chrome, browserVersion: 145.0.7632.160, chrome: {chromedriverVersion: 145.0.7632.117 (de4e5d6e13b..., userDataDir: C:\Users\LENOVO\AppData\Loc...}, fedcm:accounts: true, goog:chromeOptions: {debuggerAddress: localhost:56359}, goog:processID: 24328, networkConnectionEnabled: false, pageLoadStrategy: normal, platformName: windows, proxy: Proxy(), se:cdp: ws://localhost:56359/devtoo..., se:cdpVersion: 145.0.7632.160, setWindowRect: true, strictFileInteractability: false, timeouts: {implicit: 0, pageLoad: 300000, script: 30000}, unhandledPromptBehavior: dismiss and notify, webauthn:extension:credBlob: true, webauthn:extension:largeBlob: true, webauthn:extension:minPinLength: true, webauthn:extension:prf: true, webauthn:virtualAuthenticators: true}
Session ID: ef5c3f3142968795560c40f0de46b72f]]>
    </line>
  </reporter-output>
  <suite started-at="2026-03-12T11:01:50 IST" name="Default suite" finished-at="2026-03-12T11:04:07 IST" duration-ms="137090">
    <groups>
    </groups>
    <test started-at="2026-03-12T11:01:50 IST" name="Default test" finished-at="2026-03-12T11:04:07 IST" duration-ms="137090">
      <class name="purchase.email">
        <test-method is-config="true" signature="loadConfig()[pri:0, instance:purchase.email@5ac86ba5]" started-at="2026-03-12T11:01:50 IST" name="loadConfig" finished-at="2026-03-12T11:01:50 IST" duration-ms="29" status="PASS">
          <reporter-output>
          </reporter-output>
        </test-method> <!-- loadConfig -->
        <test-method is-config="true" signature="clearOnce()[pri:0, instance:purchase.email@5ac86ba5]" started-at="2026-03-12T11:01:50 IST" name="clearOnce" finished-at="2026-03-12T11:01:50 IST" depends-on-methods="com.paysecure.base.baseClass.loadConfig" duration-ms="1" status="PASS">
          <reporter-output>
          </reporter-output>
        </test-method> <!-- clearOnce -->
        <test-method is-config="true" signature="setup()[pri:0, instance:purchase.email@5ac86ba5]" started-at="2026-03-12T11:01:51 IST" name="setup" finished-at="2026-03-12T11:02:01 IST" duration-ms="9834" status="PASS">
          <reporter-output>
          </reporter-output>
        </test-method> <!-- setup -->
        <test-method is-config="true" signature="beforeMethod()[pri:0, instance:purchase.email@5ac86ba5]" started-at="2026-03-12T11:02:01 IST" name="beforeMethod" finished-at="2026-03-12T11:02:09 IST" duration-ms="7062" status="PASS">
          <reporter-output>
            <line>
              <![CDATA[User enter ID in Username field]]>
            </line>
            <line>
              <![CDATA[User Enter Password in password field]]>
            </line>
            <line>
              <![CDATA[Click on submit button in login page]]>
            </line>
          </reporter-output>
        </test-method> <!-- beforeMethod -->
        <test-method signature="Purchase(java.util.Map,java.util.Map)[pri:0, instance:purchase.email@5ac86ba5]" started-at="2026-03-12T11:02:09 IST" name="Purchase" data-provider="EmailData" finished-at="2026-03-12T11:04:04 IST" duration-ms="115519" status="PASS">
          <params>
            <param index="0">
              <value>
                <![CDATA[{CardNumber=4000000000003220, CVV=100, RunFlag=TRUE, RouteToMidOrBank=exactlypay-mid, PartialMerchant=Suhas, PSP=exactly, MaxAmount=2500, CardholderName=Varun chakravarti, Merchant=SuhasM, RouteToBankMid=Route to Mid, Currency=EUR, MinAmount=1, DefaultAmount=999, PaymentMethod=VISA, Expiry=01/39}]]>
              </value>
            </param>
            <param index="1">
              <value>
                <![CDATA[{Status=Pass, TestData=test123@example.com}]]>
              </value>
            </param>
          </params>
          <reporter-output>
            <line>
              <![CDATA[select merchant name :- SuhasM]]>
            </line>
            <line>
              <![CDATA[select merchant name :- EUR]]>
            </line>
            <line>
              <![CDATA[select merchant name :- VISA]]>
            </line>
            <line>
              <![CDATA[Fetching details for Limit and Charges]]>
            </line>
            <line>
              <![CDATA[Details fetched successfully]]>
            </line>
            <line>
              <![CDATA[Email test case will run for this PSP: exactly]]>
            </line>
            <line>
              <![CDATA[Amount Inputs → Min: 1.0, Max: 2500.0, Provided: 999.0]]>
            </line>
            <line>
              <![CDATA[✅ Amount within valid range. Using exact value: 999.0]]>
            </line>
            <line>
              <![CDATA[Generated First Name: divba0]]>
            </line>
            <line>
              <![CDATA[Purchase ID: 69b2500bf36bd5f2176f86cc]]>
            </line>
            <line>
              <![CDATA[Checkout URL: https://test4.paymentsclub.net/payments/bfee574e450c7c60bb51984aa69581d8/]]>
            </line>
            <line>
              <![CDATA[Email: test123@example.com → HTTP Status: 202]]>
            </line>
            <line>
              <![CDATA[Response Body: {
    "purchaseId": "69b2500bf36bd5f2176f86cc",
    "client": {
        "customerId": "NA",
        "email": "test123@example.com",
        "phone": "+1111111111",
        "full_name": "divba0",
        "street_address": "Main gate",
        "country": "US",
        "city": "Paris",
        "zip_code": "20001",
        "cc": [
            
        ],
        "bcc": [
            
        ],
        "stateCode": "QLD"
    },
    "updated_on": 1773293579,
    "type": "purchase",
    "paymentMethod": "VISA",
    "amountUnit": "MAJOR",
    "errorMsg": "",
    "errorCode": "NA",
    "force_recurring": false,
    "created_on": 1773293579,
    "merchantRef": "69b2500bf36bd5f2176f86cc",
    "purchase": {
        "currency": "EUR",
        "products": [
            {
                "name": "Cricket bat",
                "quantity": 1.0,
                "price": 999.0,
                "discount": 0,
                "tax_percent": "0.00"
            }
        ],
        "total": 999.0,
        "requestAmount": 999.0,
        "language": "en",
        "notes": "",
        "debt": 0,
        "total_formatted": 1.0,
        "taxAmount": 0.0,
        "taxPercent": 0.0,
        "request_client_details": [
            
        ],
        "email_message": ""
    },
    "issuer_details": {
        "website": "",
        "legal_street_address": "",
        "legal_country": "",
        "legal_city": "",
        "legal_zip_code": "",
        "bank_accounts": [
            {
                
            }
        ],
        "legal_name": "practice",
        "brand_name": "practice",
        "registration_number": "",
        "tax_number": ""
    },
    "transaction_data": {
        "payment_method": "",
        "flow": "payform",
        "extra": {
            
        },
        "country": "",
        "attempts": [
            
        ]
    },
    "status": "CREATED",
    "status_history": [
        {
            "status": "created",
            "timestamp": 1773293579
        }
    ],
    "is_test": false,
    "brand_id": "04199342-5d84-4e17-a53e-5c3d6b03ebd4",
    "send_receipt": false,
    "is_recurring_token": false,
    "skip_capture": false,
    "reference_generated": "PS9916",
    "issued": "2026-03-12",
    "due": 1773293579,
    "refund_upto": 0,
    "cc_descriptor": "",
    "fraudScore": "NA",
    "trustScore": "NA",
    "extraFee": "0",
    "paidOn": 0,
    "receivedAmt": 0.0,
    "taxAmount": 0.0,
    "surcharge": 0.0,
    "surchargeType": "",
    "sessionId": "",
    "refund_availability": "NONE",
    "refundable_amount": 0.0,
    "success_redirect": "https://staging.paysecure.net/getResponse.jsp?issucces=true",
    "failure_redirect": "https://staging.paysecure.net/getResponse.jsp?issucces=false",
    "cancel_redirect": "",
    "success_callback": "https://www.google.com/",
    "failure_callback": "https://staging.paysecure.net/merchant",
    "platform": "API",
    "created_from_ip": "110.235.229.171",
    "checkout_url": "https://test4.paymentsclub.net/payments/bfee574e450c7c60bb51984aa69581d8/",
    "direct_post_url": "https://test4.paymentsclub.net/api/v1/p/69b2500bf36bd5f2176f86cc/",
    "payoutProcess": false
}]]>
            </line>
            <line>
              <![CDATA[Email accepted by API: test123@example.com]]>
            </line>
            <line>
              <![CDATA[Transaction status OK → proceeding with payment flow]]>
            </line>
            <line>
              <![CDATA[Entered Card Holder Name: Varun chakravarti]]>
            </line>
            <line>
              <![CDATA[Entered Card Number: 4000000000003220]]>
            </line>
            <line>
              <![CDATA[Entered Card Expiry Date: 01/39]]>
            </line>
            <line>
              <![CDATA[Entered Card CVV: 100]]>
            </line>
            <line>
              <![CDATA[Moved to the Pay button]]>
            </line>
            <line>
              <![CDATA[Clicked on the Pay button to proceed with payment]]>
            </line>
            <line>
              <![CDATA[FAIL → Exception: Expected condition failed: waiting for url to contain "issucces". Current url: "https://test4.paymentsclub.net/payments/bfee574e450c7c60bb51984aa69581d8/" (tried for 15 second(s) with 500 milliseconds interval)
Build info: version: '4.39.0', revision: '126f156aee'
System info: os.name: 'Windows 11', os.arch: 'amd64', os.version: '10.0', java.version: '21.0.9'
Driver info: org.openqa.selenium.chrome.ChromeDriver
Capabilities {acceptInsecureCerts: false, browserName: chrome, browserVersion: 145.0.7632.160, chrome: {chromedriverVersion: 145.0.7632.117 (de4e5d6e13b..., userDataDir: C:\Users\LENOVO\AppData\Loc...}, fedcm:accounts: true, goog:chromeOptions: {debuggerAddress: localhost:56359}, goog:processID: 24328, networkConnectionEnabled: false, pageLoadStrategy: normal, platformName: windows, proxy: Proxy(), se:cdp: ws://localhost:56359/devtoo..., se:cdpVersion: 145.0.7632.160, setWindowRect: true, strictFileInteractability: false, timeouts: {implicit: 0, pageLoad: 300000, script: 30000}, unhandledPromptBehavior: dismiss and notify, webauthn:extension:credBlob: true, webauthn:extension:largeBlob: true, webauthn:extension:minPinLength: true, webauthn:extension:prf: true, webauthn:virtualAuthenticators: true}
Session ID: ef5c3f3142968795560c40f0de46b72f]]>
            </line>
          </reporter-output>
        </test-method> <!-- Purchase -->
        <test-method is-config="true" signature="tearDown(org.testng.ITestResult)[pri:0, instance:purchase.email@5ac86ba5]" started-at="2026-03-12T11:04:04 IST" name="tearDown" finished-at="2026-03-12T11:04:07 IST" duration-ms="3012" status="PASS">
          <params>
            <param index="0">
              <value>
                <![CDATA[[TestResult name=Purchase status=SUCCESS method=email.Purchase(java.util.Map,java.util.Map)[pri:0, instance:purchase.email@5ac86ba5] output=select merchant name :- SuhasM]]]>
              </value>
            </param>
          </params>
          <reporter-output>
          </reporter-output>
        </test-method> <!-- tearDown -->
      </class> <!-- purchase.email -->
    </test> <!-- Default test -->
  </suite> <!-- Default suite -->
</testng-results>
