<?xml version="1.0" encoding="UTF-8"?>
<testng-results ignored="0" total="1" passed="1" failed="0" skipped="0">
  <reporter-output>
    <line>
      <![CDATA[User enter ID in Username field]]>
    </line>
    <line>
      <![CDATA[User Enter Password in password field]]>
    </line>
    <line>
      <![CDATA[Click on submit button in login page]]>
    </line>
    <line>
      <![CDATA[select merchant name :- SuhasM]]>
    </line>
    <line>
      <![CDATA[select merchant name :- NGN]]>
    </line>
    <line>
      <![CDATA[select merchant name :- VISA]]>
    </line>
    <line>
      <![CDATA[Fetching details for Limit and Charges]]>
    </line>
    <line>
      <![CDATA[Details fetched successfully]]>
    </line>
  </reporter-output>
  <suite started-at="2026-03-20T10:39:09 IST" name="Default suite" finished-at="2026-03-20T10:40:05 IST" duration-ms="55561">
    <groups>
    </groups>
    <test started-at="2026-03-20T10:39:09 IST" name="Default test" finished-at="2026-03-20T10:40:05 IST" duration-ms="55561">
      <class name="refund.limitAndCHarges">
        <test-method is-config="true" signature="loadConfig()[pri:0, instance:refund.limitAndCHarges@41a90fa8]" started-at="2026-03-20T10:39:09 IST" name="loadConfig" finished-at="2026-03-20T10:39:09 IST" duration-ms="20" status="PASS">
          <reporter-output>
          </reporter-output>
        </test-method> <!-- loadConfig -->
        <test-method is-config="true" signature="setup()[pri:0, instance:refund.limitAndCHarges@41a90fa8]" started-at="2026-03-20T10:39:09 IST" name="setup" finished-at="2026-03-20T10:39:18 IST" duration-ms="8509" status="PASS">
          <reporter-output>
          </reporter-output>
        </test-method> <!-- setup -->
        <test-method is-config="true" signature="beforeMethod()[pri:0, instance:refund.limitAndCHarges@41a90fa8]" started-at="2026-03-20T10:39:18 IST" name="beforeMethod" finished-at="2026-03-20T10:39:22 IST" duration-ms="3920" status="PASS">
          <reporter-output>
            <line>
              <![CDATA[User enter ID in Username field]]>
            </line>
            <line>
              <![CDATA[User Enter Password in password field]]>
            </line>
            <line>
              <![CDATA[Click on submit button in login page]]>
            </line>
          </reporter-output>
        </test-method> <!-- beforeMethod -->
        <test-method signature="setLimitAndCHarges()[pri:0, instance:refund.limitAndCHarges@41a90fa8]" started-at="2026-03-20T10:39:22 IST" name="setLimitAndCHarges" finished-at="2026-03-20T10:40:01 IST" duration-ms="39554" status="PASS">
          <reporter-output>
            <line>
              <![CDATA[select merchant name :- SuhasM]]>
            </line>
            <line>
              <![CDATA[select merchant name :- NGN]]>
            </line>
            <line>
              <![CDATA[select merchant name :- VISA]]>
            </line>
            <line>
              <![CDATA[Fetching details for Limit and Charges]]>
            </line>
            <line>
              <![CDATA[Details fetched successfully]]>
            </line>
          </reporter-output>
        </test-method> <!-- setLimitAndCHarges -->
        <test-method is-config="true" signature="tearDown(org.testng.ITestResult)[pri:0, instance:refund.limitAndCHarges@41a90fa8]" started-at="2026-03-20T10:40:01 IST" name="tearDown" finished-at="2026-03-20T10:40:05 IST" duration-ms="3320" status="PASS">
          <params>
            <param index="0">
              <value>
                <![CDATA[[TestResult name=setLimitAndCHarges status=SUCCESS method=limitAndCHarges.setLimitAndCHarges()[pri:0, instance:refund.limitAndCHarges@41a90fa8] output=select merchant name :- SuhasM]]]>
              </value>
            </param>
          </params>
          <reporter-output>
          </reporter-output>
        </test-method> <!-- tearDown -->
      </class> <!-- refund.limitAndCHarges -->
    </test> <!-- Default test -->
  </suite> <!-- Default suite -->
</testng-results>
