<?xml version="1.0" encoding="UTF-8"?>
<testng-results ignored="0" total="1" passed="1" failed="0" skipped="0">
  <reporter-output>
    <line>
      <![CDATA[User enter ID in Username field]]>
    </line>
    <line>
      <![CDATA[User Enter Password in password field]]>
    </line>
    <line>
      <![CDATA[Click on submit button in login page]]>
    </line>
    <line>
      <![CDATA[select merchant name :- SuhasM]]>
    </line>
    <line>
      <![CDATA[select merchant name :- USD]]>
    </line>
    <line>
      <![CDATA[select merchant name :- VISA]]>
    </line>
    <line>
      <![CDATA[Fetching details for Limit and Charges]]>
    </line>
    <line>
      <![CDATA[Details fetched successfully]]>
    </line>
    <line>
      <![CDATA[Email test case will run for this PSP: unicornpaymentds]]>
    </line>
    <line>
      <![CDATA[Amount Inputs → Min: 100.0, Max: 900.0, Provided: 569.0]]>
    </line>
    <line>
      <![CDATA[✅ Amount within valid range. Using exact value: 569.0]]>
    </line>
    <line>
      <![CDATA[Generated First Name: diveff]]>
    </line>
    <line>
      <![CDATA[Purchase ID: 69a949dc7f44d55471699f91]]>
    </line>
    <line>
      <![CDATA[Checkout URL: https://test4.paymentsclub.net/payments/5875bc63a2bb01263d9389c0e7fd9c79/]]>
    </line>
    <line>
      <![CDATA[Email: test123@example.com → HTTP Status: 202]]>
    </line>
    <line>
      <![CDATA[Response Body: {
    "purchaseId": "69a949dc7f44d55471699f91",
    "client": {
        "customerId": "NA",
        "email": "test123@example.com",
        "phone": "+1111111111",
        "full_name": "diveff",
        "street_address": "Main gate",
        "country": "US",
        "city": "Paris",
        "zip_code": "20001",
        "cc": [
            
        ],
        "bcc": [
            
        ],
        "stateCode": "QLD"
    },
    "updated_on": 1772702172,
    "type": "purchase",
    "paymentMethod": "VISA",
    "amountUnit": "MAJOR",
    "errorMsg": "",
    "errorCode": "NA",
    "force_recurring": false,
    "created_on": 1772702172,
    "merchantRef": "69a949dc7f44d55471699f91",
    "purchase": {
        "currency": "USD",
        "products": [
            {
                "name": "Cricket bat",
                "quantity": 1.0,
                "price": 569.0,
                "discount": 0,
                "tax_percent": "0.00"
            }
        ],
        "total": 569.0,
        "requestAmount": 569.0,
        "language": "en",
        "notes": "",
        "debt": 0,
        "total_formatted": 1.0,
        "taxAmount": 0.0,
        "taxPercent": 0.0,
        "request_client_details": [
            
        ],
        "email_message": ""
    },
    "issuer_details": {
        "website": "",
        "legal_street_address": "",
        "legal_country": "",
        "legal_city": "",
        "legal_zip_code": "",
        "bank_accounts": [
            {
                
            }
        ],
        "legal_name": "practice",
        "brand_name": "practice",
        "registration_number": "",
        "tax_number": ""
    },
    "transaction_data": {
        "payment_method": "",
        "flow": "payform",
        "extra": {
            
        },
        "country": "",
        "attempts": [
            
        ]
    },
    "status": "CREATED",
    "status_history": [
        {
            "status": "created",
            "timestamp": 1772702172
        }
    ],
    "is_test": false,
    "brand_id": "04199342-5d84-4e17-a53e-5c3d6b03ebd4",
    "send_receipt": false,
    "is_recurring_token": false,
    "skip_capture": false,
    "reference_generated": "PS9698",
    "issued": "2026-03-05",
    "due": 1772702172,
    "refund_upto": 0,
    "cc_descriptor": "",
    "fraudScore": "NA",
    "trustScore": "NA",
    "extraFee": "0",
    "paidOn": 0,
    "receivedAmt": 0.0,
    "taxAmount": 0.0,
    "surcharge": 0.0,
    "surchargeType": "",
    "sessionId": "",
    "refund_availability": "NONE",
    "refundable_amount": 0.0,
    "success_redirect": "https://staging.paysecure.net/getResponse.jsp?issucces=true",
    "failure_redirect": "https://staging.paysecure.net/getResponse.jsp?issucces=false",
    "cancel_redirect": "",
    "success_callback": "https://www.google.com/",
    "failure_callback": "https://staging.paysecure.net/merchant",
    "platform": "API",
    "created_from_ip": "103.80.161.238",
    "checkout_url": "https://test4.paymentsclub.net/payments/5875bc63a2bb01263d9389c0e7fd9c79/",
    "direct_post_url": "https://test4.paymentsclub.net/api/v1/p/69a949dc7f44d55471699f91/",
    "payoutProcess": false
}]]>
    </line>
    <line>
      <![CDATA[Email accepted by API: test123@example.com]]>
    </line>
    <line>
      <![CDATA[Transaction status OK → proceeding with payment flow]]>
    </line>
    <line>
      <![CDATA[Entered Card Holder Name: Brian Bennet]]>
    </line>
    <line>
      <![CDATA[Entered Card Number: 4100000000005000]]>
    </line>
    <line>
      <![CDATA[Entered Card Expiry Date: 08/27]]>
    </line>
    <line>
      <![CDATA[Entered Card CVV: 196]]>
    </line>
    <line>
      <![CDATA[Moved to the Pay button]]>
    </line>
    <line>
      <![CDATA[Clicked on the Pay button to proceed with payment]]>
    </line>
    <line>
      <![CDATA[FAIL → Exception: Expected condition failed: waiting for url to contain "issucces". Current url: "https://quickpay.ugpayments.ch/threedauthentication" (tried for 15 second(s) with 500 milliseconds interval)
Build info: version: '4.39.0', revision: '126f156aee'
System info: os.name: 'Windows 11', os.arch: 'amd64', os.version: '10.0', java.version: '21.0.9'
Driver info: org.openqa.selenium.chrome.ChromeDriver
Capabilities {acceptInsecureCerts: false, browserName: chrome, browserVersion: 145.0.7632.117, chrome: {chromedriverVersion: 145.0.7632.117 (de4e5d6e13b..., userDataDir: C:\Users\LENOVO\AppData\Loc...}, fedcm:accounts: true, goog:chromeOptions: {debuggerAddress: localhost:61890}, goog:processID: 35528, networkConnectionEnabled: false, pageLoadStrategy: normal, platformName: windows, proxy: Proxy(), se:cdp: ws://localhost:61890/devtoo..., se:cdpVersion: 145.0.7632.117, setWindowRect: true, strictFileInteractability: false, timeouts: {implicit: 0, pageLoad: 300000, script: 30000}, unhandledPromptBehavior: dismiss and notify, webauthn:extension:credBlob: true, webauthn:extension:largeBlob: true, webauthn:extension:minPinLength: true, webauthn:extension:prf: true, webauthn:virtualAuthenticators: true}
Session ID: adc5ac6d38e2fc93c3cebc7c02808de7]]>
    </line>
  </reporter-output>
  <suite started-at="2026-03-05T14:45:17 IST" name="Default suite" finished-at="2026-03-05T14:52:39 IST" duration-ms="441371">
    <groups>
    </groups>
    <test started-at="2026-03-05T14:45:17 IST" name="Default test" finished-at="2026-03-05T14:52:39 IST" duration-ms="441371">
      <class name="purchase.email">
        <test-method is-config="true" signature="loadConfig()[pri:0, instance:purchase.email@5ac86ba5]" started-at="2026-03-05T14:45:17 IST" name="loadConfig" finished-at="2026-03-05T14:45:17 IST" duration-ms="18" status="PASS">
          <reporter-output>
          </reporter-output>
        </test-method> <!-- loadConfig -->
        <test-method is-config="true" signature="clearOnce()[pri:0, instance:purchase.email@5ac86ba5]" started-at="2026-03-05T14:45:17 IST" name="clearOnce" finished-at="2026-03-05T14:45:17 IST" depends-on-methods="com.paysecure.base.baseClass.loadConfig" duration-ms="1" status="PASS">
          <reporter-output>
          </reporter-output>
        </test-method> <!-- clearOnce -->
        <test-method is-config="true" signature="setup()[pri:0, instance:purchase.email@5ac86ba5]" started-at="2026-03-05T14:45:18 IST" name="setup" finished-at="2026-03-05T14:45:28 IST" duration-ms="9509" status="PASS">
          <reporter-output>
          </reporter-output>
        </test-method> <!-- setup -->
        <test-method is-config="true" signature="beforeMethod()[pri:0, instance:purchase.email@5ac86ba5]" started-at="2026-03-05T14:45:28 IST" name="beforeMethod" finished-at="2026-03-05T14:45:34 IST" duration-ms="6029" status="PASS">
          <reporter-output>
            <line>
              <![CDATA[User enter ID in Username field]]>
            </line>
            <line>
              <![CDATA[User Enter Password in password field]]>
            </line>
            <line>
              <![CDATA[Click on submit button in login page]]>
            </line>
          </reporter-output>
        </test-method> <!-- beforeMethod -->
        <test-method signature="Purchase(java.util.Map,java.util.Map)[pri:0, instance:purchase.email@5ac86ba5]" started-at="2026-03-05T14:45:34 IST" name="Purchase" data-provider="EmailData" finished-at="2026-03-05T14:52:36 IST" duration-ms="421487" status="PASS">
          <params>
            <param index="0">
              <value>
                <![CDATA[{CardNumber=4100000000005000, CVV=196, RunFlag=TRUE, RouteToMidOrBank=unicornpayment, PartialMerchant=Suhas, PSP=unicornpaymentds, MaxAmount=900, CardholderName=Brian Bennet, Merchant=SuhasM, RouteToBankMid=Route to Mid, Currency=USD, MinAmount=100, DefaultAmount=569, PaymentMethod=VISA, Expiry=08/27}]]>
              </value>
            </param>
            <param index="1">
              <value>
                <![CDATA[{Status=Pass, TestData=test123@example.com}]]>
              </value>
            </param>
          </params>
          <reporter-output>
            <line>
              <![CDATA[select merchant name :- SuhasM]]>
            </line>
            <line>
              <![CDATA[select merchant name :- USD]]>
            </line>
            <line>
              <![CDATA[select merchant name :- VISA]]>
            </line>
            <line>
              <![CDATA[Fetching details for Limit and Charges]]>
            </line>
            <line>
              <![CDATA[Details fetched successfully]]>
            </line>
            <line>
              <![CDATA[Email test case will run for this PSP: unicornpaymentds]]>
            </line>
            <line>
              <![CDATA[Amount Inputs → Min: 100.0, Max: 900.0, Provided: 569.0]]>
            </line>
            <line>
              <![CDATA[✅ Amount within valid range. Using exact value: 569.0]]>
            </line>
            <line>
              <![CDATA[Generated First Name: diveff]]>
            </line>
            <line>
              <![CDATA[Purchase ID: 69a949dc7f44d55471699f91]]>
            </line>
            <line>
              <![CDATA[Checkout URL: https://test4.paymentsclub.net/payments/5875bc63a2bb01263d9389c0e7fd9c79/]]>
            </line>
            <line>
              <![CDATA[Email: test123@example.com → HTTP Status: 202]]>
            </line>
            <line>
              <![CDATA[Response Body: {
    "purchaseId": "69a949dc7f44d55471699f91",
    "client": {
        "customerId": "NA",
        "email": "test123@example.com",
        "phone": "+1111111111",
        "full_name": "diveff",
        "street_address": "Main gate",
        "country": "US",
        "city": "Paris",
        "zip_code": "20001",
        "cc": [
            
        ],
        "bcc": [
            
        ],
        "stateCode": "QLD"
    },
    "updated_on": 1772702172,
    "type": "purchase",
    "paymentMethod": "VISA",
    "amountUnit": "MAJOR",
    "errorMsg": "",
    "errorCode": "NA",
    "force_recurring": false,
    "created_on": 1772702172,
    "merchantRef": "69a949dc7f44d55471699f91",
    "purchase": {
        "currency": "USD",
        "products": [
            {
                "name": "Cricket bat",
                "quantity": 1.0,
                "price": 569.0,
                "discount": 0,
                "tax_percent": "0.00"
            }
        ],
        "total": 569.0,
        "requestAmount": 569.0,
        "language": "en",
        "notes": "",
        "debt": 0,
        "total_formatted": 1.0,
        "taxAmount": 0.0,
        "taxPercent": 0.0,
        "request_client_details": [
            
        ],
        "email_message": ""
    },
    "issuer_details": {
        "website": "",
        "legal_street_address": "",
        "legal_country": "",
        "legal_city": "",
        "legal_zip_code": "",
        "bank_accounts": [
            {
                
            }
        ],
        "legal_name": "practice",
        "brand_name": "practice",
        "registration_number": "",
        "tax_number": ""
    },
    "transaction_data": {
        "payment_method": "",
        "flow": "payform",
        "extra": {
            
        },
        "country": "",
        "attempts": [
            
        ]
    },
    "status": "CREATED",
    "status_history": [
        {
            "status": "created",
            "timestamp": 1772702172
        }
    ],
    "is_test": false,
    "brand_id": "04199342-5d84-4e17-a53e-5c3d6b03ebd4",
    "send_receipt": false,
    "is_recurring_token": false,
    "skip_capture": false,
    "reference_generated": "PS9698",
    "issued": "2026-03-05",
    "due": 1772702172,
    "refund_upto": 0,
    "cc_descriptor": "",
    "fraudScore": "NA",
    "trustScore": "NA",
    "extraFee": "0",
    "paidOn": 0,
    "receivedAmt": 0.0,
    "taxAmount": 0.0,
    "surcharge": 0.0,
    "surchargeType": "",
    "sessionId": "",
    "refund_availability": "NONE",
    "refundable_amount": 0.0,
    "success_redirect": "https://staging.paysecure.net/getResponse.jsp?issucces=true",
    "failure_redirect": "https://staging.paysecure.net/getResponse.jsp?issucces=false",
    "cancel_redirect": "",
    "success_callback": "https://www.google.com/",
    "failure_callback": "https://staging.paysecure.net/merchant",
    "platform": "API",
    "created_from_ip": "103.80.161.238",
    "checkout_url": "https://test4.paymentsclub.net/payments/5875bc63a2bb01263d9389c0e7fd9c79/",
    "direct_post_url": "https://test4.paymentsclub.net/api/v1/p/69a949dc7f44d55471699f91/",
    "payoutProcess": false
}]]>
            </line>
            <line>
              <![CDATA[Email accepted by API: test123@example.com]]>
            </line>
            <line>
              <![CDATA[Transaction status OK → proceeding with payment flow]]>
            </line>
            <line>
              <![CDATA[Entered Card Holder Name: Brian Bennet]]>
            </line>
            <line>
              <![CDATA[Entered Card Number: 4100000000005000]]>
            </line>
            <line>
              <![CDATA[Entered Card Expiry Date: 08/27]]>
            </line>
            <line>
              <![CDATA[Entered Card CVV: 196]]>
            </line>
            <line>
              <![CDATA[Moved to the Pay button]]>
            </line>
            <line>
              <![CDATA[Clicked on the Pay button to proceed with payment]]>
            </line>
            <line>
              <![CDATA[FAIL → Exception: Expected condition failed: waiting for url to contain "issucces". Current url: "https://quickpay.ugpayments.ch/threedauthentication" (tried for 15 second(s) with 500 milliseconds interval)
Build info: version: '4.39.0', revision: '126f156aee'
System info: os.name: 'Windows 11', os.arch: 'amd64', os.version: '10.0', java.version: '21.0.9'
Driver info: org.openqa.selenium.chrome.ChromeDriver
Capabilities {acceptInsecureCerts: false, browserName: chrome, browserVersion: 145.0.7632.117, chrome: {chromedriverVersion: 145.0.7632.117 (de4e5d6e13b..., userDataDir: C:\Users\LENOVO\AppData\Loc...}, fedcm:accounts: true, goog:chromeOptions: {debuggerAddress: localhost:61890}, goog:processID: 35528, networkConnectionEnabled: false, pageLoadStrategy: normal, platformName: windows, proxy: Proxy(), se:cdp: ws://localhost:61890/devtoo..., se:cdpVersion: 145.0.7632.117, setWindowRect: true, strictFileInteractability: false, timeouts: {implicit: 0, pageLoad: 300000, script: 30000}, unhandledPromptBehavior: dismiss and notify, webauthn:extension:credBlob: true, webauthn:extension:largeBlob: true, webauthn:extension:minPinLength: true, webauthn:extension:prf: true, webauthn:virtualAuthenticators: true}
Session ID: adc5ac6d38e2fc93c3cebc7c02808de7]]>
            </line>
          </reporter-output>
        </test-method> <!-- Purchase -->
        <test-method is-config="true" signature="tearDown(org.testng.ITestResult)[pri:0, instance:purchase.email@5ac86ba5]" started-at="2026-03-05T14:52:36 IST" name="tearDown" finished-at="2026-03-05T14:52:39 IST" duration-ms="3018" status="PASS">
          <params>
            <param index="0">
              <value>
                <![CDATA[[TestResult name=Purchase status=SUCCESS method=email.Purchase(java.util.Map,java.util.Map)[pri:0, instance:purchase.email@5ac86ba5] output=select merchant name :- SuhasM]]]>
              </value>
            </param>
          </params>
          <reporter-output>
          </reporter-output>
        </test-method> <!-- tearDown -->
      </class> <!-- purchase.email -->
    </test> <!-- Default test -->
  </suite> <!-- Default suite -->
</testng-results>
