<?xml version="1.0" encoding="UTF-8"?>
<testng-results ignored="0" total="1" passed="1" failed="0" skipped="0">
  <reporter-output>
    <line>
      <![CDATA[User enter ID in Username field]]>
    </line>
    <line>
      <![CDATA[User Enter Password in password field]]>
    </line>
    <line>
      <![CDATA[Click on submit button in login page]]>
    </line>
    <line>
      <![CDATA[Generated Random Double: 54.32]]>
    </line>
    <line>
      <![CDATA[Generated First Name: johne47]]>
    </line>
    <line>
      <![CDATA[Generated Email: nairobiPalermo127d3@gmail.com]]>
    </line>
    <line>
      <![CDATA[purchaseId is not null]]>
    </line>
    <line>
      <![CDATA[purchaseId is not empty]]>
    </line>
    <line>
      <![CDATA[purchaseId format is valid: 69575c75f2e8c4632395039d]]>
    </line>
    <line>
      <![CDATA[purchaseId length is 24]]>
    </line>
    <line>
      <![CDATA[purchaseId validated successfully: 69575c75f2e8c4632395039d]]>
    </line>
    <line>
      <![CDATA[Entered Card Holder Name: Rohitman Sharma]]>
    </line>
    <line>
      <![CDATA[Entered Card Number: 4111111111111111]]>
    </line>
    <line>
      <![CDATA[Entered Card Expiry Date: 07/29]]>
    </line>
    <line>
      <![CDATA[Entered Card CVC: 123]]>
    </line>
    <line>
      <![CDATA[Moved to the Pay button]]>
    </line>
    <line>
      <![CDATA[Clicked on the Pay button to proceed with payment]]>
    </line>
    <line>
      <![CDATA[Redirected URL: https://staging.paysecure.net/getResponse.jsp?issucces=true]]>
    </line>
    <line>
      <![CDATA[Payment Successfully]]>
    </line>
    <line>
      <![CDATA[ Opened staging environment in a new browser tab]]>
    </line>
    <line>
      <![CDATA[User enter ID in Username field]]>
    </line>
    <line>
      <![CDATA[User Enter Password in password field]]>
    </line>
    <line>
      <![CDATA[Click on submit button in login page]]>
    </line>
    <line>
      <![CDATA[ Entered Transaction ID: 69575c75f2e8c4632395039d]]>
    </line>
    <line>
      <![CDATA[ Clicked on Search button]]>
    </line>
    <line>
      <![CDATA[UI transaction ID: 69575c75f2e8c4632395039d]]>
    </line>
    <line>
      <![CDATA[API transaction ID: 69575c75f2e8c4632395039d]]>
    </line>
    <line>
      <![CDATA[Transaction ID verified successfully]]>
    </line>
    <line>
      <![CDATA[UI Merchant Name: suhasM]]>
    </line>
    <line>
      <![CDATA[API Merchant Name: suhasM]]>
    </line>
    <line>
      <![CDATA[Merchant name verified successfully]]>
    </line>
    <line>
      <![CDATA[UI Amount: 54.32]]>
    </line>
    <line>
      <![CDATA[API Amount: 54.32]]>
    </line>
    <line>
      <![CDATA[currency conversion not applied]]>
    </line>
    <line>
      <![CDATA[Amount verified successfully]]>
    </line>
    <line>
      <![CDATA[UI Currency: INR]]>
    </line>
    <line>
      <![CDATA[API Currency: INR]]>
    </line>
    <line>
      <![CDATA[Currency matched correctly]]>
    </line>
    <line>
      <![CDATA[Currency verified successfully]]>
    </line>
    <line>
      <![CDATA[Expected Masked Card: 41111111****1111]]>
    </line>
    <line>
      <![CDATA[UI Masked Card: 41111111****1111]]>
    </line>
    <line>
      <![CDATA[ Clicked on first Transaction ID from list]]>
    </line>
    <line>
      <![CDATA[Purchase Transaction ID is not empty or not null]]>
    </line>
    <line>
      <![CDATA[UI Currency: INR]]>
    </line>
    <line>
      <![CDATA[Payment Info Currency: INR]]>
    </line>
    <line>
      <![CDATA[Currency on Payment Info verified successfully]]>
    </line>
    <line>
      <![CDATA[UI Amount: 54.32]]>
    </line>
    <line>
      <![CDATA[Payment Info Amount: 54.32]]>
    </line>
    <line>
      <![CDATA[Amount on Payment Info verified successfully]]>
    </line>
  </reporter-output>
  <suite started-at="2026-01-02T11:19:21 IST" name="Default suite" finished-at="2026-01-02T11:20:40 IST" duration-ms="78890">
    <groups>
    </groups>
    <test started-at="2026-01-02T11:19:21 IST" name="Default test" finished-at="2026-01-02T11:20:40 IST" duration-ms="78890">
      <class name="PSP.zaakpay">
        <test-method is-config="true" signature="loadConfig()[pri:0, instance:PSP.zaakpay@2cf92cc7]" started-at="2026-01-02T11:19:21 IST" name="loadConfig" finished-at="2026-01-02T11:19:21 IST" duration-ms="34" status="PASS">
          <reporter-output>
          </reporter-output>
        </test-method> <!-- loadConfig -->
        <test-method is-config="true" signature="setup()[pri:0, instance:PSP.zaakpay@2cf92cc7]" started-at="2026-01-02T11:19:21 IST" name="setup" finished-at="2026-01-02T11:19:27 IST" duration-ms="6451" status="PASS">
          <reporter-output>
          </reporter-output>
        </test-method> <!-- setup -->
        <test-method is-config="true" signature="beforeMethod()[pri:0, instance:PSP.zaakpay@2cf92cc7]" started-at="2026-01-02T11:19:27 IST" name="beforeMethod" finished-at="2026-01-02T11:19:38 IST" duration-ms="10391" status="PASS">
          <reporter-output>
            <line>
              <![CDATA[User enter ID in Username field]]>
            </line>
            <line>
              <![CDATA[User Enter Password in password field]]>
            </line>
            <line>
              <![CDATA[Click on submit button in login page]]>
            </line>
          </reporter-output>
        </test-method> <!-- beforeMethod -->
        <test-method signature="purchase(java.lang.String,java.lang.String,java.lang.String,java.lang.String,java.lang.String)[pri:0, instance:PSP.zaakpay@2cf92cc7]" started-at="2026-01-02T11:19:38 IST" name="purchase" data-provider="cardData" finished-at="2026-01-02T11:20:37 IST" duration-ms="58757" status="PASS">
          <params>
            <param index="0">
              <value>
                <![CDATA[Rohitman Sharma]]>
              </value>
            </param>
            <param index="1">
              <value>
                <![CDATA[4111111111111111]]>
              </value>
            </param>
            <param index="2">
              <value>
                <![CDATA[07/29]]>
              </value>
            </param>
            <param index="3">
              <value>
                <![CDATA[123]]>
              </value>
            </param>
            <param index="4">
              <value>
                <![CDATA[Zaakpay]]>
              </value>
            </param>
          </params>
          <reporter-output>
            <line>
              <![CDATA[Generated Random Double: 54.32]]>
            </line>
            <line>
              <![CDATA[Generated First Name: johne47]]>
            </line>
            <line>
              <![CDATA[Generated Email: nairobiPalermo127d3@gmail.com]]>
            </line>
            <line>
              <![CDATA[purchaseId is not null]]>
            </line>
            <line>
              <![CDATA[purchaseId is not empty]]>
            </line>
            <line>
              <![CDATA[purchaseId format is valid: 69575c75f2e8c4632395039d]]>
            </line>
            <line>
              <![CDATA[purchaseId length is 24]]>
            </line>
            <line>
              <![CDATA[purchaseId validated successfully: 69575c75f2e8c4632395039d]]>
            </line>
            <line>
              <![CDATA[Entered Card Holder Name: Rohitman Sharma]]>
            </line>
            <line>
              <![CDATA[Entered Card Number: 4111111111111111]]>
            </line>
            <line>
              <![CDATA[Entered Card Expiry Date: 07/29]]>
            </line>
            <line>
              <![CDATA[Entered Card CVC: 123]]>
            </line>
            <line>
              <![CDATA[Moved to the Pay button]]>
            </line>
            <line>
              <![CDATA[Clicked on the Pay button to proceed with payment]]>
            </line>
            <line>
              <![CDATA[Redirected URL: https://staging.paysecure.net/getResponse.jsp?issucces=true]]>
            </line>
            <line>
              <![CDATA[Payment Successfully]]>
            </line>
            <line>
              <![CDATA[ Opened staging environment in a new browser tab]]>
            </line>
            <line>
              <![CDATA[User enter ID in Username field]]>
            </line>
            <line>
              <![CDATA[User Enter Password in password field]]>
            </line>
            <line>
              <![CDATA[Click on submit button in login page]]>
            </line>
            <line>
              <![CDATA[ Entered Transaction ID: 69575c75f2e8c4632395039d]]>
            </line>
            <line>
              <![CDATA[ Clicked on Search button]]>
            </line>
            <line>
              <![CDATA[UI transaction ID: 69575c75f2e8c4632395039d]]>
            </line>
            <line>
              <![CDATA[API transaction ID: 69575c75f2e8c4632395039d]]>
            </line>
            <line>
              <![CDATA[Transaction ID verified successfully]]>
            </line>
            <line>
              <![CDATA[UI Merchant Name: suhasM]]>
            </line>
            <line>
              <![CDATA[API Merchant Name: suhasM]]>
            </line>
            <line>
              <![CDATA[Merchant name verified successfully]]>
            </line>
            <line>
              <![CDATA[UI Amount: 54.32]]>
            </line>
            <line>
              <![CDATA[API Amount: 54.32]]>
            </line>
            <line>
              <![CDATA[currency conversion not applied]]>
            </line>
            <line>
              <![CDATA[Amount verified successfully]]>
            </line>
            <line>
              <![CDATA[UI Currency: INR]]>
            </line>
            <line>
              <![CDATA[API Currency: INR]]>
            </line>
            <line>
              <![CDATA[Currency matched correctly]]>
            </line>
            <line>
              <![CDATA[Currency verified successfully]]>
            </line>
            <line>
              <![CDATA[Expected Masked Card: 41111111****1111]]>
            </line>
            <line>
              <![CDATA[UI Masked Card: 41111111****1111]]>
            </line>
            <line>
              <![CDATA[ Clicked on first Transaction ID from list]]>
            </line>
            <line>
              <![CDATA[Purchase Transaction ID is not empty or not null]]>
            </line>
            <line>
              <![CDATA[UI Currency: INR]]>
            </line>
            <line>
              <![CDATA[Payment Info Currency: INR]]>
            </line>
            <line>
              <![CDATA[Currency on Payment Info verified successfully]]>
            </line>
            <line>
              <![CDATA[UI Amount: 54.32]]>
            </line>
            <line>
              <![CDATA[Payment Info Amount: 54.32]]>
            </line>
            <line>
              <![CDATA[Amount on Payment Info verified successfully]]>
            </line>
          </reporter-output>
        </test-method> <!-- purchase -->
        <test-method is-config="true" signature="tearDown(org.testng.ITestResult)[pri:0, instance:PSP.zaakpay@2cf92cc7]" started-at="2026-01-02T11:20:37 IST" name="tearDown" finished-at="2026-01-02T11:20:40 IST" duration-ms="3018" status="PASS">
          <params>
            <param index="0">
              <value>
                <![CDATA[[TestResult name=purchase status=SUCCESS method=zaakpay.purchase(java.lang.String,java.lang.String,java.lang.String,java.lang.String,java.lang.String)[pri:0, instance:PSP.zaakpay@2cf92cc7] output=Generated Random Double: 54.32]]]>
              </value>
            </param>
          </params>
          <reporter-output>
          </reporter-output>
        </test-method> <!-- tearDown -->
      </class> <!-- PSP.zaakpay -->
    </test> <!-- Default test -->
  </suite> <!-- Default suite -->
</testng-results>
