<?xml version="1.0" encoding="UTF-8"?>
<testng-results ignored="0" total="1" passed="1" failed="0" skipped="0">
  <reporter-output>
    <line>
      <![CDATA[User enter ID in Username field]]>
    </line>
    <line>
      <![CDATA[User Enter Password in password field]]>
    </line>
    <line>
      <![CDATA[Click on submit button in login page]]>
    </line>
    <line>
      <![CDATA[select merchant name :- SuhasM]]>
    </line>
    <line>
      <![CDATA[select merchant name :- HKD]]>
    </line>
    <line>
      <![CDATA[select merchant name :- VISA]]>
    </line>
    <line>
      <![CDATA[Fetching details for Limit and Charges]]>
    </line>
    <line>
      <![CDATA[Details fetched successfully]]>
    </line>
    <line>
      <![CDATA[Email test case will run for this PSP: payIn]]>
    </line>
    <line>
      <![CDATA[Amount Inputs → Min: 100.0, Max: 900.0, Provided: 569.0]]>
    </line>
    <line>
      <![CDATA[✅ Amount within valid range. Using exact value: 569.0]]>
    </line>
    <line>
      <![CDATA[Generated First Name: johnba4]]>
    </line>
    <line>
      <![CDATA[Purchase ID: 6996ede14d34b98aa819ced7]]>
    </line>
    <line>
      <![CDATA[Checkout URL: https://test4.paymentsclub.net/payments/d09bebef27f3586331d49a1f3134edcd/]]>
    </line>
    <line>
      <![CDATA[Email: user1234@example.com → HTTP Status: 202]]>
    </line>
    <line>
      <![CDATA[Response Body: {
    "purchaseId": "6996ede14d34b98aa819ced7",
    "client": {
        "customerId": "NA",
        "email": "user1234@example.com",
        "phone": "+1111111111",
        "full_name": "johnba4",
        "street_address": "Main gate",
        "country": "IN",
        "city": "Paris",
        "zip_code": "20001",
        "cc": [
            
        ],
        "bcc": [
            
        ],
        "stateCode": "QLD"
    },
    "updated_on": 1771498977,
    "type": "purchase",
    "paymentMethod": "VISA",
    "amountUnit": "MAJOR",
    "errorMsg": "",
    "errorCode": "NA",
    "force_recurring": false,
    "created_on": 1771498977,
    "merchantRef": "6996ede14d34b98aa819ced7",
    "purchase": {
        "currency": "HKD",
        "products": [
            {
                "name": "Cricket bat",
                "quantity": 1.0,
                "price": 569.0,
                "discount": 0,
                "tax_percent": "0.00"
            }
        ],
        "total": 569.0,
        "requestAmount": 569.0,
        "language": "en",
        "notes": "",
        "debt": 0,
        "total_formatted": 1.0,
        "taxAmount": 0.0,
        "taxPercent": 0.0,
        "request_client_details": [
            
        ],
        "email_message": ""
    },
    "issuer_details": {
        "website": "",
        "legal_street_address": "",
        "legal_country": "",
        "legal_city": "",
        "legal_zip_code": "",
        "bank_accounts": [
            {
                
            }
        ],
        "legal_name": "practice",
        "brand_name": "practice",
        "registration_number": "",
        "tax_number": ""
    },
    "transaction_data": {
        "payment_method": "",
        "flow": "payform",
        "extra": {
            
        },
        "country": "",
        "attempts": [
            
        ]
    },
    "status": "CREATED",
    "status_history": [
        {
            "status": "created",
            "timestamp": 1771498977
        }
    ],
    "is_test": false,
    "brand_id": "04199342-5d84-4e17-a53e-5c3d6b03ebd4",
    "send_receipt": false,
    "is_recurring_token": false,
    "skip_capture": false,
    "reference_generated": "PS8161",
    "issued": "2026-02-19",
    "due": 1771498977,
    "refund_upto": 0,
    "cc_descriptor": "",
    "fraudScore": "NA",
    "trustScore": "NA",
    "extraFee": "0",
    "paidOn": 0,
    "receivedAmt": 0.0,
    "taxAmount": 0.0,
    "surcharge": 0.0,
    "surchargeType": "",
    "sessionId": "",
    "refund_availability": "NONE",
    "refundable_amount": 0.0,
    "success_redirect": "https://staging.paysecure.net/getResponse.jsp?issucces=true",
    "failure_redirect": "https://staging.paysecure.net/getResponse.jsp?issucces=false",
    "cancel_redirect": "",
    "success_callback": "https://www.google.com/",
    "failure_callback": "https://staging.paysecure.net/merchant",
    "platform": "API",
    "created_from_ip": "103.80.161.238",
    "checkout_url": "https://test4.paymentsclub.net/payments/d09bebef27f3586331d49a1f3134edcd/",
    "direct_post_url": "https://test4.paymentsclub.net/api/v1/p/6996ede14d34b98aa819ced7/",
    "payoutProcess": false
}]]>
    </line>
    <line>
      <![CDATA[Email accepted by API: user1234@example.com]]>
    </line>
    <line>
      <![CDATA[✓ Transaction status OK → proceeding with payment flow]]>
    </line>
    <line>
      <![CDATA[Entered Card Holder Name: Rohitman Sharma]]>
    </line>
    <line>
      <![CDATA[Entered Card Number: 4000000000001000]]>
    </line>
    <line>
      <![CDATA[Entered Card Expiry Date: 02/29]]>
    </line>
    <line>
      <![CDATA[Entered Card CVV: 123]]>
    </line>
    <line>
      <![CDATA[Moved to the Pay button]]>
    </line>
    <line>
      <![CDATA[Clicked on the Pay button to proceed with payment]]>
    </line>
    <line>
      <![CDATA[Redirected URL: https://staging.paysecure.net/getResponse.jsp?issucces=true]]>
    </line>
    <line>
      <![CDATA[PASS → Payment outcome matched expectation]]>
    </line>
    <line>
      <![CDATA[ Opened staging environment in a new browser tab]]>
    </line>
    <line>
      <![CDATA[User enter ID in Username field]]>
    </line>
    <line>
      <![CDATA[User Enter Password in password field]]>
    </line>
    <line>
      <![CDATA[Click on submit button in login page]]>
    </line>
    <line>
      <![CDATA[ Entered Transaction ID: 6996ede14d34b98aa819ced7]]>
    </line>
    <line>
      <![CDATA[ Clicked on Search button]]>
    </line>
    <line>
      <![CDATA[ Clicked on Search button]]>
    </line>
    <line>
      <![CDATA[ Clicked on first Transaction ID from list]]>
    </line>
    <line>
      <![CDATA[Purchase Transaction ID is not empty or not null]]>
    </line>
  </reporter-output>
  <suite started-at="2026-02-19T16:32:01 IST" name="Default suite" finished-at="2026-02-19T16:34:02 IST" duration-ms="120815">
    <groups>
    </groups>
    <test started-at="2026-02-19T16:32:01 IST" name="Default test" finished-at="2026-02-19T16:34:02 IST" duration-ms="120815">
      <class name="purchase.email">
        <test-method is-config="true" signature="loadConfig()[pri:0, instance:purchase.email@5ac86ba5]" started-at="2026-02-19T16:32:01 IST" name="loadConfig" finished-at="2026-02-19T16:32:01 IST" duration-ms="16" status="PASS">
          <reporter-output>
          </reporter-output>
        </test-method> <!-- loadConfig -->
        <test-method is-config="true" signature="clearOnce()[pri:0, instance:purchase.email@5ac86ba5]" started-at="2026-02-19T16:32:01 IST" name="clearOnce" finished-at="2026-02-19T16:32:01 IST" depends-on-methods="com.paysecure.base.baseClass.loadConfig" duration-ms="2" status="PASS">
          <reporter-output>
          </reporter-output>
        </test-method> <!-- clearOnce -->
        <test-method is-config="true" signature="setup()[pri:0, instance:purchase.email@5ac86ba5]" started-at="2026-02-19T16:32:02 IST" name="setup" finished-at="2026-02-19T16:32:13 IST" duration-ms="10974" status="PASS">
          <reporter-output>
          </reporter-output>
        </test-method> <!-- setup -->
        <test-method is-config="true" signature="beforeMethod()[pri:0, instance:purchase.email@5ac86ba5]" started-at="2026-02-19T16:32:13 IST" name="beforeMethod" finished-at="2026-02-19T16:32:23 IST" duration-ms="9950" status="PASS">
          <reporter-output>
            <line>
              <![CDATA[User enter ID in Username field]]>
            </line>
            <line>
              <![CDATA[User Enter Password in password field]]>
            </line>
            <line>
              <![CDATA[Click on submit button in login page]]>
            </line>
          </reporter-output>
        </test-method> <!-- beforeMethod -->
        <test-method signature="Purchase(java.util.Map,java.util.Map)[pri:0, instance:purchase.email@5ac86ba5]" started-at="2026-02-19T16:32:23 IST" name="Purchase" data-provider="EmailData" finished-at="2026-02-19T16:33:59 IST" duration-ms="95763" status="PASS">
          <params>
            <param index="0">
              <value>
                <![CDATA[{CardNumber=4000000000001000, CVV=123, RunFlag=TRUE, RouteToMidOrBank=payerworld_cards_payin_mid, PartialMerchant=Suhas, PSP=payIn, MaxAmount=900, CardholderName=Rohitman Sharma, Merchant=SuhasM, RouteToBankMid=Route to Mid, Currency=HKD, MinAmount=100, DefaultAmount=569, PaymentMethod=VISA, Expiry=02/29}]]>
              </value>
            </param>
            <param index="1">
              <value>
                <![CDATA[{Status=Pass, TestData=user1234@example.com}]]>
              </value>
            </param>
          </params>
          <reporter-output>
            <line>
              <![CDATA[select merchant name :- SuhasM]]>
            </line>
            <line>
              <![CDATA[select merchant name :- HKD]]>
            </line>
            <line>
              <![CDATA[select merchant name :- VISA]]>
            </line>
            <line>
              <![CDATA[Fetching details for Limit and Charges]]>
            </line>
            <line>
              <![CDATA[Details fetched successfully]]>
            </line>
            <line>
              <![CDATA[Email test case will run for this PSP: payIn]]>
            </line>
            <line>
              <![CDATA[Amount Inputs → Min: 100.0, Max: 900.0, Provided: 569.0]]>
            </line>
            <line>
              <![CDATA[✅ Amount within valid range. Using exact value: 569.0]]>
            </line>
            <line>
              <![CDATA[Generated First Name: johnba4]]>
            </line>
            <line>
              <![CDATA[Purchase ID: 6996ede14d34b98aa819ced7]]>
            </line>
            <line>
              <![CDATA[Checkout URL: https://test4.paymentsclub.net/payments/d09bebef27f3586331d49a1f3134edcd/]]>
            </line>
            <line>
              <![CDATA[Email: user1234@example.com → HTTP Status: 202]]>
            </line>
            <line>
              <![CDATA[Response Body: {
    "purchaseId": "6996ede14d34b98aa819ced7",
    "client": {
        "customerId": "NA",
        "email": "user1234@example.com",
        "phone": "+1111111111",
        "full_name": "johnba4",
        "street_address": "Main gate",
        "country": "IN",
        "city": "Paris",
        "zip_code": "20001",
        "cc": [
            
        ],
        "bcc": [
            
        ],
        "stateCode": "QLD"
    },
    "updated_on": 1771498977,
    "type": "purchase",
    "paymentMethod": "VISA",
    "amountUnit": "MAJOR",
    "errorMsg": "",
    "errorCode": "NA",
    "force_recurring": false,
    "created_on": 1771498977,
    "merchantRef": "6996ede14d34b98aa819ced7",
    "purchase": {
        "currency": "HKD",
        "products": [
            {
                "name": "Cricket bat",
                "quantity": 1.0,
                "price": 569.0,
                "discount": 0,
                "tax_percent": "0.00"
            }
        ],
        "total": 569.0,
        "requestAmount": 569.0,
        "language": "en",
        "notes": "",
        "debt": 0,
        "total_formatted": 1.0,
        "taxAmount": 0.0,
        "taxPercent": 0.0,
        "request_client_details": [
            
        ],
        "email_message": ""
    },
    "issuer_details": {
        "website": "",
        "legal_street_address": "",
        "legal_country": "",
        "legal_city": "",
        "legal_zip_code": "",
        "bank_accounts": [
            {
                
            }
        ],
        "legal_name": "practice",
        "brand_name": "practice",
        "registration_number": "",
        "tax_number": ""
    },
    "transaction_data": {
        "payment_method": "",
        "flow": "payform",
        "extra": {
            
        },
        "country": "",
        "attempts": [
            
        ]
    },
    "status": "CREATED",
    "status_history": [
        {
            "status": "created",
            "timestamp": 1771498977
        }
    ],
    "is_test": false,
    "brand_id": "04199342-5d84-4e17-a53e-5c3d6b03ebd4",
    "send_receipt": false,
    "is_recurring_token": false,
    "skip_capture": false,
    "reference_generated": "PS8161",
    "issued": "2026-02-19",
    "due": 1771498977,
    "refund_upto": 0,
    "cc_descriptor": "",
    "fraudScore": "NA",
    "trustScore": "NA",
    "extraFee": "0",
    "paidOn": 0,
    "receivedAmt": 0.0,
    "taxAmount": 0.0,
    "surcharge": 0.0,
    "surchargeType": "",
    "sessionId": "",
    "refund_availability": "NONE",
    "refundable_amount": 0.0,
    "success_redirect": "https://staging.paysecure.net/getResponse.jsp?issucces=true",
    "failure_redirect": "https://staging.paysecure.net/getResponse.jsp?issucces=false",
    "cancel_redirect": "",
    "success_callback": "https://www.google.com/",
    "failure_callback": "https://staging.paysecure.net/merchant",
    "platform": "API",
    "created_from_ip": "103.80.161.238",
    "checkout_url": "https://test4.paymentsclub.net/payments/d09bebef27f3586331d49a1f3134edcd/",
    "direct_post_url": "https://test4.paymentsclub.net/api/v1/p/6996ede14d34b98aa819ced7/",
    "payoutProcess": false
}]]>
            </line>
            <line>
              <![CDATA[Email accepted by API: user1234@example.com]]>
            </line>
            <line>
              <![CDATA[✓ Transaction status OK → proceeding with payment flow]]>
            </line>
            <line>
              <![CDATA[Entered Card Holder Name: Rohitman Sharma]]>
            </line>
            <line>
              <![CDATA[Entered Card Number: 4000000000001000]]>
            </line>
            <line>
              <![CDATA[Entered Card Expiry Date: 02/29]]>
            </line>
            <line>
              <![CDATA[Entered Card CVV: 123]]>
            </line>
            <line>
              <![CDATA[Moved to the Pay button]]>
            </line>
            <line>
              <![CDATA[Clicked on the Pay button to proceed with payment]]>
            </line>
            <line>
              <![CDATA[Redirected URL: https://staging.paysecure.net/getResponse.jsp?issucces=true]]>
            </line>
            <line>
              <![CDATA[PASS → Payment outcome matched expectation]]>
            </line>
            <line>
              <![CDATA[ Opened staging environment in a new browser tab]]>
            </line>
            <line>
              <![CDATA[User enter ID in Username field]]>
            </line>
            <line>
              <![CDATA[User Enter Password in password field]]>
            </line>
            <line>
              <![CDATA[Click on submit button in login page]]>
            </line>
            <line>
              <![CDATA[ Entered Transaction ID: 6996ede14d34b98aa819ced7]]>
            </line>
            <line>
              <![CDATA[ Clicked on Search button]]>
            </line>
            <line>
              <![CDATA[ Clicked on Search button]]>
            </line>
            <line>
              <![CDATA[ Clicked on first Transaction ID from list]]>
            </line>
            <line>
              <![CDATA[Purchase Transaction ID is not empty or not null]]>
            </line>
          </reporter-output>
        </test-method> <!-- Purchase -->
        <test-method is-config="true" signature="tearDown(org.testng.ITestResult)[pri:0, instance:purchase.email@5ac86ba5]" started-at="2026-02-19T16:33:59 IST" name="tearDown" finished-at="2026-02-19T16:34:02 IST" duration-ms="3017" status="PASS">
          <params>
            <param index="0">
              <value>
                <![CDATA[[TestResult name=Purchase status=SUCCESS method=email.Purchase(java.util.Map,java.util.Map)[pri:0, instance:purchase.email@5ac86ba5] output=select merchant name :- SuhasM]]]>
              </value>
            </param>
          </params>
          <reporter-output>
          </reporter-output>
        </test-method> <!-- tearDown -->
      </class> <!-- purchase.email -->
    </test> <!-- Default test -->
  </suite> <!-- Default suite -->
</testng-results>
