<?xml version="1.0" encoding="UTF-8"?>
<testng-results ignored="0" total="2" passed="1" failed="1" skipped="0">
  <reporter-output>
    <line>
      <![CDATA[User enter ID in Username field]]>
    </line>
    <line>
      <![CDATA[User Enter Password in password field]]>
    </line>
    <line>
      <![CDATA[Click on submit button in login page]]>
    </line>
    <line>
      <![CDATA[Amount Inputs → Min: 10.0, Max: 100.0, Provided: 500.0]]>
    </line>
    <line>
      <![CDATA[⚠ Amount outside valid range (10.0–100.0). Provided: 500.0. Using safe fallback value.]]>
    </line>
    <line>
      <![CDATA[Generated First Name: john662]]>
    </line>
    <line>
      <![CDATA[Generated Email: nairobiPalermocb292@gmail.com]]>
    </line>
    <line>
      <![CDATA[select merchant name :- SuhasM]]>
    </line>
    <line>
      <![CDATA[select merchant name :- INR]]>
    </line>
    <line>
      <![CDATA[select merchant name :- Visa]]>
    </line>
    <line>
      <![CDATA[Fetching details for Limit and Charges]]>
    </line>
    <line>
      <![CDATA[Details fetched successfully]]>
    </line>
    <line>
      <![CDATA[purchaseId is not null]]>
    </line>
    <line>
      <![CDATA[purchaseId is not empty]]>
    </line>
    <line>
      <![CDATA[purchaseId format is valid: 6995543169e2a855582bdb13]]>
    </line>
    <line>
      <![CDATA[purchaseId length is 24]]>
    </line>
    <line>
      <![CDATA[purchaseId validated successfully: 6995543169e2a855582bdb13]]>
    </line>
    <line>
      <![CDATA[Entered Card Holder Name: King Kohli]]>
    </line>
    <line>
      <![CDATA[Entered Card Number: 4111111111111111]]>
    </line>
    <line>
      <![CDATA[Entered Card Expiry Date: 07/29]]>
    </line>
    <line>
      <![CDATA[Entered Card CVV: 123]]>
    </line>
    <line>
      <![CDATA[Moved to the Pay button]]>
    </line>
    <line>
      <![CDATA[Clicked on the Pay button to proceed with payment]]>
    </line>
    <line>
      <![CDATA[Redirected URL: https://staging.paysecure.net/getResponse.jsp?issucces=false]]>
    </line>
    <line>
      <![CDATA[Payment Failed]]>
    </line>
    <line>
      <![CDATA[User enter ID in Username field]]>
    </line>
    <line>
      <![CDATA[User Enter Password in password field]]>
    </line>
    <line>
      <![CDATA[Click on submit button in login page]]>
    </line>
    <line>
      <![CDATA[Amount Inputs → Min: 10.0, Max: 100.0, Provided: 500.0]]>
    </line>
    <line>
      <![CDATA[⚠ Amount outside valid range (10.0–100.0). Provided: 500.0. Using safe fallback value.]]>
    </line>
    <line>
      <![CDATA[Generated First Name: johnd44]]>
    </line>
    <line>
      <![CDATA[Generated Email: nairobiPalermo163f5@gmail.com]]>
    </line>
    <line>
      <![CDATA[purchaseId is not null]]>
    </line>
    <line>
      <![CDATA[purchaseId is not empty]]>
    </line>
    <line>
      <![CDATA[purchaseId format is valid: 6995557f69e2a855582bdf11]]>
    </line>
    <line>
      <![CDATA[purchaseId length is 24]]>
    </line>
    <line>
      <![CDATA[purchaseId validated successfully: 6995557f69e2a855582bdf11]]>
    </line>
  </reporter-output>
  <suite started-at="2026-02-18T11:24:03 IST" name="Default suite" finished-at="2026-02-18T11:42:15 IST" duration-ms="1091941">
    <groups>
    </groups>
    <test started-at="2026-02-18T11:24:03 IST" name="Default test" finished-at="2026-02-18T11:42:15 IST" duration-ms="1091941">
      <class name="PSPCardsIntegrations.zaakpay">
        <test-method is-config="true" signature="loadConfig()[pri:0, instance:PSPCardsIntegrations.zaakpay@2cf92cc7]" started-at="2026-02-18T11:24:03 IST" name="loadConfig" finished-at="2026-02-18T11:24:03 IST" duration-ms="19" status="PASS">
          <reporter-output>
          </reporter-output>
        </test-method> <!-- loadConfig -->
        <test-method is-config="true" signature="setup()[pri:0, instance:PSPCardsIntegrations.zaakpay@2cf92cc7]" started-at="2026-02-18T11:24:03 IST" name="setup" finished-at="2026-02-18T11:24:14 IST" duration-ms="10879" status="PASS">
          <reporter-output>
          </reporter-output>
        </test-method> <!-- setup -->
        <test-method is-config="true" signature="beforeMethod()[pri:0, instance:PSPCardsIntegrations.zaakpay@2cf92cc7]" started-at="2026-02-18T11:24:14 IST" name="beforeMethod" finished-at="2026-02-18T11:24:18 IST" duration-ms="3649" status="PASS">
          <reporter-output>
            <line>
              <![CDATA[User enter ID in Username field]]>
            </line>
            <line>
              <![CDATA[User Enter Password in password field]]>
            </line>
            <line>
              <![CDATA[Click on submit button in login page]]>
            </line>
          </reporter-output>
        </test-method> <!-- beforeMethod -->
        <test-method signature="purchase(java.util.Map)[pri:0, instance:PSPCardsIntegrations.zaakpay@2cf92cc7]" started-at="2026-02-18T11:24:18 IST" name="purchase" data-provider="ZaakPay" finished-at="2026-02-18T11:30:13 IST" duration-ms="355009" status="PASS">
          <params>
            <param index="0">
              <value>
                <![CDATA[{Status=Pass, CardNumber=4111111111111111, CVV=123, RunFlag=TRUE, TestData=IN, RouteToMidOrBank=zaakpay-sandbox, PSP=zaakpay, MaxAmount=100, CardholderName=King Kohli, Merchant=SuhasM, RouteToBankMid=Route to Mid, Currency=INR, MinAmount=10, DefaultAmount=500, PaymentMethod=Visa, Expiry=07/29}]]>
              </value>
            </param>
          </params>
          <reporter-output>
            <line>
              <![CDATA[Amount Inputs → Min: 10.0, Max: 100.0, Provided: 500.0]]>
            </line>
            <line>
              <![CDATA[⚠ Amount outside valid range (10.0–100.0). Provided: 500.0. Using safe fallback value.]]>
            </line>
            <line>
              <![CDATA[Generated First Name: john662]]>
            </line>
            <line>
              <![CDATA[Generated Email: nairobiPalermocb292@gmail.com]]>
            </line>
            <line>
              <![CDATA[select merchant name :- SuhasM]]>
            </line>
            <line>
              <![CDATA[select merchant name :- INR]]>
            </line>
            <line>
              <![CDATA[select merchant name :- Visa]]>
            </line>
            <line>
              <![CDATA[Fetching details for Limit and Charges]]>
            </line>
            <line>
              <![CDATA[Details fetched successfully]]>
            </line>
            <line>
              <![CDATA[purchaseId is not null]]>
            </line>
            <line>
              <![CDATA[purchaseId is not empty]]>
            </line>
            <line>
              <![CDATA[purchaseId format is valid: 6995543169e2a855582bdb13]]>
            </line>
            <line>
              <![CDATA[purchaseId length is 24]]>
            </line>
            <line>
              <![CDATA[purchaseId validated successfully: 6995543169e2a855582bdb13]]>
            </line>
            <line>
              <![CDATA[Entered Card Holder Name: King Kohli]]>
            </line>
            <line>
              <![CDATA[Entered Card Number: 4111111111111111]]>
            </line>
            <line>
              <![CDATA[Entered Card Expiry Date: 07/29]]>
            </line>
            <line>
              <![CDATA[Entered Card CVV: 123]]>
            </line>
            <line>
              <![CDATA[Moved to the Pay button]]>
            </line>
            <line>
              <![CDATA[Clicked on the Pay button to proceed with payment]]>
            </line>
            <line>
              <![CDATA[Redirected URL: https://staging.paysecure.net/getResponse.jsp?issucces=false]]>
            </line>
            <line>
              <![CDATA[Payment Failed]]>
            </line>
          </reporter-output>
        </test-method> <!-- purchase -->
        <test-method is-config="true" signature="tearDown(org.testng.ITestResult)[pri:0, instance:PSPCardsIntegrations.zaakpay@2cf92cc7]" started-at="2026-02-18T11:30:13 IST" name="tearDown" finished-at="2026-02-18T11:30:16 IST" duration-ms="3012" status="PASS">
          <params>
            <param index="0">
              <value>
                <![CDATA[[TestResult name=purchase status=SUCCESS method=zaakpay.purchase(java.util.Map)[pri:0, instance:PSPCardsIntegrations.zaakpay@2cf92cc7] output=Amount Inputs → Min: 10.0, Max: 100.0, Provided: 500.0]]]>
              </value>
            </param>
          </params>
          <reporter-output>
          </reporter-output>
        </test-method> <!-- tearDown -->
        <test-method is-config="true" signature="setup()[pri:0, instance:PSPCardsIntegrations.zaakpay@2cf92cc7]" started-at="2026-02-18T11:30:16 IST" name="setup" finished-at="2026-02-18T11:30:27 IST" duration-ms="10562" status="PASS">
          <reporter-output>
          </reporter-output>
        </test-method> <!-- setup -->
        <test-method is-config="true" signature="beforeMethod()[pri:0, instance:PSPCardsIntegrations.zaakpay@2cf92cc7]" started-at="2026-02-18T11:30:27 IST" name="beforeMethod" finished-at="2026-02-18T11:30:30 IST" duration-ms="3345" status="PASS">
          <reporter-output>
            <line>
              <![CDATA[User enter ID in Username field]]>
            </line>
            <line>
              <![CDATA[User Enter Password in password field]]>
            </line>
            <line>
              <![CDATA[Click on submit button in login page]]>
            </line>
          </reporter-output>
        </test-method> <!-- beforeMethod -->
        <test-method signature="purchase(java.util.Map)[pri:0, instance:PSPCardsIntegrations.zaakpay@2cf92cc7]" started-at="2026-02-18T11:30:30 IST" name="purchase" data-provider="ZaakPay" finished-at="2026-02-18T11:42:11 IST" duration-ms="701452" status="FAIL">
          <params>
            <param index="0">
              <value>
                <![CDATA[{Status=Pass, CardNumber=4111111111111111, CVV=123, RunFlag=TRUE, TestData=IN, RouteToMidOrBank=zaakpay_sandbox, PSP=zaakpay, MaxAmount=100, CardholderName=King Kohli, Merchant=SuhasM, RouteToBankMid=Route to Mid, Currency=INR, MinAmount=10, DefaultAmount=500, PaymentMethod=Visa, Expiry=10/27}]]>
              </value>
            </param>
          </params>
          <exception class="org.openqa.selenium.TimeoutException">
            <message>
              <![CDATA[java.net.http.HttpTimeoutException: request timed out
Build info: version: '4.39.0', revision: '126f156aee'
System info: os.name: 'Windows 11', os.arch: 'amd64', os.version: '10.0', java.version: '21.0.9'
Driver info: org.openqa.selenium.chrome.ChromeDriver
Command: [aa9f6e3e189613abe955610a6f38a66a, get {url=https://test4.paymentsclub.net/payments/b1fc3ef5d4e3911c3b9d72c3fee082c9/}]
Capabilities {acceptInsecureCerts: false, browserName: chrome, browserVersion: 144.0.7559.134, chrome: {chromedriverVersion: 144.0.7559.133 (7da823b1d59..., userDataDir: C:\Users\LENOVO\AppData\Loc...}, fedcm:accounts: true, goog:chromeOptions: {debuggerAddress: localhost:55542}, goog:processID: 31068, networkConnectionEnabled: false, pageLoadStrategy: normal, platformName: windows, proxy: Proxy(), se:cdp: ws://localhost:55542/devtoo..., se:cdpVersion: 144.0.7559.134, setWindowRect: true, strictFileInteractability: false, timeouts: {implicit: 0, pageLoad: 300000, script: 30000}, unhandledPromptBehavior: dismiss and notify, webauthn:extension:credBlob: true, webauthn:extension:largeBlob: true, webauthn:extension:minPinLength: true, webauthn:extension:prf: true, webauthn:virtualAuthenticators: true}
Session ID: aa9f6e3e189613abe955610a6f38a66a]]>
            </message>
            <full-stacktrace>
              <![CDATA[org.openqa.selenium.TimeoutException: java.net.http.HttpTimeoutException: request timed out
Build info: version: '4.39.0', revision: '126f156aee'
System info: os.name: 'Windows 11', os.arch: 'amd64', os.version: '10.0', java.version: '21.0.9'
Driver info: org.openqa.selenium.chrome.ChromeDriver
Command: [aa9f6e3e189613abe955610a6f38a66a, get {url=https://test4.paymentsclub.net/payments/b1fc3ef5d4e3911c3b9d72c3fee082c9/}]
Capabilities {acceptInsecureCerts: false, browserName: chrome, browserVersion: 144.0.7559.134, chrome: {chromedriverVersion: 144.0.7559.133 (7da823b1d59..., userDataDir: C:\Users\LENOVO\AppData\Loc...}, fedcm:accounts: true, goog:chromeOptions: {debuggerAddress: localhost:55542}, goog:processID: 31068, networkConnectionEnabled: false, pageLoadStrategy: normal, platformName: windows, proxy: Proxy(), se:cdp: ws://localhost:55542/devtoo..., se:cdpVersion: 144.0.7559.134, setWindowRect: true, strictFileInteractability: false, timeouts: {implicit: 0, pageLoad: 300000, script: 30000}, unhandledPromptBehavior: dismiss and notify, webauthn:extension:credBlob: true, webauthn:extension:largeBlob: true, webauthn:extension:minPinLength: true, webauthn:extension:prf: true, webauthn:virtualAuthenticators: true}
Session ID: aa9f6e3e189613abe955610a6f38a66a
at org.openqa.selenium.remote.http.jdk.JdkHttpClient.execute0(JdkHttpClient.java:501)
at org.openqa.selenium.remote.http.AddSeleniumUserAgent.lambda$apply$0(AddSeleniumUserAgent.java:44)
at org.openqa.selenium.remote.http.Filter.lambda$andFinally$1(Filter.java:55)
at org.openqa.selenium.remote.http.jdk.JdkHttpClient.lambda$executeAsync$2(JdkHttpClient.java:388)
at java.base/java.util.concurrent.Executors$RunnableAdapter.call(Executors.java:572)
at java.base/java.util.concurrent.FutureTask.run(FutureTask.java:317)
at java.base/java.util.concurrent.ThreadPoolExecutor.runWorker(ThreadPoolExecutor.java:1144)
at java.base/java.util.concurrent.ThreadPoolExecutor$Worker.run(ThreadPoolExecutor.java:642)
at java.base/java.lang.Thread.run(Thread.java:1583)
Caused by: java.net.http.HttpTimeoutException: request timed out
at java.net.http/jdk.internal.net.http.HttpClientImpl.send(HttpClientImpl.java:953)
at java.net.http/jdk.internal.net.http.HttpClientFacade.send(HttpClientFacade.java:133)
at org.openqa.selenium.remote.http.jdk.JdkHttpClient.execute0(JdkHttpClient.java:462)
... 8 more
]]>
            </full-stacktrace>
          </exception> <!-- org.openqa.selenium.TimeoutException -->
          <reporter-output>
            <line>
              <![CDATA[Amount Inputs → Min: 10.0, Max: 100.0, Provided: 500.0]]>
            </line>
            <line>
              <![CDATA[⚠ Amount outside valid range (10.0–100.0). Provided: 500.0. Using safe fallback value.]]>
            </line>
            <line>
              <![CDATA[Generated First Name: johnd44]]>
            </line>
            <line>
              <![CDATA[Generated Email: nairobiPalermo163f5@gmail.com]]>
            </line>
            <line>
              <![CDATA[purchaseId is not null]]>
            </line>
            <line>
              <![CDATA[purchaseId is not empty]]>
            </line>
            <line>
              <![CDATA[purchaseId format is valid: 6995557f69e2a855582bdf11]]>
            </line>
            <line>
              <![CDATA[purchaseId length is 24]]>
            </line>
            <line>
              <![CDATA[purchaseId validated successfully: 6995557f69e2a855582bdf11]]>
            </line>
          </reporter-output>
        </test-method> <!-- purchase -->
        <test-method is-config="true" signature="tearDown(org.testng.ITestResult)[pri:0, instance:PSPCardsIntegrations.zaakpay@2cf92cc7]" started-at="2026-02-18T11:42:12 IST" name="tearDown" finished-at="2026-02-18T11:42:15 IST" duration-ms="3005" status="PASS">
          <params>
            <param index="0">
              <value>
                <![CDATA[[TestResult name=purchase status=FAILURE method=zaakpay.purchase(java.util.Map)[pri:0, instance:PSPCardsIntegrations.zaakpay@2cf92cc7] output=Amount Inputs → Min: 10.0, Max: 100.0, Provided: 500.0]]]>
              </value>
            </param>
          </params>
          <reporter-output>
          </reporter-output>
        </test-method> <!-- tearDown -->
      </class> <!-- PSPCardsIntegrations.zaakpay -->
    </test> <!-- Default test -->
  </suite> <!-- Default suite -->
</testng-results>
