<?xml version="1.0" encoding="UTF-8"?>
<testng-results ignored="0" total="1" passed="1" failed="0" skipped="0">
  <reporter-output>
    <line>
      <![CDATA[User enter ID in Username field]]>
    </line>
    <line>
      <![CDATA[User Enter Password in password field]]>
    </line>
    <line>
      <![CDATA[Click on submit button in login page]]>
    </line>
    <line>
      <![CDATA[Email test case will run for this PSP: yoyapayPayin]]>
    </line>
    <line>
      <![CDATA[Amount Inputs → Min: 1.0, Max: 2500.0, Provided: 123.0]]>
    </line>
    <line>
      <![CDATA[✅ Amount within valid range. Using exact value: 123.0]]>
    </line>
    <line>
      <![CDATA[Generated First Name: div71f]]>
    </line>
    <line>
      <![CDATA[Purchase ID: 69e5fb9044765c8e82cddd5b]]>
    </line>
    <line>
      <![CDATA[Checkout URL: https://staging.paysecure.net/payments/eb0997ccf025ca7e0db8ecde5038ee0f/]]>
    </line>
    <line>
      <![CDATA[Email: test123@example.com → HTTP Status: 202]]>
    </line>
    <line>
      <![CDATA[Response Body: {
    "purchaseId": "69e5fb9044765c8e82cddd5b",
    "client": {
        "customerId": "NA",
        "email": "test123@example.com",
        "phone": "+1111111111",
        "full_name": "div71f",
        "street_address": "Main gate",
        "country": "US",
        "city": "Paris",
        "zip_code": "20001",
        "cc": [
            
        ],
        "bcc": [
            
        ],
        "stateCode": "QLD"
    },
    "updated_on": 1776679824,
    "type": "purchase",
    "paymentMethod": "VISA",
    "amountUnit": "MAJOR",
    "errorMsg": "",
    "errorCode": "NA",
    "force_recurring": false,
    "created_on": 1776679824,
    "merchantRef": "69e5fb9044765c8e82cddd5b",
    "purchase": {
        "currency": "EUR",
        "products": [
            {
                "name": "Cricket bat",
                "quantity": 1.0,
                "price": 123.0,
                "discount": 0,
                "tax_percent": "0.00"
            }
        ],
        "total": 123.0,
        "requestAmount": 123.0,
        "language": "en",
        "notes": "",
        "debt": 0,
        "total_formatted": 1.0,
        "taxAmount": 0.0,
        "taxPercent": 0.0,
        "request_client_details": [
            
        ],
        "email_message": ""
    },
    "issuer_details": {
        "website": "",
        "legal_street_address": "",
        "legal_country": "",
        "legal_city": "",
        "legal_zip_code": "",
        "bank_accounts": [
            {
                
            }
        ],
        "legal_name": "Money",
        "brand_name": "Money",
        "registration_number": "",
        "tax_number": ""
    },
    "transaction_data": {
        "payment_method": "",
        "flow": "payform",
        "extra": {
            
        },
        "country": "",
        "attempts": [
            
        ]
    },
    "status": "CREATED",
    "status_history": [
        {
            "status": "created",
            "timestamp": 1776679824
        }
    ],
    "is_test": false,
    "brand_id": "3b5082a1-990f-4bcf-a201-6fa2572842b2",
    "send_receipt": false,
    "is_recurring_token": false,
    "skip_capture": false,
    "reference_generated": "PS1304",
    "issued": "2026-04-20",
    "due": 1776679824,
    "refund_upto": 0,
    "cc_descriptor": "",
    "fraudScore": "NA",
    "trustScore": "NA",
    "extraFee": "0",
    "paidOn": 0,
    "receivedAmt": 0.0,
    "taxAmount": 0.0,
    "surcharge": 0.0,
    "surchargeType": "",
    "sessionId": "",
    "refund_availability": "NONE",
    "refundable_amount": 0.0,
    "success_redirect": "https://staging.paysecure.net/getResponse.jsp?issucces=true",
    "failure_redirect": "https://staging.paysecure.net/getResponse.jsp?issucces=false",
    "cancel_redirect": "",
    "success_callback": "https://www.google.com/",
    "failure_callback": "https://staging.paysecure.net/merchant",
    "platform": "API",
    "created_from_ip": "110.235.229.28",
    "checkout_url": "https://staging.paysecure.net/payments/eb0997ccf025ca7e0db8ecde5038ee0f/",
    "direct_post_url": "https://staging.paysecure.net/api/v1/p/69e5fb9044765c8e82cddd5b/",
    "payoutProcess": false
}]]>
    </line>
    <line>
      <![CDATA[Email accepted by API: test123@example.com]]>
    </line>
    <line>
      <![CDATA[Transaction status OK → proceeding with payment flow]]>
    </line>
    <line>
      <![CDATA[Entered Card Holder Name: Test Test]]>
    </line>
    <line>
      <![CDATA[Entered Card Number: 4111111111111111]]>
    </line>
    <line>
      <![CDATA[Entered Card Expiry Date: 12/30]]>
    </line>
    <line>
      <![CDATA[Entered Card CVV: 123]]>
    </line>
    <line>
      <![CDATA[Moved to the Pay button]]>
    </line>
    <line>
      <![CDATA[Clicked on the Pay button to proceed with payment]]>
    </line>
    <line>
      <![CDATA[Redirected URL: https://staging.paysecure.net/getResponse.jsp?issucces=true]]>
    </line>
    <line>
      <![CDATA[PASS → Payment outcome matched expectation]]>
    </line>
  </reporter-output>
  <suite started-at="2026-04-20T15:40:11 IST" name="Default suite" finished-at="2026-04-20T15:41:08 IST" duration-ms="56480">
    <groups>
    </groups>
    <test started-at="2026-04-20T15:40:11 IST" name="Default test" finished-at="2026-04-20T15:41:08 IST" duration-ms="56480">
      <class name="purchase.email">
        <test-method is-config="true" signature="loadConfig()[pri:0, instance:purchase.email@172ca72b]" started-at="2026-04-20T15:40:11 IST" name="loadConfig" finished-at="2026-04-20T15:40:11 IST" duration-ms="19" status="PASS">
          <reporter-output>
          </reporter-output>
        </test-method> <!-- loadConfig -->
        <test-method is-config="true" signature="clearOnce()[pri:0, instance:purchase.email@172ca72b]" started-at="2026-04-20T15:40:11 IST" name="clearOnce" finished-at="2026-04-20T15:40:11 IST" depends-on-methods="com.paysecure.base.baseClass.loadConfig" duration-ms="2" status="PASS">
          <reporter-output>
          </reporter-output>
        </test-method> <!-- clearOnce -->
        <test-method is-config="true" signature="setup()[pri:0, instance:purchase.email@172ca72b]" started-at="2026-04-20T15:40:12 IST" name="setup" finished-at="2026-04-20T15:40:19 IST" duration-ms="7153" status="PASS">
          <reporter-output>
          </reporter-output>
        </test-method> <!-- setup -->
        <test-method is-config="true" signature="beforeMethod()[pri:0, instance:purchase.email@172ca72b]" started-at="2026-04-20T15:40:19 IST" name="beforeMethod" finished-at="2026-04-20T15:40:22 IST" duration-ms="2564" status="PASS">
          <reporter-output>
            <line>
              <![CDATA[User enter ID in Username field]]>
            </line>
            <line>
              <![CDATA[User Enter Password in password field]]>
            </line>
            <line>
              <![CDATA[Click on submit button in login page]]>
            </line>
          </reporter-output>
        </test-method> <!-- beforeMethod -->
        <test-method signature="Purchase(java.util.Map,java.util.Map)[pri:0, instance:purchase.email@172ca72b]" started-at="2026-04-20T15:40:22 IST" name="Purchase" data-provider="EmailData" finished-at="2026-04-20T15:41:05 IST" duration-ms="42660" status="PASS">
          <params>
            <param index="0">
              <value>
                <![CDATA[{CardNumber=4111111111111111, CVV=123, RunFlag=TRUE, RouteToMidOrBank=yoyapayPayin, PartialMerchant=Suhas, PSP=yoyapayPayin, MaxAmount=2500, CardholderName=Test Test, Merchant=SuhasM, RouteToBankMid=Route to Mid, Currency=EUR, MinAmount=1, DefaultAmount=123, PaymentMethod=VISA, Expiry=12/30}]]>
              </value>
            </param>
            <param index="1">
              <value>
                <![CDATA[{Status=Pass, TestData=test123@example.com}]]>
              </value>
            </param>
          </params>
          <reporter-output>
            <line>
              <![CDATA[Email test case will run for this PSP: yoyapayPayin]]>
            </line>
            <line>
              <![CDATA[Amount Inputs → Min: 1.0, Max: 2500.0, Provided: 123.0]]>
            </line>
            <line>
              <![CDATA[✅ Amount within valid range. Using exact value: 123.0]]>
            </line>
            <line>
              <![CDATA[Generated First Name: div71f]]>
            </line>
            <line>
              <![CDATA[Purchase ID: 69e5fb9044765c8e82cddd5b]]>
            </line>
            <line>
              <![CDATA[Checkout URL: https://staging.paysecure.net/payments/eb0997ccf025ca7e0db8ecde5038ee0f/]]>
            </line>
            <line>
              <![CDATA[Email: test123@example.com → HTTP Status: 202]]>
            </line>
            <line>
              <![CDATA[Response Body: {
    "purchaseId": "69e5fb9044765c8e82cddd5b",
    "client": {
        "customerId": "NA",
        "email": "test123@example.com",
        "phone": "+1111111111",
        "full_name": "div71f",
        "street_address": "Main gate",
        "country": "US",
        "city": "Paris",
        "zip_code": "20001",
        "cc": [
            
        ],
        "bcc": [
            
        ],
        "stateCode": "QLD"
    },
    "updated_on": 1776679824,
    "type": "purchase",
    "paymentMethod": "VISA",
    "amountUnit": "MAJOR",
    "errorMsg": "",
    "errorCode": "NA",
    "force_recurring": false,
    "created_on": 1776679824,
    "merchantRef": "69e5fb9044765c8e82cddd5b",
    "purchase": {
        "currency": "EUR",
        "products": [
            {
                "name": "Cricket bat",
                "quantity": 1.0,
                "price": 123.0,
                "discount": 0,
                "tax_percent": "0.00"
            }
        ],
        "total": 123.0,
        "requestAmount": 123.0,
        "language": "en",
        "notes": "",
        "debt": 0,
        "total_formatted": 1.0,
        "taxAmount": 0.0,
        "taxPercent": 0.0,
        "request_client_details": [
            
        ],
        "email_message": ""
    },
    "issuer_details": {
        "website": "",
        "legal_street_address": "",
        "legal_country": "",
        "legal_city": "",
        "legal_zip_code": "",
        "bank_accounts": [
            {
                
            }
        ],
        "legal_name": "Money",
        "brand_name": "Money",
        "registration_number": "",
        "tax_number": ""
    },
    "transaction_data": {
        "payment_method": "",
        "flow": "payform",
        "extra": {
            
        },
        "country": "",
        "attempts": [
            
        ]
    },
    "status": "CREATED",
    "status_history": [
        {
            "status": "created",
            "timestamp": 1776679824
        }
    ],
    "is_test": false,
    "brand_id": "3b5082a1-990f-4bcf-a201-6fa2572842b2",
    "send_receipt": false,
    "is_recurring_token": false,
    "skip_capture": false,
    "reference_generated": "PS1304",
    "issued": "2026-04-20",
    "due": 1776679824,
    "refund_upto": 0,
    "cc_descriptor": "",
    "fraudScore": "NA",
    "trustScore": "NA",
    "extraFee": "0",
    "paidOn": 0,
    "receivedAmt": 0.0,
    "taxAmount": 0.0,
    "surcharge": 0.0,
    "surchargeType": "",
    "sessionId": "",
    "refund_availability": "NONE",
    "refundable_amount": 0.0,
    "success_redirect": "https://staging.paysecure.net/getResponse.jsp?issucces=true",
    "failure_redirect": "https://staging.paysecure.net/getResponse.jsp?issucces=false",
    "cancel_redirect": "",
    "success_callback": "https://www.google.com/",
    "failure_callback": "https://staging.paysecure.net/merchant",
    "platform": "API",
    "created_from_ip": "110.235.229.28",
    "checkout_url": "https://staging.paysecure.net/payments/eb0997ccf025ca7e0db8ecde5038ee0f/",
    "direct_post_url": "https://staging.paysecure.net/api/v1/p/69e5fb9044765c8e82cddd5b/",
    "payoutProcess": false
}]]>
            </line>
            <line>
              <![CDATA[Email accepted by API: test123@example.com]]>
            </line>
            <line>
              <![CDATA[Transaction status OK → proceeding with payment flow]]>
            </line>
            <line>
              <![CDATA[Entered Card Holder Name: Test Test]]>
            </line>
            <line>
              <![CDATA[Entered Card Number: 4111111111111111]]>
            </line>
            <line>
              <![CDATA[Entered Card Expiry Date: 12/30]]>
            </line>
            <line>
              <![CDATA[Entered Card CVV: 123]]>
            </line>
            <line>
              <![CDATA[Moved to the Pay button]]>
            </line>
            <line>
              <![CDATA[Clicked on the Pay button to proceed with payment]]>
            </line>
            <line>
              <![CDATA[Redirected URL: https://staging.paysecure.net/getResponse.jsp?issucces=true]]>
            </line>
            <line>
              <![CDATA[PASS → Payment outcome matched expectation]]>
            </line>
          </reporter-output>
        </test-method> <!-- Purchase -->
        <test-method is-config="true" signature="tearDown(org.testng.ITestResult)[pri:0, instance:purchase.email@172ca72b]" started-at="2026-04-20T15:41:05 IST" name="tearDown" finished-at="2026-04-20T15:41:08 IST" duration-ms="3016" status="PASS">
          <params>
            <param index="0">
              <value>
                <![CDATA[[TestResult name=Purchase status=SUCCESS method=email.Purchase(java.util.Map,java.util.Map)[pri:0, instance:purchase.email@172ca72b] output=Email test case will run for this PSP: yoyapayPayin]]]>
              </value>
            </param>
          </params>
          <reporter-output>
          </reporter-output>
        </test-method> <!-- tearDown -->
      </class> <!-- purchase.email -->
    </test> <!-- Default test -->
  </suite> <!-- Default suite -->
</testng-results>
