<?xml version="1.0" encoding="UTF-8"?>
<!-- Generated by org.testng.reporters.JUnitReportReporter -->
<testsuite hostname="PS-L6" failures="0" tests="2" name="s2s.zipcode" time="134.828" errors="0" timestamp="2026-01-13T16:20:47 IST" skipped="0">
  <testcase classname="s2s.zipcode" name="purchaseApi" time="71.417">
    <system-out>
      <![CDATA[Generated Random Double: 97.15
Generated First Name: john622
Purchase created successfully with ID: 6966230f4f505f9a91fdcec8
User enter ID in Username field
User Enter Password in password field
Click on submit button in login page
S2S call successful on attempt 1
Redirected URL: https://staging.paysecure.net/getResponse.jsp?issucces=true
PASS → Payment succeeded as expected
 Opened staging environment in a new browser tab
User enter ID in Username field
User Enter Password in password field
Click on submit button in login page
 Entered Transaction ID: 6966230f4f505f9a91fdcec8
 Clicked on Search button
 Clicked on Search button
 Clicked on first Transaction ID from list
Purchase Transaction ID is not empty or not null
zipcode accepted by API: SW1A 1AA]]>
    </system-out>
  </testcase> <!-- purchaseApi -->
  <testcase classname="s2s.zipcode" name="purchaseApi" time="63.411">
    <system-out>
      <![CDATA[Generated Random Double: 49.93
Generated First Name: john573
Purchase created successfully with ID: 696623534f505f9a91fdd5d4
User enter ID in Username field
User Enter Password in password field
Click on submit button in login page
S2S call successful on attempt 1
Redirected URL: https://staging.paysecure.net/getResponse.jsp?issucces=true
PASS → Payment succeeded as expected
 Opened staging environment in a new browser tab
User enter ID in Username field
User Enter Password in password field
Click on submit button in login page
 Entered Transaction ID: 696623534f505f9a91fdd5d4
 Clicked on Search button
 Clicked on Search button
 Clicked on first Transaction ID from list
Purchase Transaction ID is not empty or not null
zipcode accepted by API: SW1A 1AA]]>
    </system-out>
  </testcase> <!-- purchaseApi -->
  <system-out>
    <![CDATA[Generated Random Double: 97.15
Generated First Name: john622
Purchase created successfully with ID: 6966230f4f505f9a91fdcec8
User enter ID in Username field
User Enter Password in password field
Click on submit button in login page
S2S call successful on attempt 1
Redirected URL: https://staging.paysecure.net/getResponse.jsp?issucces=true
PASS → Payment succeeded as expected
 Opened staging environment in a new browser tab
User enter ID in Username field
User Enter Password in password field
Click on submit button in login page
 Entered Transaction ID: 6966230f4f505f9a91fdcec8
 Clicked on Search button
 Clicked on Search button
 Clicked on first Transaction ID from list
Purchase Transaction ID is not empty or not null
zipcode accepted by API: SW1A 1AA
Generated Random Double: 49.93
Generated First Name: john573
Purchase created successfully with ID: 696623534f505f9a91fdd5d4
User enter ID in Username field
User Enter Password in password field
Click on submit button in login page
S2S call successful on attempt 1
Redirected URL: https://staging.paysecure.net/getResponse.jsp?issucces=true
PASS → Payment succeeded as expected
 Opened staging environment in a new browser tab
User enter ID in Username field
User Enter Password in password field
Click on submit button in login page
 Entered Transaction ID: 696623534f505f9a91fdd5d4
 Clicked on Search button
 Clicked on Search button
 Clicked on first Transaction ID from list
Purchase Transaction ID is not empty or not null
zipcode accepted by API: SW1A 1AA]]>
  </system-out>
</testsuite> <!-- s2s.zipcode -->
