<?xml version="1.0" encoding="UTF-8"?>
<!-- Generated by org.testng.reporters.JUnitReportReporter -->
<testsuite hostname="PS-L6" failures="0" tests="3" name="purchase.city" time="256.957" errors="0" timestamp="2026-01-15T14:42:49 IST" skipped="0">
  <testcase classname="purchase.city" name="validationForCityField" time="89.624">
    <system-out>
      <![CDATA[Email test case will run for this PSP: euroexchange
Testing Email: Jaipur with Card: 4999992100017063
City test case will run for this PSPCardsIntegrations :- euroexchange
City test case will run for this runflag:- TRUE
Generated Random Double: 96.57
Generated First Name: john991
Generated Email: nairobiPalermodcc2f@gmail.com
City: Jaipur → Status: 202
Response Body: {
    "purchaseId": "6968aea2623831b8f699b208",
    "client": {
        "customerId": "NA",
        "email": "nairobipalermodcc2f@gmail.com",
        "phone": "+1111111111",
        "full_name": "john991",
        "street_address": "Main gate",
        "country": "IN",
        "city": "Jaipur",
        "zip_code": "20001",
        "cc": [
            
        ],
        "bcc": [
            
        ],
        "stateCode": "QLD"
    },
    "updated_on": 1768468130,
    "type": "purchase",
    "paymentMethod": "VISA",
    "amountUnit": "MAJOR",
    "errorMsg": "",
    "errorCode": "NA",
    "force_recurring": false,
    "created_on": 1768468130,
    "merchantRef": "6968aea2623831b8f699b208",
    "purchase": {
        "currency": "EUR",
        "products": [
            {
                "name": "Cricket bat",
                "quantity": 1.0,
                "price": 96.57,
                "discount": 0,
                "tax_percent": "0.00"
            }
        ],
        "total": 96.57,
        "requestAmount": 96.57,
        "language": "en",
        "notes": "",
        "debt": 0,
        "total_formatted": 1.0,
        "taxAmount": 0.0,
        "taxPercent": 0.0,
        "request_client_details": [
            
        ],
        "email_message": ""
    },
    "issuer_details": {
        "website": "",
        "legal_street_address": "",
        "legal_country": "",
        "legal_city": "",
        "legal_zip_code": "",
        "bank_accounts": [
            {
                
            }
        ],
        "legal_name": "practice",
        "brand_name": "practice",
        "registration_number": "",
        "tax_number": ""
    },
    "transaction_data": {
        "payment_method": "",
        "flow": "payform",
        "extra": {
            
        },
        "country": "",
        "attempts": [
            
        ]
    },
    "status": "CREATED",
    "status_history": [
        {
            "status": "created",
            "timestamp": 1768468130
        }
    ],
    "is_test": false,
    "brand_id": "04199342-5d84-4e17-a53e-5c3d6b03ebd4",
    "send_receipt": false,
    "is_recurring_token": false,
    "skip_capture": false,
    "reference_generated": "PS6032",
    "issued": "2026-01-15",
    "due": 1768468130,
    "refund_upto": 0,
    "cc_descriptor": "",
    "fraudScore": "NA",
    "trustScore": "NA",
    "extraFee": "0",
    "paidOn": 0,
    "receivedAmt": 0.0,
    "taxAmount": 0.0,
    "surcharge": 0.0,
    "surchargeType": "",
    "sessionId": "",
    "refund_availability": "NONE",
    "refundable_amount": 0.0,
    "success_redirect": "https://staging.paysecure.net/getResponse.jsp?issucces=true",
    "failure_redirect": "https://staging.paysecure.net/getResponse.jsp?issucces=false",
    "cancel_redirect": "",
    "success_callback": "https://www.google.com/",
    "failure_callback": "https://staging.paysecure.net/merchant",
    "platform": "API",
    "created_from_ip": "110.235.229.69",
    "checkout_url": "https://test4.paymentsclub.net/payments/5555073af670b4dba133d0b470010bf6/",
    "direct_post_url": "https://test4.paymentsclub.net/api/v1/p/6968aea2623831b8f699b208/",
    "payoutProcess": false
}
City accepted by API: Jaipur
API success → proceeding with full flow
Entered Card Holder Name: KL Rahul
Entered Card Number: 4999992100017063
Entered Card Expiry Date: 08/28
Entered Card CVV: 870
Moved to the Pay button
Clicked on the Pay button to proceed with payment
Redirected URL: https://staging.paysecure.net/getResponse.jsp?issucces=true
PASS → Payment succeeded as expected
 Opened staging environment in a new browser tab
User enter ID in Username field
User Enter Password in password field
Click on submit button in login page
 Entered Transaction ID: 6968aea2623831b8f699b208
 Clicked on Search button
 Clicked on Search button
 Clicked on first Transaction ID from list
Purchase Transaction ID is not empty or not null]]>
    </system-out>
  </testcase> <!-- validationForCityField -->
  <testcase classname="purchase.city" name="validationForCityField" time="82.085">
    <system-out>
      <![CDATA[Email test case will run for this PSP: euroexchange
Testing Email: City(*&^123 with Card: 4999992100017063
City test case will run for this PSPCardsIntegrations :- euroexchange
City test case will run for this runflag:- TRUE
Generated Random Double: 18.36
Generated First Name: johnd96
Generated Email: nairobiPalermoc0bf5@gmail.com
City: City(*&^123 → Status: 202
Response Body: {
    "purchaseId": "6968af4b623831b8f699b982",
    "client": {
        "customerId": "NA",
        "email": "nairobipalermoc0bf5@gmail.com",
        "phone": "+1111111111",
        "full_name": "johnd96",
        "street_address": "Main gate",
        "country": "IN",
        "city": "City(*&^123",
        "zip_code": "20001",
        "cc": [
            
        ],
        "bcc": [
            
        ],
        "stateCode": "QLD"
    },
    "updated_on": 1768468300,
    "type": "purchase",
    "paymentMethod": "VISA",
    "amountUnit": "MAJOR",
    "errorMsg": "",
    "errorCode": "NA",
    "force_recurring": false,
    "created_on": 1768468300,
    "merchantRef": "6968af4b623831b8f699b982",
    "purchase": {
        "currency": "EUR",
        "products": [
            {
                "name": "Cricket bat",
                "quantity": 1.0,
                "price": 18.36,
                "discount": 0,
                "tax_percent": "0.00"
            }
        ],
        "total": 18.36,
        "requestAmount": 18.36,
        "language": "en",
        "notes": "",
        "debt": 0,
        "total_formatted": 1.0,
        "taxAmount": 0.0,
        "taxPercent": 0.0,
        "request_client_details": [
            
        ],
        "email_message": ""
    },
    "issuer_details": {
        "website": "",
        "legal_street_address": "",
        "legal_country": "",
        "legal_city": "",
        "legal_zip_code": "",
        "bank_accounts": [
            {
                
            }
        ],
        "legal_name": "practice",
        "brand_name": "practice",
        "registration_number": "",
        "tax_number": ""
    },
    "transaction_data": {
        "payment_method": "",
        "flow": "payform",
        "extra": {
            
        },
        "country": "",
        "attempts": [
            
        ]
    },
    "status": "CREATED",
    "status_history": [
        {
            "status": "created",
            "timestamp": 1768468300
        }
    ],
    "is_test": false,
    "brand_id": "04199342-5d84-4e17-a53e-5c3d6b03ebd4",
    "send_receipt": false,
    "is_recurring_token": false,
    "skip_capture": false,
    "reference_generated": "PS6034",
    "issued": "2026-01-15",
    "due": 1768468300,
    "refund_upto": 0,
    "cc_descriptor": "",
    "fraudScore": "NA",
    "trustScore": "NA",
    "extraFee": "0",
    "paidOn": 0,
    "receivedAmt": 0.0,
    "taxAmount": 0.0,
    "surcharge": 0.0,
    "surchargeType": "",
    "sessionId": "",
    "refund_availability": "NONE",
    "refundable_amount": 0.0,
    "success_redirect": "https://staging.paysecure.net/getResponse.jsp?issucces=true",
    "failure_redirect": "https://staging.paysecure.net/getResponse.jsp?issucces=false",
    "cancel_redirect": "",
    "success_callback": "https://www.google.com/",
    "failure_callback": "https://staging.paysecure.net/merchant",
    "platform": "API",
    "created_from_ip": "110.235.229.69",
    "checkout_url": "https://test4.paymentsclub.net/payments/8dc3f04767535ceee3d5e04a55576e2d/",
    "direct_post_url": "https://test4.paymentsclub.net/api/v1/p/6968af4b623831b8f699b982/",
    "payoutProcess": false
}
City accepted by API: City(*&^123
API success → proceeding with full flow
Entered Card Holder Name: KL Rahul
Entered Card Number: 4999992100017063
Entered Card Expiry Date: 08/28
Entered Card CVV: 870
Moved to the Pay button
Clicked on the Pay button to proceed with payment
Redirected URL: https://staging.paysecure.net/getResponse.jsp?issucces=true
FAIL → Payment succeeded but expected to fail
 Opened staging environment in a new browser tab
User enter ID in Username field
User Enter Password in password field
Click on submit button in login page
 Entered Transaction ID: 6968af4b623831b8f699b982
 Clicked on Search button
 Clicked on Search button
 Clicked on first Transaction ID from list
Purchase Transaction ID is not empty or not null]]>
    </system-out>
  </testcase> <!-- validationForCityField -->
  <testcase classname="purchase.city" name="validationForCityField" time="85.248">
    <system-out>
      <![CDATA[Email test case will run for this PSP: euroexchange
Testing Email: London with Card: 4999992100017063
City test case will run for this PSPCardsIntegrations :- euroexchange
City test case will run for this runflag:- TRUE
Generated Random Double: 42.78
Generated First Name: john8a9
Generated Email: nairobiPalermo43853@gmail.com
City: London → Status: 202
Response Body: {
    "purchaseId": "6968aef9623831b8f699b4c8",
    "client": {
        "customerId": "NA",
        "email": "nairobipalermo43853@gmail.com",
        "phone": "+1111111111",
        "full_name": "john8a9",
        "street_address": "Main gate",
        "country": "IN",
        "city": "London",
        "zip_code": "20001",
        "cc": [
            
        ],
        "bcc": [
            
        ],
        "stateCode": "QLD"
    },
    "updated_on": 1768468217,
    "type": "purchase",
    "paymentMethod": "VISA",
    "amountUnit": "MAJOR",
    "errorMsg": "",
    "errorCode": "NA",
    "force_recurring": false,
    "created_on": 1768468217,
    "merchantRef": "6968aef9623831b8f699b4c8",
    "purchase": {
        "currency": "EUR",
        "products": [
            {
                "name": "Cricket bat",
                "quantity": 1.0,
                "price": 42.78,
                "discount": 0,
                "tax_percent": "0.00"
            }
        ],
        "total": 42.78,
        "requestAmount": 42.78,
        "language": "en",
        "notes": "",
        "debt": 0,
        "total_formatted": 1.0,
        "taxAmount": 0.0,
        "taxPercent": 0.0,
        "request_client_details": [
            
        ],
        "email_message": ""
    },
    "issuer_details": {
        "website": "",
        "legal_street_address": "",
        "legal_country": "",
        "legal_city": "",
        "legal_zip_code": "",
        "bank_accounts": [
            {
                
            }
        ],
        "legal_name": "practice",
        "brand_name": "practice",
        "registration_number": "",
        "tax_number": ""
    },
    "transaction_data": {
        "payment_method": "",
        "flow": "payform",
        "extra": {
            
        },
        "country": "",
        "attempts": [
            
        ]
    },
    "status": "CREATED",
    "status_history": [
        {
            "status": "created",
            "timestamp": 1768468217
        }
    ],
    "is_test": false,
    "brand_id": "04199342-5d84-4e17-a53e-5c3d6b03ebd4",
    "send_receipt": false,
    "is_recurring_token": false,
    "skip_capture": false,
    "reference_generated": "PS6033",
    "issued": "2026-01-15",
    "due": 1768468217,
    "refund_upto": 0,
    "cc_descriptor": "",
    "fraudScore": "NA",
    "trustScore": "NA",
    "extraFee": "0",
    "paidOn": 0,
    "receivedAmt": 0.0,
    "taxAmount": 0.0,
    "surcharge": 0.0,
    "surchargeType": "",
    "sessionId": "",
    "refund_availability": "NONE",
    "refundable_amount": 0.0,
    "success_redirect": "https://staging.paysecure.net/getResponse.jsp?issucces=true",
    "failure_redirect": "https://staging.paysecure.net/getResponse.jsp?issucces=false",
    "cancel_redirect": "",
    "success_callback": "https://www.google.com/",
    "failure_callback": "https://staging.paysecure.net/merchant",
    "platform": "API",
    "created_from_ip": "110.235.229.69",
    "checkout_url": "https://test4.paymentsclub.net/payments/e9ee025db0ac0121d28ca572e12a0e70/",
    "direct_post_url": "https://test4.paymentsclub.net/api/v1/p/6968aef9623831b8f699b4c8/",
    "payoutProcess": false
}
City accepted by API: London
API success → proceeding with full flow
Entered Card Holder Name: KL Rahul
Entered Card Number: 4999992100017063
Entered Card Expiry Date: 08/28
Entered Card CVV: 870
Moved to the Pay button
Clicked on the Pay button to proceed with payment
Redirected URL: https://staging.paysecure.net/getResponse.jsp?issucces=true
PASS → Payment succeeded as expected
 Opened staging environment in a new browser tab
User enter ID in Username field
User Enter Password in password field
Click on submit button in login page
 Entered Transaction ID: 6968aef9623831b8f699b4c8
 Clicked on Search button
 Clicked on Search button
 Clicked on first Transaction ID from list
Purchase Transaction ID is not empty or not null]]>
    </system-out>
  </testcase> <!-- validationForCityField -->
  <system-out>
    <![CDATA[User enter ID in Username field
User Enter Password in password field
Click on submit button in login page
Email test case will run for this PSP: euroexchange
Testing Email: Jaipur with Card: 4999992100017063
City test case will run for this PSPCardsIntegrations :- euroexchange
City test case will run for this runflag:- TRUE
Generated Random Double: 96.57
Generated First Name: john991
Generated Email: nairobiPalermodcc2f@gmail.com
City: Jaipur → Status: 202
Response Body: {
    "purchaseId": "6968aea2623831b8f699b208",
    "client": {
        "customerId": "NA",
        "email": "nairobipalermodcc2f@gmail.com",
        "phone": "+1111111111",
        "full_name": "john991",
        "street_address": "Main gate",
        "country": "IN",
        "city": "Jaipur",
        "zip_code": "20001",
        "cc": [
            
        ],
        "bcc": [
            
        ],
        "stateCode": "QLD"
    },
    "updated_on": 1768468130,
    "type": "purchase",
    "paymentMethod": "VISA",
    "amountUnit": "MAJOR",
    "errorMsg": "",
    "errorCode": "NA",
    "force_recurring": false,
    "created_on": 1768468130,
    "merchantRef": "6968aea2623831b8f699b208",
    "purchase": {
        "currency": "EUR",
        "products": [
            {
                "name": "Cricket bat",
                "quantity": 1.0,
                "price": 96.57,
                "discount": 0,
                "tax_percent": "0.00"
            }
        ],
        "total": 96.57,
        "requestAmount": 96.57,
        "language": "en",
        "notes": "",
        "debt": 0,
        "total_formatted": 1.0,
        "taxAmount": 0.0,
        "taxPercent": 0.0,
        "request_client_details": [
            
        ],
        "email_message": ""
    },
    "issuer_details": {
        "website": "",
        "legal_street_address": "",
        "legal_country": "",
        "legal_city": "",
        "legal_zip_code": "",
        "bank_accounts": [
            {
                
            }
        ],
        "legal_name": "practice",
        "brand_name": "practice",
        "registration_number": "",
        "tax_number": ""
    },
    "transaction_data": {
        "payment_method": "",
        "flow": "payform",
        "extra": {
            
        },
        "country": "",
        "attempts": [
            
        ]
    },
    "status": "CREATED",
    "status_history": [
        {
            "status": "created",
            "timestamp": 1768468130
        }
    ],
    "is_test": false,
    "brand_id": "04199342-5d84-4e17-a53e-5c3d6b03ebd4",
    "send_receipt": false,
    "is_recurring_token": false,
    "skip_capture": false,
    "reference_generated": "PS6032",
    "issued": "2026-01-15",
    "due": 1768468130,
    "refund_upto": 0,
    "cc_descriptor": "",
    "fraudScore": "NA",
    "trustScore": "NA",
    "extraFee": "0",
    "paidOn": 0,
    "receivedAmt": 0.0,
    "taxAmount": 0.0,
    "surcharge": 0.0,
    "surchargeType": "",
    "sessionId": "",
    "refund_availability": "NONE",
    "refundable_amount": 0.0,
    "success_redirect": "https://staging.paysecure.net/getResponse.jsp?issucces=true",
    "failure_redirect": "https://staging.paysecure.net/getResponse.jsp?issucces=false",
    "cancel_redirect": "",
    "success_callback": "https://www.google.com/",
    "failure_callback": "https://staging.paysecure.net/merchant",
    "platform": "API",
    "created_from_ip": "110.235.229.69",
    "checkout_url": "https://test4.paymentsclub.net/payments/5555073af670b4dba133d0b470010bf6/",
    "direct_post_url": "https://test4.paymentsclub.net/api/v1/p/6968aea2623831b8f699b208/",
    "payoutProcess": false
}
City accepted by API: Jaipur
API success → proceeding with full flow
Entered Card Holder Name: KL Rahul
Entered Card Number: 4999992100017063
Entered Card Expiry Date: 08/28
Entered Card CVV: 870
Moved to the Pay button
Clicked on the Pay button to proceed with payment
Redirected URL: https://staging.paysecure.net/getResponse.jsp?issucces=true
PASS → Payment succeeded as expected
 Opened staging environment in a new browser tab
User enter ID in Username field
User Enter Password in password field
Click on submit button in login page
 Entered Transaction ID: 6968aea2623831b8f699b208
 Clicked on Search button
 Clicked on Search button
 Clicked on first Transaction ID from list
Purchase Transaction ID is not empty or not null
User enter ID in Username field
User Enter Password in password field
Click on submit button in login page
Email test case will run for this PSP: euroexchange
Testing Email: London with Card: 4999992100017063
City test case will run for this PSPCardsIntegrations :- euroexchange
City test case will run for this runflag:- TRUE
Generated Random Double: 42.78
Generated First Name: john8a9
Generated Email: nairobiPalermo43853@gmail.com
City: London → Status: 202
Response Body: {
    "purchaseId": "6968aef9623831b8f699b4c8",
    "client": {
        "customerId": "NA",
        "email": "nairobipalermo43853@gmail.com",
        "phone": "+1111111111",
        "full_name": "john8a9",
        "street_address": "Main gate",
        "country": "IN",
        "city": "London",
        "zip_code": "20001",
        "cc": [
            
        ],
        "bcc": [
            
        ],
        "stateCode": "QLD"
    },
    "updated_on": 1768468217,
    "type": "purchase",
    "paymentMethod": "VISA",
    "amountUnit": "MAJOR",
    "errorMsg": "",
    "errorCode": "NA",
    "force_recurring": false,
    "created_on": 1768468217,
    "merchantRef": "6968aef9623831b8f699b4c8",
    "purchase": {
        "currency": "EUR",
        "products": [
            {
                "name": "Cricket bat",
                "quantity": 1.0,
                "price": 42.78,
                "discount": 0,
                "tax_percent": "0.00"
            }
        ],
        "total": 42.78,
        "requestAmount": 42.78,
        "language": "en",
        "notes": "",
        "debt": 0,
        "total_formatted": 1.0,
        "taxAmount": 0.0,
        "taxPercent": 0.0,
        "request_client_details": [
            
        ],
        "email_message": ""
    },
    "issuer_details": {
        "website": "",
        "legal_street_address": "",
        "legal_country": "",
        "legal_city": "",
        "legal_zip_code": "",
        "bank_accounts": [
            {
                
            }
        ],
        "legal_name": "practice",
        "brand_name": "practice",
        "registration_number": "",
        "tax_number": ""
    },
    "transaction_data": {
        "payment_method": "",
        "flow": "payform",
        "extra": {
            
        },
        "country": "",
        "attempts": [
            
        ]
    },
    "status": "CREATED",
    "status_history": [
        {
            "status": "created",
            "timestamp": 1768468217
        }
    ],
    "is_test": false,
    "brand_id": "04199342-5d84-4e17-a53e-5c3d6b03ebd4",
    "send_receipt": false,
    "is_recurring_token": false,
    "skip_capture": false,
    "reference_generated": "PS6033",
    "issued": "2026-01-15",
    "due": 1768468217,
    "refund_upto": 0,
    "cc_descriptor": "",
    "fraudScore": "NA",
    "trustScore": "NA",
    "extraFee": "0",
    "paidOn": 0,
    "receivedAmt": 0.0,
    "taxAmount": 0.0,
    "surcharge": 0.0,
    "surchargeType": "",
    "sessionId": "",
    "refund_availability": "NONE",
    "refundable_amount": 0.0,
    "success_redirect": "https://staging.paysecure.net/getResponse.jsp?issucces=true",
    "failure_redirect": "https://staging.paysecure.net/getResponse.jsp?issucces=false",
    "cancel_redirect": "",
    "success_callback": "https://www.google.com/",
    "failure_callback": "https://staging.paysecure.net/merchant",
    "platform": "API",
    "created_from_ip": "110.235.229.69",
    "checkout_url": "https://test4.paymentsclub.net/payments/e9ee025db0ac0121d28ca572e12a0e70/",
    "direct_post_url": "https://test4.paymentsclub.net/api/v1/p/6968aef9623831b8f699b4c8/",
    "payoutProcess": false
}
City accepted by API: London
API success → proceeding with full flow
Entered Card Holder Name: KL Rahul
Entered Card Number: 4999992100017063
Entered Card Expiry Date: 08/28
Entered Card CVV: 870
Moved to the Pay button
Clicked on the Pay button to proceed with payment
Redirected URL: https://staging.paysecure.net/getResponse.jsp?issucces=true
PASS → Payment succeeded as expected
 Opened staging environment in a new browser tab
User enter ID in Username field
User Enter Password in password field
Click on submit button in login page
 Entered Transaction ID: 6968aef9623831b8f699b4c8
 Clicked on Search button
 Clicked on Search button
 Clicked on first Transaction ID from list
Purchase Transaction ID is not empty or not null
User enter ID in Username field
User Enter Password in password field
Click on submit button in login page
Email test case will run for this PSP: euroexchange
Testing Email: City(*&^123 with Card: 4999992100017063
City test case will run for this PSPCardsIntegrations :- euroexchange
City test case will run for this runflag:- TRUE
Generated Random Double: 18.36
Generated First Name: johnd96
Generated Email: nairobiPalermoc0bf5@gmail.com
City: City(*&^123 → Status: 202
Response Body: {
    "purchaseId": "6968af4b623831b8f699b982",
    "client": {
        "customerId": "NA",
        "email": "nairobipalermoc0bf5@gmail.com",
        "phone": "+1111111111",
        "full_name": "johnd96",
        "street_address": "Main gate",
        "country": "IN",
        "city": "City(*&^123",
        "zip_code": "20001",
        "cc": [
            
        ],
        "bcc": [
            
        ],
        "stateCode": "QLD"
    },
    "updated_on": 1768468300,
    "type": "purchase",
    "paymentMethod": "VISA",
    "amountUnit": "MAJOR",
    "errorMsg": "",
    "errorCode": "NA",
    "force_recurring": false,
    "created_on": 1768468300,
    "merchantRef": "6968af4b623831b8f699b982",
    "purchase": {
        "currency": "EUR",
        "products": [
            {
                "name": "Cricket bat",
                "quantity": 1.0,
                "price": 18.36,
                "discount": 0,
                "tax_percent": "0.00"
            }
        ],
        "total": 18.36,
        "requestAmount": 18.36,
        "language": "en",
        "notes": "",
        "debt": 0,
        "total_formatted": 1.0,
        "taxAmount": 0.0,
        "taxPercent": 0.0,
        "request_client_details": [
            
        ],
        "email_message": ""
    },
    "issuer_details": {
        "website": "",
        "legal_street_address": "",
        "legal_country": "",
        "legal_city": "",
        "legal_zip_code": "",
        "bank_accounts": [
            {
                
            }
        ],
        "legal_name": "practice",
        "brand_name": "practice",
        "registration_number": "",
        "tax_number": ""
    },
    "transaction_data": {
        "payment_method": "",
        "flow": "payform",
        "extra": {
            
        },
        "country": "",
        "attempts": [
            
        ]
    },
    "status": "CREATED",
    "status_history": [
        {
            "status": "created",
            "timestamp": 1768468300
        }
    ],
    "is_test": false,
    "brand_id": "04199342-5d84-4e17-a53e-5c3d6b03ebd4",
    "send_receipt": false,
    "is_recurring_token": false,
    "skip_capture": false,
    "reference_generated": "PS6034",
    "issued": "2026-01-15",
    "due": 1768468300,
    "refund_upto": 0,
    "cc_descriptor": "",
    "fraudScore": "NA",
    "trustScore": "NA",
    "extraFee": "0",
    "paidOn": 0,
    "receivedAmt": 0.0,
    "taxAmount": 0.0,
    "surcharge": 0.0,
    "surchargeType": "",
    "sessionId": "",
    "refund_availability": "NONE",
    "refundable_amount": 0.0,
    "success_redirect": "https://staging.paysecure.net/getResponse.jsp?issucces=true",
    "failure_redirect": "https://staging.paysecure.net/getResponse.jsp?issucces=false",
    "cancel_redirect": "",
    "success_callback": "https://www.google.com/",
    "failure_callback": "https://staging.paysecure.net/merchant",
    "platform": "API",
    "created_from_ip": "110.235.229.69",
    "checkout_url": "https://test4.paymentsclub.net/payments/8dc3f04767535ceee3d5e04a55576e2d/",
    "direct_post_url": "https://test4.paymentsclub.net/api/v1/p/6968af4b623831b8f699b982/",
    "payoutProcess": false
}
City accepted by API: City(*&^123
API success → proceeding with full flow
Entered Card Holder Name: KL Rahul
Entered Card Number: 4999992100017063
Entered Card Expiry Date: 08/28
Entered Card CVV: 870
Moved to the Pay button
Clicked on the Pay button to proceed with payment
Redirected URL: https://staging.paysecure.net/getResponse.jsp?issucces=true
FAIL → Payment succeeded but expected to fail
 Opened staging environment in a new browser tab
User enter ID in Username field
User Enter Password in password field
Click on submit button in login page
 Entered Transaction ID: 6968af4b623831b8f699b982
 Clicked on Search button
 Clicked on Search button
 Clicked on first Transaction ID from list
Purchase Transaction ID is not empty or not null]]>
  </system-out>
</testsuite> <!-- purchase.city -->
