<?xml version="1.0" encoding="UTF-8"?>
<!-- Generated by org.testng.reporters.JUnitReportReporter -->
<testsuite hostname="PS-L6" failures="0" tests="1" name="s2s.city" time="75.464" errors="0" timestamp="2025-12-24T15:37:53 IST" skipped="0">
  <testcase classname="s2s.city" name="purchaseApi" time="75.464">
    <system-out>
      <![CDATA[Generated Random Double: 53.98
Generated First Name: johnea2
Generated Email: nairobiPalermoef6cb@gmail.com
Purchase created successfully with ID: 694bbb42197becacc1a091c6
User enter ID in Username field
User Enter Password in password field
Click on submit button in login page
S2S call successful on attempt 1
Redirected URL: https://staging.paysecure.net/getResponse.jsp?issucces=true
Payment Successfully
 Opened staging environment in a new browser tab
User enter ID in Username field
User Enter Password in password field
Click on submit button in login page
 Entered Transaction ID: 694bbb42197becacc1a091c6
 Clicked on Search button
 Clicked on Search button
 Clicked on first Transaction ID from list
Purchase Transaction ID is not empty or not null
city accepted by API: London]]>
    </system-out>
  </testcase> <!-- purchaseApi -->
  <system-out>
    <![CDATA[Generated Random Double: 53.98
Generated First Name: johnea2
Generated Email: nairobiPalermoef6cb@gmail.com
Purchase created successfully with ID: 694bbb42197becacc1a091c6
User enter ID in Username field
User Enter Password in password field
Click on submit button in login page
S2S call successful on attempt 1
Redirected URL: https://staging.paysecure.net/getResponse.jsp?issucces=true
Payment Successfully
 Opened staging environment in a new browser tab
User enter ID in Username field
User Enter Password in password field
Click on submit button in login page
 Entered Transaction ID: 694bbb42197becacc1a091c6
 Clicked on Search button
 Clicked on Search button
 Clicked on first Transaction ID from list
Purchase Transaction ID is not empty or not null
city accepted by API: London]]>
  </system-out>
</testsuite> <!-- s2s.city -->
