<?xml version="1.0" encoding="UTF-8"?>
<!-- Generated by org.testng.reporters.JUnitReportReporter -->
<testsuite hostname="PS-L6" failures="0" tests="4" name="s2s.streetAddress" time="160.780" errors="0" timestamp="2026-01-13T16:15:49 IST" skipped="0">
  <testcase classname="s2s.streetAddress" name="purchaseApi" time="68.840">
    <system-out>
      <![CDATA[Generated Random Double: 49.36
Generated First Name: johnb10
Purchase created successfully with ID: 696621ca4f505f9a91fdc45d
User enter ID in Username field
User Enter Password in password field
Click on submit button in login page
S2S call successful on attempt 1
Redirected URL: https://staging.paysecure.net/getResponse.jsp?issucces=true
PASS → Payment succeeded as expected
 Opened staging environment in a new browser tab
User enter ID in Username field
User Enter Password in password field
Click on submit button in login page
 Entered Transaction ID: 696621ca4f505f9a91fdc45d
 Clicked on Search button
 Clicked on Search button
 Clicked on first Transaction ID from list
Purchase Transaction ID is not empty or not null
streetAddress accepted by API: 742 Evergreen Terrace]]>
    </system-out>
  </testcase> <!-- purchaseApi -->
  <testcase classname="s2s.streetAddress" name="purchaseApi" time="62.004">
    <system-out>
      <![CDATA[Generated Random Double: 41.66
Generated First Name: johne9b
Purchase created successfully with ID: 6966220b4f505f9a91fdc76b
User enter ID in Username field
User Enter Password in password field
Click on submit button in login page
S2S call successful on attempt 1
Redirected URL: https://staging.paysecure.net/getResponse.jsp?issucces=true
PASS → Payment succeeded as expected
 Opened staging environment in a new browser tab
User enter ID in Username field
User Enter Password in password field
Click on submit button in login page
 Entered Transaction ID: 6966220b4f505f9a91fdc76b
 Clicked on Search button
 Clicked on Search button
 Clicked on first Transaction ID from list
Purchase Transaction ID is not empty or not null
streetAddress accepted by API: 742 Evergreen Terrace]]>
    </system-out>
  </testcase> <!-- purchaseApi -->
  <testcase classname="s2s.streetAddress" name="purchaseApi" time="14.538">
    <system-out>
      <![CDATA[Generated Random Double: 64.42
Generated First Name: john3e3
streetAddress rejected by API: null
PASS → streetAddress rejected correctly null]]>
    </system-out>
  </testcase> <!-- purchaseApi -->
  <testcase classname="s2s.streetAddress" name="purchaseApi" time="15.398">
    <system-out>
      <![CDATA[Generated Random Double: 35.05
Generated First Name: johne36
streetAddress rejected by API: null
PASS → streetAddress rejected correctly null]]>
    </system-out>
  </testcase> <!-- purchaseApi -->
  <system-out>
    <![CDATA[Generated Random Double: 49.36
Generated First Name: johnb10
Purchase created successfully with ID: 696621ca4f505f9a91fdc45d
User enter ID in Username field
User Enter Password in password field
Click on submit button in login page
S2S call successful on attempt 1
Redirected URL: https://staging.paysecure.net/getResponse.jsp?issucces=true
PASS → Payment succeeded as expected
 Opened staging environment in a new browser tab
User enter ID in Username field
User Enter Password in password field
Click on submit button in login page
 Entered Transaction ID: 696621ca4f505f9a91fdc45d
 Clicked on Search button
 Clicked on Search button
 Clicked on first Transaction ID from list
Purchase Transaction ID is not empty or not null
streetAddress accepted by API: 742 Evergreen Terrace
Generated Random Double: 41.66
Generated First Name: johne9b
Purchase created successfully with ID: 6966220b4f505f9a91fdc76b
User enter ID in Username field
User Enter Password in password field
Click on submit button in login page
S2S call successful on attempt 1
Redirected URL: https://staging.paysecure.net/getResponse.jsp?issucces=true
PASS → Payment succeeded as expected
 Opened staging environment in a new browser tab
User enter ID in Username field
User Enter Password in password field
Click on submit button in login page
 Entered Transaction ID: 6966220b4f505f9a91fdc76b
 Clicked on Search button
 Clicked on Search button
 Clicked on first Transaction ID from list
Purchase Transaction ID is not empty or not null
streetAddress accepted by API: 742 Evergreen Terrace
Generated Random Double: 35.05
Generated First Name: johne36
streetAddress rejected by API: null
PASS → streetAddress rejected correctly null
Generated Random Double: 64.42
Generated First Name: john3e3
streetAddress rejected by API: null
PASS → streetAddress rejected correctly null]]>
  </system-out>
</testsuite> <!-- s2s.streetAddress -->
