<?xml version="1.0" encoding="UTF-8"?>
<!-- Generated by org.testng.reporters.JUnitReportReporter -->
<testsuite hostname="PS-L6" failures="0" tests="10" name="s2s.currency" time="176.890" errors="0" timestamp="2025-12-30T14:39:07 IST" skipped="0">
  <testcase classname="s2s.currency" name="purchaseApi" time="66.066">
    <system-out>
      <![CDATA[Generated Random Double: 0.26
Generated First Name: johne47
Generated Email: nairobiPalermo3444a@gmail.com
Purchase created successfully with ID: 6953960b7e022464dbbb280f
User enter ID in Username field
User Enter Password in password field
Click on submit button in login page
S2S call successful on attempt 1
Redirected URL: https://staging.paysecure.net/getResponse.jsp?issucces=true
PASS → Payment succeeded as expected
 Opened staging environment in a new browser tab
User enter ID in Username field
User Enter Password in password field
Click on submit button in login page
 Entered Transaction ID: 6953960b7e022464dbbb280f
 Clicked on Search button
 Clicked on Search button
 Clicked on first Transaction ID from list
Purchase Transaction ID is not empty or not null
currency accepted by API: inr]]>
    </system-out>
  </testcase> <!-- purchaseApi -->
  <testcase classname="s2s.currency" name="purchaseApi" time="9.821">
    <system-out>
      <![CDATA[Generated Random Double: 19.25
Generated First Name: johnf64
Generated Email: nairobiPalermoffb36@gmail.com
currency rejected by API: USDIND
PASS → currency rejected correctly USDIND]]>
    </system-out>
  </testcase> <!-- purchaseApi -->
  <testcase classname="s2s.currency" name="purchaseApi" time="13.674">
    <system-out>
      <![CDATA[Generated Random Double: 76.56
Generated First Name: johne40
Generated Email: nairobiPalermo9456b@gmail.com
currency rejected by API: XYZ
PASS → currency rejected correctly XYZ]]>
    </system-out>
  </testcase> <!-- purchaseApi -->
  <testcase classname="s2s.currency" name="purchaseApi" time="11.591">
    <system-out>
      <![CDATA[Generated Random Double: 4.11
Generated First Name: johnaf5
Generated Email: nairobiPalermo8e983@gmail.com
currency rejected by API: EU@
PASS → currency rejected correctly EU@]]>
    </system-out>
  </testcase> <!-- purchaseApi -->
  <testcase classname="s2s.currency" name="purchaseApi" time="14.036">
    <system-out>
      <![CDATA[Generated Random Double: 76.89
Generated First Name: johnf15
Generated Email: nairobiPalermo133f4@gmail.com
currency rejected by API: null
PASS → currency rejected correctly null]]>
    </system-out>
  </testcase> <!-- purchaseApi -->
  <testcase classname="s2s.currency" name="purchaseApi" time="14.268">
    <system-out>
      <![CDATA[Generated Random Double: 75.34
Generated First Name: john423
Generated Email: nairobiPalermo4e053@gmail.com
currency rejected by API: 
PASS → currency rejected correctly ]]>
    </system-out>
  </testcase> <!-- purchaseApi -->
  <testcase classname="s2s.currency" name="purchaseApi" time="13.839">
    <system-out>
      <![CDATA[Generated Random Double: 24.83
Generated First Name: john01a
Generated Email: nairobiPalermod87d5@gmail.com
currency rejected by API: 123
PASS → currency rejected correctly 123]]>
    </system-out>
  </testcase> <!-- purchaseApi -->
  <testcase classname="s2s.currency" name="purchaseApi" time="14.680">
    <system-out>
      <![CDATA[Generated Random Double: 47.52
Generated First Name: john8e1
Generated Email: nairobiPalermoe4bb6@gmail.com
currency rejected by API:  US D 
PASS → currency rejected correctly  US D ]]>
    </system-out>
  </testcase> <!-- purchaseApi -->
  <testcase classname="s2s.currency" name="purchaseApi" time="9.800">
    <system-out>
      <![CDATA[Generated Random Double: 88.85
Generated First Name: john6ff
Generated Email: nairobiPalermo7087b@gmail.com
currency rejected by API: @#$
PASS → currency rejected correctly @#$]]>
    </system-out>
  </testcase> <!-- purchaseApi -->
  <testcase classname="s2s.currency" name="purchaseApi" time="9.115">
    <system-out>
      <![CDATA[Generated Random Double: 73.29
Generated First Name: john5c8
Generated Email: nairobiPalermo69f04@gmail.com
currency rejected by API: US1
PASS → currency rejected correctly US1]]>
    </system-out>
  </testcase> <!-- purchaseApi -->
  <system-out>
    <![CDATA[Generated Random Double: 0.26
Generated First Name: johne47
Generated Email: nairobiPalermo3444a@gmail.com
Purchase created successfully with ID: 6953960b7e022464dbbb280f
User enter ID in Username field
User Enter Password in password field
Click on submit button in login page
S2S call successful on attempt 1
Redirected URL: https://staging.paysecure.net/getResponse.jsp?issucces=true
PASS → Payment succeeded as expected
 Opened staging environment in a new browser tab
User enter ID in Username field
User Enter Password in password field
Click on submit button in login page
 Entered Transaction ID: 6953960b7e022464dbbb280f
 Clicked on Search button
 Clicked on Search button
 Clicked on first Transaction ID from list
Purchase Transaction ID is not empty or not null
currency accepted by API: inr
Generated Random Double: 76.56
Generated First Name: johne40
Generated Email: nairobiPalermo9456b@gmail.com
currency rejected by API: XYZ
PASS → currency rejected correctly XYZ
Generated Random Double: 47.52
Generated First Name: john8e1
Generated Email: nairobiPalermoe4bb6@gmail.com
currency rejected by API:  US D 
PASS → currency rejected correctly  US D 
Generated Random Double: 73.29
Generated First Name: john5c8
Generated Email: nairobiPalermo69f04@gmail.com
currency rejected by API: US1
PASS → currency rejected correctly US1
Generated Random Double: 4.11
Generated First Name: johnaf5
Generated Email: nairobiPalermo8e983@gmail.com
currency rejected by API: EU@
PASS → currency rejected correctly EU@
Generated Random Double: 24.83
Generated First Name: john01a
Generated Email: nairobiPalermod87d5@gmail.com
currency rejected by API: 123
PASS → currency rejected correctly 123
Generated Random Double: 88.85
Generated First Name: john6ff
Generated Email: nairobiPalermo7087b@gmail.com
currency rejected by API: @#$
PASS → currency rejected correctly @#$
Generated Random Double: 75.34
Generated First Name: john423
Generated Email: nairobiPalermo4e053@gmail.com
currency rejected by API: 
PASS → currency rejected correctly 
Generated Random Double: 76.89
Generated First Name: johnf15
Generated Email: nairobiPalermo133f4@gmail.com
currency rejected by API: null
PASS → currency rejected correctly null
Generated Random Double: 19.25
Generated First Name: johnf64
Generated Email: nairobiPalermoffb36@gmail.com
currency rejected by API: USDIND
PASS → currency rejected correctly USDIND]]>
  </system-out>
</testsuite> <!-- s2s.currency -->
