<?xml version="1.0" encoding="UTF-8"?>
<!-- Generated by org.testng.reporters.JUnitReportReporter -->
<testsuite hostname="PS-L6" failures="0" tests="6" name="s2s.country" time="134.159" errors="0" timestamp="2025-12-30T14:29:11 IST" skipped="0">
  <testcase classname="s2s.country" name="purchaseApi" time="64.797">
    <system-out>
      <![CDATA[Generated Random Double: 59.67
Generated First Name: john436
Generated Email: nairobiPalermo31140@gmail.com
Purchase created successfully with ID: 695393e87e022464dbbb1d9c
User enter ID in Username field
User Enter Password in password field
Click on submit button in login page
S2S call successful on attempt 1
Redirected URL: https://staging.paysecure.net/getResponse.jsp?issucces=true
PASS → Payment succeeded as expected
 Opened staging environment in a new browser tab
User enter ID in Username field
User Enter Password in password field
Click on submit button in login page
 Entered Transaction ID: 695393e87e022464dbbb1d9c
 Clicked on Search button
 Clicked on Search button
 Clicked on first Transaction ID from list
Purchase Transaction ID is not empty or not null
country accepted by API: IN]]>
    </system-out>
  </testcase> <!-- purchaseApi -->
  <testcase classname="s2s.country" name="purchaseApi" time="14.039">
    <system-out>
      <![CDATA[Generated Random Double: 55.60
Generated First Name: john6d3
Generated Email: nairobiPalermocaa3c@gmail.com
country rejected by API: @N
PASS → streetAddress rejected correctly 10001]]>
    </system-out>
  </testcase> <!-- purchaseApi -->
  <testcase classname="s2s.country" name="purchaseApi" time="13.827">
    <system-out>
      <![CDATA[Generated Random Double: 97.67
Generated First Name: john396
Generated Email: nairobiPalermo80853@gmail.com
country rejected by API: null
PASS → streetAddress rejected correctly 10001]]>
    </system-out>
  </testcase> <!-- purchaseApi -->
  <testcase classname="s2s.country" name="purchaseApi" time="9.767">
    <system-out>
      <![CDATA[Generated Random Double: 65.64
Generated First Name: john905
Generated Email: nairobiPalermo064e7@gmail.com
country rejected by API: 123
PASS → streetAddress rejected correctly 10001]]>
    </system-out>
  </testcase> <!-- purchaseApi -->
  <testcase classname="s2s.country" name="purchaseApi" time="17.217">
    <system-out>
      <![CDATA[Generated Random Double: 82.59
Generated First Name: johndbc
Generated Email: nairobiPalermo78761@gmail.com
country rejected by API: 
PASS → streetAddress rejected correctly 10001]]>
    </system-out>
  </testcase> <!-- purchaseApi -->
  <testcase classname="s2s.country" name="purchaseApi" time="14.512">
    <system-out>
      <![CDATA[Generated Random Double: 56.98
Generated First Name: john782
Generated Email: nairobiPalermo6bd26@gmail.com
country rejected by API: IN 1
PASS → streetAddress rejected correctly 10001]]>
    </system-out>
  </testcase> <!-- purchaseApi -->
  <system-out>
    <![CDATA[Generated Random Double: 59.67
Generated First Name: john436
Generated Email: nairobiPalermo31140@gmail.com
Purchase created successfully with ID: 695393e87e022464dbbb1d9c
User enter ID in Username field
User Enter Password in password field
Click on submit button in login page
S2S call successful on attempt 1
Redirected URL: https://staging.paysecure.net/getResponse.jsp?issucces=true
PASS → Payment succeeded as expected
 Opened staging environment in a new browser tab
User enter ID in Username field
User Enter Password in password field
Click on submit button in login page
 Entered Transaction ID: 695393e87e022464dbbb1d9c
 Clicked on Search button
 Clicked on Search button
 Clicked on first Transaction ID from list
Purchase Transaction ID is not empty or not null
country accepted by API: IN
Generated Random Double: 56.98
Generated First Name: john782
Generated Email: nairobiPalermo6bd26@gmail.com
country rejected by API: IN 1
PASS → streetAddress rejected correctly 10001
Generated Random Double: 55.60
Generated First Name: john6d3
Generated Email: nairobiPalermocaa3c@gmail.com
country rejected by API: @N
PASS → streetAddress rejected correctly 10001
Generated Random Double: 65.64
Generated First Name: john905
Generated Email: nairobiPalermo064e7@gmail.com
country rejected by API: 123
PASS → streetAddress rejected correctly 10001
Generated Random Double: 82.59
Generated First Name: johndbc
Generated Email: nairobiPalermo78761@gmail.com
country rejected by API: 
PASS → streetAddress rejected correctly 10001
Generated Random Double: 97.67
Generated First Name: john396
Generated Email: nairobiPalermo80853@gmail.com
country rejected by API: null
PASS → streetAddress rejected correctly 10001]]>
  </system-out>
</testsuite> <!-- s2s.country -->
