<?xml version="1.0" encoding="UTF-8"?>
<!-- Generated by org.testng.reporters.JUnitReportReporter -->
<testsuite hostname="PS-L6" failures="0" tests="2" name="s2s.city" time="135.771" errors="0" timestamp="2026-01-15T11:55:41 IST" skipped="0">
  <testcase classname="s2s.city" name="purchaseApi" time="60.207">
    <system-out>
      <![CDATA[Generated Random Double: 81.51
Generated First Name: john21d
Generated Email: nairobiPalermo43c70@gmail.com
Purchase created successfully with ID: 69688837fa5c14233afffd56
User enter ID in Username field
User Enter Password in password field
Click on submit button in login page
S2S call successful on attempt 1
Redirected URL: https://staging.paysecure.net/getResponse.jsp?issucces=true
Payment succeeded as expected
 Opened staging environment in a new browser tab
User enter ID in Username field
User Enter Password in password field
Click on submit button in login page
 Entered Transaction ID: 69688837fa5c14233afffd56
 Clicked on Search button
 Clicked on Search button
 Clicked on first Transaction ID from list
Purchase Transaction ID is not empty or not null]]>
    </system-out>
  </testcase> <!-- purchaseApi -->
  <testcase classname="s2s.city" name="purchaseApi" time="75.564">
    <system-out>
      <![CDATA[Generated Random Double: 52.71
Generated First Name: johnb29
Generated Email: nairobiPalermoe2a84@gmail.com
Purchase created successfully with ID: 696887f0fa5c14233afffa44
User enter ID in Username field
User Enter Password in password field
Click on submit button in login page
S2S call successful on attempt 1
Redirected URL: https://staging.paysecure.net/getResponse.jsp?issucces=true
Payment succeeded as expected
 Opened staging environment in a new browser tab
User enter ID in Username field
User Enter Password in password field
Click on submit button in login page
 Entered Transaction ID: 696887f0fa5c14233afffa44
 Clicked on Search button
 Clicked on Search button
 Clicked on first Transaction ID from list
Purchase Transaction ID is not empty or not null]]>
    </system-out>
  </testcase> <!-- purchaseApi -->
  <system-out>
    <![CDATA[Generated Random Double: 52.71
Generated First Name: johnb29
Generated Email: nairobiPalermoe2a84@gmail.com
Purchase created successfully with ID: 696887f0fa5c14233afffa44
User enter ID in Username field
User Enter Password in password field
Click on submit button in login page
S2S call successful on attempt 1
Redirected URL: https://staging.paysecure.net/getResponse.jsp?issucces=true
Payment succeeded as expected
 Opened staging environment in a new browser tab
User enter ID in Username field
User Enter Password in password field
Click on submit button in login page
 Entered Transaction ID: 696887f0fa5c14233afffa44
 Clicked on Search button
 Clicked on Search button
 Clicked on first Transaction ID from list
Purchase Transaction ID is not empty or not null
Generated Random Double: 81.51
Generated First Name: john21d
Generated Email: nairobiPalermo43c70@gmail.com
Purchase created successfully with ID: 69688837fa5c14233afffd56
User enter ID in Username field
User Enter Password in password field
Click on submit button in login page
S2S call successful on attempt 1
Redirected URL: https://staging.paysecure.net/getResponse.jsp?issucces=true
Payment succeeded as expected
 Opened staging environment in a new browser tab
User enter ID in Username field
User Enter Password in password field
Click on submit button in login page
 Entered Transaction ID: 69688837fa5c14233afffd56
 Clicked on Search button
 Clicked on Search button
 Clicked on first Transaction ID from list
Purchase Transaction ID is not empty or not null]]>
  </system-out>
</testsuite> <!-- s2s.city -->
