<?xml version="1.0" encoding="UTF-8"?>
<!-- Generated by org.testng.reporters.JUnitReportReporter -->
<testsuite hostname="PS-L51" failures="0" tests="1" name="refund.limitAndCHarges" time="46.762" errors="0" timestamp="2026-02-11T11:06:51 IST" skipped="0">
  <testcase classname="refund.limitAndCHarges" name="setLimitAndCHarges" time="46.762">
    <system-out>
      <![CDATA[select merchant name :- Tokyo
select merchant name :- USD
select merchant name :- VISA
Fetching details for Limit and Charges
Details fetched successfully]]>
    </system-out>
  </testcase> <!-- setLimitAndCHarges -->
  <system-out>
    <![CDATA[User enter ID in Username field
User Enter Password in password field
Click on submit button in login page
select merchant name :- Tokyo
select merchant name :- USD
select merchant name :- VISA
Fetching details for Limit and Charges
Details fetched successfully]]>
  </system-out>
</testsuite> <!-- refund.limitAndCHarges -->
