<?xml version="1.0" encoding="UTF-8"?>
<!-- Generated by org.testng.reporters.JUnitReportReporter -->
<testsuite hostname="PS-L6" failures="0" tests="3" name="s2s.city" time="182.263" errors="0" timestamp="2025-12-17T18:29:24 IST" skipped="0">
  <testcase classname="s2s.city" name="purchaseApi" time="57.235">
    <system-out>
      <![CDATA[Generated Random Double: 70.83
Generated First Name: johne26
Generated Email: tomjerry2a332@gmail.com
Purchase created successfully with ID: 6942a8fd40e6a841067bef64
User enter ID in Username field
User Enter Password in password field
Click on submit button in login page
S2S call successful on attempt 1
Payment Success
Redirected URL: https://staging.paysecure.net/getResponse.jsp?issucces=true
Payment Successfully
 Opened staging environment in a new browser tab
User enter ID in Username field
User Enter Password in password field
Click on submit button in login page
 Entered Transaction ID: 6942a8fd40e6a841067bef64
 Clicked on Search button
 Clicked on Search button
 Clicked on first Transaction ID from list
Purchase Transaction ID is not empty or not null
city accepted by API: @City]]>
    </system-out>
  </testcase> <!-- purchaseApi -->
  <testcase classname="s2s.city" name="purchaseApi" time="67.449">
    <system-out>
      <![CDATA[Generated Random Double: 78.68
Generated First Name: johnae4
Generated Email: tomjerry210e3@gmail.com
Purchase created successfully with ID: 6942a88340e6a841067be71f
User enter ID in Username field
User Enter Password in password field
Click on submit button in login page
S2S call successful on attempt 1
Payment Success
Redirected URL: https://staging.paysecure.net/getResponse.jsp?issucces=true
Payment Successfully
 Opened staging environment in a new browser tab
User enter ID in Username field
User Enter Password in password field
Click on submit button in login page
 Entered Transaction ID: 6942a88340e6a841067be71f
 Clicked on Search button
 Clicked on Search button
 Clicked on first Transaction ID from list
Purchase Transaction ID is not empty or not null
city accepted by API: London]]>
    </system-out>
  </testcase> <!-- purchaseApi -->
  <testcase classname="s2s.city" name="purchaseApi" time="57.579">
    <system-out>
      <![CDATA[Generated Random Double: 10.99
Generated First Name: john2f9
Generated Email: tomjerry0b59c@gmail.com
Purchase created successfully with ID: 6942a8c240e6a841067bec7d
User enter ID in Username field
User Enter Password in password field
Click on submit button in login page
S2S call successful on attempt 1
Payment Success
Redirected URL: https://staging.paysecure.net/getResponse.jsp?issucces=true
Payment Successfully
 Opened staging environment in a new browser tab
User enter ID in Username field
User Enter Password in password field
Click on submit button in login page
 Entered Transaction ID: 6942a8c240e6a841067bec7d
 Clicked on Search button
 Clicked on Search button
 Clicked on first Transaction ID from list
Purchase Transaction ID is not empty or not null
city accepted by API: New York]]>
    </system-out>
  </testcase> <!-- purchaseApi -->
  <system-out>
    <![CDATA[Generated Random Double: 78.68
Generated First Name: johnae4
Generated Email: tomjerry210e3@gmail.com
Purchase created successfully with ID: 6942a88340e6a841067be71f
User enter ID in Username field
User Enter Password in password field
Click on submit button in login page
S2S call successful on attempt 1
Payment Success
Redirected URL: https://staging.paysecure.net/getResponse.jsp?issucces=true
Payment Successfully
 Opened staging environment in a new browser tab
User enter ID in Username field
User Enter Password in password field
Click on submit button in login page
 Entered Transaction ID: 6942a88340e6a841067be71f
 Clicked on Search button
 Clicked on Search button
 Clicked on first Transaction ID from list
Purchase Transaction ID is not empty or not null
city accepted by API: London
Generated Random Double: 10.99
Generated First Name: john2f9
Generated Email: tomjerry0b59c@gmail.com
Purchase created successfully with ID: 6942a8c240e6a841067bec7d
User enter ID in Username field
User Enter Password in password field
Click on submit button in login page
S2S call successful on attempt 1
Payment Success
Redirected URL: https://staging.paysecure.net/getResponse.jsp?issucces=true
Payment Successfully
 Opened staging environment in a new browser tab
User enter ID in Username field
User Enter Password in password field
Click on submit button in login page
 Entered Transaction ID: 6942a8c240e6a841067bec7d
 Clicked on Search button
 Clicked on Search button
 Clicked on first Transaction ID from list
Purchase Transaction ID is not empty or not null
city accepted by API: New York
Generated Random Double: 70.83
Generated First Name: johne26
Generated Email: tomjerry2a332@gmail.com
Purchase created successfully with ID: 6942a8fd40e6a841067bef64
User enter ID in Username field
User Enter Password in password field
Click on submit button in login page
S2S call successful on attempt 1
Payment Success
Redirected URL: https://staging.paysecure.net/getResponse.jsp?issucces=true
Payment Successfully
 Opened staging environment in a new browser tab
User enter ID in Username field
User Enter Password in password field
Click on submit button in login page
 Entered Transaction ID: 6942a8fd40e6a841067bef64
 Clicked on Search button
 Clicked on Search button
 Clicked on first Transaction ID from list
Purchase Transaction ID is not empty or not null
city accepted by API: @City]]>
  </system-out>
</testsuite> <!-- s2s.city -->
