<?xml version="1.0" encoding="UTF-8"?>
<!-- Generated by org.testng.reporters.JUnitReportReporter -->
<testsuite hostname="PS-L6" failures="0" tests="13" name="s2s.city" time="605.140" errors="0" timestamp="2025-12-02T16:46:02 IST" skipped="0">
  <testcase classname="s2s.city" name="purchase" time="16.164">
    <system-out>
      <![CDATA[Generated Random Double: 66.02
Generated First Name: johnbf9
Generated Email: lokeshd4309@gmail.com
city rejected by API: null]]>
    </system-out>
  </testcase> <!-- purchase -->
  <testcase classname="s2s.city" name="purchase" time="16.070">
    <system-out>
      <![CDATA[Generated Random Double: 95.29
Generated First Name: john4eb
Generated Email: lokesh9e0eb@gmail.com
city rejected by API: ]]>
    </system-out>
  </testcase> <!-- purchase -->
  <testcase classname="s2s.city" name="purchase" time="65.775">
    <system-out>
      <![CDATA[Generated Random Double: 32.29
Generated First Name: john87d
Generated Email: lokeshc8f72@gmail.com
User enter ID in Username field
User Enter Password in password field
Click on submit button in login page
 Opened staging environment in a new browser tab
User enter ID in Username field
User Enter Password in password field
Click on submit button in login page
 Entered Transaction ID: 692ec8246c0b7f9922534b05
 Clicked on Search button
 Clicked on Search button
 Clicked on first Transaction ID from list
Purchase Transaction ID is not empty or not null
UI transaction ID: 692ec8246c0b7f9922534b05
API transaction ID: 692ec8246c0b7f9922534b05
Transaction ID verified successfully
city accepted by API: London]]>
    </system-out>
  </testcase> <!-- purchase -->
  <testcase classname="s2s.city" name="purchase" time="58.617">
    <system-out>
      <![CDATA[Generated Random Double: 27.39
Generated First Name: john7bb
Generated Email: lokeshe9397@gmail.com
User enter ID in Username field
User Enter Password in password field
Click on submit button in login page
 Opened staging environment in a new browser tab
User enter ID in Username field
User Enter Password in password field
Click on submit button in login page
 Entered Transaction ID: 692ec91d6c0b7f9922535817
 Clicked on Search button
 Clicked on Search button
 Clicked on first Transaction ID from list
Purchase Transaction ID is not empty or not null
UI transaction ID: 692ec91d6c0b7f9922535817
API transaction ID: 692ec91d6c0b7f9922535817
Transaction ID verified successfully
city accepted by API: São Paulo]]>
    </system-out>
  </testcase> <!-- purchase -->
  <testcase classname="s2s.city" name="purchase" time="54.410">
    <system-out>
      <![CDATA[Generated Random Double: 66.46
Generated First Name: john66b
Generated Email: lokesh3d5b0@gmail.com
User enter ID in Username field
User Enter Password in password field
Click on submit button in login page
 Opened staging environment in a new browser tab
User enter ID in Username field
User Enter Password in password field
Click on submit button in login page
 Entered Transaction ID: 692ec9f06c0b7f992253628b
 Clicked on Search button
 Clicked on Search button
 Clicked on first Transaction ID from list
Purchase Transaction ID is not empty or not null
UI transaction ID: 692ec9f06c0b7f992253628b
API transaction ID: 692ec9f06c0b7f992253628b
Transaction ID verified successfully
city accepted by API: City@Name]]>
    </system-out>
  </testcase> <!-- purchase -->
  <testcase classname="s2s.city" name="purchase" time="46.652">
    <system-out>
      <![CDATA[Generated Random Double: 43.88
Generated First Name: john965
Generated Email: lokesh7c2a1@gmail.com
User enter ID in Username field
User Enter Password in password field
Click on submit button in login page
 Opened staging environment in a new browser tab
User enter ID in Username field
User Enter Password in password field
Click on submit button in login page
 Entered Transaction ID: 692ec8c26c0b7f99225352dd
 Clicked on Search button
 Clicked on Search button
 Clicked on first Transaction ID from list
Purchase Transaction ID is not empty or not null
UI transaction ID: 692ec8c26c0b7f99225352dd
API transaction ID: 692ec8c26c0b7f99225352dd
Transaction ID verified successfully
city accepted by API: San Francisco]]>
    </system-out>
  </testcase> <!-- purchase -->
  <testcase classname="s2s.city" name="purchase" time="45.195">
    <system-out>
      <![CDATA[Generated Random Double: 13.04
Generated First Name: johndcf
Generated Email: lokeshe91cc@gmail.com
User enter ID in Username field
User Enter Password in password field
Click on submit button in login page
 Opened staging environment in a new browser tab
User enter ID in Username field
User Enter Password in password field
Click on submit button in login page
 Entered Transaction ID: 692ec8666c0b7f9922534da1
 Clicked on Search button
 Clicked on Search button
 Clicked on first Transaction ID from list
Purchase Transaction ID is not empty or not null
UI transaction ID: 692ec8666c0b7f9922534da1
API transaction ID: 692ec8666c0b7f9922534da1
Transaction ID verified successfully
city accepted by API: New York]]>
    </system-out>
  </testcase> <!-- purchase -->
  <testcase classname="s2s.city" name="purchase" time="48.980">
    <system-out>
      <![CDATA[Generated Random Double: 59.69
Generated First Name: john7e9
Generated Email: lokeshd16d5@gmail.com
User enter ID in Username field
User Enter Password in password field
Click on submit button in login page
 Opened staging environment in a new browser tab
User enter ID in Username field
User Enter Password in password field
Click on submit button in login page
 Entered Transaction ID: 692ec8926c0b7f992253503f
 Clicked on Search button
 Clicked on Search button
 Clicked on first Transaction ID from list
Purchase Transaction ID is not empty or not null
UI transaction ID: 692ec8926c0b7f992253503f
API transaction ID: 692ec8926c0b7f992253503f
Transaction ID verified successfully
city accepted by API: Paris]]>
    </system-out>
  </testcase> <!-- purchase -->
  <testcase classname="s2s.city" name="purchase" time="43.952">
    <system-out>
      <![CDATA[Generated Random Double: 99.54
Generated First Name: johne99
Generated Email: lokesh773ba@gmail.com
User enter ID in Username field
User Enter Password in password field
Click on submit button in login page
 Opened staging environment in a new browser tab
User enter ID in Username field
User Enter Password in password field
Click on submit button in login page
 Entered Transaction ID: 692ec8f16c0b7f9922535579
 Clicked on Search button
 Clicked on Search button
 Clicked on first Transaction ID from list
Purchase Transaction ID is not empty or not null
UI transaction ID: 692ec8f16c0b7f9922535579
API transaction ID: 692ec8f16c0b7f9922535579
Transaction ID verified successfully
city accepted by API: Bengaluru]]>
    </system-out>
  </testcase> <!-- purchase -->
  <testcase classname="s2s.city" name="purchase" time="49.207">
    <system-out>
      <![CDATA[Generated Random Double: 88.29
Generated First Name: johnd18
Generated Email: lokeshb5b77@gmail.com
User enter ID in Username field
User Enter Password in password field
Click on submit button in login page
 Opened staging environment in a new browser tab
User enter ID in Username field
User Enter Password in password field
Click on submit button in login page
 Entered Transaction ID: 692ec9586c0b7f9922535ab5
 Clicked on Search button
 Clicked on Search button
 Clicked on first Transaction ID from list
Purchase Transaction ID is not empty or not null
UI transaction ID: 692ec9586c0b7f9922535ab5
API transaction ID: 692ec9586c0b7f9922535ab5
Transaction ID verified successfully
city accepted by API: 12345]]>
    </system-out>
  </testcase> <!-- purchase -->
  <testcase classname="s2s.city" name="purchase" time="54.808">
    <system-out>
      <![CDATA[Generated Random Double: 61.57
Generated First Name: john4ea
Generated Email: lokesh0bb90@gmail.com
User enter ID in Username field
User Enter Password in password field
Click on submit button in login page
 Opened staging environment in a new browser tab
User enter ID in Username field
User Enter Password in password field
Click on submit button in login page
 Entered Transaction ID: 692ec9bb6c0b7f9922535fef
 Clicked on Search button
 Clicked on Search button
 Clicked on first Transaction ID from list
Purchase Transaction ID is not empty or not null
UI transaction ID: 692ec9bb6c0b7f9922535fef
API transaction ID: 692ec9bb6c0b7f9922535fef
Transaction ID verified successfully
city accepted by API: @City]]>
    </system-out>
  </testcase> <!-- purchase -->
  <testcase classname="s2s.city" name="purchase" time="47.795">
    <system-out>
      <![CDATA[Generated Random Double: 27.96
Generated First Name: john149
Generated Email: lokesha7ac1@gmail.com
User enter ID in Username field
User Enter Password in password field
Click on submit button in login page
 Opened staging environment in a new browser tab
User enter ID in Username field
User Enter Password in password field
Click on submit button in login page
 Entered Transaction ID: 692ec9896c0b7f9922535d51
 Clicked on Search button
 Clicked on Search button
 Clicked on first Transaction ID from list
Purchase Transaction ID is not empty or not null
UI transaction ID: 692ec9896c0b7f9922535d51
API transaction ID: 692ec9896c0b7f9922535d51
Transaction ID verified successfully
city accepted by API: ThisCityNameIsWayTooLongToBeValidBecauseItExceedsMaximumLengthLimit]]>
    </system-out>
  </testcase> <!-- purchase -->
  <testcase classname="s2s.city" name="purchase" time="57.515">
    <system-out>
      <![CDATA[Generated Random Double: 12.31
Generated First Name: johndcf
Generated Email: lokesh111ff@gmail.com
User enter ID in Username field
User Enter Password in password field
Click on submit button in login page
 Opened staging environment in a new browser tab
User enter ID in Username field
User Enter Password in password field
Click on submit button in login page
 Entered Transaction ID: 692eca466c0b7f9922536538
 Clicked on Search button
 Clicked on Search button
 Clicked on first Transaction ID from list
Purchase Transaction ID is not empty or not null
UI transaction ID: 692eca466c0b7f9922536538
API transaction ID: 692eca466c0b7f9922536538
Transaction ID verified successfully
city accepted by API: A]]>
    </system-out>
  </testcase> <!-- purchase -->
  <system-out>
    <![CDATA[Generated Random Double: 32.29
Generated First Name: john87d
Generated Email: lokeshc8f72@gmail.com
User enter ID in Username field
User Enter Password in password field
Click on submit button in login page
 Opened staging environment in a new browser tab
User enter ID in Username field
User Enter Password in password field
Click on submit button in login page
 Entered Transaction ID: 692ec8246c0b7f9922534b05
 Clicked on Search button
 Clicked on Search button
 Clicked on first Transaction ID from list
Purchase Transaction ID is not empty or not null
UI transaction ID: 692ec8246c0b7f9922534b05
API transaction ID: 692ec8246c0b7f9922534b05
Transaction ID verified successfully
city accepted by API: London
Generated Random Double: 13.04
Generated First Name: johndcf
Generated Email: lokeshe91cc@gmail.com
User enter ID in Username field
User Enter Password in password field
Click on submit button in login page
 Opened staging environment in a new browser tab
User enter ID in Username field
User Enter Password in password field
Click on submit button in login page
 Entered Transaction ID: 692ec8666c0b7f9922534da1
 Clicked on Search button
 Clicked on Search button
 Clicked on first Transaction ID from list
Purchase Transaction ID is not empty or not null
UI transaction ID: 692ec8666c0b7f9922534da1
API transaction ID: 692ec8666c0b7f9922534da1
Transaction ID verified successfully
city accepted by API: New York
Generated Random Double: 59.69
Generated First Name: john7e9
Generated Email: lokeshd16d5@gmail.com
User enter ID in Username field
User Enter Password in password field
Click on submit button in login page
 Opened staging environment in a new browser tab
User enter ID in Username field
User Enter Password in password field
Click on submit button in login page
 Entered Transaction ID: 692ec8926c0b7f992253503f
 Clicked on Search button
 Clicked on Search button
 Clicked on first Transaction ID from list
Purchase Transaction ID is not empty or not null
UI transaction ID: 692ec8926c0b7f992253503f
API transaction ID: 692ec8926c0b7f992253503f
Transaction ID verified successfully
city accepted by API: Paris
Generated Random Double: 43.88
Generated First Name: john965
Generated Email: lokesh7c2a1@gmail.com
User enter ID in Username field
User Enter Password in password field
Click on submit button in login page
 Opened staging environment in a new browser tab
User enter ID in Username field
User Enter Password in password field
Click on submit button in login page
 Entered Transaction ID: 692ec8c26c0b7f99225352dd
 Clicked on Search button
 Clicked on Search button
 Clicked on first Transaction ID from list
Purchase Transaction ID is not empty or not null
UI transaction ID: 692ec8c26c0b7f99225352dd
API transaction ID: 692ec8c26c0b7f99225352dd
Transaction ID verified successfully
city accepted by API: San Francisco
Generated Random Double: 99.54
Generated First Name: johne99
Generated Email: lokesh773ba@gmail.com
User enter ID in Username field
User Enter Password in password field
Click on submit button in login page
 Opened staging environment in a new browser tab
User enter ID in Username field
User Enter Password in password field
Click on submit button in login page
 Entered Transaction ID: 692ec8f16c0b7f9922535579
 Clicked on Search button
 Clicked on Search button
 Clicked on first Transaction ID from list
Purchase Transaction ID is not empty or not null
UI transaction ID: 692ec8f16c0b7f9922535579
API transaction ID: 692ec8f16c0b7f9922535579
Transaction ID verified successfully
city accepted by API: Bengaluru
Generated Random Double: 27.39
Generated First Name: john7bb
Generated Email: lokeshe9397@gmail.com
User enter ID in Username field
User Enter Password in password field
Click on submit button in login page
 Opened staging environment in a new browser tab
User enter ID in Username field
User Enter Password in password field
Click on submit button in login page
 Entered Transaction ID: 692ec91d6c0b7f9922535817
 Clicked on Search button
 Clicked on Search button
 Clicked on first Transaction ID from list
Purchase Transaction ID is not empty or not null
UI transaction ID: 692ec91d6c0b7f9922535817
API transaction ID: 692ec91d6c0b7f9922535817
Transaction ID verified successfully
city accepted by API: São Paulo
Generated Random Double: 88.29
Generated First Name: johnd18
Generated Email: lokeshb5b77@gmail.com
User enter ID in Username field
User Enter Password in password field
Click on submit button in login page
 Opened staging environment in a new browser tab
User enter ID in Username field
User Enter Password in password field
Click on submit button in login page
 Entered Transaction ID: 692ec9586c0b7f9922535ab5
 Clicked on Search button
 Clicked on Search button
 Clicked on first Transaction ID from list
Purchase Transaction ID is not empty or not null
UI transaction ID: 692ec9586c0b7f9922535ab5
API transaction ID: 692ec9586c0b7f9922535ab5
Transaction ID verified successfully
city accepted by API: 12345
Generated Random Double: 27.96
Generated First Name: john149
Generated Email: lokesha7ac1@gmail.com
User enter ID in Username field
User Enter Password in password field
Click on submit button in login page
 Opened staging environment in a new browser tab
User enter ID in Username field
User Enter Password in password field
Click on submit button in login page
 Entered Transaction ID: 692ec9896c0b7f9922535d51
 Clicked on Search button
 Clicked on Search button
 Clicked on first Transaction ID from list
Purchase Transaction ID is not empty or not null
UI transaction ID: 692ec9896c0b7f9922535d51
API transaction ID: 692ec9896c0b7f9922535d51
Transaction ID verified successfully
city accepted by API: ThisCityNameIsWayTooLongToBeValidBecauseItExceedsMaximumLengthLimit
Generated Random Double: 61.57
Generated First Name: john4ea
Generated Email: lokesh0bb90@gmail.com
User enter ID in Username field
User Enter Password in password field
Click on submit button in login page
 Opened staging environment in a new browser tab
User enter ID in Username field
User Enter Password in password field
Click on submit button in login page
 Entered Transaction ID: 692ec9bb6c0b7f9922535fef
 Clicked on Search button
 Clicked on Search button
 Clicked on first Transaction ID from list
Purchase Transaction ID is not empty or not null
UI transaction ID: 692ec9bb6c0b7f9922535fef
API transaction ID: 692ec9bb6c0b7f9922535fef
Transaction ID verified successfully
city accepted by API: @City
Generated Random Double: 66.46
Generated First Name: john66b
Generated Email: lokesh3d5b0@gmail.com
User enter ID in Username field
User Enter Password in password field
Click on submit button in login page
 Opened staging environment in a new browser tab
User enter ID in Username field
User Enter Password in password field
Click on submit button in login page
 Entered Transaction ID: 692ec9f06c0b7f992253628b
 Clicked on Search button
 Clicked on Search button
 Clicked on first Transaction ID from list
Purchase Transaction ID is not empty or not null
UI transaction ID: 692ec9f06c0b7f992253628b
API transaction ID: 692ec9f06c0b7f992253628b
Transaction ID verified successfully
city accepted by API: City@Name
Generated Random Double: 95.29
Generated First Name: john4eb
Generated Email: lokesh9e0eb@gmail.com
city rejected by API: 
Generated Random Double: 66.02
Generated First Name: johnbf9
Generated Email: lokeshd4309@gmail.com
city rejected by API: null
Generated Random Double: 12.31
Generated First Name: johndcf
Generated Email: lokesh111ff@gmail.com
User enter ID in Username field
User Enter Password in password field
Click on submit button in login page
 Opened staging environment in a new browser tab
User enter ID in Username field
User Enter Password in password field
Click on submit button in login page
 Entered Transaction ID: 692eca466c0b7f9922536538
 Clicked on Search button
 Clicked on Search button
 Clicked on first Transaction ID from list
Purchase Transaction ID is not empty or not null
UI transaction ID: 692eca466c0b7f9922536538
API transaction ID: 692eca466c0b7f9922536538
Transaction ID verified successfully
city accepted by API: A]]>
  </system-out>
</testsuite> <!-- s2s.city -->
