<?xml version="1.0" encoding="UTF-8"?>
<!-- Generated by org.testng.reporters.JUnitReportReporter -->
<testsuite hostname="PS-L73" failures="0" tests="1" name="PspWithoutCards.easybuzzNetBanking" time="57.261" errors="0" timestamp="2026-01-09T11:26:16 IST" skipped="0">
  <testcase classname="PspWithoutCards.easybuzzNetBanking" name="purchase" time="57.261">
    <system-out>
      <![CDATA[Generated Random Double: 69.02
Generated First Name: johnbd2
Generated Email: nairobiPalermo47355@gmail.com
purchaseId is not null
purchaseId is not empty
purchaseId format is valid: 696098565a39512d3851e377
purchaseId length is 24
purchaseId validated successfully: 696098565a39512d3851e377
Clicked on ZaakPay bank select dropdown
Entered partial bank name: HD
ZaakPay bank suggestions loaded. Count: 1
Selected ZaakPay bank name: HDFC Bank
Clicked on ZaakPay submit button on bank page
Redirected URL: https://staging.paysecure.net/getResponse.jsp?issucces=true
Payment Successfully
 Opened staging environment in a new browser tab
User enter ID in Username field
User Enter Password in password field
Click on submit button in login page
 Entered Transaction ID: 696098565a39512d3851e377
 Clicked on Search button
UI transaction ID: 696098565a39512d3851e377
API transaction ID: 696098565a39512d3851e377
Transaction ID verified successfully
UI Amount: 69.02
API Amount: 69.02
currency conversion not applied
Amount verified successfully
UI Currency: INR
API Currency: INR
Currency matched correctly
Currency verified successfully
 Clicked on first Transaction ID from list
Purchase Transaction ID is not empty or not null
UI Currency: INR
Payment Info Currency: INR
Currency on Payment Info verified successfully
UI Amount: 69.02
Payment Info Amount: 69.02
Amount on Payment Info verified successfully]]>
    </system-out>
  </testcase> <!-- purchase -->
  <system-out>
    <![CDATA[User enter ID in Username field
User Enter Password in password field
Click on submit button in login page
Generated Random Double: 69.02
Generated First Name: johnbd2
Generated Email: nairobiPalermo47355@gmail.com
purchaseId is not null
purchaseId is not empty
purchaseId format is valid: 696098565a39512d3851e377
purchaseId length is 24
purchaseId validated successfully: 696098565a39512d3851e377
Clicked on ZaakPay bank select dropdown
Entered partial bank name: HD
ZaakPay bank suggestions loaded. Count: 1
Selected ZaakPay bank name: HDFC Bank
Clicked on ZaakPay submit button on bank page
Redirected URL: https://staging.paysecure.net/getResponse.jsp?issucces=true
Payment Successfully
 Opened staging environment in a new browser tab
User enter ID in Username field
User Enter Password in password field
Click on submit button in login page
 Entered Transaction ID: 696098565a39512d3851e377
 Clicked on Search button
UI transaction ID: 696098565a39512d3851e377
API transaction ID: 696098565a39512d3851e377
Transaction ID verified successfully
UI Amount: 69.02
API Amount: 69.02
currency conversion not applied
Amount verified successfully
UI Currency: INR
API Currency: INR
Currency matched correctly
Currency verified successfully
 Clicked on first Transaction ID from list
Purchase Transaction ID is not empty or not null
UI Currency: INR
Payment Info Currency: INR
Currency on Payment Info verified successfully
UI Amount: 69.02
Payment Info Amount: 69.02
Amount on Payment Info verified successfully]]>
  </system-out>
</testsuite> <!-- PspWithoutCards.easybuzzNetBanking -->
