<?xml version="1.0" encoding="UTF-8"?>
<!-- Generated by org.testng.reporters.JUnitReportReporter -->
<testsuite hostname="PS-L51" failures="0" tests="1" name="s2s.country" time="96.504" errors="0" timestamp="2026-02-03T17:37:29 IST" skipped="0">
  <testcase classname="s2s.country" name="purchaseApi" time="96.504">
    <system-out>
      <![CDATA[User enter ID in Username field
User Enter Password in password field
Click on submit button in login page
select merchant name :- SuhasM
select merchant name :- EUR
select merchant name :- VISA
Fetching details for Limit and Charges
Details fetched successfully
Amount Inputs → Min: 10.0, Max: 100.0, Provided: 100.0
✅ Boundary amount provided explicitly: 100.0
Generated First Name: johnb81
Generated Email: nairobiPalermoe0786@gmail.com
Purchase created successfully with ID: 6981e4e2b0f4598c7a555bea
Redirected URL: https://staging.paysecure.net/getResponse.jsp?issucces=true
Payment succeeded as expected
 Opened staging environment in a new browser tab
User enter ID in Username field
User Enter Password in password field
Click on submit button in login page
 Entered Transaction ID: 6981e4e2b0f4598c7a555bea
 Clicked on Search button
 Clicked on Search button
 Clicked on first Transaction ID from list
Purchase Transaction ID is not empty or not null
country accepted by API: IN]]>
    </system-out>
  </testcase> <!-- purchaseApi -->
  <system-out>
    <![CDATA[User enter ID in Username field
User Enter Password in password field
Click on submit button in login page
select merchant name :- SuhasM
select merchant name :- EUR
select merchant name :- VISA
Fetching details for Limit and Charges
Details fetched successfully
Amount Inputs → Min: 10.0, Max: 100.0, Provided: 100.0
✅ Boundary amount provided explicitly: 100.0
Generated First Name: johnb81
Generated Email: nairobiPalermoe0786@gmail.com
Purchase created successfully with ID: 6981e4e2b0f4598c7a555bea
Redirected URL: https://staging.paysecure.net/getResponse.jsp?issucces=true
Payment succeeded as expected
 Opened staging environment in a new browser tab
User enter ID in Username field
User Enter Password in password field
Click on submit button in login page
 Entered Transaction ID: 6981e4e2b0f4598c7a555bea
 Clicked on Search button
 Clicked on Search button
 Clicked on first Transaction ID from list
Purchase Transaction ID is not empty or not null
country accepted by API: IN]]>
  </system-out>
</testsuite> <!-- s2s.country -->
