<?xml version="1.0" encoding="UTF-8"?>
<!-- Generated by org.testng.reporters.JUnitReportReporter -->
<testsuite hostname="PS-L6" failures="0" tests="3" name="purchase.country" time="69.868" errors="0" timestamp="2025-12-30T12:55:52 IST" skipped="0">
  <testcase classname="purchase.country" name="validationForCountryField" time="15.687">
    <system-out>
      <![CDATA[Email test case will run for this PSP :- Easybuzz
Email test case will run for this runflag:- Master05
Generated Random Double: 5.32
Generated First Name: john1ba
Generated Email: nairobiPalermo61df8@gmail.com
Country: XYZ → Status: 400
Response Body: {
    "message": "Please submit Valid Alpha2 Country Code Ex:(AF,IN) in \"country\" parameter",
    "code": "transaction_error"
}
PASS → Country rejected correctly as expected: XYZ]]>
    </system-out>
  </testcase> <!-- validationForCountryField -->
  <testcase classname="purchase.country" name="validationForCountryField" time="31.582">
    <system-out>
      <![CDATA[Email test case will run for this PSP :- Easybuzz
Email test case will run for this runflag:- Master05
Generated Random Double: 0.24
Generated First Name: john5a8
Generated Email: nairobiPalermo109d2@gmail.com
Country: ZZ → Status: 400
Response Body: {
    "message": "Please submit Valid Alpha2 Country Code Ex:(AF,IN) in \"country\" parameter",
    "code": "transaction_error"
}
PASS → Country rejected correctly as expected: ZZ]]>
    </system-out>
  </testcase> <!-- validationForCountryField -->
  <testcase classname="purchase.country" name="validationForCountryField" time="22.599">
    <system-out>
      <![CDATA[Email test case will run for this PSP :- Easybuzz
Email test case will run for this runflag:- Master05
Generated Random Double: 40.27
Generated First Name: john758
Generated Email: nairobiPalermo50512@gmail.com
Country: IN R → Status: 400
Response Body: {
    "message": "Please submit Valid Alpha2 Country Code Ex:(AF,IN) in \"country\" parameter",
    "code": "transaction_error"
}
PASS → Country rejected correctly as expected: IN R]]>
    </system-out>
  </testcase> <!-- validationForCountryField -->
  <system-out>
    <![CDATA[User enter ID in Username field
User Enter Password in password field
Click on submit button in login page
Email test case will run for this PSP :- Easybuzz
Email test case will run for this runflag:- Master05
Generated Random Double: 0.24
Generated First Name: john5a8
Generated Email: nairobiPalermo109d2@gmail.com
Country: ZZ → Status: 400
Response Body: {
    "message": "Please submit Valid Alpha2 Country Code Ex:(AF,IN) in \"country\" parameter",
    "code": "transaction_error"
}
PASS → Country rejected correctly as expected: ZZ
User enter ID in Username field
User Enter Password in password field
Click on submit button in login page
Email test case will run for this PSP :- Easybuzz
Email test case will run for this runflag:- Master05
Generated Random Double: 5.32
Generated First Name: john1ba
Generated Email: nairobiPalermo61df8@gmail.com
Country: XYZ → Status: 400
Response Body: {
    "message": "Please submit Valid Alpha2 Country Code Ex:(AF,IN) in \"country\" parameter",
    "code": "transaction_error"
}
PASS → Country rejected correctly as expected: XYZ
User enter ID in Username field
User Enter Password in password field
Click on submit button in login page
Email test case will run for this PSP :- Easybuzz
Email test case will run for this runflag:- Master05
Generated Random Double: 40.27
Generated First Name: john758
Generated Email: nairobiPalermo50512@gmail.com
Country: IN R → Status: 400
Response Body: {
    "message": "Please submit Valid Alpha2 Country Code Ex:(AF,IN) in \"country\" parameter",
    "code": "transaction_error"
}
PASS → Country rejected correctly as expected: IN R]]>
  </system-out>
</testsuite> <!-- purchase.country -->
