<?xml version="1.0" encoding="UTF-8"?>
<!-- Generated by org.testng.reporters.JUnitReportReporter -->
<testsuite hostname="PS-L6" failures="0" tests="3" name="purchase.stateCode" time="199.990" errors="0" timestamp="2026-01-19T15:31:49 IST" skipped="1">
  <testcase classname="purchase.stateCode" name="f" time="11.364">
    <skipped/>
    <system-out>
      <![CDATA[Skipping test - Empty email or card number]]>
    </system-out>
  </testcase> <!-- f -->
  <testcase classname="purchase.stateCode" name="f" time="103.492">
    <system-out>
      <![CDATA[StateCode test case will run for this PSPCardsIntegrations :- EUROEXCHANGE
Generated Amount: 2226.53 (Range: 900.0 - 10000.0)
Generated First Name: john289
Generated Email: nairobiPalermo06267@gmail.com
stateCode: (blank) → Status: 202
Response Body: {
    "purchaseId": "696e009eae5115852ee514f5",
    "client": {
        "customerId": "NA",
        "email": "nairobipalermo06267@gmail.com",
        "phone": "+1111111111",
        "full_name": "john289",
        "street_address": "Main gate",
        "country": "IN",
        "city": "Paris",
        "zip_code": "20001",
        "cc": [
            
        ],
        "bcc": [
            
        ],
        "stateCode": "(blank)"
    },
    "updated_on": 1768816798,
    "type": "purchase",
    "paymentMethod": "VISA",
    "amountUnit": "MAJOR",
    "errorMsg": "",
    "errorCode": "NA",
    "force_recurring": false,
    "created_on": 1768816798,
    "merchantRef": "696e009eae5115852ee514f5",
    "purchase": {
        "currency": "EUR",
        "products": [
            {
                "name": "Cricket bat",
                "quantity": 1.0,
                "price": 2226.53,
                "discount": 0,
                "tax_percent": "0.00"
            }
        ],
        "total": 2226.53,
        "requestAmount": 2226.53,
        "language": "en",
        "notes": "",
        "debt": 0,
        "total_formatted": 1.0,
        "taxAmount": 0.0,
        "taxPercent": 0.0,
        "request_client_details": [
            
        ],
        "email_message": ""
    },
    "issuer_details": {
        "website": "",
        "legal_street_address": "",
        "legal_country": "",
        "legal_city": "",
        "legal_zip_code": "",
        "bank_accounts": [
            {
                
            }
        ],
        "legal_name": "practice",
        "brand_name": "practice",
        "registration_number": "",
        "tax_number": ""
    },
    "transaction_data": {
        "payment_method": "",
        "flow": "payform",
        "extra": {
            
        },
        "country": "",
        "attempts": [
            
        ]
    },
    "status": "CREATED",
    "status_history": [
        {
            "status": "created",
            "timestamp": 1768816798
        }
    ],
    "is_test": false,
    "brand_id": "04199342-5d84-4e17-a53e-5c3d6b03ebd4",
    "send_receipt": false,
    "is_recurring_token": false,
    "skip_capture": false,
    "reference_generated": "PS6094",
    "issued": "2026-01-19",
    "due": 1768816798,
    "refund_upto": 0,
    "cc_descriptor": "",
    "fraudScore": "NA",
    "trustScore": "NA",
    "extraFee": "0",
    "paidOn": 0,
    "receivedAmt": 0.0,
    "taxAmount": 0.0,
    "surcharge": 0.0,
    "surchargeType": "",
    "sessionId": "",
    "refund_availability": "NONE",
    "refundable_amount": 0.0,
    "success_redirect": "https://staging.paysecure.net/getResponse.jsp?issucces=true",
    "failure_redirect": "https://staging.paysecure.net/getResponse.jsp?issucces=false",
    "cancel_redirect": "",
    "success_callback": "https://www.google.com/",
    "failure_callback": "https://staging.paysecure.net/merchant",
    "platform": "API",
    "created_from_ip": "110.235.229.230",
    "checkout_url": "https://test4.paymentsclub.net/payments/1393153fc8d573c1b23e6509a562fdf7/",
    "direct_post_url": "https://test4.paymentsclub.net/api/v1/p/696e009eae5115852ee514f5/",
    "payoutProcess": false
}
stateCode accepted by API: (blank)
API success -> proceeding with full flow
Entered Card Holder Name: KL Rahul
Entered Card Number: 4999992100017063
Entered Card Expiry Date: 08/28
Entered Card CVV: 870
Moved to the Pay button
Clicked on the Pay button to proceed with payment
Redirected URL: https://staging.paysecure.net/getResponse.jsp?issucces=true
Fail → Payment succeeded but expected to fail
 Opened staging environment in a new browser tab
User enter ID in Username field
User Enter Password in password field
Click on submit button in login page
 Entered Transaction ID: 696e009eae5115852ee514f5
 Clicked on Search button
 Clicked on Search button
 Clicked on first Transaction ID from list
Purchase Transaction ID is not empty or not null]]>
    </system-out>
  </testcase> <!-- f -->
  <testcase classname="purchase.stateCode" name="f" time="85.134">
    <system-out>
      <![CDATA[StateCode test case will run for this PSPCardsIntegrations :- EUROEXCHANGE
Generated Amount: 8494.16 (Range: 900.0 - 10000.0)
Generated First Name: john1e3
Generated Email: nairobiPalermo3369b@gmail.com
stateCode: QLD → Status: 202
Response Body: {
    "purchaseId": "696e0050ae5115852ee5122c",
    "client": {
        "customerId": "NA",
        "email": "nairobipalermo3369b@gmail.com",
        "phone": "+1111111111",
        "full_name": "john1e3",
        "street_address": "Main gate",
        "country": "IN",
        "city": "Paris",
        "zip_code": "20001",
        "cc": [
            
        ],
        "bcc": [
            
        ],
        "stateCode": "QLD"
    },
    "updated_on": 1768816720,
    "type": "purchase",
    "paymentMethod": "VISA",
    "amountUnit": "MAJOR",
    "errorMsg": "",
    "errorCode": "NA",
    "force_recurring": false,
    "created_on": 1768816720,
    "merchantRef": "696e0050ae5115852ee5122c",
    "purchase": {
        "currency": "EUR",
        "products": [
            {
                "name": "Cricket bat",
                "quantity": 1.0,
                "price": 8494.16,
                "discount": 0,
                "tax_percent": "0.00"
            }
        ],
        "total": 8494.16,
        "requestAmount": 8494.16,
        "language": "en",
        "notes": "",
        "debt": 0,
        "total_formatted": 1.0,
        "taxAmount": 0.0,
        "taxPercent": 0.0,
        "request_client_details": [
            
        ],
        "email_message": ""
    },
    "issuer_details": {
        "website": "",
        "legal_street_address": "",
        "legal_country": "",
        "legal_city": "",
        "legal_zip_code": "",
        "bank_accounts": [
            {
                
            }
        ],
        "legal_name": "practice",
        "brand_name": "practice",
        "registration_number": "",
        "tax_number": ""
    },
    "transaction_data": {
        "payment_method": "",
        "flow": "payform",
        "extra": {
            
        },
        "country": "",
        "attempts": [
            
        ]
    },
    "status": "CREATED",
    "status_history": [
        {
            "status": "created",
            "timestamp": 1768816720
        }
    ],
    "is_test": false,
    "brand_id": "04199342-5d84-4e17-a53e-5c3d6b03ebd4",
    "send_receipt": false,
    "is_recurring_token": false,
    "skip_capture": false,
    "reference_generated": "PS6093",
    "issued": "2026-01-19",
    "due": 1768816720,
    "refund_upto": 0,
    "cc_descriptor": "",
    "fraudScore": "NA",
    "trustScore": "NA",
    "extraFee": "0",
    "paidOn": 0,
    "receivedAmt": 0.0,
    "taxAmount": 0.0,
    "surcharge": 0.0,
    "surchargeType": "",
    "sessionId": "",
    "refund_availability": "NONE",
    "refundable_amount": 0.0,
    "success_redirect": "https://staging.paysecure.net/getResponse.jsp?issucces=true",
    "failure_redirect": "https://staging.paysecure.net/getResponse.jsp?issucces=false",
    "cancel_redirect": "",
    "success_callback": "https://www.google.com/",
    "failure_callback": "https://staging.paysecure.net/merchant",
    "platform": "API",
    "created_from_ip": "110.235.229.230",
    "checkout_url": "https://test4.paymentsclub.net/payments/d9488bec3339ec54b74e8af23c9f9491/",
    "direct_post_url": "https://test4.paymentsclub.net/api/v1/p/696e0050ae5115852ee5122c/",
    "payoutProcess": false
}
stateCode accepted by API: QLD
API success -> proceeding with full flow
Entered Card Holder Name: KL Rahul
Entered Card Number: 4999992100017063
Entered Card Expiry Date: 08/28
Entered Card CVV: 870
Moved to the Pay button
Clicked on the Pay button to proceed with payment
Redirected URL: https://staging.paysecure.net/getResponse.jsp?issucces=true
Pass → Payment succeeded as expected
 Opened staging environment in a new browser tab
User enter ID in Username field
User Enter Password in password field
Click on submit button in login page
 Entered Transaction ID: 696e0050ae5115852ee5122c
 Clicked on Search button
 Clicked on Search button
 Clicked on first Transaction ID from list
Purchase Transaction ID is not empty or not null]]>
    </system-out>
  </testcase> <!-- f -->
  <system-out>
    <![CDATA[User enter ID in Username field
User Enter Password in password field
Click on submit button in login page
StateCode test case will run for this PSPCardsIntegrations :- EUROEXCHANGE
Generated Amount: 8494.16 (Range: 900.0 - 10000.0)
Generated First Name: john1e3
Generated Email: nairobiPalermo3369b@gmail.com
stateCode: QLD → Status: 202
Response Body: {
    "purchaseId": "696e0050ae5115852ee5122c",
    "client": {
        "customerId": "NA",
        "email": "nairobipalermo3369b@gmail.com",
        "phone": "+1111111111",
        "full_name": "john1e3",
        "street_address": "Main gate",
        "country": "IN",
        "city": "Paris",
        "zip_code": "20001",
        "cc": [
            
        ],
        "bcc": [
            
        ],
        "stateCode": "QLD"
    },
    "updated_on": 1768816720,
    "type": "purchase",
    "paymentMethod": "VISA",
    "amountUnit": "MAJOR",
    "errorMsg": "",
    "errorCode": "NA",
    "force_recurring": false,
    "created_on": 1768816720,
    "merchantRef": "696e0050ae5115852ee5122c",
    "purchase": {
        "currency": "EUR",
        "products": [
            {
                "name": "Cricket bat",
                "quantity": 1.0,
                "price": 8494.16,
                "discount": 0,
                "tax_percent": "0.00"
            }
        ],
        "total": 8494.16,
        "requestAmount": 8494.16,
        "language": "en",
        "notes": "",
        "debt": 0,
        "total_formatted": 1.0,
        "taxAmount": 0.0,
        "taxPercent": 0.0,
        "request_client_details": [
            
        ],
        "email_message": ""
    },
    "issuer_details": {
        "website": "",
        "legal_street_address": "",
        "legal_country": "",
        "legal_city": "",
        "legal_zip_code": "",
        "bank_accounts": [
            {
                
            }
        ],
        "legal_name": "practice",
        "brand_name": "practice",
        "registration_number": "",
        "tax_number": ""
    },
    "transaction_data": {
        "payment_method": "",
        "flow": "payform",
        "extra": {
            
        },
        "country": "",
        "attempts": [
            
        ]
    },
    "status": "CREATED",
    "status_history": [
        {
            "status": "created",
            "timestamp": 1768816720
        }
    ],
    "is_test": false,
    "brand_id": "04199342-5d84-4e17-a53e-5c3d6b03ebd4",
    "send_receipt": false,
    "is_recurring_token": false,
    "skip_capture": false,
    "reference_generated": "PS6093",
    "issued": "2026-01-19",
    "due": 1768816720,
    "refund_upto": 0,
    "cc_descriptor": "",
    "fraudScore": "NA",
    "trustScore": "NA",
    "extraFee": "0",
    "paidOn": 0,
    "receivedAmt": 0.0,
    "taxAmount": 0.0,
    "surcharge": 0.0,
    "surchargeType": "",
    "sessionId": "",
    "refund_availability": "NONE",
    "refundable_amount": 0.0,
    "success_redirect": "https://staging.paysecure.net/getResponse.jsp?issucces=true",
    "failure_redirect": "https://staging.paysecure.net/getResponse.jsp?issucces=false",
    "cancel_redirect": "",
    "success_callback": "https://www.google.com/",
    "failure_callback": "https://staging.paysecure.net/merchant",
    "platform": "API",
    "created_from_ip": "110.235.229.230",
    "checkout_url": "https://test4.paymentsclub.net/payments/d9488bec3339ec54b74e8af23c9f9491/",
    "direct_post_url": "https://test4.paymentsclub.net/api/v1/p/696e0050ae5115852ee5122c/",
    "payoutProcess": false
}
stateCode accepted by API: QLD
API success -> proceeding with full flow
Entered Card Holder Name: KL Rahul
Entered Card Number: 4999992100017063
Entered Card Expiry Date: 08/28
Entered Card CVV: 870
Moved to the Pay button
Clicked on the Pay button to proceed with payment
Redirected URL: https://staging.paysecure.net/getResponse.jsp?issucces=true
Pass → Payment succeeded as expected
 Opened staging environment in a new browser tab
User enter ID in Username field
User Enter Password in password field
Click on submit button in login page
 Entered Transaction ID: 696e0050ae5115852ee5122c
 Clicked on Search button
 Clicked on Search button
 Clicked on first Transaction ID from list
Purchase Transaction ID is not empty or not null
User enter ID in Username field
User Enter Password in password field
Click on submit button in login page
StateCode test case will run for this PSPCardsIntegrations :- EUROEXCHANGE
Generated Amount: 2226.53 (Range: 900.0 - 10000.0)
Generated First Name: john289
Generated Email: nairobiPalermo06267@gmail.com
stateCode: (blank) → Status: 202
Response Body: {
    "purchaseId": "696e009eae5115852ee514f5",
    "client": {
        "customerId": "NA",
        "email": "nairobipalermo06267@gmail.com",
        "phone": "+1111111111",
        "full_name": "john289",
        "street_address": "Main gate",
        "country": "IN",
        "city": "Paris",
        "zip_code": "20001",
        "cc": [
            
        ],
        "bcc": [
            
        ],
        "stateCode": "(blank)"
    },
    "updated_on": 1768816798,
    "type": "purchase",
    "paymentMethod": "VISA",
    "amountUnit": "MAJOR",
    "errorMsg": "",
    "errorCode": "NA",
    "force_recurring": false,
    "created_on": 1768816798,
    "merchantRef": "696e009eae5115852ee514f5",
    "purchase": {
        "currency": "EUR",
        "products": [
            {
                "name": "Cricket bat",
                "quantity": 1.0,
                "price": 2226.53,
                "discount": 0,
                "tax_percent": "0.00"
            }
        ],
        "total": 2226.53,
        "requestAmount": 2226.53,
        "language": "en",
        "notes": "",
        "debt": 0,
        "total_formatted": 1.0,
        "taxAmount": 0.0,
        "taxPercent": 0.0,
        "request_client_details": [
            
        ],
        "email_message": ""
    },
    "issuer_details": {
        "website": "",
        "legal_street_address": "",
        "legal_country": "",
        "legal_city": "",
        "legal_zip_code": "",
        "bank_accounts": [
            {
                
            }
        ],
        "legal_name": "practice",
        "brand_name": "practice",
        "registration_number": "",
        "tax_number": ""
    },
    "transaction_data": {
        "payment_method": "",
        "flow": "payform",
        "extra": {
            
        },
        "country": "",
        "attempts": [
            
        ]
    },
    "status": "CREATED",
    "status_history": [
        {
            "status": "created",
            "timestamp": 1768816798
        }
    ],
    "is_test": false,
    "brand_id": "04199342-5d84-4e17-a53e-5c3d6b03ebd4",
    "send_receipt": false,
    "is_recurring_token": false,
    "skip_capture": false,
    "reference_generated": "PS6094",
    "issued": "2026-01-19",
    "due": 1768816798,
    "refund_upto": 0,
    "cc_descriptor": "",
    "fraudScore": "NA",
    "trustScore": "NA",
    "extraFee": "0",
    "paidOn": 0,
    "receivedAmt": 0.0,
    "taxAmount": 0.0,
    "surcharge": 0.0,
    "surchargeType": "",
    "sessionId": "",
    "refund_availability": "NONE",
    "refundable_amount": 0.0,
    "success_redirect": "https://staging.paysecure.net/getResponse.jsp?issucces=true",
    "failure_redirect": "https://staging.paysecure.net/getResponse.jsp?issucces=false",
    "cancel_redirect": "",
    "success_callback": "https://www.google.com/",
    "failure_callback": "https://staging.paysecure.net/merchant",
    "platform": "API",
    "created_from_ip": "110.235.229.230",
    "checkout_url": "https://test4.paymentsclub.net/payments/1393153fc8d573c1b23e6509a562fdf7/",
    "direct_post_url": "https://test4.paymentsclub.net/api/v1/p/696e009eae5115852ee514f5/",
    "payoutProcess": false
}
stateCode accepted by API: (blank)
API success -> proceeding with full flow
Entered Card Holder Name: KL Rahul
Entered Card Number: 4999992100017063
Entered Card Expiry Date: 08/28
Entered Card CVV: 870
Moved to the Pay button
Clicked on the Pay button to proceed with payment
Redirected URL: https://staging.paysecure.net/getResponse.jsp?issucces=true
Fail → Payment succeeded but expected to fail
 Opened staging environment in a new browser tab
User enter ID in Username field
User Enter Password in password field
Click on submit button in login page
 Entered Transaction ID: 696e009eae5115852ee514f5
 Clicked on Search button
 Clicked on Search button
 Clicked on first Transaction ID from list
Purchase Transaction ID is not empty or not null
User enter ID in Username field
User Enter Password in password field
Click on submit button in login page
Skipping test - Empty email or card number]]>
  </system-out>
</testsuite> <!-- purchase.stateCode -->
