<?xml version="1.0" encoding="UTF-8"?>
<!-- Generated by org.testng.reporters.JUnitReportReporter -->
<testsuite hostname="PS-L6" failures="0" tests="10" name="purchase.country" time="580.651" errors="0" timestamp="2026-01-06T17:37:36 IST" skipped="2">
  <testcase classname="purchase.country" name="validationForCountryField" time="15.132">
    <skipped/>
    <system-out>
      <![CDATA[Skipping test - Empty email or card number]]>
    </system-out>
  </testcase> <!-- validationForCountryField -->
  <testcase classname="purchase.country" name="validationForCountryField" time="15.696">
    <system-out>
      <![CDATA[Email test case will run for this PSPCardsIntegrations :- ZaakPay
Email test case will run for this runflag:- TRUE
Generated Random Double: 3.92
Generated First Name: john288
Generated Email: nairobiPalermo48758@gmail.com
Country: IN R → Status: 400
Response Body: {
    "message": "Please submit Valid Alpha2 Country Code Ex:(AF,IN) in \"country\" parameter",
    "code": "transaction_error"
}
PASS → Country rejected correctly as expected: IN R]]>
    </system-out>
  </testcase> <!-- validationForCountryField -->
  <testcase classname="purchase.country" name="validationForCountryField" time="12.964">
    <skipped/>
    <system-out>
      <![CDATA[Skipping test - Empty email or card number]]>
    </system-out>
  </testcase> <!-- validationForCountryField -->
  <testcase classname="purchase.country" name="validationForCountryField" time="18.291">
    <system-out>
      <![CDATA[Email test case will run for this PSPCardsIntegrations :- ZaakPay
Email test case will run for this runflag:- TRUE
Generated Random Double: 10.03
Generated First Name: johnb69
Generated Email: nairobiPalermo8a688@gmail.com
Country: IN R → Status: 400
Response Body: {
    "message": "Please submit Valid Alpha2 Country Code Ex:(AF,IN) in \"country\" parameter",
    "code": "transaction_error"
}
PASS → Country rejected correctly as expected: IN R]]>
    </system-out>
  </testcase> <!-- validationForCountryField -->
  <testcase classname="purchase.country" name="validationForCountryField" time="15.265">
    <system-out>
      <![CDATA[Email test case will run for this PSPCardsIntegrations :- ZaakPay
Email test case will run for this runflag:- TRUE
Generated Random Double: 89.57
Generated First Name: johnefb
Generated Email: nairobiPalermo6fe42@gmail.com
Country: XYZ → Status: 400
Response Body: {
    "message": "Please submit Valid Alpha2 Country Code Ex:(AF,IN) in \"country\" parameter",
    "code": "transaction_error"
}
PASS → Country rejected correctly as expected: XYZ]]>
    </system-out>
  </testcase> <!-- validationForCountryField -->
  <testcase classname="purchase.country" name="validationForCountryField" time="17.917">
    <system-out>
      <![CDATA[Email test case will run for this PSPCardsIntegrations :- ZaakPay
Email test case will run for this runflag:- TRUE
Generated Random Double: 18.07
Generated First Name: john18a
Generated Email: nairobiPalermo8ab04@gmail.com
Country: ZZ → Status: 400
Response Body: {
    "message": "Please submit Valid Alpha2 Country Code Ex:(AF,IN) in \"country\" parameter",
    "code": "transaction_error"
}
PASS → Country rejected correctly as expected: ZZ]]>
    </system-out>
  </testcase> <!-- validationForCountryField -->
  <testcase classname="purchase.country" name="validationForCountryField" time="19.400">
    <system-out>
      <![CDATA[Email test case will run for this PSPCardsIntegrations :- ZaakPay
Email test case will run for this runflag:- TRUE
Generated Random Double: 90.97
Generated First Name: john4cf
Generated Email: nairobiPalermo59acf@gmail.com
Country: XYZ → Status: 400
Response Body: {
    "message": "Please submit Valid Alpha2 Country Code Ex:(AF,IN) in \"country\" parameter",
    "code": "transaction_error"
}
PASS → Country rejected correctly as expected: XYZ]]>
    </system-out>
  </testcase> <!-- validationForCountryField -->
  <testcase classname="purchase.country" name="validationForCountryField" time="84.160">
    <system-out>
      <![CDATA[Email test case will run for this PSPCardsIntegrations :- ZaakPay
Email test case will run for this runflag:- TRUE
Generated Random Double: 14.30
Generated First Name: johnf77
Generated Email: nairobiPalermo0093f@gmail.com
Country: IN → Status: 202
Response Body: {
    "purchaseId": "695cfaa2e53e4e94d62ada1e",
    "client": {
        "customerId": "NA",
        "email": "nairobipalermo0093f@gmail.com",
        "phone": "+1111111111",
        "full_name": "johnf77",
        "street_address": "Main gate",
        "country": "IN",
        "city": "Paris",
        "zip_code": "20001",
        "cc": [
            
        ],
        "bcc": [
            
        ],
        "stateCode": "QLD"
    },
    "updated_on": 1767701154,
    "type": "purchase",
    "paymentMethod": "VISA",
    "amountUnit": "MAJOR",
    "errorMsg": "",
    "errorCode": "NA",
    "force_recurring": false,
    "created_on": 1767701154,
    "merchantRef": "695cfaa2e53e4e94d62ada1e",
    "purchase": {
        "currency": "INR",
        "products": [
            {
                "name": "Cricket bat",
                "quantity": 1.0,
                "price": 14.3,
                "discount": 0,
                "tax_percent": "0.00"
            }
        ],
        "total": 14.3,
        "requestAmount": 14.3,
        "language": "en",
        "notes": "",
        "debt": 0,
        "total_formatted": 1.0,
        "taxAmount": 0.0,
        "taxPercent": 0.0,
        "request_client_details": [
            
        ],
        "email_message": ""
    },
    "issuer_details": {
        "website": "",
        "legal_street_address": "",
        "legal_country": "",
        "legal_city": "",
        "legal_zip_code": "",
        "bank_accounts": [
            {
                
            }
        ],
        "legal_name": "practice",
        "brand_name": "practice",
        "registration_number": "",
        "tax_number": ""
    },
    "transaction_data": {
        "payment_method": "",
        "flow": "payform",
        "extra": {
            
        },
        "country": "",
        "attempts": [
            
        ]
    },
    "status": "CREATED",
    "status_history": [
        {
            "status": "created",
            "timestamp": 1767701154
        }
    ],
    "is_test": false,
    "brand_id": "04199342-5d84-4e17-a53e-5c3d6b03ebd4",
    "send_receipt": false,
    "is_recurring_token": false,
    "skip_capture": false,
    "reference_generated": "PS5666",
    "issued": "2026-01-06",
    "due": 1767701154,
    "refund_upto": 0,
    "cc_descriptor": "",
    "fraudScore": "NA",
    "trustScore": "NA",
    "extraFee": "0",
    "paidOn": 0,
    "receivedAmt": 0.0,
    "taxAmount": 0.0,
    "surcharge": 0.0,
    "surchargeType": "",
    "sessionId": "",
    "refund_availability": "NONE",
    "refundable_amount": 0.0,
    "success_redirect": "https://staging.paysecure.net/getResponse.jsp?issucces=true",
    "failure_redirect": "https://staging.paysecure.net/getResponse.jsp?issucces=false",
    "cancel_redirect": "",
    "success_callback": "https://www.google.com/",
    "failure_callback": "https://staging.paysecure.net/merchant",
    "platform": "API",
    "created_from_ip": "103.80.161.238",
    "checkout_url": "https://test4.paymentsclub.net/payments/1d221cc4e2d203f698d99c19090a7656/",
    "direct_post_url": "https://test4.paymentsclub.net/api/v1/p/695cfaa2e53e4e94d62ada1e/",
    "payoutProcess": false
}
Country accepted by API: IN
API success → proceeding with full flow
Entered Card Holder Name: AB de Villiers
Entered Card Number: 4111111111111111
Entered Card Expiry Date: 07/29
Entered Card CVV: 123
Moved to the Pay button
Clicked on the Pay button to proceed with payment
Redirected URL: https://staging.paysecure.net/getResponse.jsp?issucces=true
Pass → Payment succeeded as expected
 Opened staging environment in a new browser tab
User enter ID in Username field
User Enter Password in password field
Click on submit button in login page
 Entered Transaction ID: 695cfaa2e53e4e94d62ada1e
 Clicked on Search button
 Clicked on Search button
 Clicked on first Transaction ID from list
Purchase Transaction ID is not empty or not null]]>
    </system-out>
  </testcase> <!-- validationForCountryField -->
  <testcase classname="purchase.country" name="validationForCountryField" time="356.568">
    <system-out>
      <![CDATA[Email test case will run for this PSPCardsIntegrations :- ZaakPay
Email test case will run for this runflag:- TRUE
Generated Random Double: 18.28
Generated First Name: john46b
Generated Email: nairobiPalermo8ab3d@gmail.com
Country: US → Status: 202
Response Body: {
    "purchaseId": "695cf90ce53e4e94d62ad6b5",
    "client": {
        "customerId": "NA",
        "email": "nairobipalermo8ab3d@gmail.com",
        "phone": "+1111111111",
        "full_name": "john46b",
        "street_address": "Main gate",
        "country": "US",
        "city": "Paris",
        "zip_code": "20001",
        "cc": [
            
        ],
        "bcc": [
            
        ],
        "stateCode": "QLD"
    },
    "updated_on": 1767700748,
    "type": "purchase",
    "paymentMethod": "VISA",
    "amountUnit": "MAJOR",
    "errorMsg": "",
    "errorCode": "NA",
    "force_recurring": false,
    "created_on": 1767700748,
    "merchantRef": "695cf90ce53e4e94d62ad6b5",
    "purchase": {
        "currency": "INR",
        "products": [
            {
                "name": "Cricket bat",
                "quantity": 1.0,
                "price": 18.28,
                "discount": 0,
                "tax_percent": "0.00"
            }
        ],
        "total": 18.28,
        "requestAmount": 18.28,
        "language": "en",
        "notes": "",
        "debt": 0,
        "total_formatted": 1.0,
        "taxAmount": 0.0,
        "taxPercent": 0.0,
        "request_client_details": [
            
        ],
        "email_message": ""
    },
    "issuer_details": {
        "website": "",
        "legal_street_address": "",
        "legal_country": "",
        "legal_city": "",
        "legal_zip_code": "",
        "bank_accounts": [
            {
                
            }
        ],
        "legal_name": "practice",
        "brand_name": "practice",
        "registration_number": "",
        "tax_number": ""
    },
    "transaction_data": {
        "payment_method": "",
        "flow": "payform",
        "extra": {
            
        },
        "country": "",
        "attempts": [
            
        ]
    },
    "status": "CREATED",
    "status_history": [
        {
            "status": "created",
            "timestamp": 1767700748
        }
    ],
    "is_test": false,
    "brand_id": "04199342-5d84-4e17-a53e-5c3d6b03ebd4",
    "send_receipt": false,
    "is_recurring_token": false,
    "skip_capture": false,
    "reference_generated": "PS5665",
    "issued": "2026-01-06",
    "due": 1767700748,
    "refund_upto": 0,
    "cc_descriptor": "",
    "fraudScore": "NA",
    "trustScore": "NA",
    "extraFee": "0",
    "paidOn": 0,
    "receivedAmt": 0.0,
    "taxAmount": 0.0,
    "surcharge": 0.0,
    "surchargeType": "",
    "sessionId": "",
    "refund_availability": "NONE",
    "refundable_amount": 0.0,
    "success_redirect": "https://staging.paysecure.net/getResponse.jsp?issucces=true",
    "failure_redirect": "https://staging.paysecure.net/getResponse.jsp?issucces=false",
    "cancel_redirect": "",
    "success_callback": "https://www.google.com/",
    "failure_callback": "https://staging.paysecure.net/merchant",
    "platform": "API",
    "created_from_ip": "103.80.161.238",
    "checkout_url": "https://test4.paymentsclub.net/payments/bfd48ebbf583323099b11b8a2a409d9e/",
    "direct_post_url": "https://test4.paymentsclub.net/api/v1/p/695cf90ce53e4e94d62ad6b5/",
    "payoutProcess": false
}
Country accepted by API: US
API success → proceeding with full flow
Entered Card Holder Name: AB de Villiers
Entered Card Number: 4111111111111111
Entered Card Expiry Date: 07/29
Entered Card CVV: 123
Moved to the Pay button
Clicked on the Pay button to proceed with payment
Redirected URL: https://staging.paysecure.net/getResponse.jsp?issucces=false
Pass → Payment succeeded as expected]]>
    </system-out>
  </testcase> <!-- validationForCountryField -->
  <testcase classname="purchase.country" name="validationForCountryField" time="25.258">
    <system-out>
      <![CDATA[Email test case will run for this PSPCardsIntegrations :- ZaakPay
Email test case will run for this runflag:- TRUE
Generated Random Double: 59.93
Generated First Name: john261
Generated Email: nairobiPalermoc0a54@gmail.com
Country: ZZ → Status: 400
Response Body: {
    "message": "Please submit Valid Alpha2 Country Code Ex:(AF,IN) in \"country\" parameter",
    "code": "transaction_error"
}
PASS → Country rejected correctly as expected: ZZ]]>
    </system-out>
  </testcase> <!-- validationForCountryField -->
  <system-out>
    <![CDATA[User enter ID in Username field
User Enter Password in password field
Click on submit button in login page
Email test case will run for this PSPCardsIntegrations :- ZaakPay
Email test case will run for this runflag:- TRUE
Generated Random Double: 59.93
Generated First Name: john261
Generated Email: nairobiPalermoc0a54@gmail.com
Country: ZZ → Status: 400
Response Body: {
    "message": "Please submit Valid Alpha2 Country Code Ex:(AF,IN) in \"country\" parameter",
    "code": "transaction_error"
}
PASS → Country rejected correctly as expected: ZZ
User enter ID in Username field
User Enter Password in password field
Click on submit button in login page
Email test case will run for this PSPCardsIntegrations :- ZaakPay
Email test case will run for this runflag:- TRUE
Generated Random Double: 89.57
Generated First Name: johnefb
Generated Email: nairobiPalermo6fe42@gmail.com
Country: XYZ → Status: 400
Response Body: {
    "message": "Please submit Valid Alpha2 Country Code Ex:(AF,IN) in \"country\" parameter",
    "code": "transaction_error"
}
PASS → Country rejected correctly as expected: XYZ
User enter ID in Username field
User Enter Password in password field
Click on submit button in login page
Email test case will run for this PSPCardsIntegrations :- ZaakPay
Email test case will run for this runflag:- TRUE
Generated Random Double: 10.03
Generated First Name: johnb69
Generated Email: nairobiPalermo8a688@gmail.com
Country: IN R → Status: 400
Response Body: {
    "message": "Please submit Valid Alpha2 Country Code Ex:(AF,IN) in \"country\" parameter",
    "code": "transaction_error"
}
PASS → Country rejected correctly as expected: IN R
User enter ID in Username field
User Enter Password in password field
Click on submit button in login page
Email test case will run for this PSPCardsIntegrations :- ZaakPay
Email test case will run for this runflag:- TRUE
Generated Random Double: 18.28
Generated First Name: john46b
Generated Email: nairobiPalermo8ab3d@gmail.com
Country: US → Status: 202
Response Body: {
    "purchaseId": "695cf90ce53e4e94d62ad6b5",
    "client": {
        "customerId": "NA",
        "email": "nairobipalermo8ab3d@gmail.com",
        "phone": "+1111111111",
        "full_name": "john46b",
        "street_address": "Main gate",
        "country": "US",
        "city": "Paris",
        "zip_code": "20001",
        "cc": [
            
        ],
        "bcc": [
            
        ],
        "stateCode": "QLD"
    },
    "updated_on": 1767700748,
    "type": "purchase",
    "paymentMethod": "VISA",
    "amountUnit": "MAJOR",
    "errorMsg": "",
    "errorCode": "NA",
    "force_recurring": false,
    "created_on": 1767700748,
    "merchantRef": "695cf90ce53e4e94d62ad6b5",
    "purchase": {
        "currency": "INR",
        "products": [
            {
                "name": "Cricket bat",
                "quantity": 1.0,
                "price": 18.28,
                "discount": 0,
                "tax_percent": "0.00"
            }
        ],
        "total": 18.28,
        "requestAmount": 18.28,
        "language": "en",
        "notes": "",
        "debt": 0,
        "total_formatted": 1.0,
        "taxAmount": 0.0,
        "taxPercent": 0.0,
        "request_client_details": [
            
        ],
        "email_message": ""
    },
    "issuer_details": {
        "website": "",
        "legal_street_address": "",
        "legal_country": "",
        "legal_city": "",
        "legal_zip_code": "",
        "bank_accounts": [
            {
                
            }
        ],
        "legal_name": "practice",
        "brand_name": "practice",
        "registration_number": "",
        "tax_number": ""
    },
    "transaction_data": {
        "payment_method": "",
        "flow": "payform",
        "extra": {
            
        },
        "country": "",
        "attempts": [
            
        ]
    },
    "status": "CREATED",
    "status_history": [
        {
            "status": "created",
            "timestamp": 1767700748
        }
    ],
    "is_test": false,
    "brand_id": "04199342-5d84-4e17-a53e-5c3d6b03ebd4",
    "send_receipt": false,
    "is_recurring_token": false,
    "skip_capture": false,
    "reference_generated": "PS5665",
    "issued": "2026-01-06",
    "due": 1767700748,
    "refund_upto": 0,
    "cc_descriptor": "",
    "fraudScore": "NA",
    "trustScore": "NA",
    "extraFee": "0",
    "paidOn": 0,
    "receivedAmt": 0.0,
    "taxAmount": 0.0,
    "surcharge": 0.0,
    "surchargeType": "",
    "sessionId": "",
    "refund_availability": "NONE",
    "refundable_amount": 0.0,
    "success_redirect": "https://staging.paysecure.net/getResponse.jsp?issucces=true",
    "failure_redirect": "https://staging.paysecure.net/getResponse.jsp?issucces=false",
    "cancel_redirect": "",
    "success_callback": "https://www.google.com/",
    "failure_callback": "https://staging.paysecure.net/merchant",
    "platform": "API",
    "created_from_ip": "103.80.161.238",
    "checkout_url": "https://test4.paymentsclub.net/payments/bfd48ebbf583323099b11b8a2a409d9e/",
    "direct_post_url": "https://test4.paymentsclub.net/api/v1/p/695cf90ce53e4e94d62ad6b5/",
    "payoutProcess": false
}
Country accepted by API: US
API success → proceeding with full flow
Entered Card Holder Name: AB de Villiers
Entered Card Number: 4111111111111111
Entered Card Expiry Date: 07/29
Entered Card CVV: 123
Moved to the Pay button
Clicked on the Pay button to proceed with payment
Redirected URL: https://staging.paysecure.net/getResponse.jsp?issucces=false
Pass → Payment succeeded as expected
User enter ID in Username field
User Enter Password in password field
Click on submit button in login page
Email test case will run for this PSPCardsIntegrations :- ZaakPay
Email test case will run for this runflag:- TRUE
Generated Random Double: 18.07
Generated First Name: john18a
Generated Email: nairobiPalermo8ab04@gmail.com
Country: ZZ → Status: 400
Response Body: {
    "message": "Please submit Valid Alpha2 Country Code Ex:(AF,IN) in \"country\" parameter",
    "code": "transaction_error"
}
PASS → Country rejected correctly as expected: ZZ
User enter ID in Username field
User Enter Password in password field
Click on submit button in login page
Email test case will run for this PSPCardsIntegrations :- ZaakPay
Email test case will run for this runflag:- TRUE
Generated Random Double: 90.97
Generated First Name: john4cf
Generated Email: nairobiPalermo59acf@gmail.com
Country: XYZ → Status: 400
Response Body: {
    "message": "Please submit Valid Alpha2 Country Code Ex:(AF,IN) in \"country\" parameter",
    "code": "transaction_error"
}
PASS → Country rejected correctly as expected: XYZ
User enter ID in Username field
User Enter Password in password field
Click on submit button in login page
Email test case will run for this PSPCardsIntegrations :- ZaakPay
Email test case will run for this runflag:- TRUE
Generated Random Double: 3.92
Generated First Name: john288
Generated Email: nairobiPalermo48758@gmail.com
Country: IN R → Status: 400
Response Body: {
    "message": "Please submit Valid Alpha2 Country Code Ex:(AF,IN) in \"country\" parameter",
    "code": "transaction_error"
}
PASS → Country rejected correctly as expected: IN R
User enter ID in Username field
User Enter Password in password field
Click on submit button in login page
Email test case will run for this PSPCardsIntegrations :- ZaakPay
Email test case will run for this runflag:- TRUE
Generated Random Double: 14.30
Generated First Name: johnf77
Generated Email: nairobiPalermo0093f@gmail.com
Country: IN → Status: 202
Response Body: {
    "purchaseId": "695cfaa2e53e4e94d62ada1e",
    "client": {
        "customerId": "NA",
        "email": "nairobipalermo0093f@gmail.com",
        "phone": "+1111111111",
        "full_name": "johnf77",
        "street_address": "Main gate",
        "country": "IN",
        "city": "Paris",
        "zip_code": "20001",
        "cc": [
            
        ],
        "bcc": [
            
        ],
        "stateCode": "QLD"
    },
    "updated_on": 1767701154,
    "type": "purchase",
    "paymentMethod": "VISA",
    "amountUnit": "MAJOR",
    "errorMsg": "",
    "errorCode": "NA",
    "force_recurring": false,
    "created_on": 1767701154,
    "merchantRef": "695cfaa2e53e4e94d62ada1e",
    "purchase": {
        "currency": "INR",
        "products": [
            {
                "name": "Cricket bat",
                "quantity": 1.0,
                "price": 14.3,
                "discount": 0,
                "tax_percent": "0.00"
            }
        ],
        "total": 14.3,
        "requestAmount": 14.3,
        "language": "en",
        "notes": "",
        "debt": 0,
        "total_formatted": 1.0,
        "taxAmount": 0.0,
        "taxPercent": 0.0,
        "request_client_details": [
            
        ],
        "email_message": ""
    },
    "issuer_details": {
        "website": "",
        "legal_street_address": "",
        "legal_country": "",
        "legal_city": "",
        "legal_zip_code": "",
        "bank_accounts": [
            {
                
            }
        ],
        "legal_name": "practice",
        "brand_name": "practice",
        "registration_number": "",
        "tax_number": ""
    },
    "transaction_data": {
        "payment_method": "",
        "flow": "payform",
        "extra": {
            
        },
        "country": "",
        "attempts": [
            
        ]
    },
    "status": "CREATED",
    "status_history": [
        {
            "status": "created",
            "timestamp": 1767701154
        }
    ],
    "is_test": false,
    "brand_id": "04199342-5d84-4e17-a53e-5c3d6b03ebd4",
    "send_receipt": false,
    "is_recurring_token": false,
    "skip_capture": false,
    "reference_generated": "PS5666",
    "issued": "2026-01-06",
    "due": 1767701154,
    "refund_upto": 0,
    "cc_descriptor": "",
    "fraudScore": "NA",
    "trustScore": "NA",
    "extraFee": "0",
    "paidOn": 0,
    "receivedAmt": 0.0,
    "taxAmount": 0.0,
    "surcharge": 0.0,
    "surchargeType": "",
    "sessionId": "",
    "refund_availability": "NONE",
    "refundable_amount": 0.0,
    "success_redirect": "https://staging.paysecure.net/getResponse.jsp?issucces=true",
    "failure_redirect": "https://staging.paysecure.net/getResponse.jsp?issucces=false",
    "cancel_redirect": "",
    "success_callback": "https://www.google.com/",
    "failure_callback": "https://staging.paysecure.net/merchant",
    "platform": "API",
    "created_from_ip": "103.80.161.238",
    "checkout_url": "https://test4.paymentsclub.net/payments/1d221cc4e2d203f698d99c19090a7656/",
    "direct_post_url": "https://test4.paymentsclub.net/api/v1/p/695cfaa2e53e4e94d62ada1e/",
    "payoutProcess": false
}
Country accepted by API: IN
API success → proceeding with full flow
Entered Card Holder Name: AB de Villiers
Entered Card Number: 4111111111111111
Entered Card Expiry Date: 07/29
Entered Card CVV: 123
Moved to the Pay button
Clicked on the Pay button to proceed with payment
Redirected URL: https://staging.paysecure.net/getResponse.jsp?issucces=true
Pass → Payment succeeded as expected
 Opened staging environment in a new browser tab
User enter ID in Username field
User Enter Password in password field
Click on submit button in login page
 Entered Transaction ID: 695cfaa2e53e4e94d62ada1e
 Clicked on Search button
 Clicked on Search button
 Clicked on first Transaction ID from list
Purchase Transaction ID is not empty or not null
User enter ID in Username field
User Enter Password in password field
Click on submit button in login page
Skipping test - Empty email or card number
User enter ID in Username field
User Enter Password in password field
Click on submit button in login page
Skipping test - Empty email or card number]]>
  </system-out>
</testsuite> <!-- purchase.country -->
