<?xml version="1.0" encoding="UTF-8"?>
<!-- Generated by org.testng.reporters.JUnitReportReporter -->
<testsuite hostname="PS-L6" failures="0" tests="1" name="testcases.monnetPeru" time="63.190" errors="0" timestamp="2025-12-24T11:29:47 IST" skipped="0">
  <testcase classname="testcases.monnetPeru" name="purchase" time="63.190">
    <system-out>
      <![CDATA[Generated Random Double: 79.56
Generated First Name: johne9a
Generated Email: nairobiPalermo9b6bf@gmail.com
purchaseId is not null
purchaseId is not empty
purchaseId format is valid: 694b813204f0708ed1e91c68
purchaseId length is 24
purchaseId validated successfully: 694b813204f0708ed1e91c68
Entered Card Holder Name: Virat Kohli
Entered Card Number: 4051885600446623
Entered Card Expiry Date: 05/30
Entered Card CVC: 123
Moved to the Pay button
Clicked on the Pay button to proceed with payment
Payment Failed
Redirected URL: https://staging.paysecure.net/getResponse.jsp?issucces=false
Payment Failed]]>
    </system-out>
  </testcase> <!-- purchase -->
  <system-out>
    <![CDATA[User enter ID in Username field
User Enter Password in password field
Click on submit button in login page
Generated Random Double: 79.56
Generated First Name: johne9a
Generated Email: nairobiPalermo9b6bf@gmail.com
purchaseId is not null
purchaseId is not empty
purchaseId format is valid: 694b813204f0708ed1e91c68
purchaseId length is 24
purchaseId validated successfully: 694b813204f0708ed1e91c68
Entered Card Holder Name: Virat Kohli
Entered Card Number: 4051885600446623
Entered Card Expiry Date: 05/30
Entered Card CVC: 123
Moved to the Pay button
Clicked on the Pay button to proceed with payment
Payment Failed
Redirected URL: https://staging.paysecure.net/getResponse.jsp?issucces=false
Payment Failed]]>
  </system-out>
</testsuite> <!-- testcases.monnetPeru -->
