<?xml version="1.0" encoding="UTF-8"?>
<!-- Generated by org.testng.reporters.JUnitReportReporter -->
<testsuite hostname="PS-L6" failures="0" tests="1" name="PspWithoutCards.zaakpayNetBanking" time="75.896" errors="0" timestamp="2026-01-05T15:58:54 IST" skipped="0">
  <testcase classname="PspWithoutCards.zaakpayNetBanking" name="purchase" time="75.896">
    <system-out>
      <![CDATA[Generated Random Double: 44.84
Generated First Name: johna97
Generated Email: nairobiPalermoa7aa5@gmail.com
purchaseId is not null
purchaseId is not empty
purchaseId format is valid: 695b922b39565f21696f12a4
purchaseId length is 24
purchaseId validated successfully: 695b922b39565f21696f12a4
Clicked on ZaakPay bank select dropdown
Entered partial bank name: HD
ZaakPay bank suggestions loaded. Count: 1
Selected ZaakPay bank name: HDFC Bank
Clicked on ZaakPay submit button on bank page
Redirected URL: https://staging.paysecure.net/getResponse.jsp?issucces=true
Payment Successfully
 Opened staging environment in a new browser tab
User enter ID in Username field
User Enter Password in password field
Click on submit button in login page
 Entered Transaction ID: 695b922b39565f21696f12a4
 Clicked on Search button
UI transaction ID: 695b922b39565f21696f12a4
API transaction ID: 695b922b39565f21696f12a4
Transaction ID verified successfully
UI Merchant Name: suhasM
API Merchant Name: suhasM
Merchant name verified successfully
UI Amount: 44.84
API Amount: 44.84
currency conversion not applied
Amount verified successfully
UI Currency: INR
API Currency: INR
Currency matched correctly
Currency verified successfully
 Clicked on first Transaction ID from list
Purchase Transaction ID is not empty or not null
UI Currency: INR
Payment Info Currency: INR
Currency on Payment Info verified successfully
UI Amount: 44.84
Payment Info Amount: 44.84
Amount on Payment Info verified successfully]]>
    </system-out>
  </testcase> <!-- purchase -->
  <system-out>
    <![CDATA[User enter ID in Username field
User Enter Password in password field
Click on submit button in login page
Generated Random Double: 44.84
Generated First Name: johna97
Generated Email: nairobiPalermoa7aa5@gmail.com
purchaseId is not null
purchaseId is not empty
purchaseId format is valid: 695b922b39565f21696f12a4
purchaseId length is 24
purchaseId validated successfully: 695b922b39565f21696f12a4
Clicked on ZaakPay bank select dropdown
Entered partial bank name: HD
ZaakPay bank suggestions loaded. Count: 1
Selected ZaakPay bank name: HDFC Bank
Clicked on ZaakPay submit button on bank page
Redirected URL: https://staging.paysecure.net/getResponse.jsp?issucces=true
Payment Successfully
 Opened staging environment in a new browser tab
User enter ID in Username field
User Enter Password in password field
Click on submit button in login page
 Entered Transaction ID: 695b922b39565f21696f12a4
 Clicked on Search button
UI transaction ID: 695b922b39565f21696f12a4
API transaction ID: 695b922b39565f21696f12a4
Transaction ID verified successfully
UI Merchant Name: suhasM
API Merchant Name: suhasM
Merchant name verified successfully
UI Amount: 44.84
API Amount: 44.84
currency conversion not applied
Amount verified successfully
UI Currency: INR
API Currency: INR
Currency matched correctly
Currency verified successfully
 Clicked on first Transaction ID from list
Purchase Transaction ID is not empty or not null
UI Currency: INR
Payment Info Currency: INR
Currency on Payment Info verified successfully
UI Amount: 44.84
Payment Info Amount: 44.84
Amount on Payment Info verified successfully]]>
  </system-out>
</testsuite> <!-- PspWithoutCards.zaakpayNetBanking -->
