<?xml version="1.0" encoding="UTF-8"?>
<!-- Generated by org.testng.reporters.JUnitReportReporter -->
<testsuite hostname="PS-L6" failures="0" tests="12" name="s2s.brandID" time="361.506" errors="0" timestamp="2025-12-16T18:04:41 IST" skipped="0">
  <testcase classname="s2s.brandID" name="purchaseApi" time="80.085">
    <system-out>
      <![CDATA[Generated Random Double: 19.91
Generated First Name: john062
Purchase created successfully with ID: 694150d72d8e3e88fc9d5444
User enter ID in Username field
User Enter Password in password field
Click on submit button in login page
S2S call successful on attempt 1
Payment Success
Redirected URL: https://staging.paysecure.net/getResponse.jsp?issucces=true
Payment Successfully
 Opened staging environment in a new browser tab
User enter ID in Username field
User Enter Password in password field
Click on submit button in login page
 Entered Transaction ID: 694150d72d8e3e88fc9d5444
 Clicked on Search button
 Clicked on Search button
 Clicked on first Transaction ID from list
Purchase Transaction ID is not empty or not null
brandid accepted by API: 858D754D-106A-4C1D-B36A-820D82C84B8B]]>
    </system-out>
  </testcase> <!-- purchaseApi -->
  <testcase classname="s2s.brandID" name="purchaseApi" time="13.189">
    <system-out>
      <![CDATA[Generated Random Double: 38.07
Generated First Name: johndf7
brandid rejected by API: 858d754d-106a-4c1d-b36a-820d82c84b8b123
PASS → brandid rejected correctly 858d754d-106a-4c1d-b36a-820d82c84b8b123]]>
    </system-out>
  </testcase> <!-- purchaseApi -->
  <testcase classname="s2s.brandID" name="purchaseApi" time="14.658">
    <system-out>
      <![CDATA[Generated Random Double: 32.44
Generated First Name: johnb3b
brandid rejected by API: 858d754d-106a-4c1d-b36a-820d82c84b8bz
PASS → brandid rejected correctly 858d754d-106a-4c1d-b36a-820d82c84b8bz]]>
    </system-out>
  </testcase> <!-- purchaseApi -->
  <testcase classname="s2s.brandID" name="purchaseApi" time="85.696">
    <system-out>
      <![CDATA[Generated Random Double: 59.08
Generated First Name: john381
Purchase created successfully with ID: 694150872d8e3e88fc9d4ec6
User enter ID in Username field
User Enter Password in password field
Click on submit button in login page
S2S call successful on attempt 1
Payment Success
Redirected URL: https://staging.paysecure.net/getResponse.jsp?issucces=true
Payment Successfully
 Opened staging environment in a new browser tab
User enter ID in Username field
User Enter Password in password field
Click on submit button in login page
 Entered Transaction ID: 694150872d8e3e88fc9d4ec6
 Clicked on Search button
 Clicked on Search button
 Clicked on first Transaction ID from list
Purchase Transaction ID is not empty or not null
brandid accepted by API: 858d754d-106a-4c1d-b36a-820d82c84b8b]]>
    </system-out>
  </testcase> <!-- purchaseApi -->
  <testcase classname="s2s.brandID" name="purchaseApi" time="12.530">
    <system-out>
      <![CDATA[Generated Random Double: 41.58
Generated First Name: johnff3
brandid rejected by API: null
PASS → brandid rejected correctly null]]>
    </system-out>
  </testcase> <!-- purchaseApi -->
  <testcase classname="s2s.brandID" name="purchaseApi" time="12.679">
    <system-out>
      <![CDATA[Generated Random Double: 85.59
Generated First Name: john7f1
brandid rejected by API: 858d754d-106a4c1db36a820d82c84b8b
PASS → brandid rejected correctly 858d754d-106a4c1db36a820d82c84b8b]]>
    </system-out>
  </testcase> <!-- purchaseApi -->
  <testcase classname="s2s.brandID" name="purchaseApi" time="14.367">
    <system-out>
      <![CDATA[Generated Random Double: 82.72
Generated First Name: john151
brandid rejected by API: 858d754d-106a-41-b36a-82082c84b8b
PASS → brandid rejected correctly 858d754d-106a-41-b36a-82082c84b8b]]>
    </system-out>
  </testcase> <!-- purchaseApi -->
  <testcase classname="s2s.brandID" name="purchaseApi" time="13.260">
    <system-out>
      <![CDATA[Generated Random Double: 94.29
Generated First Name: john1ac
brandid rejected by API: aaaaaaaa-bbbb-cccc-dddd-eeeeeeeeeeee
PASS → brandid rejected correctly aaaaaaaa-bbbb-cccc-dddd-eeeeeeeeeeee]]>
    </system-out>
  </testcase> <!-- purchaseApi -->
  <testcase classname="s2s.brandID" name="purchaseApi" time="12.395">
    <system-out>
      <![CDATA[Generated Random Double: 32.38
Generated First Name: johndbb
brandid rejected by API: @@@d858d754d-106a-4c1d-b36a-820d82c84b8b
PASS → brandid rejected correctly @@@d858d754d-106a-4c1d-b36a-820d82c84b8b]]>
    </system-out>
  </testcase> <!-- purchaseApi -->
  <testcase classname="s2s.brandID" name="purchaseApi" time="77.152">
    <system-out>
      <![CDATA[Generated Random Double: 76.94
Generated First Name: john954
Purchase created successfully with ID: 694151272d8e3e88fc9d56f3
User enter ID in Username field
User Enter Password in password field
Click on submit button in login page
S2S call successful on attempt 1
Payment Success
Redirected URL: https://staging.paysecure.net/getResponse.jsp?issucces=true
Payment Successfully
 Opened staging environment in a new browser tab
User enter ID in Username field
User Enter Password in password field
Click on submit button in login page
 Entered Transaction ID: 694151272d8e3e88fc9d56f3
 Clicked on Search button
 Clicked on Search button
 Clicked on first Transaction ID from list
Purchase Transaction ID is not empty or not null
brandid accepted by API: 858D754D-106A-4C1D-B36A-820D82C84B8B]]>
    </system-out>
  </testcase> <!-- purchaseApi -->
  <testcase classname="s2s.brandID" name="purchaseApi" time="12.933">
    <system-out>
      <![CDATA[Generated Random Double: 84.24
Generated First Name: john5a2
brandid rejected by API: 
PASS → brandid rejected correctly ]]>
    </system-out>
  </testcase> <!-- purchaseApi -->
  <testcase classname="s2s.brandID" name="purchaseApi" time="12.562">
    <system-out>
      <![CDATA[Generated Random Double: 34.00
Generated First Name: john5c9
brandid rejected by API: huagsuyush
PASS → brandid rejected correctly huagsuyush]]>
    </system-out>
  </testcase> <!-- purchaseApi -->
  <system-out>
    <![CDATA[Generated Random Double: 59.08
Generated First Name: john381
Purchase created successfully with ID: 694150872d8e3e88fc9d4ec6
User enter ID in Username field
User Enter Password in password field
Click on submit button in login page
S2S call successful on attempt 1
Payment Success
Redirected URL: https://staging.paysecure.net/getResponse.jsp?issucces=true
Payment Successfully
 Opened staging environment in a new browser tab
User enter ID in Username field
User Enter Password in password field
Click on submit button in login page
 Entered Transaction ID: 694150872d8e3e88fc9d4ec6
 Clicked on Search button
 Clicked on Search button
 Clicked on first Transaction ID from list
Purchase Transaction ID is not empty or not null
brandid accepted by API: 858d754d-106a-4c1d-b36a-820d82c84b8b
Generated Random Double: 19.91
Generated First Name: john062
Purchase created successfully with ID: 694150d72d8e3e88fc9d5444
User enter ID in Username field
User Enter Password in password field
Click on submit button in login page
S2S call successful on attempt 1
Payment Success
Redirected URL: https://staging.paysecure.net/getResponse.jsp?issucces=true
Payment Successfully
 Opened staging environment in a new browser tab
User enter ID in Username field
User Enter Password in password field
Click on submit button in login page
 Entered Transaction ID: 694150d72d8e3e88fc9d5444
 Clicked on Search button
 Clicked on Search button
 Clicked on first Transaction ID from list
Purchase Transaction ID is not empty or not null
brandid accepted by API: 858D754D-106A-4C1D-B36A-820D82C84B8B
Generated Random Double: 76.94
Generated First Name: john954
Purchase created successfully with ID: 694151272d8e3e88fc9d56f3
User enter ID in Username field
User Enter Password in password field
Click on submit button in login page
S2S call successful on attempt 1
Payment Success
Redirected URL: https://staging.paysecure.net/getResponse.jsp?issucces=true
Payment Successfully
 Opened staging environment in a new browser tab
User enter ID in Username field
User Enter Password in password field
Click on submit button in login page
 Entered Transaction ID: 694151272d8e3e88fc9d56f3
 Clicked on Search button
 Clicked on Search button
 Clicked on first Transaction ID from list
Purchase Transaction ID is not empty or not null
brandid accepted by API: 858D754D-106A-4C1D-B36A-820D82C84B8B
Generated Random Double: 82.72
Generated First Name: john151
brandid rejected by API: 858d754d-106a-41-b36a-82082c84b8b
PASS → brandid rejected correctly 858d754d-106a-41-b36a-82082c84b8b
Generated Random Double: 85.59
Generated First Name: john7f1
brandid rejected by API: 858d754d-106a4c1db36a820d82c84b8b
PASS → brandid rejected correctly 858d754d-106a4c1db36a820d82c84b8b
Generated Random Double: 38.07
Generated First Name: johndf7
brandid rejected by API: 858d754d-106a-4c1d-b36a-820d82c84b8b123
PASS → brandid rejected correctly 858d754d-106a-4c1d-b36a-820d82c84b8b123
Generated Random Double: 32.44
Generated First Name: johnb3b
brandid rejected by API: 858d754d-106a-4c1d-b36a-820d82c84b8bz
PASS → brandid rejected correctly 858d754d-106a-4c1d-b36a-820d82c84b8bz
Generated Random Double: 32.38
Generated First Name: johndbb
brandid rejected by API: @@@d858d754d-106a-4c1d-b36a-820d82c84b8b
PASS → brandid rejected correctly @@@d858d754d-106a-4c1d-b36a-820d82c84b8b
Generated Random Double: 34.00
Generated First Name: john5c9
brandid rejected by API: huagsuyush
PASS → brandid rejected correctly huagsuyush
Generated Random Double: 84.24
Generated First Name: john5a2
brandid rejected by API: 
PASS → brandid rejected correctly 
Generated Random Double: 41.58
Generated First Name: johnff3
brandid rejected by API: null
PASS → brandid rejected correctly null
Generated Random Double: 94.29
Generated First Name: john1ac
brandid rejected by API: aaaaaaaa-bbbb-cccc-dddd-eeeeeeeeeeee
PASS → brandid rejected correctly aaaaaaaa-bbbb-cccc-dddd-eeeeeeeeeeee]]>
  </system-out>
</testsuite> <!-- s2s.brandID -->
