<?xml version="1.0" encoding="UTF-8"?>
<!-- Generated by org.testng.reporters.JUnitReportReporter -->
<testsuite hostname="PS-L6" failures="0" tests="8" name="purchase.productName" time="568.949" errors="0" timestamp="2026-01-08T11:40:39 IST" skipped="0">
  <testcase classname="purchase.productName" name="validateForProductNameField" time="17.685">
    <system-out>
      <![CDATA[StateCode test case will run for this PSPCardsIntegrations :- Matrix
StateCode test case will run for this runflag:- TRUE
Generated Random Double: 12.24
Generated First Name: johnba3
Generated Email: nairobiPalermo4e765@gmail.com
productname: null → Status: 400
Response Body: {
    "message": "purchase.products[0].name/purchase.products[0].price are missing",
    "code": "transaction_error"
}
PASS → ProductName rejected correctly as expected: null]]>
    </system-out>
  </testcase> <!-- validateForProductNameField -->
  <testcase classname="purchase.productName" name="validateForProductNameField" time="86.739">
    <system-out>
      <![CDATA[StateCode test case will run for this PSPCardsIntegrations :- Matrix
StateCode test case will run for this runflag:- TRUE
Generated Random Double: 56.55
Generated First Name: johnb1f
Generated Email: nairobiPalermo22559@gmail.com
productname: 221B BAKER STREET → Status: 202
Response Body: {
    "purchaseId": "695f4946ff561f90b6ce21cd",
    "client": {
        "customerId": "NA",
        "email": "nairobipalermo22559@gmail.com",
        "phone": "+1111111111",
        "full_name": "johnb1f",
        "street_address": "Main gate",
        "country": "IN",
        "city": "Paris",
        "zip_code": "20001",
        "cc": [
            
        ],
        "bcc": [
            
        ],
        "stateCode": "QLD"
    },
    "updated_on": 1767852358,
    "type": "purchase",
    "paymentMethod": "VISA",
    "amountUnit": "MAJOR",
    "errorMsg": "",
    "errorCode": "NA",
    "force_recurring": false,
    "created_on": 1767852358,
    "merchantRef": "695f4946ff561f90b6ce21cd",
    "purchase": {
        "currency": "EUR",
        "products": [
            {
                "name": "221B BAKER STREET",
                "quantity": 1.0,
                "price": 56.55,
                "discount": 0,
                "tax_percent": "0.00"
            }
        ],
        "total": 56.55,
        "requestAmount": 56.55,
        "language": "en",
        "notes": "",
        "debt": 0,
        "total_formatted": 1.0,
        "taxAmount": 0.0,
        "taxPercent": 0.0,
        "request_client_details": [
            
        ],
        "email_message": ""
    },
    "issuer_details": {
        "website": "",
        "legal_street_address": "",
        "legal_country": "",
        "legal_city": "",
        "legal_zip_code": "",
        "bank_accounts": [
            {
                
            }
        ],
        "legal_name": "practice",
        "brand_name": "practice",
        "registration_number": "",
        "tax_number": ""
    },
    "transaction_data": {
        "payment_method": "",
        "flow": "payform",
        "extra": {
            
        },
        "country": "",
        "attempts": [
            
        ]
    },
    "status": "CREATED",
    "status_history": [
        {
            "status": "created",
            "timestamp": 1767852358
        }
    ],
    "is_test": false,
    "brand_id": "04199342-5d84-4e17-a53e-5c3d6b03ebd4",
    "send_receipt": false,
    "is_recurring_token": false,
    "skip_capture": false,
    "reference_generated": "PS5744",
    "issued": "2026-01-08",
    "due": 1767852358,
    "refund_upto": 0,
    "cc_descriptor": "",
    "fraudScore": "NA",
    "trustScore": "NA",
    "extraFee": "0",
    "paidOn": 0,
    "receivedAmt": 0.0,
    "taxAmount": 0.0,
    "surcharge": 0.0,
    "surchargeType": "",
    "sessionId": "",
    "refund_availability": "NONE",
    "refundable_amount": 0.0,
    "success_redirect": "https://staging.paysecure.net/getResponse.jsp?issucces=true",
    "failure_redirect": "https://staging.paysecure.net/getResponse.jsp?issucces=false",
    "cancel_redirect": "",
    "success_callback": "https://www.google.com/",
    "failure_callback": "https://staging.paysecure.net/merchant",
    "platform": "API",
    "created_from_ip": "103.80.161.238",
    "checkout_url": "https://test4.paymentsclub.net/payments/672ed00d1e8171a7e7a94a23e7a8107a/",
    "direct_post_url": "https://test4.paymentsclub.net/api/v1/p/695f4946ff561f90b6ce21cd/",
    "payoutProcess": false
}
productname accepted by API: 221B BAKER STREET
API success -> proceeding with full flow
Entered Card Holder Name: Rohitman Sharma
Entered Card Number: 4012888888881881
Entered Card Expiry Date: 10/27
Entered Card CVV: 000
Moved to the Pay button
Clicked on the Pay button to proceed with payment
Redirected URL: https://staging.paysecure.net/getResponse.jsp?issucces=true
Pass → Payment succeeded as expected
 Opened staging environment in a new browser tab
User enter ID in Username field
User Enter Password in password field
Click on submit button in login page
 Entered Transaction ID: 695f4946ff561f90b6ce21cd
 Clicked on Search button
 Clicked on Search button
 Clicked on first Transaction ID from list
Purchase Transaction ID is not empty or not null]]>
    </system-out>
  </testcase> <!-- validateForProductNameField -->
  <testcase classname="purchase.productName" name="validateForProductNameField" time="87.595">
    <system-out>
      <![CDATA[StateCode test case will run for this PSPCardsIntegrations :- Matrix
StateCode test case will run for this runflag:- TRUE
Generated Random Double: 61.96
Generated First Name: johnead
Generated Email: nairobiPalermofa17f@gmail.com
productname: 742 Evergreen Terrace → Status: 202
Response Body: {
    "purchaseId": "695f49f5ff561f90b6ce27df",
    "client": {
        "customerId": "NA",
        "email": "nairobipalermofa17f@gmail.com",
        "phone": "+1111111111",
        "full_name": "johnead",
        "street_address": "Main gate",
        "country": "IN",
        "city": "Paris",
        "zip_code": "20001",
        "cc": [
            
        ],
        "bcc": [
            
        ],
        "stateCode": "QLD"
    },
    "updated_on": 1767852533,
    "type": "purchase",
    "paymentMethod": "VISA",
    "amountUnit": "MAJOR",
    "errorMsg": "",
    "errorCode": "NA",
    "force_recurring": false,
    "created_on": 1767852533,
    "merchantRef": "695f49f5ff561f90b6ce27df",
    "purchase": {
        "currency": "EUR",
        "products": [
            {
                "name": "742 Evergreen Terrace",
                "quantity": 1.0,
                "price": 61.96,
                "discount": 0,
                "tax_percent": "0.00"
            }
        ],
        "total": 61.96,
        "requestAmount": 61.96,
        "language": "en",
        "notes": "",
        "debt": 0,
        "total_formatted": 1.0,
        "taxAmount": 0.0,
        "taxPercent": 0.0,
        "request_client_details": [
            
        ],
        "email_message": ""
    },
    "issuer_details": {
        "website": "",
        "legal_street_address": "",
        "legal_country": "",
        "legal_city": "",
        "legal_zip_code": "",
        "bank_accounts": [
            {
                
            }
        ],
        "legal_name": "practice",
        "brand_name": "practice",
        "registration_number": "",
        "tax_number": ""
    },
    "transaction_data": {
        "payment_method": "",
        "flow": "payform",
        "extra": {
            
        },
        "country": "",
        "attempts": [
            
        ]
    },
    "status": "CREATED",
    "status_history": [
        {
            "status": "created",
            "timestamp": 1767852533
        }
    ],
    "is_test": false,
    "brand_id": "04199342-5d84-4e17-a53e-5c3d6b03ebd4",
    "send_receipt": false,
    "is_recurring_token": false,
    "skip_capture": false,
    "reference_generated": "PS5746",
    "issued": "2026-01-08",
    "due": 1767852533,
    "refund_upto": 0,
    "cc_descriptor": "",
    "fraudScore": "NA",
    "trustScore": "NA",
    "extraFee": "0",
    "paidOn": 0,
    "receivedAmt": 0.0,
    "taxAmount": 0.0,
    "surcharge": 0.0,
    "surchargeType": "",
    "sessionId": "",
    "refund_availability": "NONE",
    "refundable_amount": 0.0,
    "success_redirect": "https://staging.paysecure.net/getResponse.jsp?issucces=true",
    "failure_redirect": "https://staging.paysecure.net/getResponse.jsp?issucces=false",
    "cancel_redirect": "",
    "success_callback": "https://www.google.com/",
    "failure_callback": "https://staging.paysecure.net/merchant",
    "platform": "API",
    "created_from_ip": "103.80.161.238",
    "checkout_url": "https://test4.paymentsclub.net/payments/7b35076f6b8c4d4f2f5e6de144d746bc/",
    "direct_post_url": "https://test4.paymentsclub.net/api/v1/p/695f49f5ff561f90b6ce27df/",
    "payoutProcess": false
}
productname accepted by API: 742 Evergreen Terrace
API success -> proceeding with full flow
Entered Card Holder Name: Rohitman Sharma
Entered Card Number: 4012888888881881
Entered Card Expiry Date: 10/27
Entered Card CVV: 000
Moved to the Pay button
Clicked on the Pay button to proceed with payment
Redirected URL: https://staging.paysecure.net/getResponse.jsp?issucces=true
Pass → Payment succeeded as expected
 Opened staging environment in a new browser tab
User enter ID in Username field
User Enter Password in password field
Click on submit button in login page
 Entered Transaction ID: 695f49f5ff561f90b6ce27df
 Clicked on Search button
 Clicked on Search button
 Clicked on first Transaction ID from list
Purchase Transaction ID is not empty or not null]]>
    </system-out>
  </testcase> <!-- validateForProductNameField -->
  <testcase classname="purchase.productName" name="validateForProductNameField" time="93.438">
    <system-out>
      <![CDATA[StateCode test case will run for this PSPCardsIntegrations :- Easybuzz
StateCode test case will run for this runflag:- TRUE
Generated Random Double: 11.22
Generated First Name: john037
Generated Email: nairobiPalermodfcfd@gmail.com
productname: 123 main st → Status: 202
Response Body: {
    "purchaseId": "695f4836ff561f90b6ce15a4",
    "client": {
        "customerId": "NA",
        "email": "nairobipalermodfcfd@gmail.com",
        "phone": "+1111111111",
        "full_name": "john037",
        "street_address": "Main gate",
        "country": "IN",
        "city": "Paris",
        "zip_code": "20001",
        "cc": [
            
        ],
        "bcc": [
            
        ],
        "stateCode": "QLD"
    },
    "updated_on": 1767852086,
    "type": "purchase",
    "paymentMethod": "MASTER",
    "amountUnit": "MAJOR",
    "errorMsg": "",
    "errorCode": "NA",
    "force_recurring": false,
    "created_on": 1767852086,
    "merchantRef": "695f4836ff561f90b6ce15a4",
    "purchase": {
        "currency": "INR",
        "products": [
            {
                "name": "123 main st",
                "quantity": 1.0,
                "price": 11.22,
                "discount": 0,
                "tax_percent": "0.00"
            }
        ],
        "total": 11.22,
        "requestAmount": 11.22,
        "language": "en",
        "notes": "",
        "debt": 0,
        "total_formatted": 1.0,
        "taxAmount": 0.0,
        "taxPercent": 0.0,
        "request_client_details": [
            
        ],
        "email_message": ""
    },
    "issuer_details": {
        "website": "",
        "legal_street_address": "",
        "legal_country": "",
        "legal_city": "",
        "legal_zip_code": "",
        "bank_accounts": [
            {
                
            }
        ],
        "legal_name": "practice",
        "brand_name": "practice",
        "registration_number": "",
        "tax_number": ""
    },
    "transaction_data": {
        "payment_method": "",
        "flow": "payform",
        "extra": {
            
        },
        "country": "",
        "attempts": [
            
        ]
    },
    "status": "CREATED",
    "status_history": [
        {
            "status": "created",
            "timestamp": 1767852086
        }
    ],
    "is_test": false,
    "brand_id": "04199342-5d84-4e17-a53e-5c3d6b03ebd4",
    "send_receipt": false,
    "is_recurring_token": false,
    "skip_capture": false,
    "reference_generated": "PS5741",
    "issued": "2026-01-08",
    "due": 1767852086,
    "refund_upto": 0,
    "cc_descriptor": "",
    "fraudScore": "NA",
    "trustScore": "NA",
    "extraFee": "0",
    "paidOn": 0,
    "receivedAmt": 0.0,
    "taxAmount": 0.0,
    "surcharge": 0.0,
    "surchargeType": "",
    "sessionId": "",
    "refund_availability": "NONE",
    "refundable_amount": 0.0,
    "success_redirect": "https://staging.paysecure.net/getResponse.jsp?issucces=true",
    "failure_redirect": "https://staging.paysecure.net/getResponse.jsp?issucces=false",
    "cancel_redirect": "",
    "success_callback": "https://www.google.com/",
    "failure_callback": "https://staging.paysecure.net/merchant",
    "platform": "API",
    "created_from_ip": "103.80.161.238",
    "checkout_url": "https://test4.paymentsclub.net/payments/5957383eaf7878c68caf5e61532542d1/",
    "direct_post_url": "https://test4.paymentsclub.net/api/v1/p/695f4836ff561f90b6ce15a4/",
    "payoutProcess": false
}
productname accepted by API: 123 main st
API success -> proceeding with full flow
Entered Card Holder Name: Virat Kohli
Entered Card Number: 5553042241984105
Entered Card Expiry Date: 07/28
Entered Card CVV: 123
Moved to the Pay button
Clicked on the Pay button to proceed with payment
Redirected URL: https://staging.paysecure.net/getResponse.jsp?issucces=true
Pass → Payment succeeded as expected
 Opened staging environment in a new browser tab
User enter ID in Username field
User Enter Password in password field
Click on submit button in login page
 Entered Transaction ID: 695f4836ff561f90b6ce15a4
 Clicked on Search button
 Clicked on Search button
 Clicked on first Transaction ID from list
Purchase Transaction ID is not empty or not null]]>
    </system-out>
  </testcase> <!-- validateForProductNameField -->
  <testcase classname="purchase.productName" name="validateForProductNameField" time="88.796">
    <system-out>
      <![CDATA[StateCode test case will run for this PSPCardsIntegrations :- Matrix
StateCode test case will run for this runflag:- TRUE
Generated Random Double: 59.25
Generated First Name: john9bf
Generated Email: nairobiPalermo910c7@gmail.com
productname: 123 main st → Status: 202
Response Body: {
    "purchaseId": "695f4893ff561f90b6ce18d3",
    "client": {
        "customerId": "NA",
        "email": "nairobipalermo910c7@gmail.com",
        "phone": "+1111111111",
        "full_name": "john9bf",
        "street_address": "Main gate",
        "country": "IN",
        "city": "Paris",
        "zip_code": "20001",
        "cc": [
            
        ],
        "bcc": [
            
        ],
        "stateCode": "QLD"
    },
    "updated_on": 1767852179,
    "type": "purchase",
    "paymentMethod": "VISA",
    "amountUnit": "MAJOR",
    "errorMsg": "",
    "errorCode": "NA",
    "force_recurring": false,
    "created_on": 1767852179,
    "merchantRef": "695f4893ff561f90b6ce18d3",
    "purchase": {
        "currency": "EUR",
        "products": [
            {
                "name": "123 main st",
                "quantity": 1.0,
                "price": 59.25,
                "discount": 0,
                "tax_percent": "0.00"
            }
        ],
        "total": 59.25,
        "requestAmount": 59.25,
        "language": "en",
        "notes": "",
        "debt": 0,
        "total_formatted": 1.0,
        "taxAmount": 0.0,
        "taxPercent": 0.0,
        "request_client_details": [
            
        ],
        "email_message": ""
    },
    "issuer_details": {
        "website": "",
        "legal_street_address": "",
        "legal_country": "",
        "legal_city": "",
        "legal_zip_code": "",
        "bank_accounts": [
            {
                
            }
        ],
        "legal_name": "practice",
        "brand_name": "practice",
        "registration_number": "",
        "tax_number": ""
    },
    "transaction_data": {
        "payment_method": "",
        "flow": "payform",
        "extra": {
            
        },
        "country": "",
        "attempts": [
            
        ]
    },
    "status": "CREATED",
    "status_history": [
        {
            "status": "created",
            "timestamp": 1767852179
        }
    ],
    "is_test": false,
    "brand_id": "04199342-5d84-4e17-a53e-5c3d6b03ebd4",
    "send_receipt": false,
    "is_recurring_token": false,
    "skip_capture": false,
    "reference_generated": "PS5742",
    "issued": "2026-01-08",
    "due": 1767852179,
    "refund_upto": 0,
    "cc_descriptor": "",
    "fraudScore": "NA",
    "trustScore": "NA",
    "extraFee": "0",
    "paidOn": 0,
    "receivedAmt": 0.0,
    "taxAmount": 0.0,
    "surcharge": 0.0,
    "surchargeType": "",
    "sessionId": "",
    "refund_availability": "NONE",
    "refundable_amount": 0.0,
    "success_redirect": "https://staging.paysecure.net/getResponse.jsp?issucces=true",
    "failure_redirect": "https://staging.paysecure.net/getResponse.jsp?issucces=false",
    "cancel_redirect": "",
    "success_callback": "https://www.google.com/",
    "failure_callback": "https://staging.paysecure.net/merchant",
    "platform": "API",
    "created_from_ip": "103.80.161.238",
    "checkout_url": "https://test4.paymentsclub.net/payments/0fd06cdf3270c5bf45119087f666ee00/",
    "direct_post_url": "https://test4.paymentsclub.net/api/v1/p/695f4893ff561f90b6ce18d3/",
    "payoutProcess": false
}
productname accepted by API: 123 main st
API success -> proceeding with full flow
Entered Card Holder Name: Rohitman Sharma
Entered Card Number: 4012888888881881
Entered Card Expiry Date: 10/27
Entered Card CVV: 000
Moved to the Pay button
Clicked on the Pay button to proceed with payment
Redirected URL: https://staging.paysecure.net/getResponse.jsp?issucces=true
Pass → Payment succeeded as expected
 Opened staging environment in a new browser tab
User enter ID in Username field
User Enter Password in password field
Click on submit button in login page
 Entered Transaction ID: 695f4893ff561f90b6ce18d3
 Clicked on Search button
 Clicked on Search button
 Clicked on first Transaction ID from list
Purchase Transaction ID is not empty or not null]]>
    </system-out>
  </testcase> <!-- validateForProductNameField -->
  <testcase classname="purchase.productName" name="validateForProductNameField" time="15.871">
    <system-out>
      <![CDATA[StateCode test case will run for this PSPCardsIntegrations :- Easybuzz
StateCode test case will run for this runflag:- TRUE
Generated Random Double: 68.25
Generated First Name: johnf08
Generated Email: nairobiPalermocb118@gmail.com
productname: null → Status: 400
Response Body: {
    "message": "purchase.products[0].name/purchase.products[0].price are missing",
    "code": "transaction_error"
}
PASS → ProductName rejected correctly as expected: null]]>
    </system-out>
  </testcase> <!-- validateForProductNameField -->
  <testcase classname="purchase.productName" name="validateForProductNameField" time="86.259">
    <system-out>
      <![CDATA[StateCode test case will run for this PSPCardsIntegrations :- Easybuzz
StateCode test case will run for this runflag:- TRUE
Generated Random Double: 32.10
Generated First Name: john09d
Generated Email: nairobiPalermo9a7fd@gmail.com
productname: 221B BAKER STREET → Status: 202
Response Body: {
    "purchaseId": "695f48edff561f90b6ce1ec2",
    "client": {
        "customerId": "NA",
        "email": "nairobipalermo9a7fd@gmail.com",
        "phone": "+1111111111",
        "full_name": "john09d",
        "street_address": "Main gate",
        "country": "IN",
        "city": "Paris",
        "zip_code": "20001",
        "cc": [
            
        ],
        "bcc": [
            
        ],
        "stateCode": "QLD"
    },
    "updated_on": 1767852269,
    "type": "purchase",
    "paymentMethod": "MASTER",
    "amountUnit": "MAJOR",
    "errorMsg": "",
    "errorCode": "NA",
    "force_recurring": false,
    "created_on": 1767852269,
    "merchantRef": "695f48edff561f90b6ce1ec2",
    "purchase": {
        "currency": "INR",
        "products": [
            {
                "name": "221B BAKER STREET",
                "quantity": 1.0,
                "price": 32.1,
                "discount": 0,
                "tax_percent": "0.00"
            }
        ],
        "total": 32.1,
        "requestAmount": 32.1,
        "language": "en",
        "notes": "",
        "debt": 0,
        "total_formatted": 1.0,
        "taxAmount": 0.0,
        "taxPercent": 0.0,
        "request_client_details": [
            
        ],
        "email_message": ""
    },
    "issuer_details": {
        "website": "",
        "legal_street_address": "",
        "legal_country": "",
        "legal_city": "",
        "legal_zip_code": "",
        "bank_accounts": [
            {
                
            }
        ],
        "legal_name": "practice",
        "brand_name": "practice",
        "registration_number": "",
        "tax_number": ""
    },
    "transaction_data": {
        "payment_method": "",
        "flow": "payform",
        "extra": {
            
        },
        "country": "",
        "attempts": [
            
        ]
    },
    "status": "CREATED",
    "status_history": [
        {
            "status": "created",
            "timestamp": 1767852269
        }
    ],
    "is_test": false,
    "brand_id": "04199342-5d84-4e17-a53e-5c3d6b03ebd4",
    "send_receipt": false,
    "is_recurring_token": false,
    "skip_capture": false,
    "reference_generated": "PS5743",
    "issued": "2026-01-08",
    "due": 1767852269,
    "refund_upto": 0,
    "cc_descriptor": "",
    "fraudScore": "NA",
    "trustScore": "NA",
    "extraFee": "0",
    "paidOn": 0,
    "receivedAmt": 0.0,
    "taxAmount": 0.0,
    "surcharge": 0.0,
    "surchargeType": "",
    "sessionId": "",
    "refund_availability": "NONE",
    "refundable_amount": 0.0,
    "success_redirect": "https://staging.paysecure.net/getResponse.jsp?issucces=true",
    "failure_redirect": "https://staging.paysecure.net/getResponse.jsp?issucces=false",
    "cancel_redirect": "",
    "success_callback": "https://www.google.com/",
    "failure_callback": "https://staging.paysecure.net/merchant",
    "platform": "API",
    "created_from_ip": "103.80.161.238",
    "checkout_url": "https://test4.paymentsclub.net/payments/5ab853484bf52f8f9a20f1af23fa101b/",
    "direct_post_url": "https://test4.paymentsclub.net/api/v1/p/695f48edff561f90b6ce1ec2/",
    "payoutProcess": false
}
productname accepted by API: 221B BAKER STREET
API success -> proceeding with full flow
Entered Card Holder Name: Virat Kohli
Entered Card Number: 5553042241984105
Entered Card Expiry Date: 07/28
Entered Card CVV: 123
Moved to the Pay button
Clicked on the Pay button to proceed with payment
Redirected URL: https://staging.paysecure.net/getResponse.jsp?issucces=true
Pass → Payment succeeded as expected
 Opened staging environment in a new browser tab
User enter ID in Username field
User Enter Password in password field
Click on submit button in login page
 Entered Transaction ID: 695f48edff561f90b6ce1ec2
 Clicked on Search button
 Clicked on Search button
 Clicked on first Transaction ID from list
Purchase Transaction ID is not empty or not null]]>
    </system-out>
  </testcase> <!-- validateForProductNameField -->
  <testcase classname="purchase.productName" name="validateForProductNameField" time="92.566">
    <system-out>
      <![CDATA[StateCode test case will run for this PSPCardsIntegrations :- Easybuzz
StateCode test case will run for this runflag:- TRUE
Generated Random Double: 21.74
Generated First Name: johnd34
Generated Email: nairobiPalermo5f67e@gmail.com
productname: 742 Evergreen Terrace → Status: 202
Response Body: {
    "purchaseId": "695f499aff561f90b6ce24c6",
    "client": {
        "customerId": "NA",
        "email": "nairobipalermo5f67e@gmail.com",
        "phone": "+1111111111",
        "full_name": "johnd34",
        "street_address": "Main gate",
        "country": "IN",
        "city": "Paris",
        "zip_code": "20001",
        "cc": [
            
        ],
        "bcc": [
            
        ],
        "stateCode": "QLD"
    },
    "updated_on": 1767852442,
    "type": "purchase",
    "paymentMethod": "MASTER",
    "amountUnit": "MAJOR",
    "errorMsg": "",
    "errorCode": "NA",
    "force_recurring": false,
    "created_on": 1767852442,
    "merchantRef": "695f499aff561f90b6ce24c6",
    "purchase": {
        "currency": "INR",
        "products": [
            {
                "name": "742 Evergreen Terrace",
                "quantity": 1.0,
                "price": 21.74,
                "discount": 0,
                "tax_percent": "0.00"
            }
        ],
        "total": 21.74,
        "requestAmount": 21.74,
        "language": "en",
        "notes": "",
        "debt": 0,
        "total_formatted": 1.0,
        "taxAmount": 0.0,
        "taxPercent": 0.0,
        "request_client_details": [
            
        ],
        "email_message": ""
    },
    "issuer_details": {
        "website": "",
        "legal_street_address": "",
        "legal_country": "",
        "legal_city": "",
        "legal_zip_code": "",
        "bank_accounts": [
            {
                
            }
        ],
        "legal_name": "practice",
        "brand_name": "practice",
        "registration_number": "",
        "tax_number": ""
    },
    "transaction_data": {
        "payment_method": "",
        "flow": "payform",
        "extra": {
            
        },
        "country": "",
        "attempts": [
            
        ]
    },
    "status": "CREATED",
    "status_history": [
        {
            "status": "created",
            "timestamp": 1767852442
        }
    ],
    "is_test": false,
    "brand_id": "04199342-5d84-4e17-a53e-5c3d6b03ebd4",
    "send_receipt": false,
    "is_recurring_token": false,
    "skip_capture": false,
    "reference_generated": "PS5745",
    "issued": "2026-01-08",
    "due": 1767852442,
    "refund_upto": 0,
    "cc_descriptor": "",
    "fraudScore": "NA",
    "trustScore": "NA",
    "extraFee": "0",
    "paidOn": 0,
    "receivedAmt": 0.0,
    "taxAmount": 0.0,
    "surcharge": 0.0,
    "surchargeType": "",
    "sessionId": "",
    "refund_availability": "NONE",
    "refundable_amount": 0.0,
    "success_redirect": "https://staging.paysecure.net/getResponse.jsp?issucces=true",
    "failure_redirect": "https://staging.paysecure.net/getResponse.jsp?issucces=false",
    "cancel_redirect": "",
    "success_callback": "https://www.google.com/",
    "failure_callback": "https://staging.paysecure.net/merchant",
    "platform": "API",
    "created_from_ip": "103.80.161.238",
    "checkout_url": "https://test4.paymentsclub.net/payments/ce98525cae224cc925faad089ae65aab/",
    "direct_post_url": "https://test4.paymentsclub.net/api/v1/p/695f499aff561f90b6ce24c6/",
    "payoutProcess": false
}
productname accepted by API: 742 Evergreen Terrace
API success -> proceeding with full flow
Entered Card Holder Name: Virat Kohli
Entered Card Number: 5553042241984105
Entered Card Expiry Date: 07/28
Entered Card CVV: 123
Moved to the Pay button
Clicked on the Pay button to proceed with payment
Redirected URL: https://staging.paysecure.net/getResponse.jsp?issucces=true
Pass → Payment succeeded as expected
 Opened staging environment in a new browser tab
User enter ID in Username field
User Enter Password in password field
Click on submit button in login page
 Entered Transaction ID: 695f499aff561f90b6ce24c6
 Clicked on Search button
 Clicked on Search button
 Clicked on first Transaction ID from list
Purchase Transaction ID is not empty or not null]]>
    </system-out>
  </testcase> <!-- validateForProductNameField -->
  <system-out>
    <![CDATA[User enter ID in Username field
User Enter Password in password field
Click on submit button in login page
StateCode test case will run for this PSPCardsIntegrations :- Easybuzz
StateCode test case will run for this runflag:- TRUE
Generated Random Double: 11.22
Generated First Name: john037
Generated Email: nairobiPalermodfcfd@gmail.com
productname: 123 main st → Status: 202
Response Body: {
    "purchaseId": "695f4836ff561f90b6ce15a4",
    "client": {
        "customerId": "NA",
        "email": "nairobipalermodfcfd@gmail.com",
        "phone": "+1111111111",
        "full_name": "john037",
        "street_address": "Main gate",
        "country": "IN",
        "city": "Paris",
        "zip_code": "20001",
        "cc": [
            
        ],
        "bcc": [
            
        ],
        "stateCode": "QLD"
    },
    "updated_on": 1767852086,
    "type": "purchase",
    "paymentMethod": "MASTER",
    "amountUnit": "MAJOR",
    "errorMsg": "",
    "errorCode": "NA",
    "force_recurring": false,
    "created_on": 1767852086,
    "merchantRef": "695f4836ff561f90b6ce15a4",
    "purchase": {
        "currency": "INR",
        "products": [
            {
                "name": "123 main st",
                "quantity": 1.0,
                "price": 11.22,
                "discount": 0,
                "tax_percent": "0.00"
            }
        ],
        "total": 11.22,
        "requestAmount": 11.22,
        "language": "en",
        "notes": "",
        "debt": 0,
        "total_formatted": 1.0,
        "taxAmount": 0.0,
        "taxPercent": 0.0,
        "request_client_details": [
            
        ],
        "email_message": ""
    },
    "issuer_details": {
        "website": "",
        "legal_street_address": "",
        "legal_country": "",
        "legal_city": "",
        "legal_zip_code": "",
        "bank_accounts": [
            {
                
            }
        ],
        "legal_name": "practice",
        "brand_name": "practice",
        "registration_number": "",
        "tax_number": ""
    },
    "transaction_data": {
        "payment_method": "",
        "flow": "payform",
        "extra": {
            
        },
        "country": "",
        "attempts": [
            
        ]
    },
    "status": "CREATED",
    "status_history": [
        {
            "status": "created",
            "timestamp": 1767852086
        }
    ],
    "is_test": false,
    "brand_id": "04199342-5d84-4e17-a53e-5c3d6b03ebd4",
    "send_receipt": false,
    "is_recurring_token": false,
    "skip_capture": false,
    "reference_generated": "PS5741",
    "issued": "2026-01-08",
    "due": 1767852086,
    "refund_upto": 0,
    "cc_descriptor": "",
    "fraudScore": "NA",
    "trustScore": "NA",
    "extraFee": "0",
    "paidOn": 0,
    "receivedAmt": 0.0,
    "taxAmount": 0.0,
    "surcharge": 0.0,
    "surchargeType": "",
    "sessionId": "",
    "refund_availability": "NONE",
    "refundable_amount": 0.0,
    "success_redirect": "https://staging.paysecure.net/getResponse.jsp?issucces=true",
    "failure_redirect": "https://staging.paysecure.net/getResponse.jsp?issucces=false",
    "cancel_redirect": "",
    "success_callback": "https://www.google.com/",
    "failure_callback": "https://staging.paysecure.net/merchant",
    "platform": "API",
    "created_from_ip": "103.80.161.238",
    "checkout_url": "https://test4.paymentsclub.net/payments/5957383eaf7878c68caf5e61532542d1/",
    "direct_post_url": "https://test4.paymentsclub.net/api/v1/p/695f4836ff561f90b6ce15a4/",
    "payoutProcess": false
}
productname accepted by API: 123 main st
API success -> proceeding with full flow
Entered Card Holder Name: Virat Kohli
Entered Card Number: 5553042241984105
Entered Card Expiry Date: 07/28
Entered Card CVV: 123
Moved to the Pay button
Clicked on the Pay button to proceed with payment
Redirected URL: https://staging.paysecure.net/getResponse.jsp?issucces=true
Pass → Payment succeeded as expected
 Opened staging environment in a new browser tab
User enter ID in Username field
User Enter Password in password field
Click on submit button in login page
 Entered Transaction ID: 695f4836ff561f90b6ce15a4
 Clicked on Search button
 Clicked on Search button
 Clicked on first Transaction ID from list
Purchase Transaction ID is not empty or not null
User enter ID in Username field
User Enter Password in password field
Click on submit button in login page
StateCode test case will run for this PSPCardsIntegrations :- Matrix
StateCode test case will run for this runflag:- TRUE
Generated Random Double: 59.25
Generated First Name: john9bf
Generated Email: nairobiPalermo910c7@gmail.com
productname: 123 main st → Status: 202
Response Body: {
    "purchaseId": "695f4893ff561f90b6ce18d3",
    "client": {
        "customerId": "NA",
        "email": "nairobipalermo910c7@gmail.com",
        "phone": "+1111111111",
        "full_name": "john9bf",
        "street_address": "Main gate",
        "country": "IN",
        "city": "Paris",
        "zip_code": "20001",
        "cc": [
            
        ],
        "bcc": [
            
        ],
        "stateCode": "QLD"
    },
    "updated_on": 1767852179,
    "type": "purchase",
    "paymentMethod": "VISA",
    "amountUnit": "MAJOR",
    "errorMsg": "",
    "errorCode": "NA",
    "force_recurring": false,
    "created_on": 1767852179,
    "merchantRef": "695f4893ff561f90b6ce18d3",
    "purchase": {
        "currency": "EUR",
        "products": [
            {
                "name": "123 main st",
                "quantity": 1.0,
                "price": 59.25,
                "discount": 0,
                "tax_percent": "0.00"
            }
        ],
        "total": 59.25,
        "requestAmount": 59.25,
        "language": "en",
        "notes": "",
        "debt": 0,
        "total_formatted": 1.0,
        "taxAmount": 0.0,
        "taxPercent": 0.0,
        "request_client_details": [
            
        ],
        "email_message": ""
    },
    "issuer_details": {
        "website": "",
        "legal_street_address": "",
        "legal_country": "",
        "legal_city": "",
        "legal_zip_code": "",
        "bank_accounts": [
            {
                
            }
        ],
        "legal_name": "practice",
        "brand_name": "practice",
        "registration_number": "",
        "tax_number": ""
    },
    "transaction_data": {
        "payment_method": "",
        "flow": "payform",
        "extra": {
            
        },
        "country": "",
        "attempts": [
            
        ]
    },
    "status": "CREATED",
    "status_history": [
        {
            "status": "created",
            "timestamp": 1767852179
        }
    ],
    "is_test": false,
    "brand_id": "04199342-5d84-4e17-a53e-5c3d6b03ebd4",
    "send_receipt": false,
    "is_recurring_token": false,
    "skip_capture": false,
    "reference_generated": "PS5742",
    "issued": "2026-01-08",
    "due": 1767852179,
    "refund_upto": 0,
    "cc_descriptor": "",
    "fraudScore": "NA",
    "trustScore": "NA",
    "extraFee": "0",
    "paidOn": 0,
    "receivedAmt": 0.0,
    "taxAmount": 0.0,
    "surcharge": 0.0,
    "surchargeType": "",
    "sessionId": "",
    "refund_availability": "NONE",
    "refundable_amount": 0.0,
    "success_redirect": "https://staging.paysecure.net/getResponse.jsp?issucces=true",
    "failure_redirect": "https://staging.paysecure.net/getResponse.jsp?issucces=false",
    "cancel_redirect": "",
    "success_callback": "https://www.google.com/",
    "failure_callback": "https://staging.paysecure.net/merchant",
    "platform": "API",
    "created_from_ip": "103.80.161.238",
    "checkout_url": "https://test4.paymentsclub.net/payments/0fd06cdf3270c5bf45119087f666ee00/",
    "direct_post_url": "https://test4.paymentsclub.net/api/v1/p/695f4893ff561f90b6ce18d3/",
    "payoutProcess": false
}
productname accepted by API: 123 main st
API success -> proceeding with full flow
Entered Card Holder Name: Rohitman Sharma
Entered Card Number: 4012888888881881
Entered Card Expiry Date: 10/27
Entered Card CVV: 000
Moved to the Pay button
Clicked on the Pay button to proceed with payment
Redirected URL: https://staging.paysecure.net/getResponse.jsp?issucces=true
Pass → Payment succeeded as expected
 Opened staging environment in a new browser tab
User enter ID in Username field
User Enter Password in password field
Click on submit button in login page
 Entered Transaction ID: 695f4893ff561f90b6ce18d3
 Clicked on Search button
 Clicked on Search button
 Clicked on first Transaction ID from list
Purchase Transaction ID is not empty or not null
User enter ID in Username field
User Enter Password in password field
Click on submit button in login page
StateCode test case will run for this PSPCardsIntegrations :- Easybuzz
StateCode test case will run for this runflag:- TRUE
Generated Random Double: 32.10
Generated First Name: john09d
Generated Email: nairobiPalermo9a7fd@gmail.com
productname: 221B BAKER STREET → Status: 202
Response Body: {
    "purchaseId": "695f48edff561f90b6ce1ec2",
    "client": {
        "customerId": "NA",
        "email": "nairobipalermo9a7fd@gmail.com",
        "phone": "+1111111111",
        "full_name": "john09d",
        "street_address": "Main gate",
        "country": "IN",
        "city": "Paris",
        "zip_code": "20001",
        "cc": [
            
        ],
        "bcc": [
            
        ],
        "stateCode": "QLD"
    },
    "updated_on": 1767852269,
    "type": "purchase",
    "paymentMethod": "MASTER",
    "amountUnit": "MAJOR",
    "errorMsg": "",
    "errorCode": "NA",
    "force_recurring": false,
    "created_on": 1767852269,
    "merchantRef": "695f48edff561f90b6ce1ec2",
    "purchase": {
        "currency": "INR",
        "products": [
            {
                "name": "221B BAKER STREET",
                "quantity": 1.0,
                "price": 32.1,
                "discount": 0,
                "tax_percent": "0.00"
            }
        ],
        "total": 32.1,
        "requestAmount": 32.1,
        "language": "en",
        "notes": "",
        "debt": 0,
        "total_formatted": 1.0,
        "taxAmount": 0.0,
        "taxPercent": 0.0,
        "request_client_details": [
            
        ],
        "email_message": ""
    },
    "issuer_details": {
        "website": "",
        "legal_street_address": "",
        "legal_country": "",
        "legal_city": "",
        "legal_zip_code": "",
        "bank_accounts": [
            {
                
            }
        ],
        "legal_name": "practice",
        "brand_name": "practice",
        "registration_number": "",
        "tax_number": ""
    },
    "transaction_data": {
        "payment_method": "",
        "flow": "payform",
        "extra": {
            
        },
        "country": "",
        "attempts": [
            
        ]
    },
    "status": "CREATED",
    "status_history": [
        {
            "status": "created",
            "timestamp": 1767852269
        }
    ],
    "is_test": false,
    "brand_id": "04199342-5d84-4e17-a53e-5c3d6b03ebd4",
    "send_receipt": false,
    "is_recurring_token": false,
    "skip_capture": false,
    "reference_generated": "PS5743",
    "issued": "2026-01-08",
    "due": 1767852269,
    "refund_upto": 0,
    "cc_descriptor": "",
    "fraudScore": "NA",
    "trustScore": "NA",
    "extraFee": "0",
    "paidOn": 0,
    "receivedAmt": 0.0,
    "taxAmount": 0.0,
    "surcharge": 0.0,
    "surchargeType": "",
    "sessionId": "",
    "refund_availability": "NONE",
    "refundable_amount": 0.0,
    "success_redirect": "https://staging.paysecure.net/getResponse.jsp?issucces=true",
    "failure_redirect": "https://staging.paysecure.net/getResponse.jsp?issucces=false",
    "cancel_redirect": "",
    "success_callback": "https://www.google.com/",
    "failure_callback": "https://staging.paysecure.net/merchant",
    "platform": "API",
    "created_from_ip": "103.80.161.238",
    "checkout_url": "https://test4.paymentsclub.net/payments/5ab853484bf52f8f9a20f1af23fa101b/",
    "direct_post_url": "https://test4.paymentsclub.net/api/v1/p/695f48edff561f90b6ce1ec2/",
    "payoutProcess": false
}
productname accepted by API: 221B BAKER STREET
API success -> proceeding with full flow
Entered Card Holder Name: Virat Kohli
Entered Card Number: 5553042241984105
Entered Card Expiry Date: 07/28
Entered Card CVV: 123
Moved to the Pay button
Clicked on the Pay button to proceed with payment
Redirected URL: https://staging.paysecure.net/getResponse.jsp?issucces=true
Pass → Payment succeeded as expected
 Opened staging environment in a new browser tab
User enter ID in Username field
User Enter Password in password field
Click on submit button in login page
 Entered Transaction ID: 695f48edff561f90b6ce1ec2
 Clicked on Search button
 Clicked on Search button
 Clicked on first Transaction ID from list
Purchase Transaction ID is not empty or not null
User enter ID in Username field
User Enter Password in password field
Click on submit button in login page
StateCode test case will run for this PSPCardsIntegrations :- Matrix
StateCode test case will run for this runflag:- TRUE
Generated Random Double: 56.55
Generated First Name: johnb1f
Generated Email: nairobiPalermo22559@gmail.com
productname: 221B BAKER STREET → Status: 202
Response Body: {
    "purchaseId": "695f4946ff561f90b6ce21cd",
    "client": {
        "customerId": "NA",
        "email": "nairobipalermo22559@gmail.com",
        "phone": "+1111111111",
        "full_name": "johnb1f",
        "street_address": "Main gate",
        "country": "IN",
        "city": "Paris",
        "zip_code": "20001",
        "cc": [
            
        ],
        "bcc": [
            
        ],
        "stateCode": "QLD"
    },
    "updated_on": 1767852358,
    "type": "purchase",
    "paymentMethod": "VISA",
    "amountUnit": "MAJOR",
    "errorMsg": "",
    "errorCode": "NA",
    "force_recurring": false,
    "created_on": 1767852358,
    "merchantRef": "695f4946ff561f90b6ce21cd",
    "purchase": {
        "currency": "EUR",
        "products": [
            {
                "name": "221B BAKER STREET",
                "quantity": 1.0,
                "price": 56.55,
                "discount": 0,
                "tax_percent": "0.00"
            }
        ],
        "total": 56.55,
        "requestAmount": 56.55,
        "language": "en",
        "notes": "",
        "debt": 0,
        "total_formatted": 1.0,
        "taxAmount": 0.0,
        "taxPercent": 0.0,
        "request_client_details": [
            
        ],
        "email_message": ""
    },
    "issuer_details": {
        "website": "",
        "legal_street_address": "",
        "legal_country": "",
        "legal_city": "",
        "legal_zip_code": "",
        "bank_accounts": [
            {
                
            }
        ],
        "legal_name": "practice",
        "brand_name": "practice",
        "registration_number": "",
        "tax_number": ""
    },
    "transaction_data": {
        "payment_method": "",
        "flow": "payform",
        "extra": {
            
        },
        "country": "",
        "attempts": [
            
        ]
    },
    "status": "CREATED",
    "status_history": [
        {
            "status": "created",
            "timestamp": 1767852358
        }
    ],
    "is_test": false,
    "brand_id": "04199342-5d84-4e17-a53e-5c3d6b03ebd4",
    "send_receipt": false,
    "is_recurring_token": false,
    "skip_capture": false,
    "reference_generated": "PS5744",
    "issued": "2026-01-08",
    "due": 1767852358,
    "refund_upto": 0,
    "cc_descriptor": "",
    "fraudScore": "NA",
    "trustScore": "NA",
    "extraFee": "0",
    "paidOn": 0,
    "receivedAmt": 0.0,
    "taxAmount": 0.0,
    "surcharge": 0.0,
    "surchargeType": "",
    "sessionId": "",
    "refund_availability": "NONE",
    "refundable_amount": 0.0,
    "success_redirect": "https://staging.paysecure.net/getResponse.jsp?issucces=true",
    "failure_redirect": "https://staging.paysecure.net/getResponse.jsp?issucces=false",
    "cancel_redirect": "",
    "success_callback": "https://www.google.com/",
    "failure_callback": "https://staging.paysecure.net/merchant",
    "platform": "API",
    "created_from_ip": "103.80.161.238",
    "checkout_url": "https://test4.paymentsclub.net/payments/672ed00d1e8171a7e7a94a23e7a8107a/",
    "direct_post_url": "https://test4.paymentsclub.net/api/v1/p/695f4946ff561f90b6ce21cd/",
    "payoutProcess": false
}
productname accepted by API: 221B BAKER STREET
API success -> proceeding with full flow
Entered Card Holder Name: Rohitman Sharma
Entered Card Number: 4012888888881881
Entered Card Expiry Date: 10/27
Entered Card CVV: 000
Moved to the Pay button
Clicked on the Pay button to proceed with payment
Redirected URL: https://staging.paysecure.net/getResponse.jsp?issucces=true
Pass → Payment succeeded as expected
 Opened staging environment in a new browser tab
User enter ID in Username field
User Enter Password in password field
Click on submit button in login page
 Entered Transaction ID: 695f4946ff561f90b6ce21cd
 Clicked on Search button
 Clicked on Search button
 Clicked on first Transaction ID from list
Purchase Transaction ID is not empty or not null
User enter ID in Username field
User Enter Password in password field
Click on submit button in login page
StateCode test case will run for this PSPCardsIntegrations :- Easybuzz
StateCode test case will run for this runflag:- TRUE
Generated Random Double: 21.74
Generated First Name: johnd34
Generated Email: nairobiPalermo5f67e@gmail.com
productname: 742 Evergreen Terrace → Status: 202
Response Body: {
    "purchaseId": "695f499aff561f90b6ce24c6",
    "client": {
        "customerId": "NA",
        "email": "nairobipalermo5f67e@gmail.com",
        "phone": "+1111111111",
        "full_name": "johnd34",
        "street_address": "Main gate",
        "country": "IN",
        "city": "Paris",
        "zip_code": "20001",
        "cc": [
            
        ],
        "bcc": [
            
        ],
        "stateCode": "QLD"
    },
    "updated_on": 1767852442,
    "type": "purchase",
    "paymentMethod": "MASTER",
    "amountUnit": "MAJOR",
    "errorMsg": "",
    "errorCode": "NA",
    "force_recurring": false,
    "created_on": 1767852442,
    "merchantRef": "695f499aff561f90b6ce24c6",
    "purchase": {
        "currency": "INR",
        "products": [
            {
                "name": "742 Evergreen Terrace",
                "quantity": 1.0,
                "price": 21.74,
                "discount": 0,
                "tax_percent": "0.00"
            }
        ],
        "total": 21.74,
        "requestAmount": 21.74,
        "language": "en",
        "notes": "",
        "debt": 0,
        "total_formatted": 1.0,
        "taxAmount": 0.0,
        "taxPercent": 0.0,
        "request_client_details": [
            
        ],
        "email_message": ""
    },
    "issuer_details": {
        "website": "",
        "legal_street_address": "",
        "legal_country": "",
        "legal_city": "",
        "legal_zip_code": "",
        "bank_accounts": [
            {
                
            }
        ],
        "legal_name": "practice",
        "brand_name": "practice",
        "registration_number": "",
        "tax_number": ""
    },
    "transaction_data": {
        "payment_method": "",
        "flow": "payform",
        "extra": {
            
        },
        "country": "",
        "attempts": [
            
        ]
    },
    "status": "CREATED",
    "status_history": [
        {
            "status": "created",
            "timestamp": 1767852442
        }
    ],
    "is_test": false,
    "brand_id": "04199342-5d84-4e17-a53e-5c3d6b03ebd4",
    "send_receipt": false,
    "is_recurring_token": false,
    "skip_capture": false,
    "reference_generated": "PS5745",
    "issued": "2026-01-08",
    "due": 1767852442,
    "refund_upto": 0,
    "cc_descriptor": "",
    "fraudScore": "NA",
    "trustScore": "NA",
    "extraFee": "0",
    "paidOn": 0,
    "receivedAmt": 0.0,
    "taxAmount": 0.0,
    "surcharge": 0.0,
    "surchargeType": "",
    "sessionId": "",
    "refund_availability": "NONE",
    "refundable_amount": 0.0,
    "success_redirect": "https://staging.paysecure.net/getResponse.jsp?issucces=true",
    "failure_redirect": "https://staging.paysecure.net/getResponse.jsp?issucces=false",
    "cancel_redirect": "",
    "success_callback": "https://www.google.com/",
    "failure_callback": "https://staging.paysecure.net/merchant",
    "platform": "API",
    "created_from_ip": "103.80.161.238",
    "checkout_url": "https://test4.paymentsclub.net/payments/ce98525cae224cc925faad089ae65aab/",
    "direct_post_url": "https://test4.paymentsclub.net/api/v1/p/695f499aff561f90b6ce24c6/",
    "payoutProcess": false
}
productname accepted by API: 742 Evergreen Terrace
API success -> proceeding with full flow
Entered Card Holder Name: Virat Kohli
Entered Card Number: 5553042241984105
Entered Card Expiry Date: 07/28
Entered Card CVV: 123
Moved to the Pay button
Clicked on the Pay button to proceed with payment
Redirected URL: https://staging.paysecure.net/getResponse.jsp?issucces=true
Pass → Payment succeeded as expected
 Opened staging environment in a new browser tab
User enter ID in Username field
User Enter Password in password field
Click on submit button in login page
 Entered Transaction ID: 695f499aff561f90b6ce24c6
 Clicked on Search button
 Clicked on Search button
 Clicked on first Transaction ID from list
Purchase Transaction ID is not empty or not null
User enter ID in Username field
User Enter Password in password field
Click on submit button in login page
StateCode test case will run for this PSPCardsIntegrations :- Matrix
StateCode test case will run for this runflag:- TRUE
Generated Random Double: 61.96
Generated First Name: johnead
Generated Email: nairobiPalermofa17f@gmail.com
productname: 742 Evergreen Terrace → Status: 202
Response Body: {
    "purchaseId": "695f49f5ff561f90b6ce27df",
    "client": {
        "customerId": "NA",
        "email": "nairobipalermofa17f@gmail.com",
        "phone": "+1111111111",
        "full_name": "johnead",
        "street_address": "Main gate",
        "country": "IN",
        "city": "Paris",
        "zip_code": "20001",
        "cc": [
            
        ],
        "bcc": [
            
        ],
        "stateCode": "QLD"
    },
    "updated_on": 1767852533,
    "type": "purchase",
    "paymentMethod": "VISA",
    "amountUnit": "MAJOR",
    "errorMsg": "",
    "errorCode": "NA",
    "force_recurring": false,
    "created_on": 1767852533,
    "merchantRef": "695f49f5ff561f90b6ce27df",
    "purchase": {
        "currency": "EUR",
        "products": [
            {
                "name": "742 Evergreen Terrace",
                "quantity": 1.0,
                "price": 61.96,
                "discount": 0,
                "tax_percent": "0.00"
            }
        ],
        "total": 61.96,
        "requestAmount": 61.96,
        "language": "en",
        "notes": "",
        "debt": 0,
        "total_formatted": 1.0,
        "taxAmount": 0.0,
        "taxPercent": 0.0,
        "request_client_details": [
            
        ],
        "email_message": ""
    },
    "issuer_details": {
        "website": "",
        "legal_street_address": "",
        "legal_country": "",
        "legal_city": "",
        "legal_zip_code": "",
        "bank_accounts": [
            {
                
            }
        ],
        "legal_name": "practice",
        "brand_name": "practice",
        "registration_number": "",
        "tax_number": ""
    },
    "transaction_data": {
        "payment_method": "",
        "flow": "payform",
        "extra": {
            
        },
        "country": "",
        "attempts": [
            
        ]
    },
    "status": "CREATED",
    "status_history": [
        {
            "status": "created",
            "timestamp": 1767852533
        }
    ],
    "is_test": false,
    "brand_id": "04199342-5d84-4e17-a53e-5c3d6b03ebd4",
    "send_receipt": false,
    "is_recurring_token": false,
    "skip_capture": false,
    "reference_generated": "PS5746",
    "issued": "2026-01-08",
    "due": 1767852533,
    "refund_upto": 0,
    "cc_descriptor": "",
    "fraudScore": "NA",
    "trustScore": "NA",
    "extraFee": "0",
    "paidOn": 0,
    "receivedAmt": 0.0,
    "taxAmount": 0.0,
    "surcharge": 0.0,
    "surchargeType": "",
    "sessionId": "",
    "refund_availability": "NONE",
    "refundable_amount": 0.0,
    "success_redirect": "https://staging.paysecure.net/getResponse.jsp?issucces=true",
    "failure_redirect": "https://staging.paysecure.net/getResponse.jsp?issucces=false",
    "cancel_redirect": "",
    "success_callback": "https://www.google.com/",
    "failure_callback": "https://staging.paysecure.net/merchant",
    "platform": "API",
    "created_from_ip": "103.80.161.238",
    "checkout_url": "https://test4.paymentsclub.net/payments/7b35076f6b8c4d4f2f5e6de144d746bc/",
    "direct_post_url": "https://test4.paymentsclub.net/api/v1/p/695f49f5ff561f90b6ce27df/",
    "payoutProcess": false
}
productname accepted by API: 742 Evergreen Terrace
API success -> proceeding with full flow
Entered Card Holder Name: Rohitman Sharma
Entered Card Number: 4012888888881881
Entered Card Expiry Date: 10/27
Entered Card CVV: 000
Moved to the Pay button
Clicked on the Pay button to proceed with payment
Redirected URL: https://staging.paysecure.net/getResponse.jsp?issucces=true
Pass → Payment succeeded as expected
 Opened staging environment in a new browser tab
User enter ID in Username field
User Enter Password in password field
Click on submit button in login page
 Entered Transaction ID: 695f49f5ff561f90b6ce27df
 Clicked on Search button
 Clicked on Search button
 Clicked on first Transaction ID from list
Purchase Transaction ID is not empty or not null
User enter ID in Username field
User Enter Password in password field
Click on submit button in login page
StateCode test case will run for this PSPCardsIntegrations :- Easybuzz
StateCode test case will run for this runflag:- TRUE
Generated Random Double: 68.25
Generated First Name: johnf08
Generated Email: nairobiPalermocb118@gmail.com
productname: null → Status: 400
Response Body: {
    "message": "purchase.products[0].name/purchase.products[0].price are missing",
    "code": "transaction_error"
}
PASS → ProductName rejected correctly as expected: null
User enter ID in Username field
User Enter Password in password field
Click on submit button in login page
StateCode test case will run for this PSPCardsIntegrations :- Matrix
StateCode test case will run for this runflag:- TRUE
Generated Random Double: 12.24
Generated First Name: johnba3
Generated Email: nairobiPalermo4e765@gmail.com
productname: null → Status: 400
Response Body: {
    "message": "purchase.products[0].name/purchase.products[0].price are missing",
    "code": "transaction_error"
}
PASS → ProductName rejected correctly as expected: null]]>
  </system-out>
</testsuite> <!-- purchase.productName -->
