<?xml version="1.0" encoding="UTF-8"?>
<!-- Generated by org.testng.reporters.JUnitReportReporter -->
<testsuite hostname="PS-L51" failures="0" tests="1" name="s2s.email" time="67.367" errors="0" timestamp="2026-03-03T12:06:32 IST" skipped="0">
  <testcase classname="s2s.email" name="purchaseApi" time="67.367">
    <system-out>
      <![CDATA[User enter ID in Username field
User Enter Password in password field
Click on submit button in login page
select merchant name :- SuhasM
select merchant name :- USD
select merchant name :- VISA
Fetching details for Limit and Charges
Details fetched successfully
Routing applied → PSP: unicornpayment, RouteTo: unicornpayment
Amount Inputs → Min: 100.0, Max: 900.0, Provided: 569.0
✅ Amount within valid range. Using exact value: 569.0
Generated First Name: div6b8
Purchase created successfully with ID: 69a68161bd77a9764021cc18
Redirected URL: https://staging.paysecure.net/getResponse.jsp?issucces=false
Payment failed but expected to pass]]>
    </system-out>
  </testcase> <!-- purchaseApi -->
  <system-out>
    <![CDATA[User enter ID in Username field
User Enter Password in password field
Click on submit button in login page
select merchant name :- SuhasM
select merchant name :- USD
select merchant name :- VISA
Fetching details for Limit and Charges
Details fetched successfully
Routing applied → PSP: unicornpayment, RouteTo: unicornpayment
Amount Inputs → Min: 100.0, Max: 900.0, Provided: 569.0
✅ Amount within valid range. Using exact value: 569.0
Generated First Name: div6b8
Purchase created successfully with ID: 69a68161bd77a9764021cc18
Redirected URL: https://staging.paysecure.net/getResponse.jsp?issucces=false
Payment failed but expected to pass]]>
  </system-out>
</testsuite> <!-- s2s.email -->
