<?xml version="1.0" encoding="UTF-8"?>
<!-- Generated by org.testng.reporters.JUnitReportReporter -->
<testsuite hostname="PS-L6" failures="1" tests="1" name="PspWithoutCards.easybuzzNetBanking" time="53.756" errors="0" timestamp="2026-01-08T17:28:56 IST" skipped="0">
  <testcase classname="PspWithoutCards.easybuzzNetBanking" name="purchase" time="53.756">
    <failure message="Merchant name mismatch expected [null] but found [suhasM]" type="java.lang.AssertionError">
      <![CDATA[java.lang.AssertionError: Merchant name mismatch expected [null] but found [suhasM]
at org.testng.Assert.fail(Assert.java:111)
at org.testng.Assert.failNotEquals(Assert.java:1590)
at org.testng.Assert.assertEqualsImpl(Assert.java:150)
at org.testng.Assert.assertEquals(Assert.java:132)
at org.testng.Assert.assertEquals(Assert.java:656)
at com.paysecure.Page.transactionPage.verifyMerchantName(transactionPage.java:206)
at PspWithoutCards.easybuzzNetBanking.purchase(easybuzzNetBanking.java:177)
at java.base/jdk.internal.reflect.DirectMethodHandleAccessor.invoke(DirectMethodHandleAccessor.java:103)
at java.base/java.lang.reflect.Method.invoke(Method.java:580)
at org.testng.internal.invokers.MethodInvocationHelper.invokeMethod(MethodInvocationHelper.java:141)
at org.testng.internal.invokers.TestInvoker.invokeMethod(TestInvoker.java:687)
at org.testng.internal.invokers.TestInvoker.invokeTestMethod(TestInvoker.java:230)
at org.testng.internal.invokers.MethodRunner.runInSequence(MethodRunner.java:63)
at org.testng.internal.invokers.TestInvoker$MethodInvocationAgent.invoke(TestInvoker.java:995)
at org.testng.internal.invokers.TestInvoker.invokeTestMethods(TestInvoker.java:203)
at org.testng.internal.invokers.TestMethodWorker.invokeTestMethods(TestMethodWorker.java:154)
at org.testng.internal.invokers.TestMethodWorker.run(TestMethodWorker.java:134)
at java.base/java.util.ArrayList.forEach(ArrayList.java:1596)
at org.testng.TestRunner.privateRun(TestRunner.java:741)
at org.testng.TestRunner.run(TestRunner.java:616)
at org.testng.SuiteRunner.runTest(SuiteRunner.java:421)
at org.testng.SuiteRunner.runSequentially(SuiteRunner.java:413)
at org.testng.SuiteRunner.privateRun(SuiteRunner.java:373)
at org.testng.SuiteRunner.run(SuiteRunner.java:312)
at org.testng.SuiteRunnerWorker.runSuite(SuiteRunnerWorker.java:52)
at org.testng.SuiteRunnerWorker.run(SuiteRunnerWorker.java:95)
at org.testng.TestNG.runSuitesSequentially(TestNG.java:1274)
at org.testng.TestNG.runSuitesLocally(TestNG.java:1208)
at org.testng.TestNG.runSuites(TestNG.java:1112)
at org.testng.TestNG.run(TestNG.java:1079)
at org.testng.remote.AbstractRemoteTestNG.run(AbstractRemoteTestNG.java:115)
at org.testng.remote.RemoteTestNG.initAndRun(RemoteTestNG.java:293)
at org.testng.remote.RemoteTestNG.main(RemoteTestNG.java:91)
]]>
    </failure>
    <system-out>
      <![CDATA[Generated Random Double: 85.08
Generated First Name: john0e0
Generated Email: nairobiPalermoadeb8@gmail.com
purchaseId is not null
purchaseId is not empty
purchaseId format is valid: 695f9bddc6bec9683d1ffb76
purchaseId length is 24
purchaseId validated successfully: 695f9bddc6bec9683d1ffb76
Clicked on ZaakPay bank select dropdown
Entered partial bank name: HD
ZaakPay bank suggestions loaded. Count: 1
Selected ZaakPay bank name: HDFC Bank
Clicked on ZaakPay submit button on bank page
Redirected URL: https://staging.paysecure.net/getResponse.jsp?issucces=true
Payment Successfully
 Opened staging environment in a new browser tab
User enter ID in Username field
User Enter Password in password field
Click on submit button in login page
 Entered Transaction ID: 695f9bddc6bec9683d1ffb76
 Clicked on Search button
UI transaction ID: 695f9bddc6bec9683d1ffb76
API transaction ID: 695f9bddc6bec9683d1ffb76
Transaction ID verified successfully
UI Merchant Name: suhasM
API Merchant Name: null]]>
    </system-out>
  </testcase> <!-- purchase -->
  <system-out>
    <![CDATA[User enter ID in Username field
User Enter Password in password field
Click on submit button in login page
Generated Random Double: 85.08
Generated First Name: john0e0
Generated Email: nairobiPalermoadeb8@gmail.com
purchaseId is not null
purchaseId is not empty
purchaseId format is valid: 695f9bddc6bec9683d1ffb76
purchaseId length is 24
purchaseId validated successfully: 695f9bddc6bec9683d1ffb76
Clicked on ZaakPay bank select dropdown
Entered partial bank name: HD
ZaakPay bank suggestions loaded. Count: 1
Selected ZaakPay bank name: HDFC Bank
Clicked on ZaakPay submit button on bank page
Redirected URL: https://staging.paysecure.net/getResponse.jsp?issucces=true
Payment Successfully
 Opened staging environment in a new browser tab
User enter ID in Username field
User Enter Password in password field
Click on submit button in login page
 Entered Transaction ID: 695f9bddc6bec9683d1ffb76
 Clicked on Search button
UI transaction ID: 695f9bddc6bec9683d1ffb76
API transaction ID: 695f9bddc6bec9683d1ffb76
Transaction ID verified successfully
UI Merchant Name: suhasM
API Merchant Name: null]]>
  </system-out>
</testsuite> <!-- PspWithoutCards.easybuzzNetBanking -->
