<?xml version="1.0" encoding="UTF-8"?>
<!-- Generated by org.testng.reporters.JUnitReportReporter -->
<testsuite hostname="PS-L6" failures="0" tests="18" name="s2s.stateCode" time="1006.147" errors="0" timestamp="2026-01-13T15:47:31 IST" skipped="0">
  <testcase classname="s2s.stateCode" name="purchaseApi" time="63.160">
    <system-out>
      <![CDATA[Generated Random Double: 47.49
Generated First Name: johnfee
Generated Email: nairobiPalermob3741@gmail.com
Purchase created successfully with ID: 696618cad6d5b563393c7801
User enter ID in Username field
User Enter Password in password field
Click on submit button in login page
S2S call successful on attempt 1
Redirected URL: https://staging.paysecure.net/getResponse.jsp?issucces=true
FAIL → Payment succeeded but expected to fail
 Opened staging environment in a new browser tab
User enter ID in Username field
User Enter Password in password field
Click on submit button in login page
 Entered Transaction ID: 696618cad6d5b563393c7801
 Clicked on Search button
 Clicked on Search button
 Clicked on first Transaction ID from list
Purchase Transaction ID is not empty or not null
stateCode accepted by API: QLDD]]>
    </system-out>
  </testcase> <!-- purchaseApi -->
  <testcase classname="s2s.stateCode" name="purchaseApi" time="52.647">
    <system-out>
      <![CDATA[Generated Random Double: 38.81
Generated First Name: john57c
Generated Email: nairobiPalermof692f@gmail.com
Purchase created successfully with ID: 69661aa7d6d5b563393c93ab
User enter ID in Username field
User Enter Password in password field
Click on submit button in login page
S2S call successful on attempt 1
Redirected URL: https://staging.paysecure.net/getResponse.jsp?issucces=true
FAIL → Payment succeeded but expected to fail
 Opened staging environment in a new browser tab
User enter ID in Username field
User Enter Password in password field
Click on submit button in login page
 Entered Transaction ID: 69661aa7d6d5b563393c93ab
 Clicked on Search button
 Clicked on Search button
 Clicked on first Transaction ID from list
Purchase Transaction ID is not empty or not null
stateCode accepted by API: null]]>
    </system-out>
  </testcase> <!-- purchaseApi -->
  <testcase classname="s2s.stateCode" name="purchaseApi" time="65.357">
    <system-out>
      <![CDATA[Generated Random Double: 95.25
Generated First Name: john50b
Generated Email: nairobiPalermob31c3@gmail.com
Purchase created successfully with ID: 69661b4fd6d5b563393ca0da
User enter ID in Username field
User Enter Password in password field
Click on submit button in login page
S2S call successful on attempt 1
Redirected URL: https://staging.paysecure.net/getResponse.jsp?issucces=true
PASS → Payment succeeded as expected
 Opened staging environment in a new browser tab
User enter ID in Username field
User Enter Password in password field
Click on submit button in login page
 Entered Transaction ID: 69661b4fd6d5b563393ca0da
 Clicked on Search button
 Clicked on Search button
 Clicked on first Transaction ID from list
Purchase Transaction ID is not empty or not null
stateCode accepted by API: MUM]]>
    </system-out>
  </testcase> <!-- purchaseApi -->
  <testcase classname="s2s.stateCode" name="purchaseApi" time="51.000">
    <system-out>
      <![CDATA[Generated Random Double: 48.43
Generated First Name: john189
Generated Email: nairobiPalermoc7b09@gmail.com
Purchase created successfully with ID: 6966190ad6d5b563393c7b2f
User enter ID in Username field
User Enter Password in password field
Click on submit button in login page
S2S call successful on attempt 1
Redirected URL: https://staging.paysecure.net/getResponse.jsp?issucces=true
FAIL → Payment succeeded but expected to fail
 Opened staging environment in a new browser tab
User enter ID in Username field
User Enter Password in password field
Click on submit button in login page
 Entered Transaction ID: 6966190ad6d5b563393c7b2f
 Clicked on Search button
 Clicked on Search button
 Clicked on first Transaction ID from list
Purchase Transaction ID is not empty or not null
stateCode accepted by API: QLDD]]>
    </system-out>
  </testcase> <!-- purchaseApi -->
  <testcase classname="s2s.stateCode" name="purchaseApi" time="62.766">
    <system-out>
      <![CDATA[Generated Random Double: 0.88
Generated First Name: johnd14
Generated Email: nairobiPalermo91e4d@gmail.com
Purchase created successfully with ID: 696619b7d6d5b563393c8471
User enter ID in Username field
User Enter Password in password field
Click on submit button in login page
S2S call successful on attempt 1
Redirected URL: https://staging.paysecure.net/getResponse.jsp?issucces=true
FAIL → Payment succeeded but expected to fail
 Opened staging environment in a new browser tab
User enter ID in Username field
User Enter Password in password field
Click on submit button in login page
 Entered Transaction ID: 696619b7d6d5b563393c8471
 Clicked on Search button
 Clicked on Search button
 Clicked on first Transaction ID from list
Purchase Transaction ID is not empty or not null
stateCode accepted by API: @]]>
    </system-out>
  </testcase> <!-- purchaseApi -->
  <testcase classname="s2s.stateCode" name="purchaseApi" time="57.041">
    <system-out>
      <![CDATA[Generated Random Double: 21.17
Generated First Name: johnef6
Generated Email: nairobiPalermoffb03@gmail.com
Purchase created successfully with ID: 69661b16d6d5b563393c99ce
User enter ID in Username field
User Enter Password in password field
Click on submit button in login page
S2S call successful on attempt 1
Redirected URL: https://staging.paysecure.net/getResponse.jsp?issucces=true
PASS → Payment succeeded as expected
 Opened staging environment in a new browser tab
User enter ID in Username field
User Enter Password in password field
Click on submit button in login page
 Entered Transaction ID: 69661b16d6d5b563393c99ce
 Clicked on Search button
 Clicked on Search button
 Clicked on first Transaction ID from list
Purchase Transaction ID is not empty or not null
stateCode accepted by API: XYZ]]>
    </system-out>
  </testcase> <!-- purchaseApi -->
  <testcase classname="s2s.stateCode" name="purchaseApi" time="55.613">
    <system-out>
      <![CDATA[Generated Random Double: 79.75
Generated First Name: john760
Generated Email: nairobiPalermoe9c6d@gmail.com
Purchase created successfully with ID: 696619f5d6d5b563393c8799
User enter ID in Username field
User Enter Password in password field
Click on submit button in login page
S2S call successful on attempt 1
Redirected URL: https://staging.paysecure.net/getResponse.jsp?issucces=true
FAIL → Payment succeeded but expected to fail
 Opened staging environment in a new browser tab
User enter ID in Username field
User Enter Password in password field
Click on submit button in login page
 Entered Transaction ID: 696619f5d6d5b563393c8799
 Clicked on Search button
 Clicked on Search button
 Clicked on first Transaction ID from list
Purchase Transaction ID is not empty or not null
stateCode accepted by API: @]]>
    </system-out>
  </testcase> <!-- purchaseApi -->
  <testcase classname="s2s.stateCode" name="purchaseApi" time="54.339">
    <system-out>
      <![CDATA[Generated Random Double: 15.68
Generated First Name: johnd82
Generated Email: nairobiPalermo92948@gmail.com
Purchase created successfully with ID: 69661b8ed6d5b563393ca3ed
User enter ID in Username field
User Enter Password in password field
Click on submit button in login page
S2S call successful on attempt 1
Redirected URL: https://staging.paysecure.net/getResponse.jsp?issucces=true
PASS → Payment succeeded as expected
 Opened staging environment in a new browser tab
User enter ID in Username field
User Enter Password in password field
Click on submit button in login page
 Entered Transaction ID: 69661b8ed6d5b563393ca3ed
 Clicked on Search button
 Clicked on Search button
 Clicked on first Transaction ID from list
Purchase Transaction ID is not empty or not null
stateCode accepted by API: MUM]]>
    </system-out>
  </testcase> <!-- purchaseApi -->
  <testcase classname="s2s.stateCode" name="purchaseApi" time="14.497">
    <system-out>
      <![CDATA[Generated Random Double: 8.74
Generated First Name: john85b
Generated Email: nairobiPalermo1f4af@gmail.com
stateCode rejected by API: null
PASS → stateCode rejected correctly null]]>
    </system-out>
  </testcase> <!-- purchaseApi -->
  <testcase classname="s2s.stateCode" name="purchaseApi" time="61.124">
    <system-out>
      <![CDATA[Generated Random Double: 91.81
Generated First Name: johna2b
Generated Email: nairobiPalermoc8d20@gmail.com
Purchase created successfully with ID: 69661855d6d5b563393c6a80
User enter ID in Username field
User Enter Password in password field
Click on submit button in login page
S2S call successful on attempt 1
Redirected URL: https://staging.paysecure.net/getResponse.jsp?issucces=true
PASS → Payment succeeded as expected
 Opened staging environment in a new browser tab
User enter ID in Username field
User Enter Password in password field
Click on submit button in login page
 Entered Transaction ID: 69661855d6d5b563393c6a80
 Clicked on Search button
 Clicked on Search button
 Clicked on first Transaction ID from list
Purchase Transaction ID is not empty or not null
stateCode accepted by API: NSW]]>
    </system-out>
  </testcase> <!-- purchaseApi -->
  <testcase classname="s2s.stateCode" name="purchaseApi" time="51.291">
    <system-out>
      <![CDATA[Generated Random Double: 82.85
Generated First Name: john200
Generated Email: nairobiPalermoc3dcd@gmail.com
Purchase created successfully with ID: 69661a67d6d5b563393c9098
User enter ID in Username field
User Enter Password in password field
Click on submit button in login page
S2S call successful on attempt 1
Redirected URL: https://staging.paysecure.net/getResponse.jsp?issucces=true
FAIL → Payment succeeded but expected to fail
 Opened staging environment in a new browser tab
User enter ID in Username field
User Enter Password in password field
Click on submit button in login page
 Entered Transaction ID: 69661a67d6d5b563393c9098
 Clicked on Search button
 Clicked on Search button
 Clicked on first Transaction ID from list
Purchase Transaction ID is not empty or not null
stateCode accepted by API: (blank)]]>
    </system-out>
  </testcase> <!-- purchaseApi -->
  <testcase classname="s2s.stateCode" name="purchaseApi" time="58.823">
    <system-out>
      <![CDATA[Generated Random Double: 47.73
Generated First Name: john0c2
Generated Email: nairobiPalermo73f77@gmail.com
Purchase created successfully with ID: 69661adcd6d5b563393c96b9
User enter ID in Username field
User Enter Password in password field
Click on submit button in login page
S2S call successful on attempt 1
Redirected URL: https://staging.paysecure.net/getResponse.jsp?issucces=true
PASS → Payment succeeded as expected
 Opened staging environment in a new browser tab
User enter ID in Username field
User Enter Password in password field
Click on submit button in login page
 Entered Transaction ID: 69661adcd6d5b563393c96b9
 Clicked on Search button
 Clicked on Search button
 Clicked on first Transaction ID from list
Purchase Transaction ID is not empty or not null
stateCode accepted by API: XYZ]]>
    </system-out>
  </testcase> <!-- purchaseApi -->
  <testcase classname="s2s.stateCode" name="purchaseApi" time="56.431">
    <system-out>
      <![CDATA[Generated Random Double: 18.33
Generated First Name: johna1b
Generated Email: nairobiPalermo9897d@gmail.com
Purchase created successfully with ID: 6966197ed6d5b563393c8163
User enter ID in Username field
User Enter Password in password field
Click on submit button in login page
S2S call successful on attempt 1
Redirected URL: https://staging.paysecure.net/getResponse.jsp?issucces=true
FAIL → Payment succeeded but expected to fail
 Opened staging environment in a new browser tab
User enter ID in Username field
User Enter Password in password field
Click on submit button in login page
 Entered Transaction ID: 6966197ed6d5b563393c8163
 Clicked on Search button
 Clicked on Search button
 Clicked on first Transaction ID from list
Purchase Transaction ID is not empty or not null
stateCode accepted by API: C4]]>
    </system-out>
  </testcase> <!-- purchaseApi -->
  <testcase classname="s2s.stateCode" name="purchaseApi" time="55.384">
    <system-out>
      <![CDATA[Generated Random Double: 84.38
Generated First Name: john75f
Generated Email: nairobiPalermo11c5f@gmail.com
Purchase created successfully with ID: 69661892d6d5b563393c7180
User enter ID in Username field
User Enter Password in password field
Click on submit button in login page
S2S call successful on attempt 1
Redirected URL: https://staging.paysecure.net/getResponse.jsp?issucces=true
PASS → Payment succeeded as expected
 Opened staging environment in a new browser tab
User enter ID in Username field
User Enter Password in password field
Click on submit button in login page
 Entered Transaction ID: 69661892d6d5b563393c7180
 Clicked on Search button
 Clicked on Search button
 Clicked on first Transaction ID from list
Purchase Transaction ID is not empty or not null
stateCode accepted by API: NSW]]>
    </system-out>
  </testcase> <!-- purchaseApi -->
  <testcase classname="s2s.stateCode" name="purchaseApi" time="55.909">
    <system-out>
      <![CDATA[Generated Random Double: 13.90
Generated First Name: johnddc
Generated Email: nairobiPalermod0443@gmail.com
Purchase created successfully with ID: 6966181dd6d5b563393c6777
User enter ID in Username field
User Enter Password in password field
Click on submit button in login page
S2S call successful on attempt 1
Redirected URL: https://staging.paysecure.net/getResponse.jsp?issucces=true
PASS → Payment succeeded as expected
 Opened staging environment in a new browser tab
User enter ID in Username field
User Enter Password in password field
Click on submit button in login page
 Entered Transaction ID: 6966181dd6d5b563393c6777
 Clicked on Search button
 Clicked on Search button
 Clicked on first Transaction ID from list
Purchase Transaction ID is not empty or not null
stateCode accepted by API: QLD]]>
    </system-out>
  </testcase> <!-- purchaseApi -->
  <testcase classname="s2s.stateCode" name="purchaseApi" time="67.901">
    <system-out>
      <![CDATA[Generated Random Double: 48.32
Generated First Name: john532
Generated Email: nairobiPalermo16002@gmail.com
Purchase created successfully with ID: 696617dcd6d5b563393c645f
User enter ID in Username field
User Enter Password in password field
Click on submit button in login page
S2S call successful on attempt 1
Redirected URL: https://staging.paysecure.net/getResponse.jsp?issucces=true
PASS → Payment succeeded as expected
 Opened staging environment in a new browser tab
User enter ID in Username field
User Enter Password in password field
Click on submit button in login page
 Entered Transaction ID: 696617dcd6d5b563393c645f
 Clicked on Search button
 Clicked on Search button
 Clicked on first Transaction ID from list
Purchase Transaction ID is not empty or not null
stateCode accepted by API: QLD]]>
    </system-out>
  </testcase> <!-- purchaseApi -->
  <testcase classname="s2s.stateCode" name="purchaseApi" time="58.554">
    <system-out>
      <![CDATA[Generated Random Double: 73.73
Generated First Name: john4e5
Generated Email: nairobiPalermocee40@gmail.com
Purchase created successfully with ID: 69661a2cd6d5b563393c8d84
User enter ID in Username field
User Enter Password in password field
Click on submit button in login page
S2S call successful on attempt 1
Redirected URL: https://staging.paysecure.net/getResponse.jsp?issucces=true
FAIL → Payment succeeded but expected to fail
 Opened staging environment in a new browser tab
User enter ID in Username field
User Enter Password in password field
Click on submit button in login page
 Entered Transaction ID: 69661a2cd6d5b563393c8d84
 Clicked on Search button
 Clicked on Search button
 Clicked on first Transaction ID from list
Purchase Transaction ID is not empty or not null
stateCode accepted by API: (blank)]]>
    </system-out>
  </testcase> <!-- purchaseApi -->
  <testcase classname="s2s.stateCode" name="purchaseApi" time="64.310">
    <system-out>
      <![CDATA[Generated Random Double: 52.01
Generated First Name: johna51
Generated Email: nairobiPalermo4f39e@gmail.com
Purchase created successfully with ID: 6966193dd6d5b563393c7e4d
User enter ID in Username field
User Enter Password in password field
Click on submit button in login page
S2S call successful on attempt 1
Redirected URL: https://staging.paysecure.net/getResponse.jsp?issucces=true
FAIL → Payment succeeded but expected to fail
 Opened staging environment in a new browser tab
User enter ID in Username field
User Enter Password in password field
Click on submit button in login page
 Entered Transaction ID: 6966193dd6d5b563393c7e4d
 Clicked on Search button
 Clicked on Search button
 Clicked on first Transaction ID from list
Purchase Transaction ID is not empty or not null
stateCode accepted by API: C4]]>
    </system-out>
  </testcase> <!-- purchaseApi -->
  <system-out>
    <![CDATA[Generated Random Double: 48.32
Generated First Name: john532
Generated Email: nairobiPalermo16002@gmail.com
Purchase created successfully with ID: 696617dcd6d5b563393c645f
User enter ID in Username field
User Enter Password in password field
Click on submit button in login page
S2S call successful on attempt 1
Redirected URL: https://staging.paysecure.net/getResponse.jsp?issucces=true
PASS → Payment succeeded as expected
 Opened staging environment in a new browser tab
User enter ID in Username field
User Enter Password in password field
Click on submit button in login page
 Entered Transaction ID: 696617dcd6d5b563393c645f
 Clicked on Search button
 Clicked on Search button
 Clicked on first Transaction ID from list
Purchase Transaction ID is not empty or not null
stateCode accepted by API: QLD
Generated Random Double: 13.90
Generated First Name: johnddc
Generated Email: nairobiPalermod0443@gmail.com
Purchase created successfully with ID: 6966181dd6d5b563393c6777
User enter ID in Username field
User Enter Password in password field
Click on submit button in login page
S2S call successful on attempt 1
Redirected URL: https://staging.paysecure.net/getResponse.jsp?issucces=true
PASS → Payment succeeded as expected
 Opened staging environment in a new browser tab
User enter ID in Username field
User Enter Password in password field
Click on submit button in login page
 Entered Transaction ID: 6966181dd6d5b563393c6777
 Clicked on Search button
 Clicked on Search button
 Clicked on first Transaction ID from list
Purchase Transaction ID is not empty or not null
stateCode accepted by API: QLD
Generated Random Double: 91.81
Generated First Name: johna2b
Generated Email: nairobiPalermoc8d20@gmail.com
Purchase created successfully with ID: 69661855d6d5b563393c6a80
User enter ID in Username field
User Enter Password in password field
Click on submit button in login page
S2S call successful on attempt 1
Redirected URL: https://staging.paysecure.net/getResponse.jsp?issucces=true
PASS → Payment succeeded as expected
 Opened staging environment in a new browser tab
User enter ID in Username field
User Enter Password in password field
Click on submit button in login page
 Entered Transaction ID: 69661855d6d5b563393c6a80
 Clicked on Search button
 Clicked on Search button
 Clicked on first Transaction ID from list
Purchase Transaction ID is not empty or not null
stateCode accepted by API: NSW
Generated Random Double: 84.38
Generated First Name: john75f
Generated Email: nairobiPalermo11c5f@gmail.com
Purchase created successfully with ID: 69661892d6d5b563393c7180
User enter ID in Username field
User Enter Password in password field
Click on submit button in login page
S2S call successful on attempt 1
Redirected URL: https://staging.paysecure.net/getResponse.jsp?issucces=true
PASS → Payment succeeded as expected
 Opened staging environment in a new browser tab
User enter ID in Username field
User Enter Password in password field
Click on submit button in login page
 Entered Transaction ID: 69661892d6d5b563393c7180
 Clicked on Search button
 Clicked on Search button
 Clicked on first Transaction ID from list
Purchase Transaction ID is not empty or not null
stateCode accepted by API: NSW
Generated Random Double: 47.49
Generated First Name: johnfee
Generated Email: nairobiPalermob3741@gmail.com
Purchase created successfully with ID: 696618cad6d5b563393c7801
User enter ID in Username field
User Enter Password in password field
Click on submit button in login page
S2S call successful on attempt 1
Redirected URL: https://staging.paysecure.net/getResponse.jsp?issucces=true
FAIL → Payment succeeded but expected to fail
 Opened staging environment in a new browser tab
User enter ID in Username field
User Enter Password in password field
Click on submit button in login page
 Entered Transaction ID: 696618cad6d5b563393c7801
 Clicked on Search button
 Clicked on Search button
 Clicked on first Transaction ID from list
Purchase Transaction ID is not empty or not null
stateCode accepted by API: QLDD
Generated Random Double: 48.43
Generated First Name: john189
Generated Email: nairobiPalermoc7b09@gmail.com
Purchase created successfully with ID: 6966190ad6d5b563393c7b2f
User enter ID in Username field
User Enter Password in password field
Click on submit button in login page
S2S call successful on attempt 1
Redirected URL: https://staging.paysecure.net/getResponse.jsp?issucces=true
FAIL → Payment succeeded but expected to fail
 Opened staging environment in a new browser tab
User enter ID in Username field
User Enter Password in password field
Click on submit button in login page
 Entered Transaction ID: 6966190ad6d5b563393c7b2f
 Clicked on Search button
 Clicked on Search button
 Clicked on first Transaction ID from list
Purchase Transaction ID is not empty or not null
stateCode accepted by API: QLDD
Generated Random Double: 52.01
Generated First Name: johna51
Generated Email: nairobiPalermo4f39e@gmail.com
Purchase created successfully with ID: 6966193dd6d5b563393c7e4d
User enter ID in Username field
User Enter Password in password field
Click on submit button in login page
S2S call successful on attempt 1
Redirected URL: https://staging.paysecure.net/getResponse.jsp?issucces=true
FAIL → Payment succeeded but expected to fail
 Opened staging environment in a new browser tab
User enter ID in Username field
User Enter Password in password field
Click on submit button in login page
 Entered Transaction ID: 6966193dd6d5b563393c7e4d
 Clicked on Search button
 Clicked on Search button
 Clicked on first Transaction ID from list
Purchase Transaction ID is not empty or not null
stateCode accepted by API: C4
Generated Random Double: 18.33
Generated First Name: johna1b
Generated Email: nairobiPalermo9897d@gmail.com
Purchase created successfully with ID: 6966197ed6d5b563393c8163
User enter ID in Username field
User Enter Password in password field
Click on submit button in login page
S2S call successful on attempt 1
Redirected URL: https://staging.paysecure.net/getResponse.jsp?issucces=true
FAIL → Payment succeeded but expected to fail
 Opened staging environment in a new browser tab
User enter ID in Username field
User Enter Password in password field
Click on submit button in login page
 Entered Transaction ID: 6966197ed6d5b563393c8163
 Clicked on Search button
 Clicked on Search button
 Clicked on first Transaction ID from list
Purchase Transaction ID is not empty or not null
stateCode accepted by API: C4
Generated Random Double: 0.88
Generated First Name: johnd14
Generated Email: nairobiPalermo91e4d@gmail.com
Purchase created successfully with ID: 696619b7d6d5b563393c8471
User enter ID in Username field
User Enter Password in password field
Click on submit button in login page
S2S call successful on attempt 1
Redirected URL: https://staging.paysecure.net/getResponse.jsp?issucces=true
FAIL → Payment succeeded but expected to fail
 Opened staging environment in a new browser tab
User enter ID in Username field
User Enter Password in password field
Click on submit button in login page
 Entered Transaction ID: 696619b7d6d5b563393c8471
 Clicked on Search button
 Clicked on Search button
 Clicked on first Transaction ID from list
Purchase Transaction ID is not empty or not null
stateCode accepted by API: @
Generated Random Double: 79.75
Generated First Name: john760
Generated Email: nairobiPalermoe9c6d@gmail.com
Purchase created successfully with ID: 696619f5d6d5b563393c8799
User enter ID in Username field
User Enter Password in password field
Click on submit button in login page
S2S call successful on attempt 1
Redirected URL: https://staging.paysecure.net/getResponse.jsp?issucces=true
FAIL → Payment succeeded but expected to fail
 Opened staging environment in a new browser tab
User enter ID in Username field
User Enter Password in password field
Click on submit button in login page
 Entered Transaction ID: 696619f5d6d5b563393c8799
 Clicked on Search button
 Clicked on Search button
 Clicked on first Transaction ID from list
Purchase Transaction ID is not empty or not null
stateCode accepted by API: @
Generated Random Double: 73.73
Generated First Name: john4e5
Generated Email: nairobiPalermocee40@gmail.com
Purchase created successfully with ID: 69661a2cd6d5b563393c8d84
User enter ID in Username field
User Enter Password in password field
Click on submit button in login page
S2S call successful on attempt 1
Redirected URL: https://staging.paysecure.net/getResponse.jsp?issucces=true
FAIL → Payment succeeded but expected to fail
 Opened staging environment in a new browser tab
User enter ID in Username field
User Enter Password in password field
Click on submit button in login page
 Entered Transaction ID: 69661a2cd6d5b563393c8d84
 Clicked on Search button
 Clicked on Search button
 Clicked on first Transaction ID from list
Purchase Transaction ID is not empty or not null
stateCode accepted by API: (blank)
Generated Random Double: 82.85
Generated First Name: john200
Generated Email: nairobiPalermoc3dcd@gmail.com
Purchase created successfully with ID: 69661a67d6d5b563393c9098
User enter ID in Username field
User Enter Password in password field
Click on submit button in login page
S2S call successful on attempt 1
Redirected URL: https://staging.paysecure.net/getResponse.jsp?issucces=true
FAIL → Payment succeeded but expected to fail
 Opened staging environment in a new browser tab
User enter ID in Username field
User Enter Password in password field
Click on submit button in login page
 Entered Transaction ID: 69661a67d6d5b563393c9098
 Clicked on Search button
 Clicked on Search button
 Clicked on first Transaction ID from list
Purchase Transaction ID is not empty or not null
stateCode accepted by API: (blank)
Generated Random Double: 8.74
Generated First Name: john85b
Generated Email: nairobiPalermo1f4af@gmail.com
stateCode rejected by API: null
PASS → stateCode rejected correctly null
Generated Random Double: 38.81
Generated First Name: john57c
Generated Email: nairobiPalermof692f@gmail.com
Purchase created successfully with ID: 69661aa7d6d5b563393c93ab
User enter ID in Username field
User Enter Password in password field
Click on submit button in login page
S2S call successful on attempt 1
Redirected URL: https://staging.paysecure.net/getResponse.jsp?issucces=true
FAIL → Payment succeeded but expected to fail
 Opened staging environment in a new browser tab
User enter ID in Username field
User Enter Password in password field
Click on submit button in login page
 Entered Transaction ID: 69661aa7d6d5b563393c93ab
 Clicked on Search button
 Clicked on Search button
 Clicked on first Transaction ID from list
Purchase Transaction ID is not empty or not null
stateCode accepted by API: null
Generated Random Double: 47.73
Generated First Name: john0c2
Generated Email: nairobiPalermo73f77@gmail.com
Purchase created successfully with ID: 69661adcd6d5b563393c96b9
User enter ID in Username field
User Enter Password in password field
Click on submit button in login page
S2S call successful on attempt 1
Redirected URL: https://staging.paysecure.net/getResponse.jsp?issucces=true
PASS → Payment succeeded as expected
 Opened staging environment in a new browser tab
User enter ID in Username field
User Enter Password in password field
Click on submit button in login page
 Entered Transaction ID: 69661adcd6d5b563393c96b9
 Clicked on Search button
 Clicked on Search button
 Clicked on first Transaction ID from list
Purchase Transaction ID is not empty or not null
stateCode accepted by API: XYZ
Generated Random Double: 21.17
Generated First Name: johnef6
Generated Email: nairobiPalermoffb03@gmail.com
Purchase created successfully with ID: 69661b16d6d5b563393c99ce
User enter ID in Username field
User Enter Password in password field
Click on submit button in login page
S2S call successful on attempt 1
Redirected URL: https://staging.paysecure.net/getResponse.jsp?issucces=true
PASS → Payment succeeded as expected
 Opened staging environment in a new browser tab
User enter ID in Username field
User Enter Password in password field
Click on submit button in login page
 Entered Transaction ID: 69661b16d6d5b563393c99ce
 Clicked on Search button
 Clicked on Search button
 Clicked on first Transaction ID from list
Purchase Transaction ID is not empty or not null
stateCode accepted by API: XYZ
Generated Random Double: 95.25
Generated First Name: john50b
Generated Email: nairobiPalermob31c3@gmail.com
Purchase created successfully with ID: 69661b4fd6d5b563393ca0da
User enter ID in Username field
User Enter Password in password field
Click on submit button in login page
S2S call successful on attempt 1
Redirected URL: https://staging.paysecure.net/getResponse.jsp?issucces=true
PASS → Payment succeeded as expected
 Opened staging environment in a new browser tab
User enter ID in Username field
User Enter Password in password field
Click on submit button in login page
 Entered Transaction ID: 69661b4fd6d5b563393ca0da
 Clicked on Search button
 Clicked on Search button
 Clicked on first Transaction ID from list
Purchase Transaction ID is not empty or not null
stateCode accepted by API: MUM
Generated Random Double: 15.68
Generated First Name: johnd82
Generated Email: nairobiPalermo92948@gmail.com
Purchase created successfully with ID: 69661b8ed6d5b563393ca3ed
User enter ID in Username field
User Enter Password in password field
Click on submit button in login page
S2S call successful on attempt 1
Redirected URL: https://staging.paysecure.net/getResponse.jsp?issucces=true
PASS → Payment succeeded as expected
 Opened staging environment in a new browser tab
User enter ID in Username field
User Enter Password in password field
Click on submit button in login page
 Entered Transaction ID: 69661b8ed6d5b563393ca3ed
 Clicked on Search button
 Clicked on Search button
 Clicked on first Transaction ID from list
Purchase Transaction ID is not empty or not null
stateCode accepted by API: MUM]]>
  </system-out>
</testsuite> <!-- s2s.stateCode -->
