<?xml version="1.0" encoding="UTF-8"?>
<!-- Generated by org.testng.reporters.JUnitReportReporter -->
<testsuite hostname="PS-L6" failures="0" tests="1" name="s2s.city" time="91.891" errors="0" timestamp="2026-01-01T17:37:44 IST" skipped="0">
  <testcase classname="s2s.city" name="purchaseApi" time="91.891">
    <system-out>
      <![CDATA[Generated Random Double: 10.04
Generated First Name: john4b5
Generated Email: nairobiPalermobda25@gmail.com
Purchase created successfully with ID: 69566345d115b7038739053e
User enter ID in Username field
User Enter Password in password field
Click on submit button in login page
S2S call successful on attempt 1
Redirected URL: https://staging.paysecure.net/getResponse.jsp?issucces=true
PASS → Payment succeeded as expected
 Opened staging environment in a new browser tab
User enter ID in Username field
User Enter Password in password field
Click on submit button in login page
 Entered Transaction ID: 69566345d115b7038739053e
 Clicked on Search button
 Clicked on Search button
 Clicked on first Transaction ID from list
Purchase Transaction ID is not empty or not null
city accepted by API: London]]>
    </system-out>
  </testcase> <!-- purchaseApi -->
  <system-out>
    <![CDATA[Generated Random Double: 10.04
Generated First Name: john4b5
Generated Email: nairobiPalermobda25@gmail.com
Purchase created successfully with ID: 69566345d115b7038739053e
User enter ID in Username field
User Enter Password in password field
Click on submit button in login page
S2S call successful on attempt 1
Redirected URL: https://staging.paysecure.net/getResponse.jsp?issucces=true
PASS → Payment succeeded as expected
 Opened staging environment in a new browser tab
User enter ID in Username field
User Enter Password in password field
Click on submit button in login page
 Entered Transaction ID: 69566345d115b7038739053e
 Clicked on Search button
 Clicked on Search button
 Clicked on first Transaction ID from list
Purchase Transaction ID is not empty or not null
city accepted by API: London]]>
  </system-out>
</testsuite> <!-- s2s.city -->
