<?xml version="1.0" encoding="UTF-8"?>
<!-- Generated by org.testng.reporters.JUnitReportReporter -->
<testsuite hostname="PS-L6" failures="0" tests="2" name="s2s.city" time="125.733" errors="0" timestamp="2026-01-12T18:25:31 IST" skipped="0">
  <testcase classname="s2s.city" name="purchaseApi" time="73.267">
    <system-out>
      <![CDATA[Generated Random Double: 59.56
Generated First Name: john296
Generated Email: nairobiPalermoec2ca@gmail.com
Purchase created successfully with ID: 6964eed7daf29e91e69187ce
User enter ID in Username field
User Enter Password in password field
Click on submit button in login page
S2S call successful on attempt 1
Redirected URL: https://staging.paysecure.net/getResponse.jsp?issucces=true
Payment succeeded as expected
 Opened staging environment in a new browser tab
User enter ID in Username field
User Enter Password in password field
Click on submit button in login page
 Entered Transaction ID: 6964eed7daf29e91e69187ce
 Clicked on Search button
 Clicked on Search button
 Clicked on first Transaction ID from list
Purchase Transaction ID is not empty or not null]]>
    </system-out>
  </testcase> <!-- purchaseApi -->
  <testcase classname="s2s.city" name="purchaseApi" time="52.466">
    <system-out>
      <![CDATA[Generated Random Double: 50.80
Generated First Name: johnd8e
Generated Email: nairobiPalermo8cf06@gmail.com
Purchase created successfully with ID: 6964ef17daf29e91e6918af2
User enter ID in Username field
User Enter Password in password field
Click on submit button in login page
S2S call successful on attempt 1
Redirected URL: https://staging.paysecure.net/getResponse.jsp?issucces=true
Payment succeeded as expected
 Opened staging environment in a new browser tab
User enter ID in Username field
User Enter Password in password field
Click on submit button in login page
 Entered Transaction ID: 6964ef17daf29e91e6918af2
 Clicked on Search button
 Clicked on Search button
 Clicked on first Transaction ID from list
Purchase Transaction ID is not empty or not null]]>
    </system-out>
  </testcase> <!-- purchaseApi -->
  <system-out>
    <![CDATA[Generated Random Double: 59.56
Generated First Name: john296
Generated Email: nairobiPalermoec2ca@gmail.com
Purchase created successfully with ID: 6964eed7daf29e91e69187ce
User enter ID in Username field
User Enter Password in password field
Click on submit button in login page
S2S call successful on attempt 1
Redirected URL: https://staging.paysecure.net/getResponse.jsp?issucces=true
Payment succeeded as expected
 Opened staging environment in a new browser tab
User enter ID in Username field
User Enter Password in password field
Click on submit button in login page
 Entered Transaction ID: 6964eed7daf29e91e69187ce
 Clicked on Search button
 Clicked on Search button
 Clicked on first Transaction ID from list
Purchase Transaction ID is not empty or not null
Generated Random Double: 50.80
Generated First Name: johnd8e
Generated Email: nairobiPalermo8cf06@gmail.com
Purchase created successfully with ID: 6964ef17daf29e91e6918af2
User enter ID in Username field
User Enter Password in password field
Click on submit button in login page
S2S call successful on attempt 1
Redirected URL: https://staging.paysecure.net/getResponse.jsp?issucces=true
Payment succeeded as expected
 Opened staging environment in a new browser tab
User enter ID in Username field
User Enter Password in password field
Click on submit button in login page
 Entered Transaction ID: 6964ef17daf29e91e6918af2
 Clicked on Search button
 Clicked on Search button
 Clicked on first Transaction ID from list
Purchase Transaction ID is not empty or not null]]>
  </system-out>
</testsuite> <!-- s2s.city -->
