<?xml version="1.0" encoding="UTF-8"?>
<!-- Generated by org.testng.reporters.JUnitReportReporter -->
<testsuite hostname="PS-L51" failures="0" tests="1" name="purchase.email" time="366.256" errors="0" timestamp="2026-04-07T12:08:32 IST" skipped="0">
  <testcase classname="purchase.email" name="Purchase" time="366.256">
    <system-out>
      <![CDATA[Email test case will run for this PSP: payable-pix
Amount Inputs → Min: 1.0, Max: 2500.0, Provided: 249.0
✅ Amount within valid range. Using exact value: 249.0
Generated First Name: div385
Purchase ID: 69d4a50c8519a51154903e42
Checkout URL: https://test4.paymentsclub.net/payments/967224f298aa974e494b177f46b62b15/
Email: test123@example.com → HTTP Status: 202
Response Body: {
    "purchaseId": "69d4a50c8519a51154903e42",
    "client": {
        "customerId": "NA",
        "email": "test123@example.com",
        "phone": "+1111111111",
        "full_name": "div385",
        "street_address": "Main gate",
        "country": "US",
        "city": "Paris",
        "zip_code": "20001",
        "cc": [
            
        ],
        "bcc": [
            
        ],
        "stateCode": "QLD"
    },
    "updated_on": 1775543564,
    "type": "purchase",
    "paymentMethod": "VISA",
    "amountUnit": "MAJOR",
    "errorMsg": "",
    "errorCode": "NA",
    "force_recurring": false,
    "created_on": 1775543564,
    "merchantRef": "69d4a50c8519a51154903e42",
    "purchase": {
        "currency": "EUR",
        "products": [
            {
                "name": "Cricket bat",
                "quantity": 1.0,
                "price": 249.0,
                "discount": 0,
                "tax_percent": "0.00"
            }
        ],
        "total": 249.0,
        "requestAmount": 249.0,
        "language": "en",
        "notes": "",
        "debt": 0,
        "total_formatted": 1.0,
        "taxAmount": 0.0,
        "taxPercent": 0.0,
        "request_client_details": [
            
        ],
        "email_message": ""
    },
    "issuer_details": {
        "website": "",
        "legal_street_address": "",
        "legal_country": "",
        "legal_city": "",
        "legal_zip_code": "",
        "bank_accounts": [
            {
                
            }
        ],
        "legal_name": "denver",
        "brand_name": "denver",
        "registration_number": "",
        "tax_number": ""
    },
    "transaction_data": {
        "payment_method": "",
        "flow": "payform",
        "extra": {
            
        },
        "country": "",
        "attempts": [
            
        ]
    },
    "status": "CREATED",
    "status_history": [
        {
            "status": "created",
            "timestamp": 1775543564
        }
    ],
    "is_test": false,
    "brand_id": "b3fa5988-af84-4494-b36d-41595221a666",
    "send_receipt": false,
    "is_recurring_token": false,
    "skip_capture": false,
    "reference_generated": "PS1009",
    "issued": "2026-04-07",
    "due": 1775543564,
    "refund_upto": 0,
    "cc_descriptor": "",
    "fraudScore": "NA",
    "trustScore": "NA",
    "extraFee": "0",
    "paidOn": 0,
    "receivedAmt": 0.0,
    "taxAmount": 0.0,
    "surcharge": 0.0,
    "surchargeType": "",
    "sessionId": "",
    "refund_availability": "NONE",
    "refundable_amount": 0.0,
    "success_redirect": "https://staging.paysecure.net/getResponse.jsp?issucces=true",
    "failure_redirect": "https://staging.paysecure.net/getResponse.jsp?issucces=false",
    "cancel_redirect": "",
    "success_callback": "https://www.google.com/",
    "failure_callback": "https://staging.paysecure.net/merchant",
    "platform": "API",
    "created_from_ip": "103.80.161.238",
    "checkout_url": "https://test4.paymentsclub.net/payments/967224f298aa974e494b177f46b62b15/",
    "direct_post_url": "https://test4.paymentsclub.net/api/v1/p/69d4a50c8519a51154903e42/",
    "payoutProcess": false
}
Email accepted by API: test123@example.com
Transaction status OK → proceeding with payment flow
Entered Card Holder Name: Hamza Sher A Baloch
Entered Card Number: 4012001037484447
Entered Card Expiry Date: 12/30
Entered Card CVV: 123
Moved to the Pay button
Clicked on the Pay button to proceed with payment
Redirected URL: https://staging.paysecure.net/getResponse.jsp?issucces=false
FAIL → Payment outcome did not match expectation]]>
    </system-out>
  </testcase> <!-- Purchase -->
  <system-out>
    <![CDATA[User enter ID in Username field
User Enter Password in password field
Click on submit button in login page
Email test case will run for this PSP: payable-pix
Amount Inputs → Min: 1.0, Max: 2500.0, Provided: 249.0
✅ Amount within valid range. Using exact value: 249.0
Generated First Name: div385
Purchase ID: 69d4a50c8519a51154903e42
Checkout URL: https://test4.paymentsclub.net/payments/967224f298aa974e494b177f46b62b15/
Email: test123@example.com → HTTP Status: 202
Response Body: {
    "purchaseId": "69d4a50c8519a51154903e42",
    "client": {
        "customerId": "NA",
        "email": "test123@example.com",
        "phone": "+1111111111",
        "full_name": "div385",
        "street_address": "Main gate",
        "country": "US",
        "city": "Paris",
        "zip_code": "20001",
        "cc": [
            
        ],
        "bcc": [
            
        ],
        "stateCode": "QLD"
    },
    "updated_on": 1775543564,
    "type": "purchase",
    "paymentMethod": "VISA",
    "amountUnit": "MAJOR",
    "errorMsg": "",
    "errorCode": "NA",
    "force_recurring": false,
    "created_on": 1775543564,
    "merchantRef": "69d4a50c8519a51154903e42",
    "purchase": {
        "currency": "EUR",
        "products": [
            {
                "name": "Cricket bat",
                "quantity": 1.0,
                "price": 249.0,
                "discount": 0,
                "tax_percent": "0.00"
            }
        ],
        "total": 249.0,
        "requestAmount": 249.0,
        "language": "en",
        "notes": "",
        "debt": 0,
        "total_formatted": 1.0,
        "taxAmount": 0.0,
        "taxPercent": 0.0,
        "request_client_details": [
            
        ],
        "email_message": ""
    },
    "issuer_details": {
        "website": "",
        "legal_street_address": "",
        "legal_country": "",
        "legal_city": "",
        "legal_zip_code": "",
        "bank_accounts": [
            {
                
            }
        ],
        "legal_name": "denver",
        "brand_name": "denver",
        "registration_number": "",
        "tax_number": ""
    },
    "transaction_data": {
        "payment_method": "",
        "flow": "payform",
        "extra": {
            
        },
        "country": "",
        "attempts": [
            
        ]
    },
    "status": "CREATED",
    "status_history": [
        {
            "status": "created",
            "timestamp": 1775543564
        }
    ],
    "is_test": false,
    "brand_id": "b3fa5988-af84-4494-b36d-41595221a666",
    "send_receipt": false,
    "is_recurring_token": false,
    "skip_capture": false,
    "reference_generated": "PS1009",
    "issued": "2026-04-07",
    "due": 1775543564,
    "refund_upto": 0,
    "cc_descriptor": "",
    "fraudScore": "NA",
    "trustScore": "NA",
    "extraFee": "0",
    "paidOn": 0,
    "receivedAmt": 0.0,
    "taxAmount": 0.0,
    "surcharge": 0.0,
    "surchargeType": "",
    "sessionId": "",
    "refund_availability": "NONE",
    "refundable_amount": 0.0,
    "success_redirect": "https://staging.paysecure.net/getResponse.jsp?issucces=true",
    "failure_redirect": "https://staging.paysecure.net/getResponse.jsp?issucces=false",
    "cancel_redirect": "",
    "success_callback": "https://www.google.com/",
    "failure_callback": "https://staging.paysecure.net/merchant",
    "platform": "API",
    "created_from_ip": "103.80.161.238",
    "checkout_url": "https://test4.paymentsclub.net/payments/967224f298aa974e494b177f46b62b15/",
    "direct_post_url": "https://test4.paymentsclub.net/api/v1/p/69d4a50c8519a51154903e42/",
    "payoutProcess": false
}
Email accepted by API: test123@example.com
Transaction status OK → proceeding with payment flow
Entered Card Holder Name: Hamza Sher A Baloch
Entered Card Number: 4012001037484447
Entered Card Expiry Date: 12/30
Entered Card CVV: 123
Moved to the Pay button
Clicked on the Pay button to proceed with payment
Redirected URL: https://staging.paysecure.net/getResponse.jsp?issucces=false
FAIL → Payment outcome did not match expectation]]>
  </system-out>
</testsuite> <!-- purchase.email -->
