<?xml version="1.0" encoding="UTF-8"?>
<!-- Generated by org.testng.reporters.JUnitReportReporter -->
<testsuite hostname="PS-L73" failures="10" tests="10" name="PspWithoutCards.easybuzzNetBanking" time="7605.698" errors="0" timestamp="2026-01-12T18:03:38 IST" skipped="0">
  <testcase classname="PspWithoutCards.easybuzzNetBanking" name="purchase" time="496.933">
    <failure message="Transaction ID mismatch expected [6964e07b963d57143799ab31] but found []" type="java.lang.AssertionError">
      <![CDATA[java.lang.AssertionError: Transaction ID mismatch expected [6964e07b963d57143799ab31] but found []
at org.testng.Assert.fail(Assert.java:111)
at org.testng.Assert.failNotEquals(Assert.java:1590)
at org.testng.Assert.assertEqualsImpl(Assert.java:150)
at org.testng.Assert.assertEquals(Assert.java:132)
at org.testng.Assert.assertEquals(Assert.java:656)
at com.paysecure.Page.transactionPage.verifyTxnId(transactionPage.java:192)
at PspWithoutCards.easybuzzNetBanking.purchase(easybuzzNetBanking.java:180)
at java.base/jdk.internal.reflect.DirectMethodHandleAccessor.invoke(DirectMethodHandleAccessor.java:103)
at java.base/java.lang.reflect.Method.invoke(Method.java:580)
at org.testng.internal.invokers.MethodInvocationHelper.invokeMethod(MethodInvocationHelper.java:141)
at org.testng.internal.invokers.TestInvoker.invokeMethod(TestInvoker.java:687)
at org.testng.internal.invokers.TestInvoker.invokeTestMethod(TestInvoker.java:230)
at org.testng.internal.invokers.MethodRunner.runInSequence(MethodRunner.java:63)
at org.testng.internal.invokers.TestInvoker$MethodInvocationAgent.invoke(TestInvoker.java:995)
at org.testng.internal.invokers.TestInvoker.invokeTestMethods(TestInvoker.java:203)
at org.testng.internal.invokers.TestMethodWorker.invokeTestMethods(TestMethodWorker.java:154)
at org.testng.internal.invokers.TestMethodWorker.run(TestMethodWorker.java:134)
at java.base/java.util.ArrayList.forEach(ArrayList.java:1596)
at org.testng.TestRunner.privateRun(TestRunner.java:741)
at org.testng.TestRunner.run(TestRunner.java:616)
at org.testng.SuiteRunner.runTest(SuiteRunner.java:421)
at org.testng.SuiteRunner.runSequentially(SuiteRunner.java:413)
at org.testng.SuiteRunner.privateRun(SuiteRunner.java:373)
at org.testng.SuiteRunner.run(SuiteRunner.java:312)
at org.testng.SuiteRunnerWorker.runSuite(SuiteRunnerWorker.java:52)
at org.testng.SuiteRunnerWorker.run(SuiteRunnerWorker.java:95)
at org.testng.TestNG.runSuitesSequentially(TestNG.java:1274)
at org.testng.TestNG.runSuitesLocally(TestNG.java:1208)
at org.testng.TestNG.runSuites(TestNG.java:1112)
at org.testng.TestNG.run(TestNG.java:1079)
at org.testng.remote.AbstractRemoteTestNG.run(AbstractRemoteTestNG.java:115)
at org.testng.remote.RemoteTestNG.initAndRun(RemoteTestNG.java:293)
at org.testng.remote.RemoteTestNG.main(RemoteTestNG.java:91)
]]>
    </failure>
    <system-out>
      <![CDATA[Generated Random Double: 1.76
Generated First Name: johne52
Generated Email: nairobiPalermo0c7fc@gmail.com
purchaseId is not null
purchaseId is not empty
purchaseId format is valid: 6964e07b963d57143799ab31
purchaseId length is 24
purchaseId validated successfully: 6964e07b963d57143799ab31
Redirected URL: https://staging.paysecure.net/getResponse.jsp?issucces=true
Payment Successfully
 Opened staging environment in a new browser tab
User enter ID in Username field
User Enter Password in password field
Click on submit button in login page
 Entered Transaction ID: 6964e07b963d57143799ab31
 Clicked on Search button
UI transaction ID: 
API transaction ID: 6964e07b963d57143799ab31]]>
    </system-out>
  </testcase> <!-- purchase -->
  <testcase classname="PspWithoutCards.easybuzzNetBanking" name="purchase" time="501.621">
    <failure message="Transaction ID mismatch expected [6964e64f963d57143799cf3b] but found []" type="java.lang.AssertionError">
      <![CDATA[java.lang.AssertionError: Transaction ID mismatch expected [6964e64f963d57143799cf3b] but found []
at org.testng.Assert.fail(Assert.java:111)
at org.testng.Assert.failNotEquals(Assert.java:1590)
at org.testng.Assert.assertEqualsImpl(Assert.java:150)
at org.testng.Assert.assertEquals(Assert.java:132)
at org.testng.Assert.assertEquals(Assert.java:656)
at com.paysecure.Page.transactionPage.verifyTxnId(transactionPage.java:192)
at PspWithoutCards.easybuzzNetBanking.purchase(easybuzzNetBanking.java:180)
at java.base/jdk.internal.reflect.DirectMethodHandleAccessor.invoke(DirectMethodHandleAccessor.java:103)
at java.base/java.lang.reflect.Method.invoke(Method.java:580)
at org.testng.internal.invokers.MethodInvocationHelper.invokeMethod(MethodInvocationHelper.java:141)
at org.testng.internal.invokers.TestInvoker.invokeMethod(TestInvoker.java:687)
at org.testng.internal.invokers.TestInvoker.invokeTestMethod(TestInvoker.java:230)
at org.testng.internal.invokers.MethodRunner.runInSequence(MethodRunner.java:63)
at org.testng.internal.invokers.TestInvoker$MethodInvocationAgent.invoke(TestInvoker.java:995)
at org.testng.internal.invokers.TestInvoker.invokeTestMethods(TestInvoker.java:203)
at org.testng.internal.invokers.TestMethodWorker.invokeTestMethods(TestMethodWorker.java:154)
at org.testng.internal.invokers.TestMethodWorker.run(TestMethodWorker.java:134)
at java.base/java.util.ArrayList.forEach(ArrayList.java:1596)
at org.testng.TestRunner.privateRun(TestRunner.java:741)
at org.testng.TestRunner.run(TestRunner.java:616)
at org.testng.SuiteRunner.runTest(SuiteRunner.java:421)
at org.testng.SuiteRunner.runSequentially(SuiteRunner.java:413)
at org.testng.SuiteRunner.privateRun(SuiteRunner.java:373)
at org.testng.SuiteRunner.run(SuiteRunner.java:312)
at org.testng.SuiteRunnerWorker.runSuite(SuiteRunnerWorker.java:52)
at org.testng.SuiteRunnerWorker.run(SuiteRunnerWorker.java:95)
at org.testng.TestNG.runSuitesSequentially(TestNG.java:1274)
at org.testng.TestNG.runSuitesLocally(TestNG.java:1208)
at org.testng.TestNG.runSuites(TestNG.java:1112)
at org.testng.TestNG.run(TestNG.java:1079)
at org.testng.remote.AbstractRemoteTestNG.run(AbstractRemoteTestNG.java:115)
at org.testng.remote.RemoteTestNG.initAndRun(RemoteTestNG.java:293)
at org.testng.remote.RemoteTestNG.main(RemoteTestNG.java:91)
]]>
    </failure>
    <system-out>
      <![CDATA[Generated Random Double: 10.95
Generated First Name: john46d
Generated Email: nairobiPalermo8ba58@gmail.com
purchaseId is not null
purchaseId is not empty
purchaseId format is valid: 6964e64f963d57143799cf3b
purchaseId length is 24
purchaseId validated successfully: 6964e64f963d57143799cf3b
Redirected URL: https://staging.paysecure.net/getResponse.jsp?issucces=true
Payment Successfully
 Opened staging environment in a new browser tab
User enter ID in Username field
User Enter Password in password field
Click on submit button in login page
 Entered Transaction ID: 6964e64f963d57143799cf3b
 Clicked on Search button
UI transaction ID: 
API transaction ID: 6964e64f963d57143799cf3b]]>
    </system-out>
  </testcase> <!-- purchase -->
  <testcase classname="PspWithoutCards.easybuzzNetBanking" name="purchase" time="504.427">
    <failure message="Transaction ID mismatch expected [6964e843963d57143799f4cf] but found []" type="java.lang.AssertionError">
      <![CDATA[java.lang.AssertionError: Transaction ID mismatch expected [6964e843963d57143799f4cf] but found []
at org.testng.Assert.fail(Assert.java:111)
at org.testng.Assert.failNotEquals(Assert.java:1590)
at org.testng.Assert.assertEqualsImpl(Assert.java:150)
at org.testng.Assert.assertEquals(Assert.java:132)
at org.testng.Assert.assertEquals(Assert.java:656)
at com.paysecure.Page.transactionPage.verifyTxnId(transactionPage.java:192)
at PspWithoutCards.easybuzzNetBanking.purchase(easybuzzNetBanking.java:180)
at java.base/jdk.internal.reflect.DirectMethodHandleAccessor.invoke(DirectMethodHandleAccessor.java:103)
at java.base/java.lang.reflect.Method.invoke(Method.java:580)
at org.testng.internal.invokers.MethodInvocationHelper.invokeMethod(MethodInvocationHelper.java:141)
at org.testng.internal.invokers.TestInvoker.invokeMethod(TestInvoker.java:687)
at org.testng.internal.invokers.TestInvoker.invokeTestMethod(TestInvoker.java:230)
at org.testng.internal.invokers.MethodRunner.runInSequence(MethodRunner.java:63)
at org.testng.internal.invokers.TestInvoker$MethodInvocationAgent.invoke(TestInvoker.java:995)
at org.testng.internal.invokers.TestInvoker.invokeTestMethods(TestInvoker.java:203)
at org.testng.internal.invokers.TestMethodWorker.invokeTestMethods(TestMethodWorker.java:154)
at org.testng.internal.invokers.TestMethodWorker.run(TestMethodWorker.java:134)
at java.base/java.util.ArrayList.forEach(ArrayList.java:1596)
at org.testng.TestRunner.privateRun(TestRunner.java:741)
at org.testng.TestRunner.run(TestRunner.java:616)
at org.testng.SuiteRunner.runTest(SuiteRunner.java:421)
at org.testng.SuiteRunner.runSequentially(SuiteRunner.java:413)
at org.testng.SuiteRunner.privateRun(SuiteRunner.java:373)
at org.testng.SuiteRunner.run(SuiteRunner.java:312)
at org.testng.SuiteRunnerWorker.runSuite(SuiteRunnerWorker.java:52)
at org.testng.SuiteRunnerWorker.run(SuiteRunnerWorker.java:95)
at org.testng.TestNG.runSuitesSequentially(TestNG.java:1274)
at org.testng.TestNG.runSuitesLocally(TestNG.java:1208)
at org.testng.TestNG.runSuites(TestNG.java:1112)
at org.testng.TestNG.run(TestNG.java:1079)
at org.testng.remote.AbstractRemoteTestNG.run(AbstractRemoteTestNG.java:115)
at org.testng.remote.RemoteTestNG.initAndRun(RemoteTestNG.java:293)
at org.testng.remote.RemoteTestNG.main(RemoteTestNG.java:91)
]]>
    </failure>
    <system-out>
      <![CDATA[Generated Random Double: 98.73
Generated First Name: johnbee
Generated Email: nairobiPalermo56601@gmail.com
purchaseId is not null
purchaseId is not empty
purchaseId format is valid: 6964e843963d57143799f4cf
purchaseId length is 24
purchaseId validated successfully: 6964e843963d57143799f4cf
Redirected URL: https://staging.paysecure.net/getResponse.jsp?issucces=true
Payment Successfully
 Opened staging environment in a new browser tab
User enter ID in Username field
User Enter Password in password field
Click on submit button in login page
 Entered Transaction ID: 6964e843963d57143799f4cf
 Clicked on Search button
UI transaction ID: 
API transaction ID: 6964e843963d57143799f4cf]]>
    </system-out>
  </testcase> <!-- purchase -->
  <testcase classname="PspWithoutCards.easybuzzNetBanking" name="purchase" time="505.043">
    <failure message="Transaction ID mismatch expected [6964e45c963d57143799b924] but found []" type="java.lang.AssertionError">
      <![CDATA[java.lang.AssertionError: Transaction ID mismatch expected [6964e45c963d57143799b924] but found []
at org.testng.Assert.fail(Assert.java:111)
at org.testng.Assert.failNotEquals(Assert.java:1590)
at org.testng.Assert.assertEqualsImpl(Assert.java:150)
at org.testng.Assert.assertEquals(Assert.java:132)
at org.testng.Assert.assertEquals(Assert.java:656)
at com.paysecure.Page.transactionPage.verifyTxnId(transactionPage.java:192)
at PspWithoutCards.easybuzzNetBanking.purchase(easybuzzNetBanking.java:180)
at java.base/jdk.internal.reflect.DirectMethodHandleAccessor.invoke(DirectMethodHandleAccessor.java:103)
at java.base/java.lang.reflect.Method.invoke(Method.java:580)
at org.testng.internal.invokers.MethodInvocationHelper.invokeMethod(MethodInvocationHelper.java:141)
at org.testng.internal.invokers.TestInvoker.invokeMethod(TestInvoker.java:687)
at org.testng.internal.invokers.TestInvoker.invokeTestMethod(TestInvoker.java:230)
at org.testng.internal.invokers.MethodRunner.runInSequence(MethodRunner.java:63)
at org.testng.internal.invokers.TestInvoker$MethodInvocationAgent.invoke(TestInvoker.java:995)
at org.testng.internal.invokers.TestInvoker.invokeTestMethods(TestInvoker.java:203)
at org.testng.internal.invokers.TestMethodWorker.invokeTestMethods(TestMethodWorker.java:154)
at org.testng.internal.invokers.TestMethodWorker.run(TestMethodWorker.java:134)
at java.base/java.util.ArrayList.forEach(ArrayList.java:1596)
at org.testng.TestRunner.privateRun(TestRunner.java:741)
at org.testng.TestRunner.run(TestRunner.java:616)
at org.testng.SuiteRunner.runTest(SuiteRunner.java:421)
at org.testng.SuiteRunner.runSequentially(SuiteRunner.java:413)
at org.testng.SuiteRunner.privateRun(SuiteRunner.java:373)
at org.testng.SuiteRunner.run(SuiteRunner.java:312)
at org.testng.SuiteRunnerWorker.runSuite(SuiteRunnerWorker.java:52)
at org.testng.SuiteRunnerWorker.run(SuiteRunnerWorker.java:95)
at org.testng.TestNG.runSuitesSequentially(TestNG.java:1274)
at org.testng.TestNG.runSuitesLocally(TestNG.java:1208)
at org.testng.TestNG.runSuites(TestNG.java:1112)
at org.testng.TestNG.run(TestNG.java:1079)
at org.testng.remote.AbstractRemoteTestNG.run(AbstractRemoteTestNG.java:115)
at org.testng.remote.RemoteTestNG.initAndRun(RemoteTestNG.java:293)
at org.testng.remote.RemoteTestNG.main(RemoteTestNG.java:91)
]]>
    </failure>
    <system-out>
      <![CDATA[Generated Random Double: 95.54
Generated First Name: johna1c
Generated Email: nairobiPalermob8eac@gmail.com
purchaseId is not null
purchaseId is not empty
purchaseId format is valid: 6964e45c963d57143799b924
purchaseId length is 24
purchaseId validated successfully: 6964e45c963d57143799b924
Redirected URL: https://staging.paysecure.net/getResponse.jsp?issucces=true
Payment Successfully
 Opened staging environment in a new browser tab
User enter ID in Username field
User Enter Password in password field
Click on submit button in login page
 Entered Transaction ID: 6964e45c963d57143799b924
 Clicked on Search button
UI transaction ID: 
API transaction ID: 6964e45c963d57143799b924]]>
    </system-out>
  </testcase> <!-- purchase -->
  <testcase classname="PspWithoutCards.easybuzzNetBanking" name="purchase" time="502.908">
    <failure message="Transaction ID mismatch expected [6964de80963d57143799a47a] but found []" type="java.lang.AssertionError">
      <![CDATA[java.lang.AssertionError: Transaction ID mismatch expected [6964de80963d57143799a47a] but found []
at org.testng.Assert.fail(Assert.java:111)
at org.testng.Assert.failNotEquals(Assert.java:1590)
at org.testng.Assert.assertEqualsImpl(Assert.java:150)
at org.testng.Assert.assertEquals(Assert.java:132)
at org.testng.Assert.assertEquals(Assert.java:656)
at com.paysecure.Page.transactionPage.verifyTxnId(transactionPage.java:192)
at PspWithoutCards.easybuzzNetBanking.purchase(easybuzzNetBanking.java:180)
at java.base/jdk.internal.reflect.DirectMethodHandleAccessor.invoke(DirectMethodHandleAccessor.java:103)
at java.base/java.lang.reflect.Method.invoke(Method.java:580)
at org.testng.internal.invokers.MethodInvocationHelper.invokeMethod(MethodInvocationHelper.java:141)
at org.testng.internal.invokers.TestInvoker.invokeMethod(TestInvoker.java:687)
at org.testng.internal.invokers.TestInvoker.invokeTestMethod(TestInvoker.java:230)
at org.testng.internal.invokers.MethodRunner.runInSequence(MethodRunner.java:63)
at org.testng.internal.invokers.TestInvoker$MethodInvocationAgent.invoke(TestInvoker.java:995)
at org.testng.internal.invokers.TestInvoker.invokeTestMethods(TestInvoker.java:203)
at org.testng.internal.invokers.TestMethodWorker.invokeTestMethods(TestMethodWorker.java:154)
at org.testng.internal.invokers.TestMethodWorker.run(TestMethodWorker.java:134)
at java.base/java.util.ArrayList.forEach(ArrayList.java:1596)
at org.testng.TestRunner.privateRun(TestRunner.java:741)
at org.testng.TestRunner.run(TestRunner.java:616)
at org.testng.SuiteRunner.runTest(SuiteRunner.java:421)
at org.testng.SuiteRunner.runSequentially(SuiteRunner.java:413)
at org.testng.SuiteRunner.privateRun(SuiteRunner.java:373)
at org.testng.SuiteRunner.run(SuiteRunner.java:312)
at org.testng.SuiteRunnerWorker.runSuite(SuiteRunnerWorker.java:52)
at org.testng.SuiteRunnerWorker.run(SuiteRunnerWorker.java:95)
at org.testng.TestNG.runSuitesSequentially(TestNG.java:1274)
at org.testng.TestNG.runSuitesLocally(TestNG.java:1208)
at org.testng.TestNG.runSuites(TestNG.java:1112)
at org.testng.TestNG.run(TestNG.java:1079)
at org.testng.remote.AbstractRemoteTestNG.run(AbstractRemoteTestNG.java:115)
at org.testng.remote.RemoteTestNG.initAndRun(RemoteTestNG.java:293)
at org.testng.remote.RemoteTestNG.main(RemoteTestNG.java:91)
]]>
    </failure>
    <system-out>
      <![CDATA[Generated Random Double: 3.38
Generated First Name: john1c2
Generated Email: nairobiPalermoc44f4@gmail.com
purchaseId is not null
purchaseId is not empty
purchaseId format is valid: 6964de80963d57143799a47a
purchaseId length is 24
purchaseId validated successfully: 6964de80963d57143799a47a
Redirected URL: https://staging.paysecure.net/getResponse.jsp?issucces=true
Payment Successfully
 Opened staging environment in a new browser tab
User enter ID in Username field
User Enter Password in password field
Click on submit button in login page
 Entered Transaction ID: 6964de80963d57143799a47a
 Clicked on Search button
UI transaction ID: 
API transaction ID: 6964de80963d57143799a47a]]>
    </system-out>
  </testcase> <!-- purchase -->
  <testcase classname="PspWithoutCards.easybuzzNetBanking" name="purchase" time="503.473">
    <failure message="Transaction ID mismatch expected [6964d679963d57143799704a] but found []" type="java.lang.AssertionError">
      <![CDATA[java.lang.AssertionError: Transaction ID mismatch expected [6964d679963d57143799704a] but found []
at org.testng.Assert.fail(Assert.java:111)
at org.testng.Assert.failNotEquals(Assert.java:1590)
at org.testng.Assert.assertEqualsImpl(Assert.java:150)
at org.testng.Assert.assertEquals(Assert.java:132)
at org.testng.Assert.assertEquals(Assert.java:656)
at com.paysecure.Page.transactionPage.verifyTxnId(transactionPage.java:192)
at PspWithoutCards.easybuzzNetBanking.purchase(easybuzzNetBanking.java:180)
at java.base/jdk.internal.reflect.DirectMethodHandleAccessor.invoke(DirectMethodHandleAccessor.java:103)
at java.base/java.lang.reflect.Method.invoke(Method.java:580)
at org.testng.internal.invokers.MethodInvocationHelper.invokeMethod(MethodInvocationHelper.java:141)
at org.testng.internal.invokers.TestInvoker.invokeMethod(TestInvoker.java:687)
at org.testng.internal.invokers.TestInvoker.invokeTestMethod(TestInvoker.java:230)
at org.testng.internal.invokers.MethodRunner.runInSequence(MethodRunner.java:63)
at org.testng.internal.invokers.TestInvoker$MethodInvocationAgent.invoke(TestInvoker.java:995)
at org.testng.internal.invokers.TestInvoker.invokeTestMethods(TestInvoker.java:203)
at org.testng.internal.invokers.TestMethodWorker.invokeTestMethods(TestMethodWorker.java:154)
at org.testng.internal.invokers.TestMethodWorker.run(TestMethodWorker.java:134)
at java.base/java.util.ArrayList.forEach(ArrayList.java:1596)
at org.testng.TestRunner.privateRun(TestRunner.java:741)
at org.testng.TestRunner.run(TestRunner.java:616)
at org.testng.SuiteRunner.runTest(SuiteRunner.java:421)
at org.testng.SuiteRunner.runSequentially(SuiteRunner.java:413)
at org.testng.SuiteRunner.privateRun(SuiteRunner.java:373)
at org.testng.SuiteRunner.run(SuiteRunner.java:312)
at org.testng.SuiteRunnerWorker.runSuite(SuiteRunnerWorker.java:52)
at org.testng.SuiteRunnerWorker.run(SuiteRunnerWorker.java:95)
at org.testng.TestNG.runSuitesSequentially(TestNG.java:1274)
at org.testng.TestNG.runSuitesLocally(TestNG.java:1208)
at org.testng.TestNG.runSuites(TestNG.java:1112)
at org.testng.TestNG.run(TestNG.java:1079)
at org.testng.remote.AbstractRemoteTestNG.run(AbstractRemoteTestNG.java:115)
at org.testng.remote.RemoteTestNG.initAndRun(RemoteTestNG.java:293)
at org.testng.remote.RemoteTestNG.main(RemoteTestNG.java:91)
]]>
    </failure>
    <system-out>
      <![CDATA[Generated Random Double: 15.06
Generated First Name: john177
Generated Email: nairobiPalermob257d@gmail.com
purchaseId is not null
purchaseId is not empty
purchaseId format is valid: 6964d679963d57143799704a
purchaseId length is 24
purchaseId validated successfully: 6964d679963d57143799704a
Redirected URL: https://staging.paysecure.net/getResponse.jsp?issucces=true
Payment Successfully
 Opened staging environment in a new browser tab
User enter ID in Username field
User Enter Password in password field
Click on submit button in login page
 Entered Transaction ID: 6964d679963d57143799704a
 Clicked on Search button
UI transaction ID: 
API transaction ID: 6964d679963d57143799704a]]>
    </system-out>
  </testcase> <!-- purchase -->
  <testcase classname="PspWithoutCards.easybuzzNetBanking" name="purchase" time="799.089">
    <failure message="Transaction ID mismatch expected [6964e26a963d57143799ad95] but found []" type="java.lang.AssertionError">
      <![CDATA[java.lang.AssertionError: Transaction ID mismatch expected [6964e26a963d57143799ad95] but found []
at org.testng.Assert.fail(Assert.java:111)
at org.testng.Assert.failNotEquals(Assert.java:1590)
at org.testng.Assert.assertEqualsImpl(Assert.java:150)
at org.testng.Assert.assertEquals(Assert.java:132)
at org.testng.Assert.assertEquals(Assert.java:656)
at com.paysecure.Page.transactionPage.verifyTxnId(transactionPage.java:192)
at PspWithoutCards.easybuzzNetBanking.purchase(easybuzzNetBanking.java:180)
at java.base/jdk.internal.reflect.DirectMethodHandleAccessor.invoke(DirectMethodHandleAccessor.java:103)
at java.base/java.lang.reflect.Method.invoke(Method.java:580)
at org.testng.internal.invokers.MethodInvocationHelper.invokeMethod(MethodInvocationHelper.java:141)
at org.testng.internal.invokers.TestInvoker.invokeMethod(TestInvoker.java:687)
at org.testng.internal.invokers.TestInvoker.invokeTestMethod(TestInvoker.java:230)
at org.testng.internal.invokers.MethodRunner.runInSequence(MethodRunner.java:63)
at org.testng.internal.invokers.TestInvoker$MethodInvocationAgent.invoke(TestInvoker.java:995)
at org.testng.internal.invokers.TestInvoker.invokeTestMethods(TestInvoker.java:203)
at org.testng.internal.invokers.TestMethodWorker.invokeTestMethods(TestMethodWorker.java:154)
at org.testng.internal.invokers.TestMethodWorker.run(TestMethodWorker.java:134)
at java.base/java.util.ArrayList.forEach(ArrayList.java:1596)
at org.testng.TestRunner.privateRun(TestRunner.java:741)
at org.testng.TestRunner.run(TestRunner.java:616)
at org.testng.SuiteRunner.runTest(SuiteRunner.java:421)
at org.testng.SuiteRunner.runSequentially(SuiteRunner.java:413)
at org.testng.SuiteRunner.privateRun(SuiteRunner.java:373)
at org.testng.SuiteRunner.run(SuiteRunner.java:312)
at org.testng.SuiteRunnerWorker.runSuite(SuiteRunnerWorker.java:52)
at org.testng.SuiteRunnerWorker.run(SuiteRunnerWorker.java:95)
at org.testng.TestNG.runSuitesSequentially(TestNG.java:1274)
at org.testng.TestNG.runSuitesLocally(TestNG.java:1208)
at org.testng.TestNG.runSuites(TestNG.java:1112)
at org.testng.TestNG.run(TestNG.java:1079)
at org.testng.remote.AbstractRemoteTestNG.run(AbstractRemoteTestNG.java:115)
at org.testng.remote.RemoteTestNG.initAndRun(RemoteTestNG.java:293)
at org.testng.remote.RemoteTestNG.main(RemoteTestNG.java:91)
]]>
    </failure>
    <system-out>
      <![CDATA[Generated Random Double: 52.75
Generated First Name: john73b
Generated Email: nairobiPalermo7cc41@gmail.com
purchaseId is not null
purchaseId is not empty
purchaseId format is valid: 6964e26a963d57143799ad95
purchaseId length is 24
purchaseId validated successfully: 6964e26a963d57143799ad95
Redirected URL: https://staging.paysecure.net/getResponse.jsp?issucces=true
Payment Successfully
 Opened staging environment in a new browser tab
User enter ID in Username field
User Enter Password in password field
Click on submit button in login page
 Entered Transaction ID: 6964e26a963d57143799ad95
 Clicked on Search button
UI transaction ID: 
API transaction ID: 6964e26a963d57143799ad95]]>
    </system-out>
  </testcase> <!-- purchase -->
  <testcase classname="PspWithoutCards.easybuzzNetBanking" name="purchase" time="506.441">
    <failure message="Transaction ID mismatch expected [6964d47b963d571437995f46] but found []" type="java.lang.AssertionError">
      <![CDATA[java.lang.AssertionError: Transaction ID mismatch expected [6964d47b963d571437995f46] but found []
at org.testng.Assert.fail(Assert.java:111)
at org.testng.Assert.failNotEquals(Assert.java:1590)
at org.testng.Assert.assertEqualsImpl(Assert.java:150)
at org.testng.Assert.assertEquals(Assert.java:132)
at org.testng.Assert.assertEquals(Assert.java:656)
at com.paysecure.Page.transactionPage.verifyTxnId(transactionPage.java:192)
at PspWithoutCards.easybuzzNetBanking.purchase(easybuzzNetBanking.java:180)
at java.base/jdk.internal.reflect.DirectMethodHandleAccessor.invoke(DirectMethodHandleAccessor.java:103)
at java.base/java.lang.reflect.Method.invoke(Method.java:580)
at org.testng.internal.invokers.MethodInvocationHelper.invokeMethod(MethodInvocationHelper.java:141)
at org.testng.internal.invokers.TestInvoker.invokeMethod(TestInvoker.java:687)
at org.testng.internal.invokers.TestInvoker.invokeTestMethod(TestInvoker.java:230)
at org.testng.internal.invokers.MethodRunner.runInSequence(MethodRunner.java:63)
at org.testng.internal.invokers.TestInvoker$MethodInvocationAgent.invoke(TestInvoker.java:995)
at org.testng.internal.invokers.TestInvoker.invokeTestMethods(TestInvoker.java:203)
at org.testng.internal.invokers.TestMethodWorker.invokeTestMethods(TestMethodWorker.java:154)
at org.testng.internal.invokers.TestMethodWorker.run(TestMethodWorker.java:134)
at java.base/java.util.ArrayList.forEach(ArrayList.java:1596)
at org.testng.TestRunner.privateRun(TestRunner.java:741)
at org.testng.TestRunner.run(TestRunner.java:616)
at org.testng.SuiteRunner.runTest(SuiteRunner.java:421)
at org.testng.SuiteRunner.runSequentially(SuiteRunner.java:413)
at org.testng.SuiteRunner.privateRun(SuiteRunner.java:373)
at org.testng.SuiteRunner.run(SuiteRunner.java:312)
at org.testng.SuiteRunnerWorker.runSuite(SuiteRunnerWorker.java:52)
at org.testng.SuiteRunnerWorker.run(SuiteRunnerWorker.java:95)
at org.testng.TestNG.runSuitesSequentially(TestNG.java:1274)
at org.testng.TestNG.runSuitesLocally(TestNG.java:1208)
at org.testng.TestNG.runSuites(TestNG.java:1112)
at org.testng.TestNG.run(TestNG.java:1079)
at org.testng.remote.AbstractRemoteTestNG.run(AbstractRemoteTestNG.java:115)
at org.testng.remote.RemoteTestNG.initAndRun(RemoteTestNG.java:293)
at org.testng.remote.RemoteTestNG.main(RemoteTestNG.java:91)
]]>
    </failure>
    <system-out>
      <![CDATA[Generated Random Double: 28.86
Generated First Name: john4a7
Generated Email: nairobiPalermo027d4@gmail.com
purchaseId is not null
purchaseId is not empty
purchaseId format is valid: 6964d47b963d571437995f46
purchaseId length is 24
purchaseId validated successfully: 6964d47b963d571437995f46
Redirected URL: https://staging.paysecure.net/getResponse.jsp?issucces=true
Payment Successfully
 Opened staging environment in a new browser tab
User enter ID in Username field
User Enter Password in password field
Click on submit button in login page
 Entered Transaction ID: 6964d47b963d571437995f46
 Clicked on Search button
UI transaction ID: 
API transaction ID: 6964d47b963d571437995f46]]>
    </system-out>
  </testcase> <!-- purchase -->
  <testcase classname="PspWithoutCards.easybuzzNetBanking" name="purchase" time="1729.428">
    <failure message="Transaction ID mismatch expected [6964cc8d963d5714379953b6] but found []" type="java.lang.AssertionError">
      <![CDATA[java.lang.AssertionError: Transaction ID mismatch expected [6964cc8d963d5714379953b6] but found []
at org.testng.Assert.fail(Assert.java:111)
at org.testng.Assert.failNotEquals(Assert.java:1590)
at org.testng.Assert.assertEqualsImpl(Assert.java:150)
at org.testng.Assert.assertEquals(Assert.java:132)
at org.testng.Assert.assertEquals(Assert.java:656)
at com.paysecure.Page.transactionPage.verifyTxnId(transactionPage.java:192)
at PspWithoutCards.easybuzzNetBanking.purchase(easybuzzNetBanking.java:180)
at java.base/jdk.internal.reflect.DirectMethodHandleAccessor.invoke(DirectMethodHandleAccessor.java:103)
at java.base/java.lang.reflect.Method.invoke(Method.java:580)
at org.testng.internal.invokers.MethodInvocationHelper.invokeMethod(MethodInvocationHelper.java:141)
at org.testng.internal.invokers.TestInvoker.invokeMethod(TestInvoker.java:687)
at org.testng.internal.invokers.TestInvoker.invokeTestMethod(TestInvoker.java:230)
at org.testng.internal.invokers.MethodRunner.runInSequence(MethodRunner.java:63)
at org.testng.internal.invokers.TestInvoker$MethodInvocationAgent.invoke(TestInvoker.java:995)
at org.testng.internal.invokers.TestInvoker.invokeTestMethods(TestInvoker.java:203)
at org.testng.internal.invokers.TestMethodWorker.invokeTestMethods(TestMethodWorker.java:154)
at org.testng.internal.invokers.TestMethodWorker.run(TestMethodWorker.java:134)
at java.base/java.util.ArrayList.forEach(ArrayList.java:1596)
at org.testng.TestRunner.privateRun(TestRunner.java:741)
at org.testng.TestRunner.run(TestRunner.java:616)
at org.testng.SuiteRunner.runTest(SuiteRunner.java:421)
at org.testng.SuiteRunner.runSequentially(SuiteRunner.java:413)
at org.testng.SuiteRunner.privateRun(SuiteRunner.java:373)
at org.testng.SuiteRunner.run(SuiteRunner.java:312)
at org.testng.SuiteRunnerWorker.runSuite(SuiteRunnerWorker.java:52)
at org.testng.SuiteRunnerWorker.run(SuiteRunnerWorker.java:95)
at org.testng.TestNG.runSuitesSequentially(TestNG.java:1274)
at org.testng.TestNG.runSuitesLocally(TestNG.java:1208)
at org.testng.TestNG.runSuites(TestNG.java:1112)
at org.testng.TestNG.run(TestNG.java:1079)
at org.testng.remote.AbstractRemoteTestNG.run(AbstractRemoteTestNG.java:115)
at org.testng.remote.RemoteTestNG.initAndRun(RemoteTestNG.java:293)
at org.testng.remote.RemoteTestNG.main(RemoteTestNG.java:91)
]]>
    </failure>
    <system-out>
      <![CDATA[Generated Random Double: 1.53
Generated First Name: john9e0
Generated Email: nairobiPalermo20792@gmail.com
purchaseId is not null
purchaseId is not empty
purchaseId format is valid: 6964cc8d963d5714379953b6
purchaseId length is 24
purchaseId validated successfully: 6964cc8d963d5714379953b6
Redirected URL: https://staging.paysecure.net/getResponse.jsp?issucces=true
Payment Successfully
 Opened staging environment in a new browser tab
User enter ID in Username field
User Enter Password in password field
Click on submit button in login page
 Entered Transaction ID: 6964cc8d963d5714379953b6
 Clicked on Search button
UI transaction ID: 
API transaction ID: 6964cc8d963d5714379953b6]]>
    </system-out>
  </testcase> <!-- purchase -->
  <testcase classname="PspWithoutCards.easybuzzNetBanking" name="purchase" time="1556.335">
    <failure message="Transaction ID mismatch expected [6964d870963d571437997afc] but found []" type="java.lang.AssertionError">
      <![CDATA[java.lang.AssertionError: Transaction ID mismatch expected [6964d870963d571437997afc] but found []
at org.testng.Assert.fail(Assert.java:111)
at org.testng.Assert.failNotEquals(Assert.java:1590)
at org.testng.Assert.assertEqualsImpl(Assert.java:150)
at org.testng.Assert.assertEquals(Assert.java:132)
at org.testng.Assert.assertEquals(Assert.java:656)
at com.paysecure.Page.transactionPage.verifyTxnId(transactionPage.java:192)
at PspWithoutCards.easybuzzNetBanking.purchase(easybuzzNetBanking.java:180)
at java.base/jdk.internal.reflect.DirectMethodHandleAccessor.invoke(DirectMethodHandleAccessor.java:103)
at java.base/java.lang.reflect.Method.invoke(Method.java:580)
at org.testng.internal.invokers.MethodInvocationHelper.invokeMethod(MethodInvocationHelper.java:141)
at org.testng.internal.invokers.TestInvoker.invokeMethod(TestInvoker.java:687)
at org.testng.internal.invokers.TestInvoker.invokeTestMethod(TestInvoker.java:230)
at org.testng.internal.invokers.MethodRunner.runInSequence(MethodRunner.java:63)
at org.testng.internal.invokers.TestInvoker$MethodInvocationAgent.invoke(TestInvoker.java:995)
at org.testng.internal.invokers.TestInvoker.invokeTestMethods(TestInvoker.java:203)
at org.testng.internal.invokers.TestMethodWorker.invokeTestMethods(TestMethodWorker.java:154)
at org.testng.internal.invokers.TestMethodWorker.run(TestMethodWorker.java:134)
at java.base/java.util.ArrayList.forEach(ArrayList.java:1596)
at org.testng.TestRunner.privateRun(TestRunner.java:741)
at org.testng.TestRunner.run(TestRunner.java:616)
at org.testng.SuiteRunner.runTest(SuiteRunner.java:421)
at org.testng.SuiteRunner.runSequentially(SuiteRunner.java:413)
at org.testng.SuiteRunner.privateRun(SuiteRunner.java:373)
at org.testng.SuiteRunner.run(SuiteRunner.java:312)
at org.testng.SuiteRunnerWorker.runSuite(SuiteRunnerWorker.java:52)
at org.testng.SuiteRunnerWorker.run(SuiteRunnerWorker.java:95)
at org.testng.TestNG.runSuitesSequentially(TestNG.java:1274)
at org.testng.TestNG.runSuitesLocally(TestNG.java:1208)
at org.testng.TestNG.runSuites(TestNG.java:1112)
at org.testng.TestNG.run(TestNG.java:1079)
at org.testng.remote.AbstractRemoteTestNG.run(AbstractRemoteTestNG.java:115)
at org.testng.remote.RemoteTestNG.initAndRun(RemoteTestNG.java:293)
at org.testng.remote.RemoteTestNG.main(RemoteTestNG.java:91)
]]>
    </failure>
    <system-out>
      <![CDATA[Generated Random Double: 81.44
Generated First Name: johnba5
Generated Email: nairobiPalermo9f0fe@gmail.com
purchaseId is not null
purchaseId is not empty
purchaseId format is valid: 6964d870963d571437997afc
purchaseId length is 24
purchaseId validated successfully: 6964d870963d571437997afc
Redirected URL: https://staging.paysecure.net/getResponse.jsp?issucces=true
Payment Successfully
 Opened staging environment in a new browser tab
User enter ID in Username field
User Enter Password in password field
Click on submit button in login page
 Entered Transaction ID: 6964d870963d571437997afc
 Clicked on Search button
UI transaction ID: 
API transaction ID: 6964d870963d571437997afc]]>
    </system-out>
  </testcase> <!-- purchase -->
  <system-out>
    <![CDATA[User enter ID in Username field
User Enter Password in password field
Click on submit button in login page
Generated Random Double: 1.53
Generated First Name: john9e0
Generated Email: nairobiPalermo20792@gmail.com
purchaseId is not null
purchaseId is not empty
purchaseId format is valid: 6964cc8d963d5714379953b6
purchaseId length is 24
purchaseId validated successfully: 6964cc8d963d5714379953b6
Redirected URL: https://staging.paysecure.net/getResponse.jsp?issucces=true
Payment Successfully
 Opened staging environment in a new browser tab
User enter ID in Username field
User Enter Password in password field
Click on submit button in login page
 Entered Transaction ID: 6964cc8d963d5714379953b6
 Clicked on Search button
UI transaction ID: 
API transaction ID: 6964cc8d963d5714379953b6
User enter ID in Username field
User Enter Password in password field
Click on submit button in login page
Generated Random Double: 28.86
Generated First Name: john4a7
Generated Email: nairobiPalermo027d4@gmail.com
purchaseId is not null
purchaseId is not empty
purchaseId format is valid: 6964d47b963d571437995f46
purchaseId length is 24
purchaseId validated successfully: 6964d47b963d571437995f46
Redirected URL: https://staging.paysecure.net/getResponse.jsp?issucces=true
Payment Successfully
 Opened staging environment in a new browser tab
User enter ID in Username field
User Enter Password in password field
Click on submit button in login page
 Entered Transaction ID: 6964d47b963d571437995f46
 Clicked on Search button
UI transaction ID: 
API transaction ID: 6964d47b963d571437995f46
User enter ID in Username field
User Enter Password in password field
Click on submit button in login page
Generated Random Double: 15.06
Generated First Name: john177
Generated Email: nairobiPalermob257d@gmail.com
purchaseId is not null
purchaseId is not empty
purchaseId format is valid: 6964d679963d57143799704a
purchaseId length is 24
purchaseId validated successfully: 6964d679963d57143799704a
Redirected URL: https://staging.paysecure.net/getResponse.jsp?issucces=true
Payment Successfully
 Opened staging environment in a new browser tab
User enter ID in Username field
User Enter Password in password field
Click on submit button in login page
 Entered Transaction ID: 6964d679963d57143799704a
 Clicked on Search button
UI transaction ID: 
API transaction ID: 6964d679963d57143799704a
User enter ID in Username field
User Enter Password in password field
Click on submit button in login page
Generated Random Double: 81.44
Generated First Name: johnba5
Generated Email: nairobiPalermo9f0fe@gmail.com
purchaseId is not null
purchaseId is not empty
purchaseId format is valid: 6964d870963d571437997afc
purchaseId length is 24
purchaseId validated successfully: 6964d870963d571437997afc
Redirected URL: https://staging.paysecure.net/getResponse.jsp?issucces=true
Payment Successfully
 Opened staging environment in a new browser tab
User enter ID in Username field
User Enter Password in password field
Click on submit button in login page
 Entered Transaction ID: 6964d870963d571437997afc
 Clicked on Search button
UI transaction ID: 
API transaction ID: 6964d870963d571437997afc
User enter ID in Username field
User Enter Password in password field
Click on submit button in login page
Generated Random Double: 3.38
Generated First Name: john1c2
Generated Email: nairobiPalermoc44f4@gmail.com
purchaseId is not null
purchaseId is not empty
purchaseId format is valid: 6964de80963d57143799a47a
purchaseId length is 24
purchaseId validated successfully: 6964de80963d57143799a47a
Redirected URL: https://staging.paysecure.net/getResponse.jsp?issucces=true
Payment Successfully
 Opened staging environment in a new browser tab
User enter ID in Username field
User Enter Password in password field
Click on submit button in login page
 Entered Transaction ID: 6964de80963d57143799a47a
 Clicked on Search button
UI transaction ID: 
API transaction ID: 6964de80963d57143799a47a
User enter ID in Username field
User Enter Password in password field
Click on submit button in login page
Generated Random Double: 1.76
Generated First Name: johne52
Generated Email: nairobiPalermo0c7fc@gmail.com
purchaseId is not null
purchaseId is not empty
purchaseId format is valid: 6964e07b963d57143799ab31
purchaseId length is 24
purchaseId validated successfully: 6964e07b963d57143799ab31
Redirected URL: https://staging.paysecure.net/getResponse.jsp?issucces=true
Payment Successfully
 Opened staging environment in a new browser tab
User enter ID in Username field
User Enter Password in password field
Click on submit button in login page
 Entered Transaction ID: 6964e07b963d57143799ab31
 Clicked on Search button
UI transaction ID: 
API transaction ID: 6964e07b963d57143799ab31
User enter ID in Username field
User Enter Password in password field
Click on submit button in login page
Generated Random Double: 52.75
Generated First Name: john73b
Generated Email: nairobiPalermo7cc41@gmail.com
purchaseId is not null
purchaseId is not empty
purchaseId format is valid: 6964e26a963d57143799ad95
purchaseId length is 24
purchaseId validated successfully: 6964e26a963d57143799ad95
Redirected URL: https://staging.paysecure.net/getResponse.jsp?issucces=true
Payment Successfully
 Opened staging environment in a new browser tab
User enter ID in Username field
User Enter Password in password field
Click on submit button in login page
 Entered Transaction ID: 6964e26a963d57143799ad95
 Clicked on Search button
UI transaction ID: 
API transaction ID: 6964e26a963d57143799ad95
User enter ID in Username field
User Enter Password in password field
Click on submit button in login page
Generated Random Double: 95.54
Generated First Name: johna1c
Generated Email: nairobiPalermob8eac@gmail.com
purchaseId is not null
purchaseId is not empty
purchaseId format is valid: 6964e45c963d57143799b924
purchaseId length is 24
purchaseId validated successfully: 6964e45c963d57143799b924
Redirected URL: https://staging.paysecure.net/getResponse.jsp?issucces=true
Payment Successfully
 Opened staging environment in a new browser tab
User enter ID in Username field
User Enter Password in password field
Click on submit button in login page
 Entered Transaction ID: 6964e45c963d57143799b924
 Clicked on Search button
UI transaction ID: 
API transaction ID: 6964e45c963d57143799b924
User enter ID in Username field
User Enter Password in password field
Click on submit button in login page
Generated Random Double: 10.95
Generated First Name: john46d
Generated Email: nairobiPalermo8ba58@gmail.com
purchaseId is not null
purchaseId is not empty
purchaseId format is valid: 6964e64f963d57143799cf3b
purchaseId length is 24
purchaseId validated successfully: 6964e64f963d57143799cf3b
Redirected URL: https://staging.paysecure.net/getResponse.jsp?issucces=true
Payment Successfully
 Opened staging environment in a new browser tab
User enter ID in Username field
User Enter Password in password field
Click on submit button in login page
 Entered Transaction ID: 6964e64f963d57143799cf3b
 Clicked on Search button
UI transaction ID: 
API transaction ID: 6964e64f963d57143799cf3b
User enter ID in Username field
User Enter Password in password field
Click on submit button in login page
Generated Random Double: 98.73
Generated First Name: johnbee
Generated Email: nairobiPalermo56601@gmail.com
purchaseId is not null
purchaseId is not empty
purchaseId format is valid: 6964e843963d57143799f4cf
purchaseId length is 24
purchaseId validated successfully: 6964e843963d57143799f4cf
Redirected URL: https://staging.paysecure.net/getResponse.jsp?issucces=true
Payment Successfully
 Opened staging environment in a new browser tab
User enter ID in Username field
User Enter Password in password field
Click on submit button in login page
 Entered Transaction ID: 6964e843963d57143799f4cf
 Clicked on Search button
UI transaction ID: 
API transaction ID: 6964e843963d57143799f4cf]]>
  </system-out>
</testsuite> <!-- PspWithoutCards.easybuzzNetBanking -->
