<?xml version="1.0" encoding="UTF-8"?>
<!-- Generated by org.testng.reporters.JUnitReportReporter -->
<testsuite hostname="PS-L6" failures="0" tests="1" name="PSP.zaakpay" time="78.617" errors="0" timestamp="2026-01-02T11:20:40 IST" skipped="0">
  <testcase classname="PSP.zaakpay" name="purchase" time="78.617">
    <system-out>
      <![CDATA[Generated Random Double: 54.32
Generated First Name: johne47
Generated Email: nairobiPalermo127d3@gmail.com
purchaseId is not null
purchaseId is not empty
purchaseId format is valid: 69575c75f2e8c4632395039d
purchaseId length is 24
purchaseId validated successfully: 69575c75f2e8c4632395039d
Entered Card Holder Name: Rohitman Sharma
Entered Card Number: 4111111111111111
Entered Card Expiry Date: 07/29
Entered Card CVC: 123
Moved to the Pay button
Clicked on the Pay button to proceed with payment
Redirected URL: https://staging.paysecure.net/getResponse.jsp?issucces=true
Payment Successfully
 Opened staging environment in a new browser tab
User enter ID in Username field
User Enter Password in password field
Click on submit button in login page
 Entered Transaction ID: 69575c75f2e8c4632395039d
 Clicked on Search button
UI transaction ID: 69575c75f2e8c4632395039d
API transaction ID: 69575c75f2e8c4632395039d
Transaction ID verified successfully
UI Merchant Name: suhasM
API Merchant Name: suhasM
Merchant name verified successfully
UI Amount: 54.32
API Amount: 54.32
currency conversion not applied
Amount verified successfully
UI Currency: INR
API Currency: INR
Currency matched correctly
Currency verified successfully
Expected Masked Card: 41111111****1111
UI Masked Card: 41111111****1111
 Clicked on first Transaction ID from list
Purchase Transaction ID is not empty or not null
UI Currency: INR
Payment Info Currency: INR
Currency on Payment Info verified successfully
UI Amount: 54.32
Payment Info Amount: 54.32
Amount on Payment Info verified successfully]]>
    </system-out>
  </testcase> <!-- purchase -->
  <system-out>
    <![CDATA[User enter ID in Username field
User Enter Password in password field
Click on submit button in login page
Generated Random Double: 54.32
Generated First Name: johne47
Generated Email: nairobiPalermo127d3@gmail.com
purchaseId is not null
purchaseId is not empty
purchaseId format is valid: 69575c75f2e8c4632395039d
purchaseId length is 24
purchaseId validated successfully: 69575c75f2e8c4632395039d
Entered Card Holder Name: Rohitman Sharma
Entered Card Number: 4111111111111111
Entered Card Expiry Date: 07/29
Entered Card CVC: 123
Moved to the Pay button
Clicked on the Pay button to proceed with payment
Redirected URL: https://staging.paysecure.net/getResponse.jsp?issucces=true
Payment Successfully
 Opened staging environment in a new browser tab
User enter ID in Username field
User Enter Password in password field
Click on submit button in login page
 Entered Transaction ID: 69575c75f2e8c4632395039d
 Clicked on Search button
UI transaction ID: 69575c75f2e8c4632395039d
API transaction ID: 69575c75f2e8c4632395039d
Transaction ID verified successfully
UI Merchant Name: suhasM
API Merchant Name: suhasM
Merchant name verified successfully
UI Amount: 54.32
API Amount: 54.32
currency conversion not applied
Amount verified successfully
UI Currency: INR
API Currency: INR
Currency matched correctly
Currency verified successfully
Expected Masked Card: 41111111****1111
UI Masked Card: 41111111****1111
 Clicked on first Transaction ID from list
Purchase Transaction ID is not empty or not null
UI Currency: INR
Payment Info Currency: INR
Currency on Payment Info verified successfully
UI Amount: 54.32
Payment Info Amount: 54.32
Amount on Payment Info verified successfully]]>
  </system-out>
</testsuite> <!-- PSP.zaakpay -->
