<?xml version="1.0" encoding="UTF-8"?>
<!-- Generated by org.testng.reporters.JUnitReportReporter -->
<testsuite hostname="PS-L6" failures="0" tests="1" name="PspWithoutCards.easybuzzNetBanking" time="71.257" errors="0" timestamp="2026-01-09T12:27:24 IST" skipped="0">
  <testcase classname="PspWithoutCards.easybuzzNetBanking" name="purchase" time="71.257">
    <system-out>
      <![CDATA[Generated Random Double: 30.31
Generated First Name: johnc23
Generated Email: nairobiPalermo3f032@gmail.com
purchaseId is not null
purchaseId is not empty
purchaseId format is valid: 6960a6aa5a39512d38524d03
purchaseId length is 24
purchaseId validated successfully: 6960a6aa5a39512d38524d03
Redirected URL: https://staging.paysecure.net/getResponse.jsp?issucces=true
Payment Successfully
 Opened staging environment in a new browser tab
User enter ID in Username field
User Enter Password in password field
Click on submit button in login page
 Entered Transaction ID: 6960a6aa5a39512d38524d03
 Clicked on Search button
UI transaction ID: 6960a6aa5a39512d38524d03
API transaction ID: 6960a6aa5a39512d38524d03
Transaction ID verified successfully
UI Amount: 30.31
API Amount: 30.31
currency conversion not applied
Amount verified successfully
UI Currency: INR
API Currency: INR
Currency matched correctly
Currency verified successfully
 Clicked on first Transaction ID from list
Purchase Transaction ID is not empty or not null
UI Currency: INR
Payment Info Currency: INR
Currency on Payment Info verified successfully
UI Amount: 30.31
Payment Info Amount: 30.31
Amount on Payment Info verified successfully]]>
    </system-out>
  </testcase> <!-- purchase -->
  <system-out>
    <![CDATA[User enter ID in Username field
User Enter Password in password field
Click on submit button in login page
Generated Random Double: 30.31
Generated First Name: johnc23
Generated Email: nairobiPalermo3f032@gmail.com
purchaseId is not null
purchaseId is not empty
purchaseId format is valid: 6960a6aa5a39512d38524d03
purchaseId length is 24
purchaseId validated successfully: 6960a6aa5a39512d38524d03
Redirected URL: https://staging.paysecure.net/getResponse.jsp?issucces=true
Payment Successfully
 Opened staging environment in a new browser tab
User enter ID in Username field
User Enter Password in password field
Click on submit button in login page
 Entered Transaction ID: 6960a6aa5a39512d38524d03
 Clicked on Search button
UI transaction ID: 6960a6aa5a39512d38524d03
API transaction ID: 6960a6aa5a39512d38524d03
Transaction ID verified successfully
UI Amount: 30.31
API Amount: 30.31
currency conversion not applied
Amount verified successfully
UI Currency: INR
API Currency: INR
Currency matched correctly
Currency verified successfully
 Clicked on first Transaction ID from list
Purchase Transaction ID is not empty or not null
UI Currency: INR
Payment Info Currency: INR
Currency on Payment Info verified successfully
UI Amount: 30.31
Payment Info Amount: 30.31
Amount on Payment Info verified successfully]]>
  </system-out>
</testsuite> <!-- PspWithoutCards.easybuzzNetBanking -->
