<?xml version="1.0" encoding="UTF-8"?>
<!-- Generated by org.testng.reporters.JUnitReportReporter -->
<testsuite hostname="PS-L6" failures="0" tests="2" name="s2s.city" time="182.888" errors="0" timestamp="2025-12-15T16:13:59 IST" skipped="0">
  <testcase classname="s2s.city" name="purchaseApi" time="96.094">
    <system-out>
      <![CDATA[Generated Random Double: 58.20
Generated First Name: john478
Generated Email: tomjerry9341a@gmail.com
Purchase created successfully with ID: 693fe5ca2a49368b7dd92ee6
User enter ID in Username field
User Enter Password in password field
Click on submit button in login page
S2S call successful on attempt 1
Redirected URL: https://staging.paysecure.net/getResponse.jsp?issucces=true
Payment Successfully
 Opened staging environment in a new browser tab
User enter ID in Username field
User Enter Password in password field
Click on submit button in login page
 Entered Transaction ID: 693fe5ca2a49368b7dd92ee6
 Clicked on Search button
 Clicked on Search button
 Clicked on first Transaction ID from list
Purchase Transaction ID is not empty or not null
city accepted by API: London]]>
    </system-out>
  </testcase> <!-- purchaseApi -->
  <testcase classname="s2s.city" name="purchaseApi" time="86.794">
    <system-out>
      <![CDATA[Generated Random Double: 99.76
Generated First Name: john3be
Generated Email: tomjerry5f1b4@gmail.com
Purchase created successfully with ID: 693fe6272a49368b7dd93502
User enter ID in Username field
User Enter Password in password field
Click on submit button in login page
S2S call successful on attempt 1
Redirected URL: https://staging.paysecure.net/getResponse.jsp?issucces=true
Payment Successfully
 Opened staging environment in a new browser tab
User enter ID in Username field
User Enter Password in password field
Click on submit button in login page
 Entered Transaction ID: 693fe6272a49368b7dd93502
 Clicked on Search button
 Clicked on Search button
 Clicked on first Transaction ID from list
Purchase Transaction ID is not empty or not null
city accepted by API: @City]]>
    </system-out>
  </testcase> <!-- purchaseApi -->
  <system-out>
    <![CDATA[Generated Random Double: 58.20
Generated First Name: john478
Generated Email: tomjerry9341a@gmail.com
Purchase created successfully with ID: 693fe5ca2a49368b7dd92ee6
User enter ID in Username field
User Enter Password in password field
Click on submit button in login page
S2S call successful on attempt 1
Redirected URL: https://staging.paysecure.net/getResponse.jsp?issucces=true
Payment Successfully
 Opened staging environment in a new browser tab
User enter ID in Username field
User Enter Password in password field
Click on submit button in login page
 Entered Transaction ID: 693fe5ca2a49368b7dd92ee6
 Clicked on Search button
 Clicked on Search button
 Clicked on first Transaction ID from list
Purchase Transaction ID is not empty or not null
city accepted by API: London
Generated Random Double: 99.76
Generated First Name: john3be
Generated Email: tomjerry5f1b4@gmail.com
Purchase created successfully with ID: 693fe6272a49368b7dd93502
User enter ID in Username field
User Enter Password in password field
Click on submit button in login page
S2S call successful on attempt 1
Redirected URL: https://staging.paysecure.net/getResponse.jsp?issucces=true
Payment Successfully
 Opened staging environment in a new browser tab
User enter ID in Username field
User Enter Password in password field
Click on submit button in login page
 Entered Transaction ID: 693fe6272a49368b7dd93502
 Clicked on Search button
 Clicked on Search button
 Clicked on first Transaction ID from list
Purchase Transaction ID is not empty or not null
city accepted by API: @City]]>
  </system-out>
</testsuite> <!-- s2s.city -->
