<?xml version="1.0" encoding="UTF-8"?>
<!-- Generated by org.testng.reporters.JUnitReportReporter -->
<testsuite hostname="PS-L51" failures="0" tests="5" name="PspWithoutCards.yaspaNetbanking" time="229.959" errors="0" timestamp="2026-04-06T16:38:07 IST" skipped="0">
  <testcase classname="PspWithoutCards.yaspaNetbanking" name="purchase" time="42.363">
    <system-out>
      <![CDATA[Amount Inputs → Min: 10.0, Max: 100.0, Provided: 70.0
✅ Amount within valid range. Using exact value: 70.0
Generated First Name: div7cc
Generated Email: yashdiv640b3@gmail.com
purchaseId is not null
purchaseId is not empty
purchaseId format is valid: 69d393d28519a511548f13e4
purchaseId length is 24
purchaseId validated successfully: 69d393d28519a511548f13e4
Redirected URL: https://staging.paysecure.net/getResponse.jsp?issucces=true
Payment Successfully]]>
    </system-out>
  </testcase> <!-- purchase -->
  <testcase classname="PspWithoutCards.yaspaNetbanking" name="purchase" time="54.584">
    <system-out>
      <![CDATA[Amount Inputs → Min: 10.0, Max: 100.0, Provided: 70.0
✅ Amount within valid range. Using exact value: 70.0
Generated First Name: div95e
Generated Email: yashdivfe03c@gmail.com
purchaseId is not null
purchaseId is not empty
purchaseId format is valid: 69d393478519a511548f0b43
purchaseId length is 24
purchaseId validated successfully: 69d393478519a511548f0b43
Redirected URL: https://staging.paysecure.net/getResponse.jsp?issucces=true
Payment Successfully]]>
    </system-out>
  </testcase> <!-- purchase -->
  <testcase classname="PspWithoutCards.yaspaNetbanking" name="purchase" time="42.208">
    <system-out>
      <![CDATA[Amount Inputs → Min: 10.0, Max: 100.0, Provided: 70.0
✅ Amount within valid range. Using exact value: 70.0
Generated First Name: divc02
Generated Email: yashdiv30451@gmail.com
purchaseId is not null
purchaseId is not empty
purchaseId format is valid: 69d393a88519a511548f10fd
purchaseId length is 24
purchaseId validated successfully: 69d393a88519a511548f10fd
Redirected URL: https://staging.paysecure.net/getResponse.jsp?issucces=true
Payment Successfully]]>
    </system-out>
  </testcase> <!-- purchase -->
  <testcase classname="PspWithoutCards.yaspaNetbanking" name="purchase" time="46.372">
    <system-out>
      <![CDATA[Amount Inputs → Min: 10.0, Max: 100.0, Provided: 70.0
✅ Amount within valid range. Using exact value: 70.0
Generated First Name: div00e
Generated Email: yashdiv0be29@gmail.com
purchaseId is not null
purchaseId is not empty
purchaseId format is valid: 69d393fb8519a511548f16bf
purchaseId length is 24
purchaseId validated successfully: 69d393fb8519a511548f16bf
Redirected URL: https://staging.paysecure.net/getResponse.jsp?issucces=true
Payment Successfully]]>
    </system-out>
  </testcase> <!-- purchase -->
  <testcase classname="PspWithoutCards.yaspaNetbanking" name="purchase" time="44.432">
    <system-out>
      <![CDATA[Amount Inputs → Min: 10.0, Max: 100.0, Provided: 70.0
✅ Amount within valid range. Using exact value: 70.0
Generated First Name: div812
Generated Email: yashdiv85606@gmail.com
purchaseId is not null
purchaseId is not empty
purchaseId format is valid: 69d3937a8519a511548f0e20
purchaseId length is 24
purchaseId validated successfully: 69d3937a8519a511548f0e20
Redirected URL: https://staging.paysecure.net/getResponse.jsp?issucces=true
Payment Successfully]]>
    </system-out>
  </testcase> <!-- purchase -->
  <system-out>
    <![CDATA[User enter ID in Username field
User Enter Password in password field
Click on submit button in login page
Amount Inputs → Min: 10.0, Max: 100.0, Provided: 70.0
✅ Amount within valid range. Using exact value: 70.0
Generated First Name: div95e
Generated Email: yashdivfe03c@gmail.com
purchaseId is not null
purchaseId is not empty
purchaseId format is valid: 69d393478519a511548f0b43
purchaseId length is 24
purchaseId validated successfully: 69d393478519a511548f0b43
Redirected URL: https://staging.paysecure.net/getResponse.jsp?issucces=true
Payment Successfully
User enter ID in Username field
User Enter Password in password field
Click on submit button in login page
Amount Inputs → Min: 10.0, Max: 100.0, Provided: 70.0
✅ Amount within valid range. Using exact value: 70.0
Generated First Name: div812
Generated Email: yashdiv85606@gmail.com
purchaseId is not null
purchaseId is not empty
purchaseId format is valid: 69d3937a8519a511548f0e20
purchaseId length is 24
purchaseId validated successfully: 69d3937a8519a511548f0e20
Redirected URL: https://staging.paysecure.net/getResponse.jsp?issucces=true
Payment Successfully
User enter ID in Username field
User Enter Password in password field
Click on submit button in login page
Amount Inputs → Min: 10.0, Max: 100.0, Provided: 70.0
✅ Amount within valid range. Using exact value: 70.0
Generated First Name: divc02
Generated Email: yashdiv30451@gmail.com
purchaseId is not null
purchaseId is not empty
purchaseId format is valid: 69d393a88519a511548f10fd
purchaseId length is 24
purchaseId validated successfully: 69d393a88519a511548f10fd
Redirected URL: https://staging.paysecure.net/getResponse.jsp?issucces=true
Payment Successfully
User enter ID in Username field
User Enter Password in password field
Click on submit button in login page
Amount Inputs → Min: 10.0, Max: 100.0, Provided: 70.0
✅ Amount within valid range. Using exact value: 70.0
Generated First Name: div7cc
Generated Email: yashdiv640b3@gmail.com
purchaseId is not null
purchaseId is not empty
purchaseId format is valid: 69d393d28519a511548f13e4
purchaseId length is 24
purchaseId validated successfully: 69d393d28519a511548f13e4
Redirected URL: https://staging.paysecure.net/getResponse.jsp?issucces=true
Payment Successfully
User enter ID in Username field
User Enter Password in password field
Click on submit button in login page
Amount Inputs → Min: 10.0, Max: 100.0, Provided: 70.0
✅ Amount within valid range. Using exact value: 70.0
Generated First Name: div00e
Generated Email: yashdiv0be29@gmail.com
purchaseId is not null
purchaseId is not empty
purchaseId format is valid: 69d393fb8519a511548f16bf
purchaseId length is 24
purchaseId validated successfully: 69d393fb8519a511548f16bf
Redirected URL: https://staging.paysecure.net/getResponse.jsp?issucces=true
Payment Successfully]]>
  </system-out>
</testsuite> <!-- PspWithoutCards.yaspaNetbanking -->
