<?xml version="1.0" encoding="UTF-8"?>
<!-- Generated by org.testng.reporters.JUnitReportReporter -->
<testsuite hostname="PS-L51" failures="0" tests="1" name="refund.limitAndCHarges" time="54.588" errors="0" timestamp="2026-04-07T11:29:44 IST" skipped="0">
  <testcase classname="refund.limitAndCHarges" name="setLimitAndCHarges" time="54.588">
    <system-out>
      <![CDATA[select merchant name :- Denver
select merchant name :- EUR
select merchant name :- VISA
Fetching details for Limit and Charges
Details fetched successfully]]>
    </system-out>
  </testcase> <!-- setLimitAndCHarges -->
  <system-out>
    <![CDATA[User enter ID in Username field
User Enter Password in password field
Click on submit button in login page
select merchant name :- Denver
select merchant name :- EUR
select merchant name :- VISA
Fetching details for Limit and Charges
Details fetched successfully]]>
  </system-out>
</testsuite> <!-- refund.limitAndCHarges -->
