<?xml version="1.0" encoding="UTF-8"?>
<!-- Generated by org.testng.reporters.JUnitReportReporter -->
<testsuite hostname="PS-L6" failures="0" tests="3" name="purchase.zipcode" time="293.103" errors="0" timestamp="2025-12-30T10:57:37 IST" skipped="0">
  <testcase classname="purchase.zipcode" name="validationForZipcodeField" time="104.451">
    <system-out>
      <![CDATA[streetAddres test case will run for this PSP :- Easybuzz
streetAddres test case will run for this runflag:- Master05
Generated Random Double: 14.04
Generated First Name: john7f7
Generated Email: nairobiPalermo22f1b@gmail.com
zipcode: SW1A 1AA → Status: 202
Response Body: {
    "purchaseId": "695361bbab264817a9e26efd",
    "client": {
        "customerId": "NA",
        "email": "nairobipalermo22f1b@gmail.com",
        "phone": "+1111111111",
        "full_name": "john7f7",
        "street_address": "Main gate",
        "country": "IN",
        "city": "Paris",
        "zip_code": "SW1A 1AA",
        "cc": [
            
        ],
        "bcc": [
            
        ],
        "stateCode": "QLD"
    },
    "updated_on": 1767072187,
    "type": "purchase",
    "paymentMethod": "MASTER",
    "amountUnit": "MAJOR",
    "errorMsg": "",
    "errorCode": "NA",
    "savedCardUsed": "NO",
    "redirectType": "POST",
    "force_recurring": false,
    "created_on": 1767072187,
    "merchantRef": "695361bbab264817a9e26efd",
    "merchantName": "suhasM",
    "merchantType": "MERCHANT",
    "purchase": {
        "currency": "INR",
        "products": [
            {
                "name": "Cricket bat",
                "quantity": 1.0,
                "price": 14.04,
                "discount": 0,
                "tax_percent": "0.00"
            }
        ],
        "total": 14.04,
        "requestAmount": 14.04,
        "language": "en",
        "notes": "",
        "debt": 0,
        "total_formatted": 1.0,
        "taxAmount": 0.0,
        "taxPercent": 0.0,
        "request_client_details": [
            
        ],
        "email_message": ""
    },
    "issuer_details": {
        "website": "",
        "legal_street_address": "",
        "legal_country": "",
        "legal_city": "",
        "legal_zip_code": "",
        "bank_accounts": [
            {
                
            }
        ],
        "legal_name": "practice",
        "brand_name": "practice",
        "registration_number": "",
        "tax_number": ""
    },
    "transaction_data": {
        "payment_method": "",
        "flow": "payform",
        "extra": {
            
        },
        "country": "",
        "attempts": [
            
        ]
    },
    "status": "CREATED",
    "status_history": [
        {
            "status": "created",
            "timestamp": 1767072187
        }
    ],
    "is_test": false,
    "brand_id": "04199342-5d84-4e17-a53e-5c3d6b03ebd4",
    "send_receipt": false,
    "is_recurring_token": false,
    "skip_capture": false,
    "reference_generated": "PS5495",
    "issued": "2025-12-30",
    "due": 1767072187,
    "refund_upto": 0,
    "cc_descriptor": "",
    "fraudScore": "NA",
    "trustScore": "NA",
    "extraFee": "0",
    "paidOn": 0,
    "receivedAmt": 0.0,
    "taxAmount": 0.0,
    "surcharge": 0.0,
    "surchargeType": "",
    "sessionId": "",
    "refund_availability": "NONE",
    "refundable_amount": 0.0,
    "success_redirect": "https://staging.paysecure.net/getResponse.jsp?issucces=true",
    "failure_redirect": "https://staging.paysecure.net/getResponse.jsp?issucces=false",
    "cancel_redirect": "",
    "success_callback": "https://www.google.com/",
    "failure_callback": "https://staging.paysecure.net/merchant",
    "platform": "API",
    "created_from_ip": "103.80.161.238",
    "checkout_url": "https://test4.paymentsclub.net/payments/593def70263ed73e65a56531eec94938/",
    "direct_post_url": "https://test4.paymentsclub.net/api/v1/p/695361bbab264817a9e26efd/",
    "payoutProcess": false
}
zipcode accepted by API: SW1A 1AA
API success -> proceeding with full flow
Entered Card Holder Name: AB de Villiers
Entered Card Number: 5553042241984105
Entered Card Expiry Date: 07/28
Entered Card CVC: 123
Moved to the Pay button
Clicked on the Pay button to proceed with payment
Redirected URL: https://staging.paysecure.net/getResponse.jsp?issucces=true
Pass → Payment succeeded as expected
 Opened staging environment in a new browser tab
User enter ID in Username field
User Enter Password in password field
Click on submit button in login page
 Entered Transaction ID: 695361bbab264817a9e26efd
 Clicked on Search button
 Clicked on Search button
 Clicked on first Transaction ID from list
Purchase Transaction ID is not empty or not null]]>
    </system-out>
  </testcase> <!-- validationForZipcodeField -->
  <testcase classname="purchase.zipcode" name="validationForZipcodeField" time="93.679">
    <system-out>
      <![CDATA[streetAddres test case will run for this PSP :- Easybuzz
streetAddres test case will run for this runflag:- Master05
Generated Random Double: 55.01
Generated First Name: john30d
Generated Email: nairobiPalermo4872e@gmail.com
zipcode: 560001 → Status: 202
Response Body: {
    "purchaseId": "6953621eab264817a9e271e9",
    "client": {
        "customerId": "NA",
        "email": "nairobipalermo4872e@gmail.com",
        "phone": "+1111111111",
        "full_name": "john30d",
        "street_address": "Main gate",
        "country": "IN",
        "city": "Paris",
        "zip_code": "560001",
        "cc": [
            
        ],
        "bcc": [
            
        ],
        "stateCode": "QLD"
    },
    "updated_on": 1767072286,
    "type": "purchase",
    "paymentMethod": "MASTER",
    "amountUnit": "MAJOR",
    "errorMsg": "",
    "errorCode": "NA",
    "savedCardUsed": "NO",
    "redirectType": "POST",
    "force_recurring": false,
    "created_on": 1767072286,
    "merchantRef": "6953621eab264817a9e271e9",
    "merchantName": "suhasM",
    "merchantType": "MERCHANT",
    "purchase": {
        "currency": "INR",
        "products": [
            {
                "name": "Cricket bat",
                "quantity": 1.0,
                "price": 55.01,
                "discount": 0,
                "tax_percent": "0.00"
            }
        ],
        "total": 55.01,
        "requestAmount": 55.01,
        "language": "en",
        "notes": "",
        "debt": 0,
        "total_formatted": 1.0,
        "taxAmount": 0.0,
        "taxPercent": 0.0,
        "request_client_details": [
            
        ],
        "email_message": ""
    },
    "issuer_details": {
        "website": "",
        "legal_street_address": "",
        "legal_country": "",
        "legal_city": "",
        "legal_zip_code": "",
        "bank_accounts": [
            {
                
            }
        ],
        "legal_name": "practice",
        "brand_name": "practice",
        "registration_number": "",
        "tax_number": ""
    },
    "transaction_data": {
        "payment_method": "",
        "flow": "payform",
        "extra": {
            
        },
        "country": "",
        "attempts": [
            
        ]
    },
    "status": "CREATED",
    "status_history": [
        {
            "status": "created",
            "timestamp": 1767072286
        }
    ],
    "is_test": false,
    "brand_id": "04199342-5d84-4e17-a53e-5c3d6b03ebd4",
    "send_receipt": false,
    "is_recurring_token": false,
    "skip_capture": false,
    "reference_generated": "PS5496",
    "issued": "2025-12-30",
    "due": 1767072286,
    "refund_upto": 0,
    "cc_descriptor": "",
    "fraudScore": "NA",
    "trustScore": "NA",
    "extraFee": "0",
    "paidOn": 0,
    "receivedAmt": 0.0,
    "taxAmount": 0.0,
    "surcharge": 0.0,
    "surchargeType": "",
    "sessionId": "",
    "refund_availability": "NONE",
    "refundable_amount": 0.0,
    "success_redirect": "https://staging.paysecure.net/getResponse.jsp?issucces=true",
    "failure_redirect": "https://staging.paysecure.net/getResponse.jsp?issucces=false",
    "cancel_redirect": "",
    "success_callback": "https://www.google.com/",
    "failure_callback": "https://staging.paysecure.net/merchant",
    "platform": "API",
    "created_from_ip": "103.80.161.238",
    "checkout_url": "https://test4.paymentsclub.net/payments/cd98c5dabd390d8e446d263b293e3f8a/",
    "direct_post_url": "https://test4.paymentsclub.net/api/v1/p/6953621eab264817a9e271e9/",
    "payoutProcess": false
}
zipcode accepted by API: 560001
API success -> proceeding with full flow
Entered Card Holder Name: AB de Villiers
Entered Card Number: 5553042241984105
Entered Card Expiry Date: 07/28
Entered Card CVC: 123
Moved to the Pay button
Clicked on the Pay button to proceed with payment
Redirected URL: https://staging.paysecure.net/getResponse.jsp?issucces=true
Pass → Payment succeeded as expected
 Opened staging environment in a new browser tab
User enter ID in Username field
User Enter Password in password field
Click on submit button in login page
 Entered Transaction ID: 6953621eab264817a9e271e9
 Clicked on Search button
 Clicked on Search button
 Clicked on first Transaction ID from list
Purchase Transaction ID is not empty or not null]]>
    </system-out>
  </testcase> <!-- validationForZipcodeField -->
  <testcase classname="purchase.zipcode" name="validationForZipcodeField" time="94.973">
    <system-out>
      <![CDATA[streetAddres test case will run for this PSP :- Easybuzz
streetAddres test case will run for this runflag:- Master05
Generated Random Double: 32.87
Generated First Name: john491
Generated Email: nairobiPalermo8b8d7@gmail.com
zipcode: 10115 → Status: 202
Response Body: {
    "purchaseId": "6953627bab264817a9e274d7",
    "client": {
        "customerId": "NA",
        "email": "nairobipalermo8b8d7@gmail.com",
        "phone": "+1111111111",
        "full_name": "john491",
        "street_address": "Main gate",
        "country": "IN",
        "city": "Paris",
        "zip_code": "10115",
        "cc": [
            
        ],
        "bcc": [
            
        ],
        "stateCode": "QLD"
    },
    "updated_on": 1767072379,
    "type": "purchase",
    "paymentMethod": "MASTER",
    "amountUnit": "MAJOR",
    "errorMsg": "",
    "errorCode": "NA",
    "savedCardUsed": "NO",
    "redirectType": "POST",
    "force_recurring": false,
    "created_on": 1767072379,
    "merchantRef": "6953627bab264817a9e274d7",
    "merchantName": "suhasM",
    "merchantType": "MERCHANT",
    "purchase": {
        "currency": "INR",
        "products": [
            {
                "name": "Cricket bat",
                "quantity": 1.0,
                "price": 32.87,
                "discount": 0,
                "tax_percent": "0.00"
            }
        ],
        "total": 32.87,
        "requestAmount": 32.87,
        "language": "en",
        "notes": "",
        "debt": 0,
        "total_formatted": 1.0,
        "taxAmount": 0.0,
        "taxPercent": 0.0,
        "request_client_details": [
            
        ],
        "email_message": ""
    },
    "issuer_details": {
        "website": "",
        "legal_street_address": "",
        "legal_country": "",
        "legal_city": "",
        "legal_zip_code": "",
        "bank_accounts": [
            {
                
            }
        ],
        "legal_name": "practice",
        "brand_name": "practice",
        "registration_number": "",
        "tax_number": ""
    },
    "transaction_data": {
        "payment_method": "",
        "flow": "payform",
        "extra": {
            
        },
        "country": "",
        "attempts": [
            
        ]
    },
    "status": "CREATED",
    "status_history": [
        {
            "status": "created",
            "timestamp": 1767072379
        }
    ],
    "is_test": false,
    "brand_id": "04199342-5d84-4e17-a53e-5c3d6b03ebd4",
    "send_receipt": false,
    "is_recurring_token": false,
    "skip_capture": false,
    "reference_generated": "PS5497",
    "issued": "2025-12-30",
    "due": 1767072379,
    "refund_upto": 0,
    "cc_descriptor": "",
    "fraudScore": "NA",
    "trustScore": "NA",
    "extraFee": "0",
    "paidOn": 0,
    "receivedAmt": 0.0,
    "taxAmount": 0.0,
    "surcharge": 0.0,
    "surchargeType": "",
    "sessionId": "",
    "refund_availability": "NONE",
    "refundable_amount": 0.0,
    "success_redirect": "https://staging.paysecure.net/getResponse.jsp?issucces=true",
    "failure_redirect": "https://staging.paysecure.net/getResponse.jsp?issucces=false",
    "cancel_redirect": "",
    "success_callback": "https://www.google.com/",
    "failure_callback": "https://staging.paysecure.net/merchant",
    "platform": "API",
    "created_from_ip": "103.80.161.238",
    "checkout_url": "https://test4.paymentsclub.net/payments/6ce95619ff8ee56571c9db3b1aa6db25/",
    "direct_post_url": "https://test4.paymentsclub.net/api/v1/p/6953627bab264817a9e274d7/",
    "payoutProcess": false
}
zipcode accepted by API: 10115
API success -> proceeding with full flow
Entered Card Holder Name: AB de Villiers
Entered Card Number: 5553042241984105
Entered Card Expiry Date: 07/28
Entered Card CVC: 123
Moved to the Pay button
Clicked on the Pay button to proceed with payment
Redirected URL: https://staging.paysecure.net/getResponse.jsp?issucces=true
Pass → Payment succeeded as expected
 Opened staging environment in a new browser tab
User enter ID in Username field
User Enter Password in password field
Click on submit button in login page
 Entered Transaction ID: 6953627bab264817a9e274d7
 Clicked on Search button
 Clicked on Search button
 Clicked on first Transaction ID from list
Purchase Transaction ID is not empty or not null]]>
    </system-out>
  </testcase> <!-- validationForZipcodeField -->
  <system-out>
    <![CDATA[User enter ID in Username field
User Enter Password in password field
Click on submit button in login page
streetAddres test case will run for this PSP :- Easybuzz
streetAddres test case will run for this runflag:- Master05
Generated Random Double: 14.04
Generated First Name: john7f7
Generated Email: nairobiPalermo22f1b@gmail.com
zipcode: SW1A 1AA → Status: 202
Response Body: {
    "purchaseId": "695361bbab264817a9e26efd",
    "client": {
        "customerId": "NA",
        "email": "nairobipalermo22f1b@gmail.com",
        "phone": "+1111111111",
        "full_name": "john7f7",
        "street_address": "Main gate",
        "country": "IN",
        "city": "Paris",
        "zip_code": "SW1A 1AA",
        "cc": [
            
        ],
        "bcc": [
            
        ],
        "stateCode": "QLD"
    },
    "updated_on": 1767072187,
    "type": "purchase",
    "paymentMethod": "MASTER",
    "amountUnit": "MAJOR",
    "errorMsg": "",
    "errorCode": "NA",
    "savedCardUsed": "NO",
    "redirectType": "POST",
    "force_recurring": false,
    "created_on": 1767072187,
    "merchantRef": "695361bbab264817a9e26efd",
    "merchantName": "suhasM",
    "merchantType": "MERCHANT",
    "purchase": {
        "currency": "INR",
        "products": [
            {
                "name": "Cricket bat",
                "quantity": 1.0,
                "price": 14.04,
                "discount": 0,
                "tax_percent": "0.00"
            }
        ],
        "total": 14.04,
        "requestAmount": 14.04,
        "language": "en",
        "notes": "",
        "debt": 0,
        "total_formatted": 1.0,
        "taxAmount": 0.0,
        "taxPercent": 0.0,
        "request_client_details": [
            
        ],
        "email_message": ""
    },
    "issuer_details": {
        "website": "",
        "legal_street_address": "",
        "legal_country": "",
        "legal_city": "",
        "legal_zip_code": "",
        "bank_accounts": [
            {
                
            }
        ],
        "legal_name": "practice",
        "brand_name": "practice",
        "registration_number": "",
        "tax_number": ""
    },
    "transaction_data": {
        "payment_method": "",
        "flow": "payform",
        "extra": {
            
        },
        "country": "",
        "attempts": [
            
        ]
    },
    "status": "CREATED",
    "status_history": [
        {
            "status": "created",
            "timestamp": 1767072187
        }
    ],
    "is_test": false,
    "brand_id": "04199342-5d84-4e17-a53e-5c3d6b03ebd4",
    "send_receipt": false,
    "is_recurring_token": false,
    "skip_capture": false,
    "reference_generated": "PS5495",
    "issued": "2025-12-30",
    "due": 1767072187,
    "refund_upto": 0,
    "cc_descriptor": "",
    "fraudScore": "NA",
    "trustScore": "NA",
    "extraFee": "0",
    "paidOn": 0,
    "receivedAmt": 0.0,
    "taxAmount": 0.0,
    "surcharge": 0.0,
    "surchargeType": "",
    "sessionId": "",
    "refund_availability": "NONE",
    "refundable_amount": 0.0,
    "success_redirect": "https://staging.paysecure.net/getResponse.jsp?issucces=true",
    "failure_redirect": "https://staging.paysecure.net/getResponse.jsp?issucces=false",
    "cancel_redirect": "",
    "success_callback": "https://www.google.com/",
    "failure_callback": "https://staging.paysecure.net/merchant",
    "platform": "API",
    "created_from_ip": "103.80.161.238",
    "checkout_url": "https://test4.paymentsclub.net/payments/593def70263ed73e65a56531eec94938/",
    "direct_post_url": "https://test4.paymentsclub.net/api/v1/p/695361bbab264817a9e26efd/",
    "payoutProcess": false
}
zipcode accepted by API: SW1A 1AA
API success -> proceeding with full flow
Entered Card Holder Name: AB de Villiers
Entered Card Number: 5553042241984105
Entered Card Expiry Date: 07/28
Entered Card CVC: 123
Moved to the Pay button
Clicked on the Pay button to proceed with payment
Redirected URL: https://staging.paysecure.net/getResponse.jsp?issucces=true
Pass → Payment succeeded as expected
 Opened staging environment in a new browser tab
User enter ID in Username field
User Enter Password in password field
Click on submit button in login page
 Entered Transaction ID: 695361bbab264817a9e26efd
 Clicked on Search button
 Clicked on Search button
 Clicked on first Transaction ID from list
Purchase Transaction ID is not empty or not null
User enter ID in Username field
User Enter Password in password field
Click on submit button in login page
streetAddres test case will run for this PSP :- Easybuzz
streetAddres test case will run for this runflag:- Master05
Generated Random Double: 55.01
Generated First Name: john30d
Generated Email: nairobiPalermo4872e@gmail.com
zipcode: 560001 → Status: 202
Response Body: {
    "purchaseId": "6953621eab264817a9e271e9",
    "client": {
        "customerId": "NA",
        "email": "nairobipalermo4872e@gmail.com",
        "phone": "+1111111111",
        "full_name": "john30d",
        "street_address": "Main gate",
        "country": "IN",
        "city": "Paris",
        "zip_code": "560001",
        "cc": [
            
        ],
        "bcc": [
            
        ],
        "stateCode": "QLD"
    },
    "updated_on": 1767072286,
    "type": "purchase",
    "paymentMethod": "MASTER",
    "amountUnit": "MAJOR",
    "errorMsg": "",
    "errorCode": "NA",
    "savedCardUsed": "NO",
    "redirectType": "POST",
    "force_recurring": false,
    "created_on": 1767072286,
    "merchantRef": "6953621eab264817a9e271e9",
    "merchantName": "suhasM",
    "merchantType": "MERCHANT",
    "purchase": {
        "currency": "INR",
        "products": [
            {
                "name": "Cricket bat",
                "quantity": 1.0,
                "price": 55.01,
                "discount": 0,
                "tax_percent": "0.00"
            }
        ],
        "total": 55.01,
        "requestAmount": 55.01,
        "language": "en",
        "notes": "",
        "debt": 0,
        "total_formatted": 1.0,
        "taxAmount": 0.0,
        "taxPercent": 0.0,
        "request_client_details": [
            
        ],
        "email_message": ""
    },
    "issuer_details": {
        "website": "",
        "legal_street_address": "",
        "legal_country": "",
        "legal_city": "",
        "legal_zip_code": "",
        "bank_accounts": [
            {
                
            }
        ],
        "legal_name": "practice",
        "brand_name": "practice",
        "registration_number": "",
        "tax_number": ""
    },
    "transaction_data": {
        "payment_method": "",
        "flow": "payform",
        "extra": {
            
        },
        "country": "",
        "attempts": [
            
        ]
    },
    "status": "CREATED",
    "status_history": [
        {
            "status": "created",
            "timestamp": 1767072286
        }
    ],
    "is_test": false,
    "brand_id": "04199342-5d84-4e17-a53e-5c3d6b03ebd4",
    "send_receipt": false,
    "is_recurring_token": false,
    "skip_capture": false,
    "reference_generated": "PS5496",
    "issued": "2025-12-30",
    "due": 1767072286,
    "refund_upto": 0,
    "cc_descriptor": "",
    "fraudScore": "NA",
    "trustScore": "NA",
    "extraFee": "0",
    "paidOn": 0,
    "receivedAmt": 0.0,
    "taxAmount": 0.0,
    "surcharge": 0.0,
    "surchargeType": "",
    "sessionId": "",
    "refund_availability": "NONE",
    "refundable_amount": 0.0,
    "success_redirect": "https://staging.paysecure.net/getResponse.jsp?issucces=true",
    "failure_redirect": "https://staging.paysecure.net/getResponse.jsp?issucces=false",
    "cancel_redirect": "",
    "success_callback": "https://www.google.com/",
    "failure_callback": "https://staging.paysecure.net/merchant",
    "platform": "API",
    "created_from_ip": "103.80.161.238",
    "checkout_url": "https://test4.paymentsclub.net/payments/cd98c5dabd390d8e446d263b293e3f8a/",
    "direct_post_url": "https://test4.paymentsclub.net/api/v1/p/6953621eab264817a9e271e9/",
    "payoutProcess": false
}
zipcode accepted by API: 560001
API success -> proceeding with full flow
Entered Card Holder Name: AB de Villiers
Entered Card Number: 5553042241984105
Entered Card Expiry Date: 07/28
Entered Card CVC: 123
Moved to the Pay button
Clicked on the Pay button to proceed with payment
Redirected URL: https://staging.paysecure.net/getResponse.jsp?issucces=true
Pass → Payment succeeded as expected
 Opened staging environment in a new browser tab
User enter ID in Username field
User Enter Password in password field
Click on submit button in login page
 Entered Transaction ID: 6953621eab264817a9e271e9
 Clicked on Search button
 Clicked on Search button
 Clicked on first Transaction ID from list
Purchase Transaction ID is not empty or not null
User enter ID in Username field
User Enter Password in password field
Click on submit button in login page
streetAddres test case will run for this PSP :- Easybuzz
streetAddres test case will run for this runflag:- Master05
Generated Random Double: 32.87
Generated First Name: john491
Generated Email: nairobiPalermo8b8d7@gmail.com
zipcode: 10115 → Status: 202
Response Body: {
    "purchaseId": "6953627bab264817a9e274d7",
    "client": {
        "customerId": "NA",
        "email": "nairobipalermo8b8d7@gmail.com",
        "phone": "+1111111111",
        "full_name": "john491",
        "street_address": "Main gate",
        "country": "IN",
        "city": "Paris",
        "zip_code": "10115",
        "cc": [
            
        ],
        "bcc": [
            
        ],
        "stateCode": "QLD"
    },
    "updated_on": 1767072379,
    "type": "purchase",
    "paymentMethod": "MASTER",
    "amountUnit": "MAJOR",
    "errorMsg": "",
    "errorCode": "NA",
    "savedCardUsed": "NO",
    "redirectType": "POST",
    "force_recurring": false,
    "created_on": 1767072379,
    "merchantRef": "6953627bab264817a9e274d7",
    "merchantName": "suhasM",
    "merchantType": "MERCHANT",
    "purchase": {
        "currency": "INR",
        "products": [
            {
                "name": "Cricket bat",
                "quantity": 1.0,
                "price": 32.87,
                "discount": 0,
                "tax_percent": "0.00"
            }
        ],
        "total": 32.87,
        "requestAmount": 32.87,
        "language": "en",
        "notes": "",
        "debt": 0,
        "total_formatted": 1.0,
        "taxAmount": 0.0,
        "taxPercent": 0.0,
        "request_client_details": [
            
        ],
        "email_message": ""
    },
    "issuer_details": {
        "website": "",
        "legal_street_address": "",
        "legal_country": "",
        "legal_city": "",
        "legal_zip_code": "",
        "bank_accounts": [
            {
                
            }
        ],
        "legal_name": "practice",
        "brand_name": "practice",
        "registration_number": "",
        "tax_number": ""
    },
    "transaction_data": {
        "payment_method": "",
        "flow": "payform",
        "extra": {
            
        },
        "country": "",
        "attempts": [
            
        ]
    },
    "status": "CREATED",
    "status_history": [
        {
            "status": "created",
            "timestamp": 1767072379
        }
    ],
    "is_test": false,
    "brand_id": "04199342-5d84-4e17-a53e-5c3d6b03ebd4",
    "send_receipt": false,
    "is_recurring_token": false,
    "skip_capture": false,
    "reference_generated": "PS5497",
    "issued": "2025-12-30",
    "due": 1767072379,
    "refund_upto": 0,
    "cc_descriptor": "",
    "fraudScore": "NA",
    "trustScore": "NA",
    "extraFee": "0",
    "paidOn": 0,
    "receivedAmt": 0.0,
    "taxAmount": 0.0,
    "surcharge": 0.0,
    "surchargeType": "",
    "sessionId": "",
    "refund_availability": "NONE",
    "refundable_amount": 0.0,
    "success_redirect": "https://staging.paysecure.net/getResponse.jsp?issucces=true",
    "failure_redirect": "https://staging.paysecure.net/getResponse.jsp?issucces=false",
    "cancel_redirect": "",
    "success_callback": "https://www.google.com/",
    "failure_callback": "https://staging.paysecure.net/merchant",
    "platform": "API",
    "created_from_ip": "103.80.161.238",
    "checkout_url": "https://test4.paymentsclub.net/payments/6ce95619ff8ee56571c9db3b1aa6db25/",
    "direct_post_url": "https://test4.paymentsclub.net/api/v1/p/6953627bab264817a9e274d7/",
    "payoutProcess": false
}
zipcode accepted by API: 10115
API success -> proceeding with full flow
Entered Card Holder Name: AB de Villiers
Entered Card Number: 5553042241984105
Entered Card Expiry Date: 07/28
Entered Card CVC: 123
Moved to the Pay button
Clicked on the Pay button to proceed with payment
Redirected URL: https://staging.paysecure.net/getResponse.jsp?issucces=true
Pass → Payment succeeded as expected
 Opened staging environment in a new browser tab
User enter ID in Username field
User Enter Password in password field
Click on submit button in login page
 Entered Transaction ID: 6953627bab264817a9e274d7
 Clicked on Search button
 Clicked on Search button
 Clicked on first Transaction ID from list
Purchase Transaction ID is not empty or not null]]>
  </system-out>
</testsuite> <!-- purchase.zipcode -->
