<?xml version="1.0" encoding="UTF-8"?>
<!-- Generated by org.testng.reporters.JUnitReportReporter -->
<testsuite hostname="PS-L6" failures="0" tests="8" name="schemaValidation.zipcode" time="419.434" errors="0" timestamp="2025-12-10T14:04:26 IST" skipped="0">
  <testcase classname="schemaValidation.zipcode" name="validationForZipcodeField" time="65.720">
    <system-out>
      <![CDATA[streetAddres test case will run for this PSP :- Neogate
streetAddres test case will run for this runflag:- Visa4654
Generated Random Double: 55.14
Generated First Name: john9d1
Generated Email: tomjerry111d2@gmail.com
zipcode: 12 → Status: 202
Response Body: {
    "purchaseId": "69392fc09f9ed2ab69cb9dc8",
    "client": {
        "customerId": "NA",
        "email": "tomjerry111d2@gmail.com",
        "phone": "+1111111111",
        "full_name": "john9d1",
        "street_address": "Main gate",
        "country": "DZ",
        "city": "Paris",
        "zip_code": "12",
        "cc": [
            
        ],
        "bcc": [
            
        ],
        "stateCode": "QLD"
    },
    "updated_on": 1765355456,
    "type": "purchase",
    "paymentMethod": "VISA",
    "amountUnit": "MAJOR",
    "errorMsg": "",
    "errorCode": "NA",
    "savedCardUsed": "NO",
    "redirectType": "POST",
    "force_recurring": false,
    "created_on": 1765355456,
    "merchantRef": "69392fc09f9ed2ab69cb9dc8",
    "merchantName": "suhasM",
    "merchantType": "MERCHANT",
    "purchase": {
        "currency": "EUR",
        "products": [
            {
                "name": "New Ebook Gaming cards",
                "quantity": 1.0,
                "price": 55.14,
                "discount": 0,
                "tax_percent": "0.00"
            }
        ],
        "total": 55.14,
        "requestAmount": 55.14,
        "language": "en",
        "notes": "",
        "debt": 0,
        "total_formatted": 1.0,
        "taxAmount": 0.0,
        "taxPercent": 0.0,
        "request_client_details": [
            
        ],
        "email_message": ""
    },
    "issuer_details": {
        "website": "",
        "legal_street_address": "",
        "legal_country": "",
        "legal_city": "",
        "legal_zip_code": "",
        "bank_accounts": [
            {
                
            }
        ],
        "legal_name": "practice",
        "brand_name": "practice",
        "registration_number": "",
        "tax_number": ""
    },
    "transaction_data": {
        "payment_method": "",
        "flow": "payform",
        "extra": {
            
        },
        "country": "",
        "attempts": [
            
        ]
    },
    "status": "CREATED",
    "status_history": [
        {
            "status": "created",
            "timestamp": 1765355456
        }
    ],
    "is_test": false,
    "brand_id": "04199342-5d84-4e17-a53e-5c3d6b03ebd4",
    "send_receipt": false,
    "is_recurring_token": false,
    "skip_capture": false,
    "reference_generated": "PS5079",
    "issued": "2025-12-10",
    "due": 1765355456,
    "refund_upto": 0,
    "cc_descriptor": "",
    "fraudScore": "NA",
    "trustScore": "NA",
    "extraFee": "0",
    "paidOn": 0,
    "receivedAmt": 0.0,
    "taxAmount": 0.0,
    "surcharge": 0.0,
    "surchargeType": "",
    "sessionId": "",
    "refund_availability": "NONE",
    "refundable_amount": 0.0,
    "success_redirect": "https://staging.paysecure.net/getResponse.jsp?issucces=true",
    "failure_redirect": "https://staging.paysecure.net/getResponse.jsp?issucces=false",
    "cancel_redirect": "",
    "success_callback": "https://www.google.com/",
    "failure_callback": "https://staging.paysecure.net/merchant",
    "platform": "API",
    "created_from_ip": "103.80.161.238",
    "checkout_url": "https://staging.paysecure.net/payments/0e66e8ad2b75f635d9325240b71477b4/",
    "direct_post_url": "https://staging.paysecure.net/api/v1/p/69392fc09f9ed2ab69cb9dc8/",
    "payoutProcess": false
}
zipcode accepted by API: 12
API success -> proceeding with full flow
Entered Card Holder Name: AB de Villiers
Entered Card Number: 4557392539764654
Entered Card Expiry Date: 04/28
Entered Card CVC: 123
Moved to the Pay button
Clicked on the Pay button to proceed with payment
Redirected URL: https://staging.paysecure.net/getResponse.jsp?issucces=true
Payment Successfully
 Opened staging environment in a new browser tab
User enter ID in Username field
User Enter Password in password field
Click on submit button in login page
 Entered Transaction ID: 69392fc09f9ed2ab69cb9dc8
 Clicked on Search button
 Clicked on Search button
 Clicked on first Transaction ID from list
Purchase Transaction ID is not empty or not null]]>
    </system-out>
  </testcase> <!-- validationForZipcodeField -->
  <testcase classname="schemaValidation.zipcode" name="validationForZipcodeField" time="63.360">
    <system-out>
      <![CDATA[streetAddres test case will run for this PSP :- Neogate
streetAddres test case will run for this runflag:- Visa4654
Generated Random Double: 75.17
Generated First Name: johna41
Generated Email: tomjerry19c70@gmail.com
zipcode: 560001 → Status: 202
Response Body: {
    "purchaseId": "69392f419f9ed2ab69cb98ba",
    "client": {
        "customerId": "NA",
        "email": "tomjerry19c70@gmail.com",
        "phone": "+1111111111",
        "full_name": "johna41",
        "street_address": "Main gate",
        "country": "DZ",
        "city": "Paris",
        "zip_code": "560001",
        "cc": [
            
        ],
        "bcc": [
            
        ],
        "stateCode": "QLD"
    },
    "updated_on": 1765355329,
    "type": "purchase",
    "paymentMethod": "VISA",
    "amountUnit": "MAJOR",
    "errorMsg": "",
    "errorCode": "NA",
    "savedCardUsed": "NO",
    "redirectType": "POST",
    "force_recurring": false,
    "created_on": 1765355329,
    "merchantRef": "69392f419f9ed2ab69cb98ba",
    "merchantName": "suhasM",
    "merchantType": "MERCHANT",
    "purchase": {
        "currency": "EUR",
        "products": [
            {
                "name": "New Ebook Gaming cards",
                "quantity": 1.0,
                "price": 75.17,
                "discount": 0,
                "tax_percent": "0.00"
            }
        ],
        "total": 75.17,
        "requestAmount": 75.17,
        "language": "en",
        "notes": "",
        "debt": 0,
        "total_formatted": 1.0,
        "taxAmount": 0.0,
        "taxPercent": 0.0,
        "request_client_details": [
            
        ],
        "email_message": ""
    },
    "issuer_details": {
        "website": "",
        "legal_street_address": "",
        "legal_country": "",
        "legal_city": "",
        "legal_zip_code": "",
        "bank_accounts": [
            {
                
            }
        ],
        "legal_name": "practice",
        "brand_name": "practice",
        "registration_number": "",
        "tax_number": ""
    },
    "transaction_data": {
        "payment_method": "",
        "flow": "payform",
        "extra": {
            
        },
        "country": "",
        "attempts": [
            
        ]
    },
    "status": "CREATED",
    "status_history": [
        {
            "status": "created",
            "timestamp": 1765355329
        }
    ],
    "is_test": false,
    "brand_id": "04199342-5d84-4e17-a53e-5c3d6b03ebd4",
    "send_receipt": false,
    "is_recurring_token": false,
    "skip_capture": false,
    "reference_generated": "PS5077",
    "issued": "2025-12-10",
    "due": 1765355329,
    "refund_upto": 0,
    "cc_descriptor": "",
    "fraudScore": "NA",
    "trustScore": "NA",
    "extraFee": "0",
    "paidOn": 0,
    "receivedAmt": 0.0,
    "taxAmount": 0.0,
    "surcharge": 0.0,
    "surchargeType": "",
    "sessionId": "",
    "refund_availability": "NONE",
    "refundable_amount": 0.0,
    "success_redirect": "https://staging.paysecure.net/getResponse.jsp?issucces=true",
    "failure_redirect": "https://staging.paysecure.net/getResponse.jsp?issucces=false",
    "cancel_redirect": "",
    "success_callback": "https://www.google.com/",
    "failure_callback": "https://staging.paysecure.net/merchant",
    "platform": "API",
    "created_from_ip": "103.80.161.238",
    "checkout_url": "https://staging.paysecure.net/payments/dbcf787f823a9b53ac89563fa9387e2d/",
    "direct_post_url": "https://staging.paysecure.net/api/v1/p/69392f419f9ed2ab69cb98ba/",
    "payoutProcess": false
}
zipcode accepted by API: 560001
API success -> proceeding with full flow
Entered Card Holder Name: AB de Villiers
Entered Card Number: 4557392539764654
Entered Card Expiry Date: 04/28
Entered Card CVC: 123
Moved to the Pay button
Clicked on the Pay button to proceed with payment
Redirected URL: https://staging.paysecure.net/getResponse.jsp?issucces=true
Payment Successfully
 Opened staging environment in a new browser tab
User enter ID in Username field
User Enter Password in password field
Click on submit button in login page
 Entered Transaction ID: 69392f419f9ed2ab69cb98ba
 Clicked on Search button
 Clicked on Search button
 Clicked on first Transaction ID from list
Purchase Transaction ID is not empty or not null]]>
    </system-out>
  </testcase> <!-- validationForZipcodeField -->
  <testcase classname="schemaValidation.zipcode" name="validationForZipcodeField" time="71.799">
    <system-out>
      <![CDATA[streetAddres test case will run for this PSP :- Neogate
streetAddres test case will run for this runflag:- Visa4654
Generated Random Double: 50.46
Generated First Name: john5e6
Generated Email: tomjerry8bb3c@gmail.com
zipcode: SW1A 1AA → Status: 202
Response Body: {
    "purchaseId": "69392efb9f9ed2ab69cb961d",
    "client": {
        "customerId": "NA",
        "email": "tomjerry8bb3c@gmail.com",
        "phone": "+1111111111",
        "full_name": "john5e6",
        "street_address": "Main gate",
        "country": "DZ",
        "city": "Paris",
        "zip_code": "SW1A 1AA",
        "cc": [
            
        ],
        "bcc": [
            
        ],
        "stateCode": "QLD"
    },
    "updated_on": 1765355259,
    "type": "purchase",
    "paymentMethod": "VISA",
    "amountUnit": "MAJOR",
    "errorMsg": "",
    "errorCode": "NA",
    "savedCardUsed": "NO",
    "redirectType": "POST",
    "force_recurring": false,
    "created_on": 1765355259,
    "merchantRef": "69392efb9f9ed2ab69cb961d",
    "merchantName": "suhasM",
    "merchantType": "MERCHANT",
    "purchase": {
        "currency": "EUR",
        "products": [
            {
                "name": "New Ebook Gaming cards",
                "quantity": 1.0,
                "price": 50.46,
                "discount": 0,
                "tax_percent": "0.00"
            }
        ],
        "total": 50.46,
        "requestAmount": 50.46,
        "language": "en",
        "notes": "",
        "debt": 0,
        "total_formatted": 1.0,
        "taxAmount": 0.0,
        "taxPercent": 0.0,
        "request_client_details": [
            
        ],
        "email_message": ""
    },
    "issuer_details": {
        "website": "",
        "legal_street_address": "",
        "legal_country": "",
        "legal_city": "",
        "legal_zip_code": "",
        "bank_accounts": [
            {
                
            }
        ],
        "legal_name": "practice",
        "brand_name": "practice",
        "registration_number": "",
        "tax_number": ""
    },
    "transaction_data": {
        "payment_method": "",
        "flow": "payform",
        "extra": {
            
        },
        "country": "",
        "attempts": [
            
        ]
    },
    "status": "CREATED",
    "status_history": [
        {
            "status": "created",
            "timestamp": 1765355259
        }
    ],
    "is_test": false,
    "brand_id": "04199342-5d84-4e17-a53e-5c3d6b03ebd4",
    "send_receipt": false,
    "is_recurring_token": false,
    "skip_capture": false,
    "reference_generated": "PS5076",
    "issued": "2025-12-10",
    "due": 1765355259,
    "refund_upto": 0,
    "cc_descriptor": "",
    "fraudScore": "NA",
    "trustScore": "NA",
    "extraFee": "0",
    "paidOn": 0,
    "receivedAmt": 0.0,
    "taxAmount": 0.0,
    "surcharge": 0.0,
    "surchargeType": "",
    "sessionId": "",
    "refund_availability": "NONE",
    "refundable_amount": 0.0,
    "success_redirect": "https://staging.paysecure.net/getResponse.jsp?issucces=true",
    "failure_redirect": "https://staging.paysecure.net/getResponse.jsp?issucces=false",
    "cancel_redirect": "",
    "success_callback": "https://www.google.com/",
    "failure_callback": "https://staging.paysecure.net/merchant",
    "platform": "API",
    "created_from_ip": "103.80.161.238",
    "checkout_url": "https://staging.paysecure.net/payments/92a16ce38e7c91cf55b910d1ec629211/",
    "direct_post_url": "https://staging.paysecure.net/api/v1/p/69392efb9f9ed2ab69cb961d/",
    "payoutProcess": false
}
zipcode accepted by API: SW1A 1AA
API success -> proceeding with full flow
Entered Card Holder Name: AB de Villiers
Entered Card Number: 4557392539764654
Entered Card Expiry Date: 04/28
Entered Card CVC: 123
Moved to the Pay button
Clicked on the Pay button to proceed with payment
Redirected URL: https://staging.paysecure.net/getResponse.jsp?issucces=true
Payment Successfully
 Opened staging environment in a new browser tab
User enter ID in Username field
User Enter Password in password field
Click on submit button in login page
 Entered Transaction ID: 69392efb9f9ed2ab69cb961d
 Clicked on Search button
 Clicked on Search button
 Clicked on first Transaction ID from list
Purchase Transaction ID is not empty or not null]]>
    </system-out>
  </testcase> <!-- validationForZipcodeField -->
  <testcase classname="schemaValidation.zipcode" name="validationForZipcodeField" time="13.000">
    <system-out>
      <![CDATA[streetAddres test case will run for this PSP :- Neogate
streetAddres test case will run for this runflag:- Visa4654
Generated Random Double: 18.19
Generated First Name: john461
Generated Email: tomjerryd83d5@gmail.com
zipcode:  → Status: 400
Response Body: {
    "message": "Please pass valid postal Code name in \"zip_code\" paramater",
    "code": "transaction_error"
}
zipcode rejected by API: 
PASS → zipcode rejected correctly   ]]>
    </system-out>
  </testcase> <!-- validationForZipcodeField -->
  <testcase classname="schemaValidation.zipcode" name="validationForZipcodeField" time="62.655">
    <system-out>
      <![CDATA[streetAddres test case will run for this PSP :- Neogate
streetAddres test case will run for this runflag:- Visa4654
Generated Random Double: 59.36
Generated First Name: john8f8
Generated Email: tomjerry99767@gmail.com
zipcode: 10115 → Status: 202
Response Body: {
    "purchaseId": "69392f809f9ed2ab69cb9b42",
    "client": {
        "customerId": "NA",
        "email": "tomjerry99767@gmail.com",
        "phone": "+1111111111",
        "full_name": "john8f8",
        "street_address": "Main gate",
        "country": "DZ",
        "city": "Paris",
        "zip_code": "10115",
        "cc": [
            
        ],
        "bcc": [
            
        ],
        "stateCode": "QLD"
    },
    "updated_on": 1765355392,
    "type": "purchase",
    "paymentMethod": "VISA",
    "amountUnit": "MAJOR",
    "errorMsg": "",
    "errorCode": "NA",
    "savedCardUsed": "NO",
    "redirectType": "POST",
    "force_recurring": false,
    "created_on": 1765355392,
    "merchantRef": "69392f809f9ed2ab69cb9b42",
    "merchantName": "suhasM",
    "merchantType": "MERCHANT",
    "purchase": {
        "currency": "EUR",
        "products": [
            {
                "name": "New Ebook Gaming cards",
                "quantity": 1.0,
                "price": 59.36,
                "discount": 0,
                "tax_percent": "0.00"
            }
        ],
        "total": 59.36,
        "requestAmount": 59.36,
        "language": "en",
        "notes": "",
        "debt": 0,
        "total_formatted": 1.0,
        "taxAmount": 0.0,
        "taxPercent": 0.0,
        "request_client_details": [
            
        ],
        "email_message": ""
    },
    "issuer_details": {
        "website": "",
        "legal_street_address": "",
        "legal_country": "",
        "legal_city": "",
        "legal_zip_code": "",
        "bank_accounts": [
            {
                
            }
        ],
        "legal_name": "practice",
        "brand_name": "practice",
        "registration_number": "",
        "tax_number": ""
    },
    "transaction_data": {
        "payment_method": "",
        "flow": "payform",
        "extra": {
            
        },
        "country": "",
        "attempts": [
            
        ]
    },
    "status": "CREATED",
    "status_history": [
        {
            "status": "created",
            "timestamp": 1765355392
        }
    ],
    "is_test": false,
    "brand_id": "04199342-5d84-4e17-a53e-5c3d6b03ebd4",
    "send_receipt": false,
    "is_recurring_token": false,
    "skip_capture": false,
    "reference_generated": "PS5078",
    "issued": "2025-12-10",
    "due": 1765355392,
    "refund_upto": 0,
    "cc_descriptor": "",
    "fraudScore": "NA",
    "trustScore": "NA",
    "extraFee": "0",
    "paidOn": 0,
    "receivedAmt": 0.0,
    "taxAmount": 0.0,
    "surcharge": 0.0,
    "surchargeType": "",
    "sessionId": "",
    "refund_availability": "NONE",
    "refundable_amount": 0.0,
    "success_redirect": "https://staging.paysecure.net/getResponse.jsp?issucces=true",
    "failure_redirect": "https://staging.paysecure.net/getResponse.jsp?issucces=false",
    "cancel_redirect": "",
    "success_callback": "https://www.google.com/",
    "failure_callback": "https://staging.paysecure.net/merchant",
    "platform": "API",
    "created_from_ip": "103.80.161.238",
    "checkout_url": "https://staging.paysecure.net/payments/22394e7abac9e648f4df30adc92c2f17/",
    "direct_post_url": "https://staging.paysecure.net/api/v1/p/69392f809f9ed2ab69cb9b42/",
    "payoutProcess": false
}
zipcode accepted by API: 10115
API success -> proceeding with full flow
Entered Card Holder Name: AB de Villiers
Entered Card Number: 4557392539764654
Entered Card Expiry Date: 04/28
Entered Card CVC: 123
Moved to the Pay button
Clicked on the Pay button to proceed with payment
Redirected URL: https://staging.paysecure.net/getResponse.jsp?issucces=true
Payment Successfully
 Opened staging environment in a new browser tab
User enter ID in Username field
User Enter Password in password field
Click on submit button in login page
 Entered Transaction ID: 69392f809f9ed2ab69cb9b42
 Clicked on Search button
 Clicked on Search button
 Clicked on first Transaction ID from list
Purchase Transaction ID is not empty or not null]]>
    </system-out>
  </testcase> <!-- validationForZipcodeField -->
  <testcase classname="schemaValidation.zipcode" name="validationForZipcodeField" time="67.433">
    <system-out>
      <![CDATA[streetAddres test case will run for this PSP :- Neogate
streetAddres test case will run for this runflag:- Visa4654
Generated Random Double: 41.57
Generated First Name: johnd9a
Generated Email: tomjerry91789@gmail.com
zipcode: 123@# → Status: 202
Response Body: {
    "purchaseId": "6939303f9f9ed2ab69cba2d4",
    "client": {
        "customerId": "NA",
        "email": "tomjerry91789@gmail.com",
        "phone": "+1111111111",
        "full_name": "johnd9a",
        "street_address": "Main gate",
        "country": "DZ",
        "city": "Paris",
        "zip_code": "123@#",
        "cc": [
            
        ],
        "bcc": [
            
        ],
        "stateCode": "QLD"
    },
    "updated_on": 1765355583,
    "type": "purchase",
    "paymentMethod": "VISA",
    "amountUnit": "MAJOR",
    "errorMsg": "",
    "errorCode": "NA",
    "savedCardUsed": "NO",
    "redirectType": "POST",
    "force_recurring": false,
    "created_on": 1765355583,
    "merchantRef": "6939303f9f9ed2ab69cba2d4",
    "merchantName": "suhasM",
    "merchantType": "MERCHANT",
    "purchase": {
        "currency": "EUR",
        "products": [
            {
                "name": "New Ebook Gaming cards",
                "quantity": 1.0,
                "price": 41.57,
                "discount": 0,
                "tax_percent": "0.00"
            }
        ],
        "total": 41.57,
        "requestAmount": 41.57,
        "language": "en",
        "notes": "",
        "debt": 0,
        "total_formatted": 1.0,
        "taxAmount": 0.0,
        "taxPercent": 0.0,
        "request_client_details": [
            
        ],
        "email_message": ""
    },
    "issuer_details": {
        "website": "",
        "legal_street_address": "",
        "legal_country": "",
        "legal_city": "",
        "legal_zip_code": "",
        "bank_accounts": [
            {
                
            }
        ],
        "legal_name": "practice",
        "brand_name": "practice",
        "registration_number": "",
        "tax_number": ""
    },
    "transaction_data": {
        "payment_method": "",
        "flow": "payform",
        "extra": {
            
        },
        "country": "",
        "attempts": [
            
        ]
    },
    "status": "CREATED",
    "status_history": [
        {
            "status": "created",
            "timestamp": 1765355583
        }
    ],
    "is_test": false,
    "brand_id": "04199342-5d84-4e17-a53e-5c3d6b03ebd4",
    "send_receipt": false,
    "is_recurring_token": false,
    "skip_capture": false,
    "reference_generated": "PS5081",
    "issued": "2025-12-10",
    "due": 1765355583,
    "refund_upto": 0,
    "cc_descriptor": "",
    "fraudScore": "NA",
    "trustScore": "NA",
    "extraFee": "0",
    "paidOn": 0,
    "receivedAmt": 0.0,
    "taxAmount": 0.0,
    "surcharge": 0.0,
    "surchargeType": "",
    "sessionId": "",
    "refund_availability": "NONE",
    "refundable_amount": 0.0,
    "success_redirect": "https://staging.paysecure.net/getResponse.jsp?issucces=true",
    "failure_redirect": "https://staging.paysecure.net/getResponse.jsp?issucces=false",
    "cancel_redirect": "",
    "success_callback": "https://www.google.com/",
    "failure_callback": "https://staging.paysecure.net/merchant",
    "platform": "API",
    "created_from_ip": "103.80.161.238",
    "checkout_url": "https://staging.paysecure.net/payments/9a22dea3c7b8e8748349d0aa4f88c880/",
    "direct_post_url": "https://staging.paysecure.net/api/v1/p/6939303f9f9ed2ab69cba2d4/",
    "payoutProcess": false
}
zipcode accepted by API: 123@#
API success -> proceeding with full flow
Entered Card Holder Name: AB de Villiers
Entered Card Number: 4557392539764654
Entered Card Expiry Date: 04/28
Entered Card CVC: 123
Moved to the Pay button
Clicked on the Pay button to proceed with payment
Redirected URL: https://staging.paysecure.net/getResponse.jsp?issucces=true
Payment Successfully
 Opened staging environment in a new browser tab
User enter ID in Username field
User Enter Password in password field
Click on submit button in login page
 Entered Transaction ID: 6939303f9f9ed2ab69cba2d4
 Clicked on Search button
 Clicked on Search button
 Clicked on first Transaction ID from list
Purchase Transaction ID is not empty or not null]]>
    </system-out>
  </testcase> <!-- validationForZipcodeField -->
  <testcase classname="schemaValidation.zipcode" name="validationForZipcodeField" time="12.161">
    <system-out>
      <![CDATA[streetAddres test case will run for this PSP :- Neogate
streetAddres test case will run for this runflag:- Visa4654
Generated Random Double: 93.70
Generated First Name: johnab8
Generated Email: tomjerry6bdcb@gmail.com
zipcode: null → Status: 400
Response Body: {
    "message": "Please pass valid postal Code name in \"zip_code\" paramater",
    "code": "transaction_error"
}
zipcode rejected by API: null
PASS → zipcode rejected correctly   null]]>
    </system-out>
  </testcase> <!-- validationForZipcodeField -->
  <testcase classname="schemaValidation.zipcode" name="validationForZipcodeField" time="63.306">
    <system-out>
      <![CDATA[streetAddres test case will run for this PSP :- Neogate
streetAddres test case will run for this runflag:- Visa4654
Generated Random Double: 8.99
Generated First Name: john5d1
Generated Email: tomjerry5e179@gmail.com
zipcode: 12345678901 → Status: 202
Response Body: {
    "purchaseId": "693930019f9ed2ab69cba04e",
    "client": {
        "customerId": "NA",
        "email": "tomjerry5e179@gmail.com",
        "phone": "+1111111111",
        "full_name": "john5d1",
        "street_address": "Main gate",
        "country": "DZ",
        "city": "Paris",
        "zip_code": "12345678901",
        "cc": [
            
        ],
        "bcc": [
            
        ],
        "stateCode": "QLD"
    },
    "updated_on": 1765355521,
    "type": "purchase",
    "paymentMethod": "VISA",
    "amountUnit": "MAJOR",
    "errorMsg": "",
    "errorCode": "NA",
    "savedCardUsed": "NO",
    "redirectType": "POST",
    "force_recurring": false,
    "created_on": 1765355521,
    "merchantRef": "693930019f9ed2ab69cba04e",
    "merchantName": "suhasM",
    "merchantType": "MERCHANT",
    "purchase": {
        "currency": "EUR",
        "products": [
            {
                "name": "New Ebook Gaming cards",
                "quantity": 1.0,
                "price": 8.99,
                "discount": 0,
                "tax_percent": "0.00"
            }
        ],
        "total": 8.99,
        "requestAmount": 8.99,
        "language": "en",
        "notes": "",
        "debt": 0,
        "total_formatted": 1.0,
        "taxAmount": 0.0,
        "taxPercent": 0.0,
        "request_client_details": [
            
        ],
        "email_message": ""
    },
    "issuer_details": {
        "website": "",
        "legal_street_address": "",
        "legal_country": "",
        "legal_city": "",
        "legal_zip_code": "",
        "bank_accounts": [
            {
                
            }
        ],
        "legal_name": "practice",
        "brand_name": "practice",
        "registration_number": "",
        "tax_number": ""
    },
    "transaction_data": {
        "payment_method": "",
        "flow": "payform",
        "extra": {
            
        },
        "country": "",
        "attempts": [
            
        ]
    },
    "status": "CREATED",
    "status_history": [
        {
            "status": "created",
            "timestamp": 1765355521
        }
    ],
    "is_test": false,
    "brand_id": "04199342-5d84-4e17-a53e-5c3d6b03ebd4",
    "send_receipt": false,
    "is_recurring_token": false,
    "skip_capture": false,
    "reference_generated": "PS5080",
    "issued": "2025-12-10",
    "due": 1765355521,
    "refund_upto": 0,
    "cc_descriptor": "",
    "fraudScore": "NA",
    "trustScore": "NA",
    "extraFee": "0",
    "paidOn": 0,
    "receivedAmt": 0.0,
    "taxAmount": 0.0,
    "surcharge": 0.0,
    "surchargeType": "",
    "sessionId": "",
    "refund_availability": "NONE",
    "refundable_amount": 0.0,
    "success_redirect": "https://staging.paysecure.net/getResponse.jsp?issucces=true",
    "failure_redirect": "https://staging.paysecure.net/getResponse.jsp?issucces=false",
    "cancel_redirect": "",
    "success_callback": "https://www.google.com/",
    "failure_callback": "https://staging.paysecure.net/merchant",
    "platform": "API",
    "created_from_ip": "103.80.161.238",
    "checkout_url": "https://staging.paysecure.net/payments/cc55e077200795608679104a032308df/",
    "direct_post_url": "https://staging.paysecure.net/api/v1/p/693930019f9ed2ab69cba04e/",
    "payoutProcess": false
}
zipcode accepted by API: 12345678901
API success -> proceeding with full flow
Entered Card Holder Name: AB de Villiers
Entered Card Number: 4557392539764654
Entered Card Expiry Date: 04/28
Entered Card CVC: 123
Moved to the Pay button
Clicked on the Pay button to proceed with payment
Redirected URL: https://staging.paysecure.net/getResponse.jsp?issucces=true
Payment Successfully
 Opened staging environment in a new browser tab
User enter ID in Username field
User Enter Password in password field
Click on submit button in login page
 Entered Transaction ID: 693930019f9ed2ab69cba04e
 Clicked on Search button
 Clicked on Search button
 Clicked on first Transaction ID from list
Purchase Transaction ID is not empty or not null]]>
    </system-out>
  </testcase> <!-- validationForZipcodeField -->
  <system-out>
    <![CDATA[User enter ID in Username field
User Enter Password in password field
Click on submit button in login page
streetAddres test case will run for this PSP :- Neogate
streetAddres test case will run for this runflag:- Visa4654
Generated Random Double: 50.46
Generated First Name: john5e6
Generated Email: tomjerry8bb3c@gmail.com
zipcode: SW1A 1AA → Status: 202
Response Body: {
    "purchaseId": "69392efb9f9ed2ab69cb961d",
    "client": {
        "customerId": "NA",
        "email": "tomjerry8bb3c@gmail.com",
        "phone": "+1111111111",
        "full_name": "john5e6",
        "street_address": "Main gate",
        "country": "DZ",
        "city": "Paris",
        "zip_code": "SW1A 1AA",
        "cc": [
            
        ],
        "bcc": [
            
        ],
        "stateCode": "QLD"
    },
    "updated_on": 1765355259,
    "type": "purchase",
    "paymentMethod": "VISA",
    "amountUnit": "MAJOR",
    "errorMsg": "",
    "errorCode": "NA",
    "savedCardUsed": "NO",
    "redirectType": "POST",
    "force_recurring": false,
    "created_on": 1765355259,
    "merchantRef": "69392efb9f9ed2ab69cb961d",
    "merchantName": "suhasM",
    "merchantType": "MERCHANT",
    "purchase": {
        "currency": "EUR",
        "products": [
            {
                "name": "New Ebook Gaming cards",
                "quantity": 1.0,
                "price": 50.46,
                "discount": 0,
                "tax_percent": "0.00"
            }
        ],
        "total": 50.46,
        "requestAmount": 50.46,
        "language": "en",
        "notes": "",
        "debt": 0,
        "total_formatted": 1.0,
        "taxAmount": 0.0,
        "taxPercent": 0.0,
        "request_client_details": [
            
        ],
        "email_message": ""
    },
    "issuer_details": {
        "website": "",
        "legal_street_address": "",
        "legal_country": "",
        "legal_city": "",
        "legal_zip_code": "",
        "bank_accounts": [
            {
                
            }
        ],
        "legal_name": "practice",
        "brand_name": "practice",
        "registration_number": "",
        "tax_number": ""
    },
    "transaction_data": {
        "payment_method": "",
        "flow": "payform",
        "extra": {
            
        },
        "country": "",
        "attempts": [
            
        ]
    },
    "status": "CREATED",
    "status_history": [
        {
            "status": "created",
            "timestamp": 1765355259
        }
    ],
    "is_test": false,
    "brand_id": "04199342-5d84-4e17-a53e-5c3d6b03ebd4",
    "send_receipt": false,
    "is_recurring_token": false,
    "skip_capture": false,
    "reference_generated": "PS5076",
    "issued": "2025-12-10",
    "due": 1765355259,
    "refund_upto": 0,
    "cc_descriptor": "",
    "fraudScore": "NA",
    "trustScore": "NA",
    "extraFee": "0",
    "paidOn": 0,
    "receivedAmt": 0.0,
    "taxAmount": 0.0,
    "surcharge": 0.0,
    "surchargeType": "",
    "sessionId": "",
    "refund_availability": "NONE",
    "refundable_amount": 0.0,
    "success_redirect": "https://staging.paysecure.net/getResponse.jsp?issucces=true",
    "failure_redirect": "https://staging.paysecure.net/getResponse.jsp?issucces=false",
    "cancel_redirect": "",
    "success_callback": "https://www.google.com/",
    "failure_callback": "https://staging.paysecure.net/merchant",
    "platform": "API",
    "created_from_ip": "103.80.161.238",
    "checkout_url": "https://staging.paysecure.net/payments/92a16ce38e7c91cf55b910d1ec629211/",
    "direct_post_url": "https://staging.paysecure.net/api/v1/p/69392efb9f9ed2ab69cb961d/",
    "payoutProcess": false
}
zipcode accepted by API: SW1A 1AA
API success -> proceeding with full flow
Entered Card Holder Name: AB de Villiers
Entered Card Number: 4557392539764654
Entered Card Expiry Date: 04/28
Entered Card CVC: 123
Moved to the Pay button
Clicked on the Pay button to proceed with payment
Redirected URL: https://staging.paysecure.net/getResponse.jsp?issucces=true
Payment Successfully
 Opened staging environment in a new browser tab
User enter ID in Username field
User Enter Password in password field
Click on submit button in login page
 Entered Transaction ID: 69392efb9f9ed2ab69cb961d
 Clicked on Search button
 Clicked on Search button
 Clicked on first Transaction ID from list
Purchase Transaction ID is not empty or not null
User enter ID in Username field
User Enter Password in password field
Click on submit button in login page
streetAddres test case will run for this PSP :- Neogate
streetAddres test case will run for this runflag:- Visa4654
Generated Random Double: 75.17
Generated First Name: johna41
Generated Email: tomjerry19c70@gmail.com
zipcode: 560001 → Status: 202
Response Body: {
    "purchaseId": "69392f419f9ed2ab69cb98ba",
    "client": {
        "customerId": "NA",
        "email": "tomjerry19c70@gmail.com",
        "phone": "+1111111111",
        "full_name": "johna41",
        "street_address": "Main gate",
        "country": "DZ",
        "city": "Paris",
        "zip_code": "560001",
        "cc": [
            
        ],
        "bcc": [
            
        ],
        "stateCode": "QLD"
    },
    "updated_on": 1765355329,
    "type": "purchase",
    "paymentMethod": "VISA",
    "amountUnit": "MAJOR",
    "errorMsg": "",
    "errorCode": "NA",
    "savedCardUsed": "NO",
    "redirectType": "POST",
    "force_recurring": false,
    "created_on": 1765355329,
    "merchantRef": "69392f419f9ed2ab69cb98ba",
    "merchantName": "suhasM",
    "merchantType": "MERCHANT",
    "purchase": {
        "currency": "EUR",
        "products": [
            {
                "name": "New Ebook Gaming cards",
                "quantity": 1.0,
                "price": 75.17,
                "discount": 0,
                "tax_percent": "0.00"
            }
        ],
        "total": 75.17,
        "requestAmount": 75.17,
        "language": "en",
        "notes": "",
        "debt": 0,
        "total_formatted": 1.0,
        "taxAmount": 0.0,
        "taxPercent": 0.0,
        "request_client_details": [
            
        ],
        "email_message": ""
    },
    "issuer_details": {
        "website": "",
        "legal_street_address": "",
        "legal_country": "",
        "legal_city": "",
        "legal_zip_code": "",
        "bank_accounts": [
            {
                
            }
        ],
        "legal_name": "practice",
        "brand_name": "practice",
        "registration_number": "",
        "tax_number": ""
    },
    "transaction_data": {
        "payment_method": "",
        "flow": "payform",
        "extra": {
            
        },
        "country": "",
        "attempts": [
            
        ]
    },
    "status": "CREATED",
    "status_history": [
        {
            "status": "created",
            "timestamp": 1765355329
        }
    ],
    "is_test": false,
    "brand_id": "04199342-5d84-4e17-a53e-5c3d6b03ebd4",
    "send_receipt": false,
    "is_recurring_token": false,
    "skip_capture": false,
    "reference_generated": "PS5077",
    "issued": "2025-12-10",
    "due": 1765355329,
    "refund_upto": 0,
    "cc_descriptor": "",
    "fraudScore": "NA",
    "trustScore": "NA",
    "extraFee": "0",
    "paidOn": 0,
    "receivedAmt": 0.0,
    "taxAmount": 0.0,
    "surcharge": 0.0,
    "surchargeType": "",
    "sessionId": "",
    "refund_availability": "NONE",
    "refundable_amount": 0.0,
    "success_redirect": "https://staging.paysecure.net/getResponse.jsp?issucces=true",
    "failure_redirect": "https://staging.paysecure.net/getResponse.jsp?issucces=false",
    "cancel_redirect": "",
    "success_callback": "https://www.google.com/",
    "failure_callback": "https://staging.paysecure.net/merchant",
    "platform": "API",
    "created_from_ip": "103.80.161.238",
    "checkout_url": "https://staging.paysecure.net/payments/dbcf787f823a9b53ac89563fa9387e2d/",
    "direct_post_url": "https://staging.paysecure.net/api/v1/p/69392f419f9ed2ab69cb98ba/",
    "payoutProcess": false
}
zipcode accepted by API: 560001
API success -> proceeding with full flow
Entered Card Holder Name: AB de Villiers
Entered Card Number: 4557392539764654
Entered Card Expiry Date: 04/28
Entered Card CVC: 123
Moved to the Pay button
Clicked on the Pay button to proceed with payment
Redirected URL: https://staging.paysecure.net/getResponse.jsp?issucces=true
Payment Successfully
 Opened staging environment in a new browser tab
User enter ID in Username field
User Enter Password in password field
Click on submit button in login page
 Entered Transaction ID: 69392f419f9ed2ab69cb98ba
 Clicked on Search button
 Clicked on Search button
 Clicked on first Transaction ID from list
Purchase Transaction ID is not empty or not null
User enter ID in Username field
User Enter Password in password field
Click on submit button in login page
streetAddres test case will run for this PSP :- Neogate
streetAddres test case will run for this runflag:- Visa4654
Generated Random Double: 59.36
Generated First Name: john8f8
Generated Email: tomjerry99767@gmail.com
zipcode: 10115 → Status: 202
Response Body: {
    "purchaseId": "69392f809f9ed2ab69cb9b42",
    "client": {
        "customerId": "NA",
        "email": "tomjerry99767@gmail.com",
        "phone": "+1111111111",
        "full_name": "john8f8",
        "street_address": "Main gate",
        "country": "DZ",
        "city": "Paris",
        "zip_code": "10115",
        "cc": [
            
        ],
        "bcc": [
            
        ],
        "stateCode": "QLD"
    },
    "updated_on": 1765355392,
    "type": "purchase",
    "paymentMethod": "VISA",
    "amountUnit": "MAJOR",
    "errorMsg": "",
    "errorCode": "NA",
    "savedCardUsed": "NO",
    "redirectType": "POST",
    "force_recurring": false,
    "created_on": 1765355392,
    "merchantRef": "69392f809f9ed2ab69cb9b42",
    "merchantName": "suhasM",
    "merchantType": "MERCHANT",
    "purchase": {
        "currency": "EUR",
        "products": [
            {
                "name": "New Ebook Gaming cards",
                "quantity": 1.0,
                "price": 59.36,
                "discount": 0,
                "tax_percent": "0.00"
            }
        ],
        "total": 59.36,
        "requestAmount": 59.36,
        "language": "en",
        "notes": "",
        "debt": 0,
        "total_formatted": 1.0,
        "taxAmount": 0.0,
        "taxPercent": 0.0,
        "request_client_details": [
            
        ],
        "email_message": ""
    },
    "issuer_details": {
        "website": "",
        "legal_street_address": "",
        "legal_country": "",
        "legal_city": "",
        "legal_zip_code": "",
        "bank_accounts": [
            {
                
            }
        ],
        "legal_name": "practice",
        "brand_name": "practice",
        "registration_number": "",
        "tax_number": ""
    },
    "transaction_data": {
        "payment_method": "",
        "flow": "payform",
        "extra": {
            
        },
        "country": "",
        "attempts": [
            
        ]
    },
    "status": "CREATED",
    "status_history": [
        {
            "status": "created",
            "timestamp": 1765355392
        }
    ],
    "is_test": false,
    "brand_id": "04199342-5d84-4e17-a53e-5c3d6b03ebd4",
    "send_receipt": false,
    "is_recurring_token": false,
    "skip_capture": false,
    "reference_generated": "PS5078",
    "issued": "2025-12-10",
    "due": 1765355392,
    "refund_upto": 0,
    "cc_descriptor": "",
    "fraudScore": "NA",
    "trustScore": "NA",
    "extraFee": "0",
    "paidOn": 0,
    "receivedAmt": 0.0,
    "taxAmount": 0.0,
    "surcharge": 0.0,
    "surchargeType": "",
    "sessionId": "",
    "refund_availability": "NONE",
    "refundable_amount": 0.0,
    "success_redirect": "https://staging.paysecure.net/getResponse.jsp?issucces=true",
    "failure_redirect": "https://staging.paysecure.net/getResponse.jsp?issucces=false",
    "cancel_redirect": "",
    "success_callback": "https://www.google.com/",
    "failure_callback": "https://staging.paysecure.net/merchant",
    "platform": "API",
    "created_from_ip": "103.80.161.238",
    "checkout_url": "https://staging.paysecure.net/payments/22394e7abac9e648f4df30adc92c2f17/",
    "direct_post_url": "https://staging.paysecure.net/api/v1/p/69392f809f9ed2ab69cb9b42/",
    "payoutProcess": false
}
zipcode accepted by API: 10115
API success -> proceeding with full flow
Entered Card Holder Name: AB de Villiers
Entered Card Number: 4557392539764654
Entered Card Expiry Date: 04/28
Entered Card CVC: 123
Moved to the Pay button
Clicked on the Pay button to proceed with payment
Redirected URL: https://staging.paysecure.net/getResponse.jsp?issucces=true
Payment Successfully
 Opened staging environment in a new browser tab
User enter ID in Username field
User Enter Password in password field
Click on submit button in login page
 Entered Transaction ID: 69392f809f9ed2ab69cb9b42
 Clicked on Search button
 Clicked on Search button
 Clicked on first Transaction ID from list
Purchase Transaction ID is not empty or not null
User enter ID in Username field
User Enter Password in password field
Click on submit button in login page
streetAddres test case will run for this PSP :- Neogate
streetAddres test case will run for this runflag:- Visa4654
Generated Random Double: 55.14
Generated First Name: john9d1
Generated Email: tomjerry111d2@gmail.com
zipcode: 12 → Status: 202
Response Body: {
    "purchaseId": "69392fc09f9ed2ab69cb9dc8",
    "client": {
        "customerId": "NA",
        "email": "tomjerry111d2@gmail.com",
        "phone": "+1111111111",
        "full_name": "john9d1",
        "street_address": "Main gate",
        "country": "DZ",
        "city": "Paris",
        "zip_code": "12",
        "cc": [
            
        ],
        "bcc": [
            
        ],
        "stateCode": "QLD"
    },
    "updated_on": 1765355456,
    "type": "purchase",
    "paymentMethod": "VISA",
    "amountUnit": "MAJOR",
    "errorMsg": "",
    "errorCode": "NA",
    "savedCardUsed": "NO",
    "redirectType": "POST",
    "force_recurring": false,
    "created_on": 1765355456,
    "merchantRef": "69392fc09f9ed2ab69cb9dc8",
    "merchantName": "suhasM",
    "merchantType": "MERCHANT",
    "purchase": {
        "currency": "EUR",
        "products": [
            {
                "name": "New Ebook Gaming cards",
                "quantity": 1.0,
                "price": 55.14,
                "discount": 0,
                "tax_percent": "0.00"
            }
        ],
        "total": 55.14,
        "requestAmount": 55.14,
        "language": "en",
        "notes": "",
        "debt": 0,
        "total_formatted": 1.0,
        "taxAmount": 0.0,
        "taxPercent": 0.0,
        "request_client_details": [
            
        ],
        "email_message": ""
    },
    "issuer_details": {
        "website": "",
        "legal_street_address": "",
        "legal_country": "",
        "legal_city": "",
        "legal_zip_code": "",
        "bank_accounts": [
            {
                
            }
        ],
        "legal_name": "practice",
        "brand_name": "practice",
        "registration_number": "",
        "tax_number": ""
    },
    "transaction_data": {
        "payment_method": "",
        "flow": "payform",
        "extra": {
            
        },
        "country": "",
        "attempts": [
            
        ]
    },
    "status": "CREATED",
    "status_history": [
        {
            "status": "created",
            "timestamp": 1765355456
        }
    ],
    "is_test": false,
    "brand_id": "04199342-5d84-4e17-a53e-5c3d6b03ebd4",
    "send_receipt": false,
    "is_recurring_token": false,
    "skip_capture": false,
    "reference_generated": "PS5079",
    "issued": "2025-12-10",
    "due": 1765355456,
    "refund_upto": 0,
    "cc_descriptor": "",
    "fraudScore": "NA",
    "trustScore": "NA",
    "extraFee": "0",
    "paidOn": 0,
    "receivedAmt": 0.0,
    "taxAmount": 0.0,
    "surcharge": 0.0,
    "surchargeType": "",
    "sessionId": "",
    "refund_availability": "NONE",
    "refundable_amount": 0.0,
    "success_redirect": "https://staging.paysecure.net/getResponse.jsp?issucces=true",
    "failure_redirect": "https://staging.paysecure.net/getResponse.jsp?issucces=false",
    "cancel_redirect": "",
    "success_callback": "https://www.google.com/",
    "failure_callback": "https://staging.paysecure.net/merchant",
    "platform": "API",
    "created_from_ip": "103.80.161.238",
    "checkout_url": "https://staging.paysecure.net/payments/0e66e8ad2b75f635d9325240b71477b4/",
    "direct_post_url": "https://staging.paysecure.net/api/v1/p/69392fc09f9ed2ab69cb9dc8/",
    "payoutProcess": false
}
zipcode accepted by API: 12
API success -> proceeding with full flow
Entered Card Holder Name: AB de Villiers
Entered Card Number: 4557392539764654
Entered Card Expiry Date: 04/28
Entered Card CVC: 123
Moved to the Pay button
Clicked on the Pay button to proceed with payment
Redirected URL: https://staging.paysecure.net/getResponse.jsp?issucces=true
Payment Successfully
 Opened staging environment in a new browser tab
User enter ID in Username field
User Enter Password in password field
Click on submit button in login page
 Entered Transaction ID: 69392fc09f9ed2ab69cb9dc8
 Clicked on Search button
 Clicked on Search button
 Clicked on first Transaction ID from list
Purchase Transaction ID is not empty or not null
User enter ID in Username field
User Enter Password in password field
Click on submit button in login page
streetAddres test case will run for this PSP :- Neogate
streetAddres test case will run for this runflag:- Visa4654
Generated Random Double: 8.99
Generated First Name: john5d1
Generated Email: tomjerry5e179@gmail.com
zipcode: 12345678901 → Status: 202
Response Body: {
    "purchaseId": "693930019f9ed2ab69cba04e",
    "client": {
        "customerId": "NA",
        "email": "tomjerry5e179@gmail.com",
        "phone": "+1111111111",
        "full_name": "john5d1",
        "street_address": "Main gate",
        "country": "DZ",
        "city": "Paris",
        "zip_code": "12345678901",
        "cc": [
            
        ],
        "bcc": [
            
        ],
        "stateCode": "QLD"
    },
    "updated_on": 1765355521,
    "type": "purchase",
    "paymentMethod": "VISA",
    "amountUnit": "MAJOR",
    "errorMsg": "",
    "errorCode": "NA",
    "savedCardUsed": "NO",
    "redirectType": "POST",
    "force_recurring": false,
    "created_on": 1765355521,
    "merchantRef": "693930019f9ed2ab69cba04e",
    "merchantName": "suhasM",
    "merchantType": "MERCHANT",
    "purchase": {
        "currency": "EUR",
        "products": [
            {
                "name": "New Ebook Gaming cards",
                "quantity": 1.0,
                "price": 8.99,
                "discount": 0,
                "tax_percent": "0.00"
            }
        ],
        "total": 8.99,
        "requestAmount": 8.99,
        "language": "en",
        "notes": "",
        "debt": 0,
        "total_formatted": 1.0,
        "taxAmount": 0.0,
        "taxPercent": 0.0,
        "request_client_details": [
            
        ],
        "email_message": ""
    },
    "issuer_details": {
        "website": "",
        "legal_street_address": "",
        "legal_country": "",
        "legal_city": "",
        "legal_zip_code": "",
        "bank_accounts": [
            {
                
            }
        ],
        "legal_name": "practice",
        "brand_name": "practice",
        "registration_number": "",
        "tax_number": ""
    },
    "transaction_data": {
        "payment_method": "",
        "flow": "payform",
        "extra": {
            
        },
        "country": "",
        "attempts": [
            
        ]
    },
    "status": "CREATED",
    "status_history": [
        {
            "status": "created",
            "timestamp": 1765355521
        }
    ],
    "is_test": false,
    "brand_id": "04199342-5d84-4e17-a53e-5c3d6b03ebd4",
    "send_receipt": false,
    "is_recurring_token": false,
    "skip_capture": false,
    "reference_generated": "PS5080",
    "issued": "2025-12-10",
    "due": 1765355521,
    "refund_upto": 0,
    "cc_descriptor": "",
    "fraudScore": "NA",
    "trustScore": "NA",
    "extraFee": "0",
    "paidOn": 0,
    "receivedAmt": 0.0,
    "taxAmount": 0.0,
    "surcharge": 0.0,
    "surchargeType": "",
    "sessionId": "",
    "refund_availability": "NONE",
    "refundable_amount": 0.0,
    "success_redirect": "https://staging.paysecure.net/getResponse.jsp?issucces=true",
    "failure_redirect": "https://staging.paysecure.net/getResponse.jsp?issucces=false",
    "cancel_redirect": "",
    "success_callback": "https://www.google.com/",
    "failure_callback": "https://staging.paysecure.net/merchant",
    "platform": "API",
    "created_from_ip": "103.80.161.238",
    "checkout_url": "https://staging.paysecure.net/payments/cc55e077200795608679104a032308df/",
    "direct_post_url": "https://staging.paysecure.net/api/v1/p/693930019f9ed2ab69cba04e/",
    "payoutProcess": false
}
zipcode accepted by API: 12345678901
API success -> proceeding with full flow
Entered Card Holder Name: AB de Villiers
Entered Card Number: 4557392539764654
Entered Card Expiry Date: 04/28
Entered Card CVC: 123
Moved to the Pay button
Clicked on the Pay button to proceed with payment
Redirected URL: https://staging.paysecure.net/getResponse.jsp?issucces=true
Payment Successfully
 Opened staging environment in a new browser tab
User enter ID in Username field
User Enter Password in password field
Click on submit button in login page
 Entered Transaction ID: 693930019f9ed2ab69cba04e
 Clicked on Search button
 Clicked on Search button
 Clicked on first Transaction ID from list
Purchase Transaction ID is not empty or not null
User enter ID in Username field
User Enter Password in password field
Click on submit button in login page
streetAddres test case will run for this PSP :- Neogate
streetAddres test case will run for this runflag:- Visa4654
Generated Random Double: 41.57
Generated First Name: johnd9a
Generated Email: tomjerry91789@gmail.com
zipcode: 123@# → Status: 202
Response Body: {
    "purchaseId": "6939303f9f9ed2ab69cba2d4",
    "client": {
        "customerId": "NA",
        "email": "tomjerry91789@gmail.com",
        "phone": "+1111111111",
        "full_name": "johnd9a",
        "street_address": "Main gate",
        "country": "DZ",
        "city": "Paris",
        "zip_code": "123@#",
        "cc": [
            
        ],
        "bcc": [
            
        ],
        "stateCode": "QLD"
    },
    "updated_on": 1765355583,
    "type": "purchase",
    "paymentMethod": "VISA",
    "amountUnit": "MAJOR",
    "errorMsg": "",
    "errorCode": "NA",
    "savedCardUsed": "NO",
    "redirectType": "POST",
    "force_recurring": false,
    "created_on": 1765355583,
    "merchantRef": "6939303f9f9ed2ab69cba2d4",
    "merchantName": "suhasM",
    "merchantType": "MERCHANT",
    "purchase": {
        "currency": "EUR",
        "products": [
            {
                "name": "New Ebook Gaming cards",
                "quantity": 1.0,
                "price": 41.57,
                "discount": 0,
                "tax_percent": "0.00"
            }
        ],
        "total": 41.57,
        "requestAmount": 41.57,
        "language": "en",
        "notes": "",
        "debt": 0,
        "total_formatted": 1.0,
        "taxAmount": 0.0,
        "taxPercent": 0.0,
        "request_client_details": [
            
        ],
        "email_message": ""
    },
    "issuer_details": {
        "website": "",
        "legal_street_address": "",
        "legal_country": "",
        "legal_city": "",
        "legal_zip_code": "",
        "bank_accounts": [
            {
                
            }
        ],
        "legal_name": "practice",
        "brand_name": "practice",
        "registration_number": "",
        "tax_number": ""
    },
    "transaction_data": {
        "payment_method": "",
        "flow": "payform",
        "extra": {
            
        },
        "country": "",
        "attempts": [
            
        ]
    },
    "status": "CREATED",
    "status_history": [
        {
            "status": "created",
            "timestamp": 1765355583
        }
    ],
    "is_test": false,
    "brand_id": "04199342-5d84-4e17-a53e-5c3d6b03ebd4",
    "send_receipt": false,
    "is_recurring_token": false,
    "skip_capture": false,
    "reference_generated": "PS5081",
    "issued": "2025-12-10",
    "due": 1765355583,
    "refund_upto": 0,
    "cc_descriptor": "",
    "fraudScore": "NA",
    "trustScore": "NA",
    "extraFee": "0",
    "paidOn": 0,
    "receivedAmt": 0.0,
    "taxAmount": 0.0,
    "surcharge": 0.0,
    "surchargeType": "",
    "sessionId": "",
    "refund_availability": "NONE",
    "refundable_amount": 0.0,
    "success_redirect": "https://staging.paysecure.net/getResponse.jsp?issucces=true",
    "failure_redirect": "https://staging.paysecure.net/getResponse.jsp?issucces=false",
    "cancel_redirect": "",
    "success_callback": "https://www.google.com/",
    "failure_callback": "https://staging.paysecure.net/merchant",
    "platform": "API",
    "created_from_ip": "103.80.161.238",
    "checkout_url": "https://staging.paysecure.net/payments/9a22dea3c7b8e8748349d0aa4f88c880/",
    "direct_post_url": "https://staging.paysecure.net/api/v1/p/6939303f9f9ed2ab69cba2d4/",
    "payoutProcess": false
}
zipcode accepted by API: 123@#
API success -> proceeding with full flow
Entered Card Holder Name: AB de Villiers
Entered Card Number: 4557392539764654
Entered Card Expiry Date: 04/28
Entered Card CVC: 123
Moved to the Pay button
Clicked on the Pay button to proceed with payment
Redirected URL: https://staging.paysecure.net/getResponse.jsp?issucces=true
Payment Successfully
 Opened staging environment in a new browser tab
User enter ID in Username field
User Enter Password in password field
Click on submit button in login page
 Entered Transaction ID: 6939303f9f9ed2ab69cba2d4
 Clicked on Search button
 Clicked on Search button
 Clicked on first Transaction ID from list
Purchase Transaction ID is not empty or not null
User enter ID in Username field
User Enter Password in password field
Click on submit button in login page
streetAddres test case will run for this PSP :- Neogate
streetAddres test case will run for this runflag:- Visa4654
Generated Random Double: 18.19
Generated First Name: john461
Generated Email: tomjerryd83d5@gmail.com
zipcode:  → Status: 400
Response Body: {
    "message": "Please pass valid postal Code name in \"zip_code\" paramater",
    "code": "transaction_error"
}
zipcode rejected by API: 
PASS → zipcode rejected correctly   
User enter ID in Username field
User Enter Password in password field
Click on submit button in login page
streetAddres test case will run for this PSP :- Neogate
streetAddres test case will run for this runflag:- Visa4654
Generated Random Double: 93.70
Generated First Name: johnab8
Generated Email: tomjerry6bdcb@gmail.com
zipcode: null → Status: 400
Response Body: {
    "message": "Please pass valid postal Code name in \"zip_code\" paramater",
    "code": "transaction_error"
}
zipcode rejected by API: null
PASS → zipcode rejected correctly   null]]>
  </system-out>
</testsuite> <!-- schemaValidation.zipcode -->
