<?xml version="1.0" encoding="UTF-8"?>
<!-- Generated by org.testng.reporters.JUnitReportReporter -->
<testsuite hostname="PS-L51" failures="0" tests="1" name="purchase.email" time="119.704" errors="0" timestamp="2026-02-19T16:34:02 IST" skipped="0">
  <testcase classname="purchase.email" name="Purchase" time="119.704">
    <system-out>
      <![CDATA[select merchant name :- SuhasM
select merchant name :- HKD
select merchant name :- VISA
Fetching details for Limit and Charges
Details fetched successfully
Email test case will run for this PSP: payIn
Amount Inputs → Min: 100.0, Max: 900.0, Provided: 569.0
✅ Amount within valid range. Using exact value: 569.0
Generated First Name: johnba4
Purchase ID: 6996ede14d34b98aa819ced7
Checkout URL: https://test4.paymentsclub.net/payments/d09bebef27f3586331d49a1f3134edcd/
Email: user1234@example.com → HTTP Status: 202
Response Body: {
    "purchaseId": "6996ede14d34b98aa819ced7",
    "client": {
        "customerId": "NA",
        "email": "user1234@example.com",
        "phone": "+1111111111",
        "full_name": "johnba4",
        "street_address": "Main gate",
        "country": "IN",
        "city": "Paris",
        "zip_code": "20001",
        "cc": [
            
        ],
        "bcc": [
            
        ],
        "stateCode": "QLD"
    },
    "updated_on": 1771498977,
    "type": "purchase",
    "paymentMethod": "VISA",
    "amountUnit": "MAJOR",
    "errorMsg": "",
    "errorCode": "NA",
    "force_recurring": false,
    "created_on": 1771498977,
    "merchantRef": "6996ede14d34b98aa819ced7",
    "purchase": {
        "currency": "HKD",
        "products": [
            {
                "name": "Cricket bat",
                "quantity": 1.0,
                "price": 569.0,
                "discount": 0,
                "tax_percent": "0.00"
            }
        ],
        "total": 569.0,
        "requestAmount": 569.0,
        "language": "en",
        "notes": "",
        "debt": 0,
        "total_formatted": 1.0,
        "taxAmount": 0.0,
        "taxPercent": 0.0,
        "request_client_details": [
            
        ],
        "email_message": ""
    },
    "issuer_details": {
        "website": "",
        "legal_street_address": "",
        "legal_country": "",
        "legal_city": "",
        "legal_zip_code": "",
        "bank_accounts": [
            {
                
            }
        ],
        "legal_name": "practice",
        "brand_name": "practice",
        "registration_number": "",
        "tax_number": ""
    },
    "transaction_data": {
        "payment_method": "",
        "flow": "payform",
        "extra": {
            
        },
        "country": "",
        "attempts": [
            
        ]
    },
    "status": "CREATED",
    "status_history": [
        {
            "status": "created",
            "timestamp": 1771498977
        }
    ],
    "is_test": false,
    "brand_id": "04199342-5d84-4e17-a53e-5c3d6b03ebd4",
    "send_receipt": false,
    "is_recurring_token": false,
    "skip_capture": false,
    "reference_generated": "PS8161",
    "issued": "2026-02-19",
    "due": 1771498977,
    "refund_upto": 0,
    "cc_descriptor": "",
    "fraudScore": "NA",
    "trustScore": "NA",
    "extraFee": "0",
    "paidOn": 0,
    "receivedAmt": 0.0,
    "taxAmount": 0.0,
    "surcharge": 0.0,
    "surchargeType": "",
    "sessionId": "",
    "refund_availability": "NONE",
    "refundable_amount": 0.0,
    "success_redirect": "https://staging.paysecure.net/getResponse.jsp?issucces=true",
    "failure_redirect": "https://staging.paysecure.net/getResponse.jsp?issucces=false",
    "cancel_redirect": "",
    "success_callback": "https://www.google.com/",
    "failure_callback": "https://staging.paysecure.net/merchant",
    "platform": "API",
    "created_from_ip": "103.80.161.238",
    "checkout_url": "https://test4.paymentsclub.net/payments/d09bebef27f3586331d49a1f3134edcd/",
    "direct_post_url": "https://test4.paymentsclub.net/api/v1/p/6996ede14d34b98aa819ced7/",
    "payoutProcess": false
}
Email accepted by API: user1234@example.com
✓ Transaction status OK → proceeding with payment flow
Entered Card Holder Name: Rohitman Sharma
Entered Card Number: 4000000000001000
Entered Card Expiry Date: 02/29
Entered Card CVV: 123
Moved to the Pay button
Clicked on the Pay button to proceed with payment
Redirected URL: https://staging.paysecure.net/getResponse.jsp?issucces=true
PASS → Payment outcome matched expectation
 Opened staging environment in a new browser tab
User enter ID in Username field
User Enter Password in password field
Click on submit button in login page
 Entered Transaction ID: 6996ede14d34b98aa819ced7
 Clicked on Search button
 Clicked on Search button
 Clicked on first Transaction ID from list
Purchase Transaction ID is not empty or not null]]>
    </system-out>
  </testcase> <!-- Purchase -->
  <system-out>
    <![CDATA[User enter ID in Username field
User Enter Password in password field
Click on submit button in login page
select merchant name :- SuhasM
select merchant name :- HKD
select merchant name :- VISA
Fetching details for Limit and Charges
Details fetched successfully
Email test case will run for this PSP: payIn
Amount Inputs → Min: 100.0, Max: 900.0, Provided: 569.0
✅ Amount within valid range. Using exact value: 569.0
Generated First Name: johnba4
Purchase ID: 6996ede14d34b98aa819ced7
Checkout URL: https://test4.paymentsclub.net/payments/d09bebef27f3586331d49a1f3134edcd/
Email: user1234@example.com → HTTP Status: 202
Response Body: {
    "purchaseId": "6996ede14d34b98aa819ced7",
    "client": {
        "customerId": "NA",
        "email": "user1234@example.com",
        "phone": "+1111111111",
        "full_name": "johnba4",
        "street_address": "Main gate",
        "country": "IN",
        "city": "Paris",
        "zip_code": "20001",
        "cc": [
            
        ],
        "bcc": [
            
        ],
        "stateCode": "QLD"
    },
    "updated_on": 1771498977,
    "type": "purchase",
    "paymentMethod": "VISA",
    "amountUnit": "MAJOR",
    "errorMsg": "",
    "errorCode": "NA",
    "force_recurring": false,
    "created_on": 1771498977,
    "merchantRef": "6996ede14d34b98aa819ced7",
    "purchase": {
        "currency": "HKD",
        "products": [
            {
                "name": "Cricket bat",
                "quantity": 1.0,
                "price": 569.0,
                "discount": 0,
                "tax_percent": "0.00"
            }
        ],
        "total": 569.0,
        "requestAmount": 569.0,
        "language": "en",
        "notes": "",
        "debt": 0,
        "total_formatted": 1.0,
        "taxAmount": 0.0,
        "taxPercent": 0.0,
        "request_client_details": [
            
        ],
        "email_message": ""
    },
    "issuer_details": {
        "website": "",
        "legal_street_address": "",
        "legal_country": "",
        "legal_city": "",
        "legal_zip_code": "",
        "bank_accounts": [
            {
                
            }
        ],
        "legal_name": "practice",
        "brand_name": "practice",
        "registration_number": "",
        "tax_number": ""
    },
    "transaction_data": {
        "payment_method": "",
        "flow": "payform",
        "extra": {
            
        },
        "country": "",
        "attempts": [
            
        ]
    },
    "status": "CREATED",
    "status_history": [
        {
            "status": "created",
            "timestamp": 1771498977
        }
    ],
    "is_test": false,
    "brand_id": "04199342-5d84-4e17-a53e-5c3d6b03ebd4",
    "send_receipt": false,
    "is_recurring_token": false,
    "skip_capture": false,
    "reference_generated": "PS8161",
    "issued": "2026-02-19",
    "due": 1771498977,
    "refund_upto": 0,
    "cc_descriptor": "",
    "fraudScore": "NA",
    "trustScore": "NA",
    "extraFee": "0",
    "paidOn": 0,
    "receivedAmt": 0.0,
    "taxAmount": 0.0,
    "surcharge": 0.0,
    "surchargeType": "",
    "sessionId": "",
    "refund_availability": "NONE",
    "refundable_amount": 0.0,
    "success_redirect": "https://staging.paysecure.net/getResponse.jsp?issucces=true",
    "failure_redirect": "https://staging.paysecure.net/getResponse.jsp?issucces=false",
    "cancel_redirect": "",
    "success_callback": "https://www.google.com/",
    "failure_callback": "https://staging.paysecure.net/merchant",
    "platform": "API",
    "created_from_ip": "103.80.161.238",
    "checkout_url": "https://test4.paymentsclub.net/payments/d09bebef27f3586331d49a1f3134edcd/",
    "direct_post_url": "https://test4.paymentsclub.net/api/v1/p/6996ede14d34b98aa819ced7/",
    "payoutProcess": false
}
Email accepted by API: user1234@example.com
✓ Transaction status OK → proceeding with payment flow
Entered Card Holder Name: Rohitman Sharma
Entered Card Number: 4000000000001000
Entered Card Expiry Date: 02/29
Entered Card CVV: 123
Moved to the Pay button
Clicked on the Pay button to proceed with payment
Redirected URL: https://staging.paysecure.net/getResponse.jsp?issucces=true
PASS → Payment outcome matched expectation
 Opened staging environment in a new browser tab
User enter ID in Username field
User Enter Password in password field
Click on submit button in login page
 Entered Transaction ID: 6996ede14d34b98aa819ced7
 Clicked on Search button
 Clicked on Search button
 Clicked on first Transaction ID from list
Purchase Transaction ID is not empty or not null]]>
  </system-out>
</testsuite> <!-- purchase.email -->
