<?xml version="1.0" encoding="UTF-8"?>
<!-- Generated by org.testng.reporters.JUnitReportReporter -->
<testsuite hostname="PS-L6" failures="0" tests="1" name="s2s.city" time="145.767" errors="0" timestamp="2025-12-31T11:06:25 IST" skipped="0">
  <testcase classname="s2s.city" name="purchaseApi" time="145.767">
    <system-out>
      <![CDATA[Generated Random Double: 9.50
Generated First Name: johnd09
Generated Email: nairobiPalermo9dd84@gmail.com
Purchase created successfully with ID: 6954b5d47e022464dbbbf9aa
User enter ID in Username field
User Enter Password in password field
Click on submit button in login page
S2S call successful on attempt 1
Redirected URL: https://staging.paysecure.net/getResponse.jsp?issucces=true
PASS → Payment succeeded as expected
 Opened staging environment in a new browser tab
User enter ID in Username field
User Enter Password in password field
Click on submit button in login page
 Entered Transaction ID: 6954b5d47e022464dbbbf9aa
 Clicked on Search button
 Clicked on Search button
 Clicked on first Transaction ID from list
Purchase Transaction ID is not empty or not null
city accepted by API: London]]>
    </system-out>
  </testcase> <!-- purchaseApi -->
  <system-out>
    <![CDATA[Generated Random Double: 9.50
Generated First Name: johnd09
Generated Email: nairobiPalermo9dd84@gmail.com
Purchase created successfully with ID: 6954b5d47e022464dbbbf9aa
User enter ID in Username field
User Enter Password in password field
Click on submit button in login page
S2S call successful on attempt 1
Redirected URL: https://staging.paysecure.net/getResponse.jsp?issucces=true
PASS → Payment succeeded as expected
 Opened staging environment in a new browser tab
User enter ID in Username field
User Enter Password in password field
Click on submit button in login page
 Entered Transaction ID: 6954b5d47e022464dbbbf9aa
 Clicked on Search button
 Clicked on Search button
 Clicked on first Transaction ID from list
Purchase Transaction ID is not empty or not null
city accepted by API: London]]>
  </system-out>
</testsuite> <!-- s2s.city -->
