<?xml version="1.0" encoding="UTF-8"?>
<!-- Generated by org.testng.reporters.JUnitReportReporter -->
<testsuite hostname="PS-L6" failures="0" tests="3" name="purchase.productName" time="263.227" errors="0" timestamp="2025-12-30T10:20:58 IST" skipped="0">
  <testcase classname="purchase.productName" name="validateForProductNameField" time="98.099">
    <system-out>
      <![CDATA[StateCode test case will run for this PSP :- Matrix
StateCode test case will run for this runflag:- Master05
Generated Random Double: 81.18
Generated First Name: john2f4
Generated Email: nairobiPalermofcc0b@gmail.com
productname: QLDD → Status: 202
Response Body: {
    "purchaseId": "695359e0ab264817a9e25270",
    "client": {
        "customerId": "NA",
        "email": "nairobipalermofcc0b@gmail.com",
        "phone": "+1111111111",
        "full_name": "john2f4",
        "street_address": "Main gate",
        "country": "IN",
        "city": "Paris",
        "zip_code": "20001",
        "cc": [
            
        ],
        "bcc": [
            
        ],
        "stateCode": "QLD"
    },
    "updated_on": 1767070176,
    "type": "purchase",
    "paymentMethod": "MASTER",
    "amountUnit": "MAJOR",
    "errorMsg": "",
    "errorCode": "NA",
    "savedCardUsed": "NO",
    "redirectType": "POST",
    "force_recurring": false,
    "created_on": 1767070176,
    "merchantRef": "695359e0ab264817a9e25270",
    "merchantName": "suhasM",
    "merchantType": "MERCHANT",
    "purchase": {
        "currency": "INR",
        "products": [
            {
                "name": "QLDD",
                "quantity": 1.0,
                "price": 81.18,
                "discount": 0,
                "tax_percent": "0.00"
            }
        ],
        "total": 81.18,
        "requestAmount": 81.18,
        "language": "en",
        "notes": "",
        "debt": 0,
        "total_formatted": 1.0,
        "taxAmount": 0.0,
        "taxPercent": 0.0,
        "request_client_details": [
            
        ],
        "email_message": ""
    },
    "issuer_details": {
        "website": "",
        "legal_street_address": "",
        "legal_country": "",
        "legal_city": "",
        "legal_zip_code": "",
        "bank_accounts": [
            {
                
            }
        ],
        "legal_name": "practice",
        "brand_name": "practice",
        "registration_number": "",
        "tax_number": ""
    },
    "transaction_data": {
        "payment_method": "",
        "flow": "payform",
        "extra": {
            
        },
        "country": "",
        "attempts": [
            
        ]
    },
    "status": "CREATED",
    "status_history": [
        {
            "status": "created",
            "timestamp": 1767070176
        }
    ],
    "is_test": false,
    "brand_id": "04199342-5d84-4e17-a53e-5c3d6b03ebd4",
    "send_receipt": false,
    "is_recurring_token": false,
    "skip_capture": false,
    "reference_generated": "PS5487",
    "issued": "2025-12-30",
    "due": 1767070176,
    "refund_upto": 0,
    "cc_descriptor": "",
    "fraudScore": "NA",
    "trustScore": "NA",
    "extraFee": "0",
    "paidOn": 0,
    "receivedAmt": 0.0,
    "taxAmount": 0.0,
    "surcharge": 0.0,
    "surchargeType": "",
    "sessionId": "",
    "refund_availability": "NONE",
    "refundable_amount": 0.0,
    "success_redirect": "https://staging.paysecure.net/getResponse.jsp?issucces=true",
    "failure_redirect": "https://staging.paysecure.net/getResponse.jsp?issucces=false",
    "cancel_redirect": "",
    "success_callback": "https://www.google.com/",
    "failure_callback": "https://staging.paysecure.net/merchant",
    "platform": "API",
    "created_from_ip": "103.80.161.238",
    "checkout_url": "https://test4.paymentsclub.net/payments/232f2d2f69b738d88be5bd595e9e4a1c/",
    "direct_post_url": "https://test4.paymentsclub.net/api/v1/p/695359e0ab264817a9e25270/",
    "payoutProcess": false
}
productname accepted by API: QLDD
API success -> proceeding with full flow
Entered Card Holder Name: AB de Villiers
Entered Card Number: 5553042241984105
Entered Card Expiry Date: 07/28
Entered Card CVC: 123
Moved to the Pay button
Clicked on the Pay button to proceed with payment
Redirected URL: https://staging.paysecure.net/getResponse.jsp?issucces=true
Pass → Payment succeeded as expected
 Opened staging environment in a new browser tab
User enter ID in Username field
User Enter Password in password field
Click on submit button in login page
 Entered Transaction ID: 695359e0ab264817a9e25270
 Clicked on Search button
 Clicked on Search button
 Clicked on first Transaction ID from list
Purchase Transaction ID is not empty or not null]]>
    </system-out>
  </testcase> <!-- validateForProductNameField -->
  <testcase classname="purchase.productName" name="validateForProductNameField" time="76.954">
    <system-out>
      <![CDATA[StateCode test case will run for this PSP :- Matrix
StateCode test case will run for this runflag:- Master05
Generated Random Double: 51.79
Generated First Name: johnf7e
Generated Email: nairobiPalermo1c0f3@gmail.com
productname: NSW → Status: 202
Response Body: {
    "purchaseId": "69535993ab264817a9e24fa7",
    "client": {
        "customerId": "NA",
        "email": "nairobipalermo1c0f3@gmail.com",
        "phone": "+1111111111",
        "full_name": "johnf7e",
        "street_address": "Main gate",
        "country": "IN",
        "city": "Paris",
        "zip_code": "20001",
        "cc": [
            
        ],
        "bcc": [
            
        ],
        "stateCode": "QLD"
    },
    "updated_on": 1767070099,
    "type": "purchase",
    "paymentMethod": "MASTER",
    "amountUnit": "MAJOR",
    "errorMsg": "",
    "errorCode": "NA",
    "savedCardUsed": "NO",
    "redirectType": "POST",
    "force_recurring": false,
    "created_on": 1767070099,
    "merchantRef": "69535993ab264817a9e24fa7",
    "merchantName": "suhasM",
    "merchantType": "MERCHANT",
    "purchase": {
        "currency": "INR",
        "products": [
            {
                "name": "NSW",
                "quantity": 1.0,
                "price": 51.79,
                "discount": 0,
                "tax_percent": "0.00"
            }
        ],
        "total": 51.79,
        "requestAmount": 51.79,
        "language": "en",
        "notes": "",
        "debt": 0,
        "total_formatted": 1.0,
        "taxAmount": 0.0,
        "taxPercent": 0.0,
        "request_client_details": [
            
        ],
        "email_message": ""
    },
    "issuer_details": {
        "website": "",
        "legal_street_address": "",
        "legal_country": "",
        "legal_city": "",
        "legal_zip_code": "",
        "bank_accounts": [
            {
                
            }
        ],
        "legal_name": "practice",
        "brand_name": "practice",
        "registration_number": "",
        "tax_number": ""
    },
    "transaction_data": {
        "payment_method": "",
        "flow": "payform",
        "extra": {
            
        },
        "country": "",
        "attempts": [
            
        ]
    },
    "status": "CREATED",
    "status_history": [
        {
            "status": "created",
            "timestamp": 1767070099
        }
    ],
    "is_test": false,
    "brand_id": "04199342-5d84-4e17-a53e-5c3d6b03ebd4",
    "send_receipt": false,
    "is_recurring_token": false,
    "skip_capture": false,
    "reference_generated": "PS5486",
    "issued": "2025-12-30",
    "due": 1767070099,
    "refund_upto": 0,
    "cc_descriptor": "",
    "fraudScore": "NA",
    "trustScore": "NA",
    "extraFee": "0",
    "paidOn": 0,
    "receivedAmt": 0.0,
    "taxAmount": 0.0,
    "surcharge": 0.0,
    "surchargeType": "",
    "sessionId": "",
    "refund_availability": "NONE",
    "refundable_amount": 0.0,
    "success_redirect": "https://staging.paysecure.net/getResponse.jsp?issucces=true",
    "failure_redirect": "https://staging.paysecure.net/getResponse.jsp?issucces=false",
    "cancel_redirect": "",
    "success_callback": "https://www.google.com/",
    "failure_callback": "https://staging.paysecure.net/merchant",
    "platform": "API",
    "created_from_ip": "103.80.161.238",
    "checkout_url": "https://test4.paymentsclub.net/payments/af25e8f0bcad740d0146369f063398b1/",
    "direct_post_url": "https://test4.paymentsclub.net/api/v1/p/69535993ab264817a9e24fa7/",
    "payoutProcess": false
}
productname accepted by API: NSW
API success -> proceeding with full flow
Entered Card Holder Name: AB de Villiers
Entered Card Number: 5553042241984105
Entered Card Expiry Date: 07/28
Entered Card CVC: 123
Moved to the Pay button
Clicked on the Pay button to proceed with payment]]>
    </system-out>
  </testcase> <!-- validateForProductNameField -->
  <testcase classname="purchase.productName" name="validateForProductNameField" time="88.174">
    <system-out>
      <![CDATA[StateCode test case will run for this PSP :- Matrix
StateCode test case will run for this runflag:- Master05
Generated Random Double: 10.50
Generated First Name: john430
Generated Email: nairobiPalermo881e9@gmail.com
productname: QLD → Status: 202
Response Body: {
    "purchaseId": "69535947ab264817a9e24cde",
    "client": {
        "customerId": "NA",
        "email": "nairobipalermo881e9@gmail.com",
        "phone": "+1111111111",
        "full_name": "john430",
        "street_address": "Main gate",
        "country": "IN",
        "city": "Paris",
        "zip_code": "20001",
        "cc": [
            
        ],
        "bcc": [
            
        ],
        "stateCode": "QLD"
    },
    "updated_on": 1767070023,
    "type": "purchase",
    "paymentMethod": "MASTER",
    "amountUnit": "MAJOR",
    "errorMsg": "",
    "errorCode": "NA",
    "savedCardUsed": "NO",
    "redirectType": "POST",
    "force_recurring": false,
    "created_on": 1767070023,
    "merchantRef": "69535947ab264817a9e24cde",
    "merchantName": "suhasM",
    "merchantType": "MERCHANT",
    "purchase": {
        "currency": "INR",
        "products": [
            {
                "name": "QLD",
                "quantity": 1.0,
                "price": 10.5,
                "discount": 0,
                "tax_percent": "0.00"
            }
        ],
        "total": 10.5,
        "requestAmount": 10.5,
        "language": "en",
        "notes": "",
        "debt": 0,
        "total_formatted": 1.0,
        "taxAmount": 0.0,
        "taxPercent": 0.0,
        "request_client_details": [
            
        ],
        "email_message": ""
    },
    "issuer_details": {
        "website": "",
        "legal_street_address": "",
        "legal_country": "",
        "legal_city": "",
        "legal_zip_code": "",
        "bank_accounts": [
            {
                
            }
        ],
        "legal_name": "practice",
        "brand_name": "practice",
        "registration_number": "",
        "tax_number": ""
    },
    "transaction_data": {
        "payment_method": "",
        "flow": "payform",
        "extra": {
            
        },
        "country": "",
        "attempts": [
            
        ]
    },
    "status": "CREATED",
    "status_history": [
        {
            "status": "created",
            "timestamp": 1767070023
        }
    ],
    "is_test": false,
    "brand_id": "04199342-5d84-4e17-a53e-5c3d6b03ebd4",
    "send_receipt": false,
    "is_recurring_token": false,
    "skip_capture": false,
    "reference_generated": "PS5485",
    "issued": "2025-12-30",
    "due": 1767070023,
    "refund_upto": 0,
    "cc_descriptor": "",
    "fraudScore": "NA",
    "trustScore": "NA",
    "extraFee": "0",
    "paidOn": 0,
    "receivedAmt": 0.0,
    "taxAmount": 0.0,
    "surcharge": 0.0,
    "surchargeType": "",
    "sessionId": "",
    "refund_availability": "NONE",
    "refundable_amount": 0.0,
    "success_redirect": "https://staging.paysecure.net/getResponse.jsp?issucces=true",
    "failure_redirect": "https://staging.paysecure.net/getResponse.jsp?issucces=false",
    "cancel_redirect": "",
    "success_callback": "https://www.google.com/",
    "failure_callback": "https://staging.paysecure.net/merchant",
    "platform": "API",
    "created_from_ip": "103.80.161.238",
    "checkout_url": "https://test4.paymentsclub.net/payments/f56e9a353c7703c0f150ab661e37d7a2/",
    "direct_post_url": "https://test4.paymentsclub.net/api/v1/p/69535947ab264817a9e24cde/",
    "payoutProcess": false
}
productname accepted by API: QLD
API success -> proceeding with full flow
Entered Card Holder Name: AB de Villiers
Entered Card Number: 5553042241984105
Entered Card Expiry Date: 07/28
Entered Card CVC: 123
Moved to the Pay button
Clicked on the Pay button to proceed with payment]]>
    </system-out>
  </testcase> <!-- validateForProductNameField -->
  <system-out>
    <![CDATA[User enter ID in Username field
User Enter Password in password field
Click on submit button in login page
StateCode test case will run for this PSP :- Matrix
StateCode test case will run for this runflag:- Master05
Generated Random Double: 10.50
Generated First Name: john430
Generated Email: nairobiPalermo881e9@gmail.com
productname: QLD → Status: 202
Response Body: {
    "purchaseId": "69535947ab264817a9e24cde",
    "client": {
        "customerId": "NA",
        "email": "nairobipalermo881e9@gmail.com",
        "phone": "+1111111111",
        "full_name": "john430",
        "street_address": "Main gate",
        "country": "IN",
        "city": "Paris",
        "zip_code": "20001",
        "cc": [
            
        ],
        "bcc": [
            
        ],
        "stateCode": "QLD"
    },
    "updated_on": 1767070023,
    "type": "purchase",
    "paymentMethod": "MASTER",
    "amountUnit": "MAJOR",
    "errorMsg": "",
    "errorCode": "NA",
    "savedCardUsed": "NO",
    "redirectType": "POST",
    "force_recurring": false,
    "created_on": 1767070023,
    "merchantRef": "69535947ab264817a9e24cde",
    "merchantName": "suhasM",
    "merchantType": "MERCHANT",
    "purchase": {
        "currency": "INR",
        "products": [
            {
                "name": "QLD",
                "quantity": 1.0,
                "price": 10.5,
                "discount": 0,
                "tax_percent": "0.00"
            }
        ],
        "total": 10.5,
        "requestAmount": 10.5,
        "language": "en",
        "notes": "",
        "debt": 0,
        "total_formatted": 1.0,
        "taxAmount": 0.0,
        "taxPercent": 0.0,
        "request_client_details": [
            
        ],
        "email_message": ""
    },
    "issuer_details": {
        "website": "",
        "legal_street_address": "",
        "legal_country": "",
        "legal_city": "",
        "legal_zip_code": "",
        "bank_accounts": [
            {
                
            }
        ],
        "legal_name": "practice",
        "brand_name": "practice",
        "registration_number": "",
        "tax_number": ""
    },
    "transaction_data": {
        "payment_method": "",
        "flow": "payform",
        "extra": {
            
        },
        "country": "",
        "attempts": [
            
        ]
    },
    "status": "CREATED",
    "status_history": [
        {
            "status": "created",
            "timestamp": 1767070023
        }
    ],
    "is_test": false,
    "brand_id": "04199342-5d84-4e17-a53e-5c3d6b03ebd4",
    "send_receipt": false,
    "is_recurring_token": false,
    "skip_capture": false,
    "reference_generated": "PS5485",
    "issued": "2025-12-30",
    "due": 1767070023,
    "refund_upto": 0,
    "cc_descriptor": "",
    "fraudScore": "NA",
    "trustScore": "NA",
    "extraFee": "0",
    "paidOn": 0,
    "receivedAmt": 0.0,
    "taxAmount": 0.0,
    "surcharge": 0.0,
    "surchargeType": "",
    "sessionId": "",
    "refund_availability": "NONE",
    "refundable_amount": 0.0,
    "success_redirect": "https://staging.paysecure.net/getResponse.jsp?issucces=true",
    "failure_redirect": "https://staging.paysecure.net/getResponse.jsp?issucces=false",
    "cancel_redirect": "",
    "success_callback": "https://www.google.com/",
    "failure_callback": "https://staging.paysecure.net/merchant",
    "platform": "API",
    "created_from_ip": "103.80.161.238",
    "checkout_url": "https://test4.paymentsclub.net/payments/f56e9a353c7703c0f150ab661e37d7a2/",
    "direct_post_url": "https://test4.paymentsclub.net/api/v1/p/69535947ab264817a9e24cde/",
    "payoutProcess": false
}
productname accepted by API: QLD
API success -> proceeding with full flow
Entered Card Holder Name: AB de Villiers
Entered Card Number: 5553042241984105
Entered Card Expiry Date: 07/28
Entered Card CVC: 123
Moved to the Pay button
Clicked on the Pay button to proceed with payment
User enter ID in Username field
User Enter Password in password field
Click on submit button in login page
StateCode test case will run for this PSP :- Matrix
StateCode test case will run for this runflag:- Master05
Generated Random Double: 51.79
Generated First Name: johnf7e
Generated Email: nairobiPalermo1c0f3@gmail.com
productname: NSW → Status: 202
Response Body: {
    "purchaseId": "69535993ab264817a9e24fa7",
    "client": {
        "customerId": "NA",
        "email": "nairobipalermo1c0f3@gmail.com",
        "phone": "+1111111111",
        "full_name": "johnf7e",
        "street_address": "Main gate",
        "country": "IN",
        "city": "Paris",
        "zip_code": "20001",
        "cc": [
            
        ],
        "bcc": [
            
        ],
        "stateCode": "QLD"
    },
    "updated_on": 1767070099,
    "type": "purchase",
    "paymentMethod": "MASTER",
    "amountUnit": "MAJOR",
    "errorMsg": "",
    "errorCode": "NA",
    "savedCardUsed": "NO",
    "redirectType": "POST",
    "force_recurring": false,
    "created_on": 1767070099,
    "merchantRef": "69535993ab264817a9e24fa7",
    "merchantName": "suhasM",
    "merchantType": "MERCHANT",
    "purchase": {
        "currency": "INR",
        "products": [
            {
                "name": "NSW",
                "quantity": 1.0,
                "price": 51.79,
                "discount": 0,
                "tax_percent": "0.00"
            }
        ],
        "total": 51.79,
        "requestAmount": 51.79,
        "language": "en",
        "notes": "",
        "debt": 0,
        "total_formatted": 1.0,
        "taxAmount": 0.0,
        "taxPercent": 0.0,
        "request_client_details": [
            
        ],
        "email_message": ""
    },
    "issuer_details": {
        "website": "",
        "legal_street_address": "",
        "legal_country": "",
        "legal_city": "",
        "legal_zip_code": "",
        "bank_accounts": [
            {
                
            }
        ],
        "legal_name": "practice",
        "brand_name": "practice",
        "registration_number": "",
        "tax_number": ""
    },
    "transaction_data": {
        "payment_method": "",
        "flow": "payform",
        "extra": {
            
        },
        "country": "",
        "attempts": [
            
        ]
    },
    "status": "CREATED",
    "status_history": [
        {
            "status": "created",
            "timestamp": 1767070099
        }
    ],
    "is_test": false,
    "brand_id": "04199342-5d84-4e17-a53e-5c3d6b03ebd4",
    "send_receipt": false,
    "is_recurring_token": false,
    "skip_capture": false,
    "reference_generated": "PS5486",
    "issued": "2025-12-30",
    "due": 1767070099,
    "refund_upto": 0,
    "cc_descriptor": "",
    "fraudScore": "NA",
    "trustScore": "NA",
    "extraFee": "0",
    "paidOn": 0,
    "receivedAmt": 0.0,
    "taxAmount": 0.0,
    "surcharge": 0.0,
    "surchargeType": "",
    "sessionId": "",
    "refund_availability": "NONE",
    "refundable_amount": 0.0,
    "success_redirect": "https://staging.paysecure.net/getResponse.jsp?issucces=true",
    "failure_redirect": "https://staging.paysecure.net/getResponse.jsp?issucces=false",
    "cancel_redirect": "",
    "success_callback": "https://www.google.com/",
    "failure_callback": "https://staging.paysecure.net/merchant",
    "platform": "API",
    "created_from_ip": "103.80.161.238",
    "checkout_url": "https://test4.paymentsclub.net/payments/af25e8f0bcad740d0146369f063398b1/",
    "direct_post_url": "https://test4.paymentsclub.net/api/v1/p/69535993ab264817a9e24fa7/",
    "payoutProcess": false
}
productname accepted by API: NSW
API success -> proceeding with full flow
Entered Card Holder Name: AB de Villiers
Entered Card Number: 5553042241984105
Entered Card Expiry Date: 07/28
Entered Card CVC: 123
Moved to the Pay button
Clicked on the Pay button to proceed with payment
User enter ID in Username field
User Enter Password in password field
Click on submit button in login page
StateCode test case will run for this PSP :- Matrix
StateCode test case will run for this runflag:- Master05
Generated Random Double: 81.18
Generated First Name: john2f4
Generated Email: nairobiPalermofcc0b@gmail.com
productname: QLDD → Status: 202
Response Body: {
    "purchaseId": "695359e0ab264817a9e25270",
    "client": {
        "customerId": "NA",
        "email": "nairobipalermofcc0b@gmail.com",
        "phone": "+1111111111",
        "full_name": "john2f4",
        "street_address": "Main gate",
        "country": "IN",
        "city": "Paris",
        "zip_code": "20001",
        "cc": [
            
        ],
        "bcc": [
            
        ],
        "stateCode": "QLD"
    },
    "updated_on": 1767070176,
    "type": "purchase",
    "paymentMethod": "MASTER",
    "amountUnit": "MAJOR",
    "errorMsg": "",
    "errorCode": "NA",
    "savedCardUsed": "NO",
    "redirectType": "POST",
    "force_recurring": false,
    "created_on": 1767070176,
    "merchantRef": "695359e0ab264817a9e25270",
    "merchantName": "suhasM",
    "merchantType": "MERCHANT",
    "purchase": {
        "currency": "INR",
        "products": [
            {
                "name": "QLDD",
                "quantity": 1.0,
                "price": 81.18,
                "discount": 0,
                "tax_percent": "0.00"
            }
        ],
        "total": 81.18,
        "requestAmount": 81.18,
        "language": "en",
        "notes": "",
        "debt": 0,
        "total_formatted": 1.0,
        "taxAmount": 0.0,
        "taxPercent": 0.0,
        "request_client_details": [
            
        ],
        "email_message": ""
    },
    "issuer_details": {
        "website": "",
        "legal_street_address": "",
        "legal_country": "",
        "legal_city": "",
        "legal_zip_code": "",
        "bank_accounts": [
            {
                
            }
        ],
        "legal_name": "practice",
        "brand_name": "practice",
        "registration_number": "",
        "tax_number": ""
    },
    "transaction_data": {
        "payment_method": "",
        "flow": "payform",
        "extra": {
            
        },
        "country": "",
        "attempts": [
            
        ]
    },
    "status": "CREATED",
    "status_history": [
        {
            "status": "created",
            "timestamp": 1767070176
        }
    ],
    "is_test": false,
    "brand_id": "04199342-5d84-4e17-a53e-5c3d6b03ebd4",
    "send_receipt": false,
    "is_recurring_token": false,
    "skip_capture": false,
    "reference_generated": "PS5487",
    "issued": "2025-12-30",
    "due": 1767070176,
    "refund_upto": 0,
    "cc_descriptor": "",
    "fraudScore": "NA",
    "trustScore": "NA",
    "extraFee": "0",
    "paidOn": 0,
    "receivedAmt": 0.0,
    "taxAmount": 0.0,
    "surcharge": 0.0,
    "surchargeType": "",
    "sessionId": "",
    "refund_availability": "NONE",
    "refundable_amount": 0.0,
    "success_redirect": "https://staging.paysecure.net/getResponse.jsp?issucces=true",
    "failure_redirect": "https://staging.paysecure.net/getResponse.jsp?issucces=false",
    "cancel_redirect": "",
    "success_callback": "https://www.google.com/",
    "failure_callback": "https://staging.paysecure.net/merchant",
    "platform": "API",
    "created_from_ip": "103.80.161.238",
    "checkout_url": "https://test4.paymentsclub.net/payments/232f2d2f69b738d88be5bd595e9e4a1c/",
    "direct_post_url": "https://test4.paymentsclub.net/api/v1/p/695359e0ab264817a9e25270/",
    "payoutProcess": false
}
productname accepted by API: QLDD
API success -> proceeding with full flow
Entered Card Holder Name: AB de Villiers
Entered Card Number: 5553042241984105
Entered Card Expiry Date: 07/28
Entered Card CVC: 123
Moved to the Pay button
Clicked on the Pay button to proceed with payment
Redirected URL: https://staging.paysecure.net/getResponse.jsp?issucces=true
Pass → Payment succeeded as expected
 Opened staging environment in a new browser tab
User enter ID in Username field
User Enter Password in password field
Click on submit button in login page
 Entered Transaction ID: 695359e0ab264817a9e25270
 Clicked on Search button
 Clicked on Search button
 Clicked on first Transaction ID from list
Purchase Transaction ID is not empty or not null]]>
  </system-out>
</testsuite> <!-- purchase.productName -->
