<?xml version="1.0" encoding="UTF-8"?>
<!-- Generated by org.testng.reporters.JUnitReportReporter -->
<testsuite hostname="PS-L6" failures="0" tests="15" name="s2s.currency" time="385.087" errors="2" timestamp="2025-12-16T16:51:26 IST" skipped="0">
  <testcase classname="s2s.currency" name="purchaseApi" time="12.586">
    <system-out>
      <![CDATA[Generated Random Double: 81.87
Generated First Name: john6d9
Generated Email: tomjerry30cc3@gmail.com
currency rejected by API: JPY
PASS → currency rejected correctly JPY]]>
    </system-out>
  </testcase> <!-- purchaseApi -->
  <testcase classname="s2s.currency" name="purchaseApi" time="14.863">
    <system-out>
      <![CDATA[Generated Random Double: 15.37
Generated First Name: johne52
Generated Email: tomjerrye2fa4@gmail.com
currency rejected by API: US1
PASS → currency rejected correctly US1]]>
    </system-out>
  </testcase> <!-- purchaseApi -->
  <testcase classname="s2s.currency" name="purchaseApi" time="12.895">
    <system-out>
      <![CDATA[Generated Random Double: 42.08
Generated First Name: johnc34
Generated Email: tomjerryb5297@gmail.com
currency rejected by API: null
PASS → currency rejected correctly null]]>
    </system-out>
  </testcase> <!-- purchaseApi -->
  <testcase classname="s2s.currency" name="purchaseApi" time="16.681">
    <system-out>
      <![CDATA[Generated Random Double: 74.82
Generated First Name: johnb17
Generated Email: tomjerry0fa3a@gmail.com
currency rejected by API:  US D 
PASS → currency rejected correctly  US D ]]>
    </system-out>
  </testcase> <!-- purchaseApi -->
  <testcase classname="s2s.currency" name="purchaseApi" time="32.589">
    <error message="Session ID is null. Using WebDriver after calling quit()?
Build info: version: &#039;4.38.0&#039;, revision: &#039;6b412e825c*&#039;
System info: os.name: &#039;Windows 11&#039;, os.arch: &#039;amd64&#039;, os.version: &#039;10.0&#039;, java.version: &#039;21.0.7&#039;
Driver info: org.openqa.selenium.chrome.ChromeDriver
Command: [null, getCurrentUrl {}]
Capabilities {acceptInsecureCerts: false, browserName: chrome, browserVersion: 143.0.7499.41, chrome: {chromedriverVersion: 143.0.7499.42 (24bdc8c48a0c..., userDataDir: C:\Users\LENOVO\AppData\Loc...}, fedcm:accounts: true, goog:chromeOptions: {debuggerAddress: localhost:55283}, goog:processID: 22392, networkConnectionEnabled: false, pageLoadStrategy: normal, platformName: windows, proxy: Proxy(), se:cdp: ws://localhost:55283/devtoo..., se:cdpVersion: 143.0.7499.41, setWindowRect: true, strictFileInteractability: false, timeouts: {implicit: 0, pageLoad: 300000, script: 30000}, unhandledPromptBehavior: dismiss and notify, webauthn:extension:credBlob: true, webauthn:extension:largeBlob: true, webauthn:extension:minPinLength: true, webauthn:extension:prf: true, webauthn:virtualAuthenticators: true}" type="org.openqa.selenium.NoSuchSessionException">
      <![CDATA[org.openqa.selenium.NoSuchSessionException: Session ID is null. Using WebDriver after calling quit()?
Build info: version: '4.38.0', revision: '6b412e825c*'
System info: os.name: 'Windows 11', os.arch: 'amd64', os.version: '10.0', java.version: '21.0.7'
Driver info: org.openqa.selenium.chrome.ChromeDriver
Command: [null, getCurrentUrl {}]
Capabilities {acceptInsecureCerts: false, browserName: chrome, browserVersion: 143.0.7499.41, chrome: {chromedriverVersion: 143.0.7499.42 (24bdc8c48a0c..., userDataDir: C:\Users\LENOVO\AppData\Loc...}, fedcm:accounts: true, goog:chromeOptions: {debuggerAddress: localhost:55283}, goog:processID: 22392, networkConnectionEnabled: false, pageLoadStrategy: normal, platformName: windows, proxy: Proxy(), se:cdp: ws://localhost:55283/devtoo..., se:cdpVersion: 143.0.7499.41, setWindowRect: true, strictFileInteractability: false, timeouts: {implicit: 0, pageLoad: 300000, script: 30000}, unhandledPromptBehavior: dismiss and notify, webauthn:extension:credBlob: true, webauthn:extension:largeBlob: true, webauthn:extension:minPinLength: true, webauthn:extension:prf: true, webauthn:virtualAuthenticators: true}
at org.openqa.selenium.remote.HttpCommandExecutor.execute(HttpCommandExecutor.java:176)
at org.openqa.selenium.remote.service.DriverCommandExecutor.invokeExecute(DriverCommandExecutor.java:216)
at org.openqa.selenium.remote.service.DriverCommandExecutor.execute(DriverCommandExecutor.java:174)
at org.openqa.selenium.remote.RemoteWebDriver.execute(RemoteWebDriver.java:557)
at org.openqa.selenium.remote.RemoteWebDriver.execute(RemoteWebDriver.java:634)
at org.openqa.selenium.remote.RemoteWebDriver.execute(RemoteWebDriver.java:638)
at org.openqa.selenium.remote.RemoteWebDriver.getCurrentUrl(RemoteWebDriver.java:337)
at org.openqa.selenium.support.ui.ExpectedConditions$4.apply(ExpectedConditions.java:127)
at org.openqa.selenium.support.ui.ExpectedConditions$4.apply(ExpectedConditions.java:122)
at org.openqa.selenium.support.ui.FluentWait.until(FluentWait.java:203)
at s2s.currency.s2sMethod(currency.java:269)
at s2s.currency.purchaseApi(currency.java:125)
at java.base/jdk.internal.reflect.DirectMethodHandleAccessor.invoke(DirectMethodHandleAccessor.java:103)
at java.base/java.lang.reflect.Method.invoke(Method.java:580)
at org.testng.internal.invokers.MethodInvocationHelper.invokeMethod(MethodInvocationHelper.java:141)
at org.testng.internal.invokers.TestInvoker.invokeMethod(TestInvoker.java:687)
at org.testng.internal.invokers.TestInvoker.invokeTestMethod(TestInvoker.java:230)
at org.testng.internal.invokers.MethodRunner.runInSequence(MethodRunner.java:63)
at org.testng.internal.invokers.TestInvoker$MethodInvocationAgent.invoke(TestInvoker.java:995)
at org.testng.internal.invokers.TestInvoker.invokeTestMethods(TestInvoker.java:203)
at org.testng.internal.invokers.TestMethodWorker.invokeTestMethods(TestMethodWorker.java:154)
at org.testng.internal.invokers.TestMethodWorker.run(TestMethodWorker.java:134)
at java.base/java.util.ArrayList.forEach(ArrayList.java:1596)
at org.testng.TestRunner.privateRun(TestRunner.java:741)
at org.testng.TestRunner.run(TestRunner.java:616)
at org.testng.SuiteRunner.runTest(SuiteRunner.java:421)
at org.testng.SuiteRunner.runSequentially(SuiteRunner.java:413)
at org.testng.SuiteRunner.privateRun(SuiteRunner.java:373)
at org.testng.SuiteRunner.run(SuiteRunner.java:312)
at org.testng.SuiteRunnerWorker.runSuite(SuiteRunnerWorker.java:52)
at org.testng.SuiteRunnerWorker.run(SuiteRunnerWorker.java:95)
at org.testng.TestNG.runSuitesSequentially(TestNG.java:1274)
at org.testng.TestNG.runSuitesLocally(TestNG.java:1208)
at org.testng.TestNG.runSuites(TestNG.java:1112)
at org.testng.TestNG.run(TestNG.java:1079)
at org.testng.remote.AbstractRemoteTestNG.run(AbstractRemoteTestNG.java:115)
at org.testng.remote.RemoteTestNG.initAndRun(RemoteTestNG.java:293)
at org.testng.remote.RemoteTestNG.main(RemoteTestNG.java:91)
]]>
    </error>
    <system-out>
      <![CDATA[Generated Random Double: 37.53
Generated First Name: john59b
Generated Email: tomjerry434c3@gmail.com
Purchase created successfully with ID: 694140389023226b5ff90055
User enter ID in Username field
User Enter Password in password field
Click on submit button in login page
S2S call successful on attempt 1
Payment Failed]]>
    </system-out>
  </testcase> <!-- purchaseApi -->
  <testcase classname="s2s.currency" name="purchaseApi" time="13.731">
    <system-out>
      <![CDATA[Generated Random Double: 19.12
Generated First Name: john325
Generated Email: tomjerryf737e@gmail.com
currency rejected by API: @#$
PASS → currency rejected correctly @#$]]>
    </system-out>
  </testcase> <!-- purchaseApi -->
  <testcase classname="s2s.currency" name="purchaseApi" time="12.753">
    <system-out>
      <![CDATA[Generated Random Double: 9.60
Generated First Name: john71b
Generated Email: tomjerryec8a5@gmail.com
currency rejected by API: XYZ
PASS → currency rejected correctly XYZ]]>
    </system-out>
  </testcase> <!-- purchaseApi -->
  <testcase classname="s2s.currency" name="purchaseApi" time="44.748">
    <error message="Session ID is null. Using WebDriver after calling quit()?
Build info: version: &#039;4.38.0&#039;, revision: &#039;6b412e825c*&#039;
System info: os.name: &#039;Windows 11&#039;, os.arch: &#039;amd64&#039;, os.version: &#039;10.0&#039;, java.version: &#039;21.0.7&#039;
Driver info: org.openqa.selenium.chrome.ChromeDriver
Command: [null, getCurrentUrl {}]
Capabilities {acceptInsecureCerts: false, browserName: chrome, browserVersion: 143.0.7499.41, chrome: {chromedriverVersion: 143.0.7499.42 (24bdc8c48a0c..., userDataDir: C:\Users\LENOVO\AppData\Loc...}, fedcm:accounts: true, goog:chromeOptions: {debuggerAddress: localhost:56479}, goog:processID: 11392, networkConnectionEnabled: false, pageLoadStrategy: normal, platformName: windows, proxy: Proxy(), se:cdp: ws://localhost:56479/devtoo..., se:cdpVersion: 143.0.7499.41, setWindowRect: true, strictFileInteractability: false, timeouts: {implicit: 0, pageLoad: 300000, script: 30000}, unhandledPromptBehavior: dismiss and notify, webauthn:extension:credBlob: true, webauthn:extension:largeBlob: true, webauthn:extension:minPinLength: true, webauthn:extension:prf: true, webauthn:virtualAuthenticators: true}" type="org.openqa.selenium.NoSuchSessionException">
      <![CDATA[org.openqa.selenium.NoSuchSessionException: Session ID is null. Using WebDriver after calling quit()?
Build info: version: '4.38.0', revision: '6b412e825c*'
System info: os.name: 'Windows 11', os.arch: 'amd64', os.version: '10.0', java.version: '21.0.7'
Driver info: org.openqa.selenium.chrome.ChromeDriver
Command: [null, getCurrentUrl {}]
Capabilities {acceptInsecureCerts: false, browserName: chrome, browserVersion: 143.0.7499.41, chrome: {chromedriverVersion: 143.0.7499.42 (24bdc8c48a0c..., userDataDir: C:\Users\LENOVO\AppData\Loc...}, fedcm:accounts: true, goog:chromeOptions: {debuggerAddress: localhost:56479}, goog:processID: 11392, networkConnectionEnabled: false, pageLoadStrategy: normal, platformName: windows, proxy: Proxy(), se:cdp: ws://localhost:56479/devtoo..., se:cdpVersion: 143.0.7499.41, setWindowRect: true, strictFileInteractability: false, timeouts: {implicit: 0, pageLoad: 300000, script: 30000}, unhandledPromptBehavior: dismiss and notify, webauthn:extension:credBlob: true, webauthn:extension:largeBlob: true, webauthn:extension:minPinLength: true, webauthn:extension:prf: true, webauthn:virtualAuthenticators: true}
at org.openqa.selenium.remote.HttpCommandExecutor.execute(HttpCommandExecutor.java:176)
at org.openqa.selenium.remote.service.DriverCommandExecutor.invokeExecute(DriverCommandExecutor.java:216)
at org.openqa.selenium.remote.service.DriverCommandExecutor.execute(DriverCommandExecutor.java:174)
at org.openqa.selenium.remote.RemoteWebDriver.execute(RemoteWebDriver.java:557)
at org.openqa.selenium.remote.RemoteWebDriver.execute(RemoteWebDriver.java:634)
at org.openqa.selenium.remote.RemoteWebDriver.execute(RemoteWebDriver.java:638)
at org.openqa.selenium.remote.RemoteWebDriver.getCurrentUrl(RemoteWebDriver.java:337)
at org.openqa.selenium.support.ui.ExpectedConditions$4.apply(ExpectedConditions.java:127)
at org.openqa.selenium.support.ui.ExpectedConditions$4.apply(ExpectedConditions.java:122)
at org.openqa.selenium.support.ui.FluentWait.until(FluentWait.java:203)
at s2s.currency.s2sMethod(currency.java:269)
at s2s.currency.purchaseApi(currency.java:125)
at java.base/jdk.internal.reflect.DirectMethodHandleAccessor.invoke(DirectMethodHandleAccessor.java:103)
at java.base/java.lang.reflect.Method.invoke(Method.java:580)
at org.testng.internal.invokers.MethodInvocationHelper.invokeMethod(MethodInvocationHelper.java:141)
at org.testng.internal.invokers.TestInvoker.invokeMethod(TestInvoker.java:687)
at org.testng.internal.invokers.TestInvoker.invokeTestMethod(TestInvoker.java:230)
at org.testng.internal.invokers.MethodRunner.runInSequence(MethodRunner.java:63)
at org.testng.internal.invokers.TestInvoker$MethodInvocationAgent.invoke(TestInvoker.java:995)
at org.testng.internal.invokers.TestInvoker.invokeTestMethods(TestInvoker.java:203)
at org.testng.internal.invokers.TestMethodWorker.invokeTestMethods(TestMethodWorker.java:154)
at org.testng.internal.invokers.TestMethodWorker.run(TestMethodWorker.java:134)
at java.base/java.util.ArrayList.forEach(ArrayList.java:1596)
at org.testng.TestRunner.privateRun(TestRunner.java:741)
at org.testng.TestRunner.run(TestRunner.java:616)
at org.testng.SuiteRunner.runTest(SuiteRunner.java:421)
at org.testng.SuiteRunner.runSequentially(SuiteRunner.java:413)
at org.testng.SuiteRunner.privateRun(SuiteRunner.java:373)
at org.testng.SuiteRunner.run(SuiteRunner.java:312)
at org.testng.SuiteRunnerWorker.runSuite(SuiteRunnerWorker.java:52)
at org.testng.SuiteRunnerWorker.run(SuiteRunnerWorker.java:95)
at org.testng.TestNG.runSuitesSequentially(TestNG.java:1274)
at org.testng.TestNG.runSuitesLocally(TestNG.java:1208)
at org.testng.TestNG.runSuites(TestNG.java:1112)
at org.testng.TestNG.run(TestNG.java:1079)
at org.testng.remote.AbstractRemoteTestNG.run(AbstractRemoteTestNG.java:115)
at org.testng.remote.RemoteTestNG.initAndRun(RemoteTestNG.java:293)
at org.testng.remote.RemoteTestNG.main(RemoteTestNG.java:91)
]]>
    </error>
    <system-out>
      <![CDATA[Generated Random Double: 42.36
Generated First Name: john5c8
Generated Email: tomjerry946ed@gmail.com
Purchase created successfully with ID: 69413f469023226b5ff8f845
User enter ID in Username field
User Enter Password in password field
Click on submit button in login page
S2S call successful on attempt 1
Payment Failed]]>
    </system-out>
  </testcase> <!-- purchaseApi -->
  <testcase classname="s2s.currency" name="purchaseApi" time="14.096">
    <system-out>
      <![CDATA[Generated Random Double: 37.04
Generated First Name: john179
Generated Email: tomjerry1ebfa@gmail.com
currency rejected by API: USDIND
PASS → currency rejected correctly USDIND]]>
    </system-out>
  </testcase> <!-- purchaseApi -->
  <testcase classname="s2s.currency" name="purchaseApi" time="13.111">
    <system-out>
      <![CDATA[Generated Random Double: 14.16
Generated First Name: johndcf
Generated Email: tomjerryb467f@gmail.com
currency rejected by API: ABC
PASS → currency rejected correctly ABC]]>
    </system-out>
  </testcase> <!-- purchaseApi -->
  <testcase classname="s2s.currency" name="purchaseApi" time="12.931">
    <system-out>
      <![CDATA[Generated Random Double: 36.11
Generated First Name: johnd1c
Generated Email: tomjerry466d6@gmail.com
currency rejected by API: 123
PASS → currency rejected correctly 123]]>
    </system-out>
  </testcase> <!-- purchaseApi -->
  <testcase classname="s2s.currency" name="purchaseApi" time="80.467">
    <system-out>
      <![CDATA[Generated Random Double: 40.59
Generated First Name: johne1a
Generated Email: tomjerry7663a@gmail.com
Purchase created successfully with ID: 69413f709023226b5ff8fad7
User enter ID in Username field
User Enter Password in password field
Click on submit button in login page
S2S call successful on attempt 1
Payment Success
Redirected URL: https://staging.paysecure.net/getResponse.jsp?issucces=true
Payment Successfully
 Opened staging environment in a new browser tab
User enter ID in Username field
User Enter Password in password field
Click on submit button in login page
 Entered Transaction ID: 69413f709023226b5ff8fad7
 Clicked on Search button
 Clicked on Search button
 Clicked on first Transaction ID from list
Purchase Transaction ID is not empty or not null
currency accepted by API: INR]]>
    </system-out>
  </testcase> <!-- purchaseApi -->
  <testcase classname="s2s.currency" name="purchaseApi" time="12.631">
    <system-out>
      <![CDATA[Generated Random Double: 6.54
Generated First Name: johna19
Generated Email: tomjerry51a39@gmail.com
currency rejected by API: EU@
PASS → currency rejected correctly EU@]]>
    </system-out>
  </testcase> <!-- purchaseApi -->
  <testcase classname="s2s.currency" name="purchaseApi" time="78.020">
    <system-out>
      <![CDATA[Generated Random Double: 20.46
Generated First Name: john217
Generated Email: tomjerrye597b@gmail.com
Purchase created successfully with ID: 69413fc39023226b5ff8fd89
User enter ID in Username field
User Enter Password in password field
Click on submit button in login page
S2S call successful on attempt 1
Payment Success
Redirected URL: https://staging.paysecure.net/getResponse.jsp?issucces=true
Payment Successfully
 Opened staging environment in a new browser tab
User enter ID in Username field
User Enter Password in password field
Click on submit button in login page
 Entered Transaction ID: 69413fc39023226b5ff8fd89
 Clicked on Search button
 Clicked on Search button
 Clicked on first Transaction ID from list
Purchase Transaction ID is not empty or not null
currency accepted by API: inr]]>
    </system-out>
  </testcase> <!-- purchaseApi -->
  <testcase classname="s2s.currency" name="purchaseApi" time="12.985">
    <system-out>
      <![CDATA[Generated Random Double: 10.56
Generated First Name: john87e
Generated Email: tomjerry1389e@gmail.com
currency rejected by API: 
PASS → currency rejected correctly ]]>
    </system-out>
  </testcase> <!-- purchaseApi -->
  <system-out>
    <![CDATA[Generated Random Double: 42.36
Generated First Name: john5c8
Generated Email: tomjerry946ed@gmail.com
Purchase created successfully with ID: 69413f469023226b5ff8f845
User enter ID in Username field
User Enter Password in password field
Click on submit button in login page
S2S call successful on attempt 1
Payment Failed
Generated Random Double: 40.59
Generated First Name: johne1a
Generated Email: tomjerry7663a@gmail.com
Purchase created successfully with ID: 69413f709023226b5ff8fad7
User enter ID in Username field
User Enter Password in password field
Click on submit button in login page
S2S call successful on attempt 1
Payment Success
Redirected URL: https://staging.paysecure.net/getResponse.jsp?issucces=true
Payment Successfully
 Opened staging environment in a new browser tab
User enter ID in Username field
User Enter Password in password field
Click on submit button in login page
 Entered Transaction ID: 69413f709023226b5ff8fad7
 Clicked on Search button
 Clicked on Search button
 Clicked on first Transaction ID from list
Purchase Transaction ID is not empty or not null
currency accepted by API: INR
Generated Random Double: 20.46
Generated First Name: john217
Generated Email: tomjerrye597b@gmail.com
Purchase created successfully with ID: 69413fc39023226b5ff8fd89
User enter ID in Username field
User Enter Password in password field
Click on submit button in login page
S2S call successful on attempt 1
Payment Success
Redirected URL: https://staging.paysecure.net/getResponse.jsp?issucces=true
Payment Successfully
 Opened staging environment in a new browser tab
User enter ID in Username field
User Enter Password in password field
Click on submit button in login page
 Entered Transaction ID: 69413fc39023226b5ff8fd89
 Clicked on Search button
 Clicked on Search button
 Clicked on first Transaction ID from list
Purchase Transaction ID is not empty or not null
currency accepted by API: inr
Generated Random Double: 81.87
Generated First Name: john6d9
Generated Email: tomjerry30cc3@gmail.com
currency rejected by API: JPY
PASS → currency rejected correctly JPY
Generated Random Double: 9.60
Generated First Name: john71b
Generated Email: tomjerryec8a5@gmail.com
currency rejected by API: XYZ
PASS → currency rejected correctly XYZ
Generated Random Double: 14.16
Generated First Name: johndcf
Generated Email: tomjerryb467f@gmail.com
currency rejected by API: ABC
PASS → currency rejected correctly ABC
Generated Random Double: 37.53
Generated First Name: john59b
Generated Email: tomjerry434c3@gmail.com
Purchase created successfully with ID: 694140389023226b5ff90055
User enter ID in Username field
User Enter Password in password field
Click on submit button in login page
S2S call successful on attempt 1
Payment Failed
Generated Random Double: 74.82
Generated First Name: johnb17
Generated Email: tomjerry0fa3a@gmail.com
currency rejected by API:  US D 
PASS → currency rejected correctly  US D 
Generated Random Double: 15.37
Generated First Name: johne52
Generated Email: tomjerrye2fa4@gmail.com
currency rejected by API: US1
PASS → currency rejected correctly US1
Generated Random Double: 6.54
Generated First Name: johna19
Generated Email: tomjerry51a39@gmail.com
currency rejected by API: EU@
PASS → currency rejected correctly EU@
Generated Random Double: 36.11
Generated First Name: johnd1c
Generated Email: tomjerry466d6@gmail.com
currency rejected by API: 123
PASS → currency rejected correctly 123
Generated Random Double: 19.12
Generated First Name: john325
Generated Email: tomjerryf737e@gmail.com
currency rejected by API: @#$
PASS → currency rejected correctly @#$
Generated Random Double: 10.56
Generated First Name: john87e
Generated Email: tomjerry1389e@gmail.com
currency rejected by API: 
PASS → currency rejected correctly 
Generated Random Double: 42.08
Generated First Name: johnc34
Generated Email: tomjerryb5297@gmail.com
currency rejected by API: null
PASS → currency rejected correctly null
Generated Random Double: 37.04
Generated First Name: john179
Generated Email: tomjerry1ebfa@gmail.com
currency rejected by API: USDIND
PASS → currency rejected correctly USDIND]]>
  </system-out>
</testsuite> <!-- s2s.currency -->
