<?xml version="1.0" encoding="UTF-8"?>
<!-- Generated by org.testng.reporters.JUnitReportReporter -->
<testsuite hostname="PS-L51" failures="0" tests="1" name="s2s.city" time="110.415" errors="0" timestamp="2026-02-04T11:12:25 IST" skipped="0">
  <testcase classname="s2s.city" name="purchaseApi" time="110.415">
    <system-out>
      <![CDATA[User enter ID in Username field
User Enter Password in password field
Click on submit button in login page
select merchant name :- SuhasM
select merchant name :- EUR
select merchant name :- Visa
Fetching details for Limit and Charges
Details fetched successfully
Amount Inputs → Min: 10.0, Max: 100.0, Provided: 500.0
⚠ Amount outside valid range (10.0–100.0). Provided: 500.0. Using safe fallback value.
Generated First Name: john26e
Generated Email: nairobiPalermo832e9@gmail.com
Purchase created successfully with ID: 6982dc11b0f4598c7a55bb34
Clicked on ZaakPay submit button on bank page
Redirected URL: https://staging.paysecure.net/getResponse.jsp?issucces=true
Payment succeeded as expected
 Opened staging environment in a new browser tab
User enter ID in Username field
User Enter Password in password field
Click on submit button in login page
 Entered Transaction ID: 6982dc11b0f4598c7a55bb34
 Clicked on Search button
 Clicked on Search button
 Clicked on first Transaction ID from list
Purchase Transaction ID is not empty or not null]]>
    </system-out>
  </testcase> <!-- purchaseApi -->
  <system-out>
    <![CDATA[User enter ID in Username field
User Enter Password in password field
Click on submit button in login page
select merchant name :- SuhasM
select merchant name :- EUR
select merchant name :- Visa
Fetching details for Limit and Charges
Details fetched successfully
Amount Inputs → Min: 10.0, Max: 100.0, Provided: 500.0
⚠ Amount outside valid range (10.0–100.0). Provided: 500.0. Using safe fallback value.
Generated First Name: john26e
Generated Email: nairobiPalermo832e9@gmail.com
Purchase created successfully with ID: 6982dc11b0f4598c7a55bb34
Clicked on ZaakPay submit button on bank page
Redirected URL: https://staging.paysecure.net/getResponse.jsp?issucces=true
Payment succeeded as expected
 Opened staging environment in a new browser tab
User enter ID in Username field
User Enter Password in password field
Click on submit button in login page
 Entered Transaction ID: 6982dc11b0f4598c7a55bb34
 Clicked on Search button
 Clicked on Search button
 Clicked on first Transaction ID from list
Purchase Transaction ID is not empty or not null]]>
  </system-out>
</testsuite> <!-- s2s.city -->
