<?xml version="1.0" encoding="UTF-8"?>
<!-- Generated by org.testng.reporters.JUnitReportReporter -->
<testsuite hostname="PS-L6" failures="0" tests="1" name="testcases.payuEndToEndFlow" time="62.515" errors="1" timestamp="2025-12-22T11:38:24 IST" skipped="0">
  <testcase classname="testcases.payuEndToEndFlow" name="purchase" time="62.515">
    <error message="Expected condition failed: waiting for at least one condition to be valid: url to contain &quot;Cyber3DS&quot;. Current url: &quot;https://staging.paysecure.net/payments/85dd89ea10c2e7b98650f9f15bfaff85/&quot; || url to contain &quot;issucces=true&quot;. Current url: &quot;https://staging.paysecure.net/payments/85dd89ea10c2e7b98650f9f15bfaff85/&quot; || url to contain &quot;issucces=false&quot;. Current url: &quot;https://staging.paysecure.net/payments/85dd89ea10c2e7b98650f9f15bfaff85/&quot; (tried for 30 second(s) with 500 milliseconds interval)
Build info: version: &#039;4.38.0&#039;, revision: &#039;6b412e825c*&#039;
System info: os.name: &#039;Windows 11&#039;, os.arch: &#039;amd64&#039;, os.version: &#039;10.0&#039;, java.version: &#039;21.0.7&#039;
Driver info: org.openqa.selenium.chrome.ChromeDriver
Capabilities {acceptInsecureCerts: false, browserName: chrome, browserVersion: 143.0.7499.169, chrome: {chromedriverVersion: 143.0.7499.169 (164b20aab62..., userDataDir: C:\Users\LENOVO\AppData\Loc...}, fedcm:accounts: true, goog:chromeOptions: {debuggerAddress: localhost:63083}, goog:processID: 7416, networkConnectionEnabled: false, pageLoadStrategy: normal, platformName: windows, proxy: Proxy(), se:cdp: ws://localhost:63083/devtoo..., se:cdpVersion: 143.0.7499.169, setWindowRect: true, strictFileInteractability: false, timeouts: {implicit: 0, pageLoad: 300000, script: 30000}, unhandledPromptBehavior: dismiss and notify, webauthn:extension:credBlob: true, webauthn:extension:largeBlob: true, webauthn:extension:minPinLength: true, webauthn:extension:prf: true, webauthn:virtualAuthenticators: true}
Session ID: af11dfc03c98a0e4032630651c7fd363" type="org.openqa.selenium.TimeoutException">
      <![CDATA[org.openqa.selenium.TimeoutException: Expected condition failed: waiting for at least one condition to be valid: url to contain "Cyber3DS". Current url: "https://staging.paysecure.net/payments/85dd89ea10c2e7b98650f9f15bfaff85/" || url to contain "issucces=true". Current url: "https://staging.paysecure.net/payments/85dd89ea10c2e7b98650f9f15bfaff85/" || url to contain "issucces=false". Current url: "https://staging.paysecure.net/payments/85dd89ea10c2e7b98650f9f15bfaff85/" (tried for 30 second(s) with 500 milliseconds interval)
Build info: version: '4.38.0', revision: '6b412e825c*'
System info: os.name: 'Windows 11', os.arch: 'amd64', os.version: '10.0', java.version: '21.0.7'
Driver info: org.openqa.selenium.chrome.ChromeDriver
Capabilities {acceptInsecureCerts: false, browserName: chrome, browserVersion: 143.0.7499.169, chrome: {chromedriverVersion: 143.0.7499.169 (164b20aab62..., userDataDir: C:\Users\LENOVO\AppData\Loc...}, fedcm:accounts: true, goog:chromeOptions: {debuggerAddress: localhost:63083}, goog:processID: 7416, networkConnectionEnabled: false, pageLoadStrategy: normal, platformName: windows, proxy: Proxy(), se:cdp: ws://localhost:63083/devtoo..., se:cdpVersion: 143.0.7499.169, setWindowRect: true, strictFileInteractability: false, timeouts: {implicit: 0, pageLoad: 300000, script: 30000}, unhandledPromptBehavior: dismiss and notify, webauthn:extension:credBlob: true, webauthn:extension:largeBlob: true, webauthn:extension:minPinLength: true, webauthn:extension:prf: true, webauthn:virtualAuthenticators: true}
Session ID: af11dfc03c98a0e4032630651c7fd363
at org.openqa.selenium.support.ui.WebDriverWait.timeoutException(WebDriverWait.java:84)
at org.openqa.selenium.support.ui.FluentWait.until(FluentWait.java:228)
at com.paysecure.Page.payu3dPage.payForPayu(payu3dPage.java:38)
at testcases.payuEndToEndFlow.purchase(payuEndToEndFlow.java:130)
at java.base/jdk.internal.reflect.DirectMethodHandleAccessor.invoke(DirectMethodHandleAccessor.java:103)
at java.base/java.lang.reflect.Method.invoke(Method.java:580)
at org.testng.internal.invokers.MethodInvocationHelper.invokeMethod(MethodInvocationHelper.java:141)
at org.testng.internal.invokers.TestInvoker.invokeMethod(TestInvoker.java:687)
at org.testng.internal.invokers.TestInvoker.invokeTestMethod(TestInvoker.java:230)
at org.testng.internal.invokers.MethodRunner.runInSequence(MethodRunner.java:63)
at org.testng.internal.invokers.TestInvoker$MethodInvocationAgent.invoke(TestInvoker.java:995)
at org.testng.internal.invokers.TestInvoker.invokeTestMethods(TestInvoker.java:203)
at org.testng.internal.invokers.TestMethodWorker.invokeTestMethods(TestMethodWorker.java:154)
at org.testng.internal.invokers.TestMethodWorker.run(TestMethodWorker.java:134)
at java.base/java.util.ArrayList.forEach(ArrayList.java:1596)
at org.testng.TestRunner.privateRun(TestRunner.java:741)
at org.testng.TestRunner.run(TestRunner.java:616)
at org.testng.SuiteRunner.runTest(SuiteRunner.java:421)
at org.testng.SuiteRunner.runSequentially(SuiteRunner.java:413)
at org.testng.SuiteRunner.privateRun(SuiteRunner.java:373)
at org.testng.SuiteRunner.run(SuiteRunner.java:312)
at org.testng.SuiteRunnerWorker.runSuite(SuiteRunnerWorker.java:52)
at org.testng.SuiteRunnerWorker.run(SuiteRunnerWorker.java:95)
at org.testng.TestNG.runSuitesSequentially(TestNG.java:1274)
at org.testng.TestNG.runSuitesLocally(TestNG.java:1208)
at org.testng.TestNG.runSuites(TestNG.java:1112)
at org.testng.TestNG.run(TestNG.java:1079)
at org.testng.remote.AbstractRemoteTestNG.run(AbstractRemoteTestNG.java:115)
at org.testng.remote.RemoteTestNG.initAndRun(RemoteTestNG.java:293)
at org.testng.remote.RemoteTestNG.main(RemoteTestNG.java:91)
]]>
    </error>
    <system-out>
      <![CDATA[Generated Random Double: 21.39
Generated First Name: john668
Generated Email: nairobiPalermocd7af@gmail.com
purchaseId is not null
purchaseId is not empty
purchaseId format is valid: 6948e02b311f13a333ea5738
purchaseId length is 24
purchaseId validated successfully: 6948e02b311f13a333ea5738
Entered Card Holder Name: Virat Kohli
Entered Card Number: 4051885600446623
Entered Card Expiry Date: 05/30
Entered Card CVC: 123
Moved to the Pay button
Clicked on the Pay button to proceed with payment]]>
    </system-out>
  </testcase> <!-- purchase -->
  <system-out>
    <![CDATA[User enter ID in Username field
User Enter Password in password field
Click on submit button in login page
Generated Random Double: 21.39
Generated First Name: john668
Generated Email: nairobiPalermocd7af@gmail.com
purchaseId is not null
purchaseId is not empty
purchaseId format is valid: 6948e02b311f13a333ea5738
purchaseId length is 24
purchaseId validated successfully: 6948e02b311f13a333ea5738
Entered Card Holder Name: Virat Kohli
Entered Card Number: 4051885600446623
Entered Card Expiry Date: 05/30
Entered Card CVC: 123
Moved to the Pay button
Clicked on the Pay button to proceed with payment]]>
  </system-out>
</testsuite> <!-- testcases.payuEndToEndFlow -->
