<?xml version="1.0" encoding="UTF-8"?>
<!-- Generated by org.testng.reporters.JUnitReportReporter -->
<testsuite hostname="PS-L6" failures="0" tests="6" name="s2s.stateCode" time="205.054" errors="0" timestamp="2026-01-19T12:24:25 IST" skipped="2">
  <testcase classname="s2s.stateCode" name="purchaseApi" time="40.656">
    <system-out>
      <![CDATA[Generated Amount: 3054.92 (Range: 900.0 - 10000.0)
Generated First Name: johnc9f
Generated Email: nairobiPalermo88811@gmail.com
Purchase created successfully with ID: 696dd4bc96cd340a45ca665c
User enter ID in Username field
User Enter Password in password field
Click on submit button in login page
S2S call successful on attempt 1
Redirected URL: https://staging.paysecure.net/getResponse.jsp?issucces=true
FAIL → Payment succeeded but expected to fail
 Opened staging environment in a new browser tab
User enter ID in Username field
User Enter Password in password field
Click on submit button in login page
 Entered Transaction ID: 696dd4bc96cd340a45ca665c
 Clicked on Search button
 Clicked on Search button
 Clicked on first Transaction ID from list
Purchase Transaction ID is not empty or not null
stateCode accepted by API: (blank)]]>
    </system-out>
  </testcase> <!-- purchaseApi -->
  <testcase classname="s2s.stateCode" name="purchaseApi" time="49.178">
    <system-out>
      <![CDATA[Generated Amount: 1913.06 (Range: 900.0 - 10000.0)
Generated First Name: john7f8
Generated Email: nairobiPalermo33589@gmail.com
Purchase created successfully with ID: 696dd48a96cd340a45ca639d
User enter ID in Username field
User Enter Password in password field
Click on submit button in login page
S2S call successful on attempt 1
Redirected URL: https://staging.paysecure.net/getResponse.jsp?issucces=true
PASS → Payment succeeded as expected
 Opened staging environment in a new browser tab
User enter ID in Username field
User Enter Password in password field
Click on submit button in login page
 Entered Transaction ID: 696dd48a96cd340a45ca639d
 Clicked on Search button
 Clicked on Search button
 Clicked on first Transaction ID from list
Purchase Transaction ID is not empty or not null
stateCode accepted by API: QLD]]>
    </system-out>
  </testcase> <!-- purchaseApi -->
  <testcase classname="s2s.stateCode" name="purchaseApi" time="8.303">
    <skipped/>
    <system-out>
      <![CDATA[Skipping test - Empty city or card number]]>
    </system-out>
  </testcase> <!-- purchaseApi -->
  <testcase classname="s2s.stateCode" name="purchaseApi" time="48.213">
    <system-out>
      <![CDATA[Generated Amount: 9014.42 (Range: 900.0 - 10000.0)
Generated First Name: john019
Generated Email: nairobiPalermoedea6@gmail.com
Purchase created successfully with ID: 696dd4e496cd340a45ca6c8c
User enter ID in Username field
User Enter Password in password field
Click on submit button in login page
S2S call successful on attempt 1
Redirected URL: https://staging.paysecure.net/getResponse.jsp?issucces=true
FAIL → Payment succeeded but expected to fail
 Opened staging environment in a new browser tab
User enter ID in Username field
User Enter Password in password field
Click on submit button in login page
 Entered Transaction ID: 696dd4e496cd340a45ca6c8c
 Clicked on Search button
 Clicked on Search button
 Clicked on first Transaction ID from list
Purchase Transaction ID is not empty or not null
stateCode accepted by API: (blank)]]>
    </system-out>
  </testcase> <!-- purchaseApi -->
  <testcase classname="s2s.stateCode" name="purchaseApi" time="48.100">
    <system-out>
      <![CDATA[Generated Amount: 8551.14 (Range: 900.0 - 10000.0)
Generated First Name: johncce
Generated Email: nairobiPalermob096b@gmail.com
Purchase created successfully with ID: 696dd45d96cd340a45ca5d72
User enter ID in Username field
User Enter Password in password field
Click on submit button in login page
S2S call successful on attempt 1
Redirected URL: https://staging.paysecure.net/getResponse.jsp?issucces=true
PASS → Payment succeeded as expected
 Opened staging environment in a new browser tab
User enter ID in Username field
User Enter Password in password field
Click on submit button in login page
 Entered Transaction ID: 696dd45d96cd340a45ca5d72
 Clicked on Search button
 Clicked on Search button
 Clicked on first Transaction ID from list
Purchase Transaction ID is not empty or not null
stateCode accepted by API: QLD]]>
    </system-out>
  </testcase> <!-- purchaseApi -->
  <testcase classname="s2s.stateCode" name="purchaseApi" time="10.604">
    <skipped/>
    <system-out>
      <![CDATA[Skipping test - Empty city or card number]]>
    </system-out>
  </testcase> <!-- purchaseApi -->
  <system-out>
    <![CDATA[Generated Amount: 8551.14 (Range: 900.0 - 10000.0)
Generated First Name: johncce
Generated Email: nairobiPalermob096b@gmail.com
Purchase created successfully with ID: 696dd45d96cd340a45ca5d72
User enter ID in Username field
User Enter Password in password field
Click on submit button in login page
S2S call successful on attempt 1
Redirected URL: https://staging.paysecure.net/getResponse.jsp?issucces=true
PASS → Payment succeeded as expected
 Opened staging environment in a new browser tab
User enter ID in Username field
User Enter Password in password field
Click on submit button in login page
 Entered Transaction ID: 696dd45d96cd340a45ca5d72
 Clicked on Search button
 Clicked on Search button
 Clicked on first Transaction ID from list
Purchase Transaction ID is not empty or not null
stateCode accepted by API: QLD
Generated Amount: 1913.06 (Range: 900.0 - 10000.0)
Generated First Name: john7f8
Generated Email: nairobiPalermo33589@gmail.com
Purchase created successfully with ID: 696dd48a96cd340a45ca639d
User enter ID in Username field
User Enter Password in password field
Click on submit button in login page
S2S call successful on attempt 1
Redirected URL: https://staging.paysecure.net/getResponse.jsp?issucces=true
PASS → Payment succeeded as expected
 Opened staging environment in a new browser tab
User enter ID in Username field
User Enter Password in password field
Click on submit button in login page
 Entered Transaction ID: 696dd48a96cd340a45ca639d
 Clicked on Search button
 Clicked on Search button
 Clicked on first Transaction ID from list
Purchase Transaction ID is not empty or not null
stateCode accepted by API: QLD
Generated Amount: 3054.92 (Range: 900.0 - 10000.0)
Generated First Name: johnc9f
Generated Email: nairobiPalermo88811@gmail.com
Purchase created successfully with ID: 696dd4bc96cd340a45ca665c
User enter ID in Username field
User Enter Password in password field
Click on submit button in login page
S2S call successful on attempt 1
Redirected URL: https://staging.paysecure.net/getResponse.jsp?issucces=true
FAIL → Payment succeeded but expected to fail
 Opened staging environment in a new browser tab
User enter ID in Username field
User Enter Password in password field
Click on submit button in login page
 Entered Transaction ID: 696dd4bc96cd340a45ca665c
 Clicked on Search button
 Clicked on Search button
 Clicked on first Transaction ID from list
Purchase Transaction ID is not empty or not null
stateCode accepted by API: (blank)
Generated Amount: 9014.42 (Range: 900.0 - 10000.0)
Generated First Name: john019
Generated Email: nairobiPalermoedea6@gmail.com
Purchase created successfully with ID: 696dd4e496cd340a45ca6c8c
User enter ID in Username field
User Enter Password in password field
Click on submit button in login page
S2S call successful on attempt 1
Redirected URL: https://staging.paysecure.net/getResponse.jsp?issucces=true
FAIL → Payment succeeded but expected to fail
 Opened staging environment in a new browser tab
User enter ID in Username field
User Enter Password in password field
Click on submit button in login page
 Entered Transaction ID: 696dd4e496cd340a45ca6c8c
 Clicked on Search button
 Clicked on Search button
 Clicked on first Transaction ID from list
Purchase Transaction ID is not empty or not null
stateCode accepted by API: (blank)
Skipping test - Empty city or card number
Skipping test - Empty city or card number]]>
  </system-out>
</testsuite> <!-- s2s.stateCode -->
