<?xml version="1.0" encoding="UTF-8"?>
<!-- Generated by org.testng.reporters.JUnitReportReporter -->
<testsuite hostname="PS-L6" failures="0" tests="6" name="s2s.city" time="363.168" errors="0" timestamp="2026-01-19T12:04:10 IST" skipped="0">
  <testcase classname="s2s.city" name="purchaseApi" time="55.897">
    <system-out>
      <![CDATA[Generated Amount: 5815.57 (Range: 900.0 - 10000.0)
Generated First Name: john75d
Generated Email: nairobiPalermo4eeee@gmail.com
Purchase created successfully with ID: 696dcf3996cd340a45ca205b
User enter ID in Username field
User Enter Password in password field
Click on submit button in login page
S2S call successful on attempt 1
Redirected URL: https://staging.paysecure.net/getResponse.jsp?issucces=true
Payment succeeded as expected
 Opened staging environment in a new browser tab
User enter ID in Username field
User Enter Password in password field
Click on submit button in login page
 Entered Transaction ID: 696dcf3996cd340a45ca205b
 Clicked on Search button
 Clicked on Search button
 Clicked on first Transaction ID from list
Purchase Transaction ID is not empty or not null]]>
    </system-out>
  </testcase> <!-- purchaseApi -->
  <testcase classname="s2s.city" name="purchaseApi" time="58.965">
    <system-out>
      <![CDATA[Generated Amount: 9472.93 (Range: 900.0 - 10000.0)
Generated First Name: john13f
Generated Email: nairobiPalermo1dd61@gmail.com
Purchase created successfully with ID: 696dcf0296cd340a45ca1d22
User enter ID in Username field
User Enter Password in password field
Click on submit button in login page
S2S call successful on attempt 1
Redirected URL: https://staging.paysecure.net/getResponse.jsp?issucces=true
Payment succeeded as expected
 Opened staging environment in a new browser tab
User enter ID in Username field
User Enter Password in password field
Click on submit button in login page
 Entered Transaction ID: 696dcf0296cd340a45ca1d22
 Clicked on Search button
 Clicked on Search button
 Clicked on first Transaction ID from list
Purchase Transaction ID is not empty or not null]]>
    </system-out>
  </testcase> <!-- purchaseApi -->
  <testcase classname="s2s.city" name="purchaseApi" time="58.499">
    <system-out>
      <![CDATA[Generated Amount: 9575.54 (Range: 900.0 - 10000.0)
Generated First Name: john198
Generated Email: nairobiPalermoc7751@gmail.com
Purchase created successfully with ID: 696dcfaa96cd340a45ca2946
User enter ID in Username field
User Enter Password in password field
Click on submit button in login page
S2S call successful on attempt 1
Redirected URL: https://staging.paysecure.net/getResponse.jsp?issucces=true
Payment succeeded as expected
 Opened staging environment in a new browser tab
User enter ID in Username field
User Enter Password in password field
Click on submit button in login page
 Entered Transaction ID: 696dcfaa96cd340a45ca2946
 Clicked on Search button
 Clicked on Search button
 Clicked on first Transaction ID from list
Purchase Transaction ID is not empty or not null]]>
    </system-out>
  </testcase> <!-- purchaseApi -->
  <testcase classname="s2s.city" name="purchaseApi" time="57.547">
    <system-out>
      <![CDATA[Generated Amount: 4334.69 (Range: 900.0 - 10000.0)
Generated First Name: johna4f
Generated Email: nairobiPalermob09d9@gmail.com
Purchase created successfully with ID: 696dcf7296cd340a45ca2611
User enter ID in Username field
User Enter Password in password field
Click on submit button in login page
S2S call successful on attempt 1
Redirected URL: https://staging.paysecure.net/getResponse.jsp?issucces=true
Payment succeeded as expected
 Opened staging environment in a new browser tab
User enter ID in Username field
User Enter Password in password field
Click on submit button in login page
 Entered Transaction ID: 696dcf7296cd340a45ca2611
 Clicked on Search button
 Clicked on Search button
 Clicked on first Transaction ID from list
Purchase Transaction ID is not empty or not null]]>
    </system-out>
  </testcase> <!-- purchaseApi -->
  <testcase classname="s2s.city" name="purchaseApi" time="79.158">
    <system-out>
      <![CDATA[Generated Amount: 8186.35 (Range: 900.0 - 10000.0)
Generated First Name: johnc6a
Generated Email: nairobiPalermo1d6c2@gmail.com
Purchase created successfully with ID: 696dd01b96cd340a45ca354c
User enter ID in Username field
User Enter Password in password field
Click on submit button in login page
S2S call successful on attempt 1
Redirected URL: https://staging.paysecure.net/getResponse.jsp?issucces=true
Payment succeeded but expected to fail
 Opened staging environment in a new browser tab
User enter ID in Username field
User Enter Password in password field
Click on submit button in login page
 Entered Transaction ID: 696dd01b96cd340a45ca354c
 Clicked on Search button
 Clicked on Search button
 Clicked on first Transaction ID from list
Purchase Transaction ID is not empty or not null]]>
    </system-out>
  </testcase> <!-- purchaseApi -->
  <testcase classname="s2s.city" name="purchaseApi" time="53.102">
    <system-out>
      <![CDATA[Generated Amount: 4720.47 (Range: 900.0 - 10000.0)
Generated First Name: johnb52
Generated Email: nairobiPalermo760b2@gmail.com
Purchase created successfully with ID: 696dcfe596cd340a45ca2f17
User enter ID in Username field
User Enter Password in password field
Click on submit button in login page
S2S call successful on attempt 1
Redirected URL: https://staging.paysecure.net/getResponse.jsp?issucces=true
Payment succeeded but expected to fail
 Opened staging environment in a new browser tab
User enter ID in Username field
User Enter Password in password field
Click on submit button in login page
 Entered Transaction ID: 696dcfe596cd340a45ca2f17
 Clicked on Search button
 Clicked on Search button
 Clicked on first Transaction ID from list
Purchase Transaction ID is not empty or not null]]>
    </system-out>
  </testcase> <!-- purchaseApi -->
  <system-out>
    <![CDATA[Generated Amount: 9472.93 (Range: 900.0 - 10000.0)
Generated First Name: john13f
Generated Email: nairobiPalermo1dd61@gmail.com
Purchase created successfully with ID: 696dcf0296cd340a45ca1d22
User enter ID in Username field
User Enter Password in password field
Click on submit button in login page
S2S call successful on attempt 1
Redirected URL: https://staging.paysecure.net/getResponse.jsp?issucces=true
Payment succeeded as expected
 Opened staging environment in a new browser tab
User enter ID in Username field
User Enter Password in password field
Click on submit button in login page
 Entered Transaction ID: 696dcf0296cd340a45ca1d22
 Clicked on Search button
 Clicked on Search button
 Clicked on first Transaction ID from list
Purchase Transaction ID is not empty or not null
Generated Amount: 5815.57 (Range: 900.0 - 10000.0)
Generated First Name: john75d
Generated Email: nairobiPalermo4eeee@gmail.com
Purchase created successfully with ID: 696dcf3996cd340a45ca205b
User enter ID in Username field
User Enter Password in password field
Click on submit button in login page
S2S call successful on attempt 1
Redirected URL: https://staging.paysecure.net/getResponse.jsp?issucces=true
Payment succeeded as expected
 Opened staging environment in a new browser tab
User enter ID in Username field
User Enter Password in password field
Click on submit button in login page
 Entered Transaction ID: 696dcf3996cd340a45ca205b
 Clicked on Search button
 Clicked on Search button
 Clicked on first Transaction ID from list
Purchase Transaction ID is not empty or not null
Generated Amount: 4334.69 (Range: 900.0 - 10000.0)
Generated First Name: johna4f
Generated Email: nairobiPalermob09d9@gmail.com
Purchase created successfully with ID: 696dcf7296cd340a45ca2611
User enter ID in Username field
User Enter Password in password field
Click on submit button in login page
S2S call successful on attempt 1
Redirected URL: https://staging.paysecure.net/getResponse.jsp?issucces=true
Payment succeeded as expected
 Opened staging environment in a new browser tab
User enter ID in Username field
User Enter Password in password field
Click on submit button in login page
 Entered Transaction ID: 696dcf7296cd340a45ca2611
 Clicked on Search button
 Clicked on Search button
 Clicked on first Transaction ID from list
Purchase Transaction ID is not empty or not null
Generated Amount: 9575.54 (Range: 900.0 - 10000.0)
Generated First Name: john198
Generated Email: nairobiPalermoc7751@gmail.com
Purchase created successfully with ID: 696dcfaa96cd340a45ca2946
User enter ID in Username field
User Enter Password in password field
Click on submit button in login page
S2S call successful on attempt 1
Redirected URL: https://staging.paysecure.net/getResponse.jsp?issucces=true
Payment succeeded as expected
 Opened staging environment in a new browser tab
User enter ID in Username field
User Enter Password in password field
Click on submit button in login page
 Entered Transaction ID: 696dcfaa96cd340a45ca2946
 Clicked on Search button
 Clicked on Search button
 Clicked on first Transaction ID from list
Purchase Transaction ID is not empty or not null
Generated Amount: 4720.47 (Range: 900.0 - 10000.0)
Generated First Name: johnb52
Generated Email: nairobiPalermo760b2@gmail.com
Purchase created successfully with ID: 696dcfe596cd340a45ca2f17
User enter ID in Username field
User Enter Password in password field
Click on submit button in login page
S2S call successful on attempt 1
Redirected URL: https://staging.paysecure.net/getResponse.jsp?issucces=true
Payment succeeded but expected to fail
 Opened staging environment in a new browser tab
User enter ID in Username field
User Enter Password in password field
Click on submit button in login page
 Entered Transaction ID: 696dcfe596cd340a45ca2f17
 Clicked on Search button
 Clicked on Search button
 Clicked on first Transaction ID from list
Purchase Transaction ID is not empty or not null
Generated Amount: 8186.35 (Range: 900.0 - 10000.0)
Generated First Name: johnc6a
Generated Email: nairobiPalermo1d6c2@gmail.com
Purchase created successfully with ID: 696dd01b96cd340a45ca354c
User enter ID in Username field
User Enter Password in password field
Click on submit button in login page
S2S call successful on attempt 1
Redirected URL: https://staging.paysecure.net/getResponse.jsp?issucces=true
Payment succeeded but expected to fail
 Opened staging environment in a new browser tab
User enter ID in Username field
User Enter Password in password field
Click on submit button in login page
 Entered Transaction ID: 696dd01b96cd340a45ca354c
 Clicked on Search button
 Clicked on Search button
 Clicked on first Transaction ID from list
Purchase Transaction ID is not empty or not null]]>
  </system-out>
</testsuite> <!-- s2s.city -->
