<?xml version="1.0" encoding="UTF-8"?>
<!-- Generated by org.testng.reporters.JUnitReportReporter -->
<testsuite hostname="PS-L6" failures="0" tests="4" name="s2s.currency" time="117.517" errors="0" timestamp="2026-01-13T12:27:55 IST" skipped="0">
  <testcase classname="s2s.currency" name="purchaseApi" time="71.953">
    <system-out>
      <![CDATA[Generated Random Double: 52.74
Generated First Name: johnfbf
Generated Email: nairobiPalermo775ae@gmail.com
Purchase created successfully with ID: 6965ec8ddaf29e91e6920434
User enter ID in Username field
User Enter Password in password field
Click on submit button in login page
S2S call successful on attempt 1
Redirected URL: https://staging.paysecure.net/getResponse.jsp?issucces=true
PASS → Payment succeeded as expected
 Opened staging environment in a new browser tab
User enter ID in Username field
User Enter Password in password field
Click on submit button in login page
 Entered Transaction ID: 6965ec8ddaf29e91e6920434
 Clicked on Search button
 Clicked on Search button
 Clicked on first Transaction ID from list
Purchase Transaction ID is not empty or not null
currency accepted by API: INR]]>
    </system-out>
  </testcase> <!-- purchaseApi -->
  <testcase classname="s2s.currency" name="purchaseApi" time="14.717">
    <system-out>
      <![CDATA[Generated Random Double: 93.98
Generated First Name: john21d
Generated Email: nairobiPalermo33996@gmail.com
currency rejected by API: IIIINNNRRR
PASS → currency rejected correctly IIIINNNRRR]]>
    </system-out>
  </testcase> <!-- purchaseApi -->
  <testcase classname="s2s.currency" name="purchaseApi" time="16.406">
    <system-out>
      <![CDATA[Generated Random Double: 20.37
Generated First Name: johnd83
Generated Email: nairobiPalermo83644@gmail.com
currency rejected by API: I   N    R
PASS → currency rejected correctly I   N    R]]>
    </system-out>
  </testcase> <!-- purchaseApi -->
  <testcase classname="s2s.currency" name="purchaseApi" time="14.441">
    <system-out>
      <![CDATA[Generated Random Double: 91.83
Generated First Name: john9b9
Generated Email: nairobiPalermo874d6@gmail.com
currency rejected by API: XZU
PASS → currency rejected correctly XZU]]>
    </system-out>
  </testcase> <!-- purchaseApi -->
  <system-out>
    <![CDATA[Generated Random Double: 52.74
Generated First Name: johnfbf
Generated Email: nairobiPalermo775ae@gmail.com
Purchase created successfully with ID: 6965ec8ddaf29e91e6920434
User enter ID in Username field
User Enter Password in password field
Click on submit button in login page
S2S call successful on attempt 1
Redirected URL: https://staging.paysecure.net/getResponse.jsp?issucces=true
PASS → Payment succeeded as expected
 Opened staging environment in a new browser tab
User enter ID in Username field
User Enter Password in password field
Click on submit button in login page
 Entered Transaction ID: 6965ec8ddaf29e91e6920434
 Clicked on Search button
 Clicked on Search button
 Clicked on first Transaction ID from list
Purchase Transaction ID is not empty or not null
currency accepted by API: INR
Generated Random Double: 91.83
Generated First Name: john9b9
Generated Email: nairobiPalermo874d6@gmail.com
currency rejected by API: XZU
PASS → currency rejected correctly XZU
Generated Random Double: 20.37
Generated First Name: johnd83
Generated Email: nairobiPalermo83644@gmail.com
currency rejected by API: I   N    R
PASS → currency rejected correctly I   N    R
Generated Random Double: 93.98
Generated First Name: john21d
Generated Email: nairobiPalermo33996@gmail.com
currency rejected by API: IIIINNNRRR
PASS → currency rejected correctly IIIINNNRRR]]>
  </system-out>
</testsuite> <!-- s2s.currency -->
