<?xml version="1.0" encoding="UTF-8"?>
<!-- Generated by org.testng.reporters.JUnitReportReporter -->
<testsuite hostname="PS-L6" failures="0" tests="1" name="PspWithoutCards.zaakpayNetBanking" time="52.569" errors="0" timestamp="2026-01-07T16:03:17 IST" skipped="0">
  <testcase classname="PspWithoutCards.zaakpayNetBanking" name="purchase" time="52.569">
    <system-out>
      <![CDATA[Generated Random Double: 78.10
Generated First Name: john939
Generated Email: nairobiPalermo6d20f@gmail.com
purchaseId is not null
purchaseId is not empty
purchaseId format is valid: 695e3643bf459d557ecbf4db
purchaseId length is 24
purchaseId validated successfully: 695e3643bf459d557ecbf4db
Clicked on ZaakPay bank select dropdown
Entered partial bank name: HD
ZaakPay bank suggestions loaded. Count: 1
Selected ZaakPay bank name: HDFC Bank
Clicked on ZaakPay submit button on bank page
Redirected URL: https://staging.paysecure.net/getResponse.jsp?issucces=true
Payment Successfully
 Opened staging environment in a new browser tab
User enter ID in Username field
User Enter Password in password field
Click on submit button in login page
 Entered Transaction ID: 695e3643bf459d557ecbf4db
 Clicked on Search button
UI transaction ID: 695e3643bf459d557ecbf4db
API transaction ID: 695e3643bf459d557ecbf4db
Transaction ID verified successfully
UI Amount: 78.1
API Amount: 78.1
currency conversion not applied
Amount verified successfully
UI Currency: INR
API Currency: INR
Currency matched correctly
Currency verified successfully
 Clicked on first Transaction ID from list
Purchase Transaction ID is not empty or not null
UI Currency: INR
Payment Info Currency: INR
Currency on Payment Info verified successfully
UI Amount: 78.1
Payment Info Amount: 78.1
Amount on Payment Info verified successfully]]>
    </system-out>
  </testcase> <!-- purchase -->
  <system-out>
    <![CDATA[User enter ID in Username field
User Enter Password in password field
Click on submit button in login page
Generated Random Double: 78.10
Generated First Name: john939
Generated Email: nairobiPalermo6d20f@gmail.com
purchaseId is not null
purchaseId is not empty
purchaseId format is valid: 695e3643bf459d557ecbf4db
purchaseId length is 24
purchaseId validated successfully: 695e3643bf459d557ecbf4db
Clicked on ZaakPay bank select dropdown
Entered partial bank name: HD
ZaakPay bank suggestions loaded. Count: 1
Selected ZaakPay bank name: HDFC Bank
Clicked on ZaakPay submit button on bank page
Redirected URL: https://staging.paysecure.net/getResponse.jsp?issucces=true
Payment Successfully
 Opened staging environment in a new browser tab
User enter ID in Username field
User Enter Password in password field
Click on submit button in login page
 Entered Transaction ID: 695e3643bf459d557ecbf4db
 Clicked on Search button
UI transaction ID: 695e3643bf459d557ecbf4db
API transaction ID: 695e3643bf459d557ecbf4db
Transaction ID verified successfully
UI Amount: 78.1
API Amount: 78.1
currency conversion not applied
Amount verified successfully
UI Currency: INR
API Currency: INR
Currency matched correctly
Currency verified successfully
 Clicked on first Transaction ID from list
Purchase Transaction ID is not empty or not null
UI Currency: INR
Payment Info Currency: INR
Currency on Payment Info verified successfully
UI Amount: 78.1
Payment Info Amount: 78.1
Amount on Payment Info verified successfully]]>
  </system-out>
</testsuite> <!-- PspWithoutCards.zaakpayNetBanking -->
