<?xml version="1.0" encoding="UTF-8"?>
<!-- Generated by org.testng.reporters.JUnitReportReporter -->
<testsuite hostname="PS-L6" failures="0" tests="1" name="testcases.matrixEndToEndFlow" time="140.256" errors="0" timestamp="2025-12-18T15:22:35 IST" skipped="0">
  <testcase classname="testcases.matrixEndToEndFlow" name="purchase" time="140.256">
    <system-out>
      <![CDATA[Generated Random Double: 50.29
Generated First Name: john263
Generated Email: tomjerry0b1e1@gmail.com
purchaseId is not null
purchaseId is not empty
purchaseId format is valid: 6943ce709229cd96d4f080db
purchaseId length is 24
purchaseId validated successfully: 6943ce709229cd96d4f080db
Entered Card Holder Name: Abraham Benjamin de Villiers
Entered Card Number: 5555555555554444
Entered Card Expiry Date: 12/27
Entered Card CVC: 111
Moved to the Pay button
Clicked on the Pay button to proceed with payment
Redirected URL: https://staging.paysecure.net/getResponse.jsp?issucces=false
Payment Failed]]>
    </system-out>
  </testcase> <!-- purchase -->
  <system-out>
    <![CDATA[User enter ID in Username field
User Enter Password in password field
Click on submit button in login page
Generated Random Double: 50.29
Generated First Name: john263
Generated Email: tomjerry0b1e1@gmail.com
purchaseId is not null
purchaseId is not empty
purchaseId format is valid: 6943ce709229cd96d4f080db
purchaseId length is 24
purchaseId validated successfully: 6943ce709229cd96d4f080db
Entered Card Holder Name: Abraham Benjamin de Villiers
Entered Card Number: 5555555555554444
Entered Card Expiry Date: 12/27
Entered Card CVC: 111
Moved to the Pay button
Clicked on the Pay button to proceed with payment
Redirected URL: https://staging.paysecure.net/getResponse.jsp?issucces=false
Payment Failed]]>
  </system-out>
</testsuite> <!-- testcases.matrixEndToEndFlow -->
