<?xml version="1.0" encoding="UTF-8"?>
<!-- Generated by org.testng.reporters.JUnitReportReporter -->
<testsuite hostname="PS-L6" failures="0" tests="1" name="s2s.emails2s" time="67.906" errors="0" timestamp="2025-12-03T14:11:15 IST" skipped="0">
  <testcase classname="s2s.emails2s" name="purchaseApi" time="67.906">
    <system-out>
      <![CDATA[Generated Random Double: 58.74
Generated First Name: john069
User enter ID in Username field
User Enter Password in password field
Click on submit button in login page
Payment Successful → URL shows issucces=true
Proceeding with transaction verification flow.
 Opened staging environment in a new browser tab
User enter ID in Username field
User Enter Password in password field
Click on submit button in login page
 Entered Transaction ID: 692ff77ab91d2ef5cdfb81d9
 Clicked on Search button
 Clicked on Search button
 Clicked on first Transaction ID from list
Purchase Transaction ID is not empty or not null
emailId accepted by API: suhasksdknjk@gmail.com]]>
    </system-out>
  </testcase> <!-- purchaseApi -->
  <system-out>
    <![CDATA[Generated Random Double: 58.74
Generated First Name: john069
User enter ID in Username field
User Enter Password in password field
Click on submit button in login page
Payment Successful → URL shows issucces=true
Proceeding with transaction verification flow.
 Opened staging environment in a new browser tab
User enter ID in Username field
User Enter Password in password field
Click on submit button in login page
 Entered Transaction ID: 692ff77ab91d2ef5cdfb81d9
 Clicked on Search button
 Clicked on Search button
 Clicked on first Transaction ID from list
Purchase Transaction ID is not empty or not null
emailId accepted by API: suhasksdknjk@gmail.com]]>
  </system-out>
</testsuite> <!-- s2s.emails2s -->
