<?xml version="1.0" encoding="UTF-8"?>
<!-- Generated by org.testng.reporters.JUnitReportReporter -->
<testsuite hostname="PS-L6" failures="0" tests="1" name="purchase.city" time="102.858" errors="0" timestamp="2025-12-22T12:10:56 IST" skipped="0">
  <testcase classname="purchase.city" name="validationForCityField" time="102.858">
    <system-out>
      <![CDATA[City test case will run for this PSP :- Matrix
City test case will run for this runflag:- Master2346
Generated Random Double: 0.23
Generated First Name: john3de
Generated Email: nairobiPalermobad52@gmail.com
City: Bengaluru → Status: 202
Response Body: {
    "purchaseId": "6948e7a3311f13a333ea8130",
    "client": {
        "customerId": "NA",
        "email": "nairobipalermobad52@gmail.com",
        "phone": "+1111111111",
        "full_name": "john3de",
        "street_address": "GGNH JAIPUR",
        "country": "DZ",
        "city": "Bengaluru",
        "zip_code": "W1S 3BE",
        "cc": [
            
        ],
        "bcc": [
            
        ],
        "stateCode": "QLD"
    },
    "updated_on": 1766385571,
    "type": "purchase",
    "paymentMethod": "VISA,MASTER",
    "amountUnit": "MAJOR",
    "errorMsg": "",
    "errorCode": "NA",
    "savedCardUsed": "NO",
    "redirectType": "POST",
    "force_recurring": false,
    "created_on": 1766385571,
    "merchantRef": "6948e7a3311f13a333ea8130",
    "merchantName": "suhasM",
    "merchantType": "MERCHANT",
    "purchase": {
        "currency": "INR",
        "products": [
            {
                "name": "New Ebook Gaming cards",
                "quantity": 1.0,
                "price": 0.23,
                "discount": 0,
                "tax_percent": "0.00"
            }
        ],
        "total": 0.23,
        "requestAmount": 0.23,
        "language": "en",
        "notes": "",
        "debt": 0,
        "total_formatted": 1.0,
        "taxAmount": 0.0,
        "taxPercent": 0.0,
        "request_client_details": [
            
        ],
        "email_message": ""
    },
    "issuer_details": {
        "website": "",
        "legal_street_address": "",
        "legal_country": "",
        "legal_city": "",
        "legal_zip_code": "",
        "bank_accounts": [
            {
                
            }
        ],
        "legal_name": "practice",
        "brand_name": "practice",
        "registration_number": "",
        "tax_number": ""
    },
    "transaction_data": {
        "payment_method": "",
        "flow": "payform",
        "extra": {
            
        },
        "country": "",
        "attempts": [
            
        ]
    },
    "status": "CREATED",
    "status_history": [
        {
            "status": "created",
            "timestamp": 1766385571
        }
    ],
    "is_test": false,
    "brand_id": "04199342-5d84-4e17-a53e-5c3d6b03ebd4",
    "send_receipt": false,
    "is_recurring_token": false,
    "skip_capture": false,
    "reference_generated": "PS5368",
    "issued": "2025-12-22",
    "due": 1766385571,
    "refund_upto": 0,
    "cc_descriptor": "",
    "fraudScore": "NA",
    "trustScore": "NA",
    "extraFee": "0",
    "paidOn": 0,
    "receivedAmt": 0.0,
    "taxAmount": 0.0,
    "surcharge": 0.0,
    "surchargeType": "",
    "sessionId": "",
    "refund_availability": "NONE",
    "refundable_amount": 0.0,
    "success_redirect": "https://staging.paysecure.net/getResponse.jsp?issucces=true",
    "failure_redirect": "https://staging.paysecure.net/getResponse.jsp?issucces=false",
    "cancel_redirect": "",
    "success_callback": "https://www.google.com/",
    "failure_callback": "https://staging.paysecure.net/merchant",
    "platform": "API",
    "created_from_ip": "110.235.229.35",
    "checkout_url": "https://staging.paysecure.net/payments/e566ac41619d52a017a3c12adccd1e6b/",
    "direct_post_url": "https://staging.paysecure.net/api/v1/p/6948e7a3311f13a333ea8130/",
    "payoutProcess": false
}
City accepted by API: Bengaluru
API success → proceeding with full flow
Entered Card Holder Name: AB de Villiers
Entered Card Number: 5123456789012346
Entered Card Expiry Date: 05/30
Entered Card CVC: 123
Moved to the Pay button
Clicked on the Pay button to proceed with payment
Payment Success
Redirected URL: https://staging.paysecure.net/getResponse.jsp?issucces=true
Payment Successfully
 Opened staging environment in a new browser tab
User enter ID in Username field
User Enter Password in password field
Click on submit button in login page
 Entered Transaction ID: 6948e7a3311f13a333ea8130
 Clicked on Search button
 Clicked on Search button
 Clicked on first Transaction ID from list
Purchase Transaction ID is not empty or not null]]>
    </system-out>
  </testcase> <!-- validationForCityField -->
  <system-out>
    <![CDATA[User enter ID in Username field
User Enter Password in password field
Click on submit button in login page
City test case will run for this PSP :- Matrix
City test case will run for this runflag:- Master2346
Generated Random Double: 0.23
Generated First Name: john3de
Generated Email: nairobiPalermobad52@gmail.com
City: Bengaluru → Status: 202
Response Body: {
    "purchaseId": "6948e7a3311f13a333ea8130",
    "client": {
        "customerId": "NA",
        "email": "nairobipalermobad52@gmail.com",
        "phone": "+1111111111",
        "full_name": "john3de",
        "street_address": "GGNH JAIPUR",
        "country": "DZ",
        "city": "Bengaluru",
        "zip_code": "W1S 3BE",
        "cc": [
            
        ],
        "bcc": [
            
        ],
        "stateCode": "QLD"
    },
    "updated_on": 1766385571,
    "type": "purchase",
    "paymentMethod": "VISA,MASTER",
    "amountUnit": "MAJOR",
    "errorMsg": "",
    "errorCode": "NA",
    "savedCardUsed": "NO",
    "redirectType": "POST",
    "force_recurring": false,
    "created_on": 1766385571,
    "merchantRef": "6948e7a3311f13a333ea8130",
    "merchantName": "suhasM",
    "merchantType": "MERCHANT",
    "purchase": {
        "currency": "INR",
        "products": [
            {
                "name": "New Ebook Gaming cards",
                "quantity": 1.0,
                "price": 0.23,
                "discount": 0,
                "tax_percent": "0.00"
            }
        ],
        "total": 0.23,
        "requestAmount": 0.23,
        "language": "en",
        "notes": "",
        "debt": 0,
        "total_formatted": 1.0,
        "taxAmount": 0.0,
        "taxPercent": 0.0,
        "request_client_details": [
            
        ],
        "email_message": ""
    },
    "issuer_details": {
        "website": "",
        "legal_street_address": "",
        "legal_country": "",
        "legal_city": "",
        "legal_zip_code": "",
        "bank_accounts": [
            {
                
            }
        ],
        "legal_name": "practice",
        "brand_name": "practice",
        "registration_number": "",
        "tax_number": ""
    },
    "transaction_data": {
        "payment_method": "",
        "flow": "payform",
        "extra": {
            
        },
        "country": "",
        "attempts": [
            
        ]
    },
    "status": "CREATED",
    "status_history": [
        {
            "status": "created",
            "timestamp": 1766385571
        }
    ],
    "is_test": false,
    "brand_id": "04199342-5d84-4e17-a53e-5c3d6b03ebd4",
    "send_receipt": false,
    "is_recurring_token": false,
    "skip_capture": false,
    "reference_generated": "PS5368",
    "issued": "2025-12-22",
    "due": 1766385571,
    "refund_upto": 0,
    "cc_descriptor": "",
    "fraudScore": "NA",
    "trustScore": "NA",
    "extraFee": "0",
    "paidOn": 0,
    "receivedAmt": 0.0,
    "taxAmount": 0.0,
    "surcharge": 0.0,
    "surchargeType": "",
    "sessionId": "",
    "refund_availability": "NONE",
    "refundable_amount": 0.0,
    "success_redirect": "https://staging.paysecure.net/getResponse.jsp?issucces=true",
    "failure_redirect": "https://staging.paysecure.net/getResponse.jsp?issucces=false",
    "cancel_redirect": "",
    "success_callback": "https://www.google.com/",
    "failure_callback": "https://staging.paysecure.net/merchant",
    "platform": "API",
    "created_from_ip": "110.235.229.35",
    "checkout_url": "https://staging.paysecure.net/payments/e566ac41619d52a017a3c12adccd1e6b/",
    "direct_post_url": "https://staging.paysecure.net/api/v1/p/6948e7a3311f13a333ea8130/",
    "payoutProcess": false
}
City accepted by API: Bengaluru
API success → proceeding with full flow
Entered Card Holder Name: AB de Villiers
Entered Card Number: 5123456789012346
Entered Card Expiry Date: 05/30
Entered Card CVC: 123
Moved to the Pay button
Clicked on the Pay button to proceed with payment
Payment Success
Redirected URL: https://staging.paysecure.net/getResponse.jsp?issucces=true
Payment Successfully
 Opened staging environment in a new browser tab
User enter ID in Username field
User Enter Password in password field
Click on submit button in login page
 Entered Transaction ID: 6948e7a3311f13a333ea8130
 Clicked on Search button
 Clicked on Search button
 Clicked on first Transaction ID from list
Purchase Transaction ID is not empty or not null]]>
  </system-out>
</testsuite> <!-- purchase.city -->
